Cluster 0:
----------------------------------------
Belgian Dutch
Dutch (Antwerp)
Dutch (Ostend)
Vesterkolonien
-------
('oː', 'u')     [-0.00135356  0.10560096  0.00044181]
('ll', 'ɫ')     [-0.01169648  0.10753294 -0.09137314]
('e', 'eɪ')     [-0.03813653  0.03745737 -0.00074656]
('u', 'oʊ')     [-0.03813653  0.03745737 -0.00074656]
('ɡ', 'x')      [-0.04183008  0.1094355   0.00118962]
('-', 'j')      [-0.0431849   0.02731556  0.00608853]
('ai', 'iə')    [-0.0431849   0.02731556  0.00608853]
('e', 'ʌ')      [-0.0431849   0.02731556  0.00608853]
('oː', 'oə')    [-0.0431849   0.02731556  0.00608853]
('z', 'r')      [-0.0431849   0.02731556  0.00608853]
('θ', '-')      [-0.0431849   0.02731556  0.00608853]
('x', 'x')      [-0.05884299  0.01657687 -0.00103068]
('a', 'a̠')     [-0.06018119  0.11150583  0.02974884]
('e', 'ɛ̝ˑɪ')   [-0.06018119  0.11150583  0.02974884]
('f', 'ˈβ')     [-0.06018119  0.11150583  0.02974884]
('m', 'ˈm')     [-0.06018119  0.11150583  0.02974884]
('oː', 'ɑʊ')    [-0.06018119  0.11150583  0.02974884]
('s', 's̺')     [-0.06018119  0.11150583  0.02974884]
('t', 'ˈtʰ')    [-0.06018119  0.11150583  0.02974884]
('ai', 'eə')    [-0.06614423  0.04365524 -0.01428838]
('au', 'oə')    [-0.06614423  0.04365524 -0.01428838]
('x', 'ç')      [-0.06614423  0.04365524 -0.01428838]
('ɡ', 'ç')      [-0.06614423  0.04365524 -0.01428838]
('eː', '-')     [-0.06741947  0.04546982  0.02012641]
('b', 'v')      [-0.06900736  0.03036558 -0.02128714]
('eː', 'aː')    [-0.07488044  0.02945751 -0.00973024]
('f', 'β')      [-0.08377315  0.045848    0.00410353]
('b', 'β')      [-0.0847673   0.03668151  0.00184132]
('oː', 'uː')    [-0.08559291  0.0486599  -0.00182574]
('au', 'oː')    [-0.08725202  0.0668012  -0.00160844]
('e', 'iː')     [-0.08725202  0.0668012  -0.00160844]
('uː', 'æʏ')    [-0.08725202  0.0668012  -0.00160844]
('z', 'ɹ')      [-0.08725202  0.0668012  -0.00160844]
('u', 'ɔː')     [-0.0887447   0.0271743   0.00156073]
('au', 'ɔː')    [-0.08930975  0.04371605 -0.01019259]
('e', 'iə')     [-0.08930975  0.04371605 -0.01019259]
('r', 'r̩')     [-0.08930975  0.04371605 -0.01019259]
('u', 'œ')      [-0.08930975  0.04371605 -0.01019259]
('uː', 'ʉ')     [-0.08930975  0.04371605 -0.01019259]
('ɡ', 'h')      [-0.08930975  0.04371605 -0.01019259]
('b', 'f')      [-0.09743278  0.17410808  0.00693062]
('r', 'ɹ')      [-0.10210733  0.0953112   0.00762082]
('n', 'n̩')     [-0.10570606  0.10975844  0.01382836]
('ɡ', 'χ')      [-0.10942429  0.09535846  0.0131107 ]
('r', 's')      [-0.10992257  0.06178084 -0.01731066]
('u', 'oː')     [-0.11611118  0.09841013  0.00084991]
('u', 'ʌ')      [-0.11735884  0.08761469 -0.00527742]
('e', 'eː')     [-0.11878051  0.06399873 -0.00667744]
('a', 'ɑ')      [-0.12366267  0.06652446 -0.00416757]
('f', 'v')      [-0.14012638  0.08901153 -0.01506273]
('l', '-')      [-0.15019384  0.10014166 -0.00249383]
========================================

Cluster 1:
----------------------------------------
Central German (Cologne)
Central German (Luxembourg)
Central German (Murrhardt)
Dutch
Dutch (Limburg)
German
High German (Biel)
High German (Bodensee)
High German (Graubuenden)
High German (Herrlisheim)
High German (Ortisei)
High German (Tuebingen)
High German (Walser)
Low German (Achterhoek)
Low German (Bargstedt)
Muensterland
West Frisian (Grou)
Yiddish (New York)
-------
('w', 'v')      [0.13552891 0.00960099 0.00782059]
('k', 'kʰ')     [ 0.13372268 -0.05169069  0.00959395]
('-', 'ʔ')      [ 0.11980018 -0.06226945  0.00140388]
('s', 'ʃ')      [ 0.10911978 -0.06403283  0.00233284]
('t', 'tʰ')     [0.10058733 0.0814597  0.0207957 ]
('ll', 'l')     [ 0.08351222 -0.09118441  0.06879822]
('d', '-')      [0.08009494 0.00499454 0.13165219]
('t', 't͡s')    [ 0.05492447 -0.08870069 -0.07579185]
('f', 'f')      [ 0.04833132 -0.01248035  0.00783485]
('au', 'aʊ')    [ 0.04805689 -0.09029462  0.11060771]
('a', 'ɒ')      [ 0.04754156 -0.04714721 -0.15775943]
('a', 'ɔ')      [ 0.04706411 -0.10479788  0.05705148]
('r', 'r')      [ 0.04487446  0.08194083 -0.0141766 ]
('l', 'ɫ')      [ 0.03724415  0.07025408 -0.0891786 ]
('u', 'o')      [ 0.03547286 -0.08440734 -0.12060139]
('r', '-')      [ 0.03271392 -0.00919367  0.06447336]
('e', 'ɛɪ')     [ 0.03197086 -0.04032067  0.05404521]
('n', 'm')      [ 0.03197086 -0.04032067  0.05404521]
('oː', 'aʊ')    [ 0.03197086 -0.04032067  0.05404521]
('u', 'uɐ')     [ 0.03197086 -0.04032067  0.05404521]
('uː', 'u')     [ 0.03197086 -0.04032067  0.05404521]
('a', 'oː')     [ 0.03197086 -0.04032067  0.05404521]
('t', '-')      [ 0.03171843 -0.08983732  0.01660563]
('t', 's')      [ 0.02860739 -0.12625749 -0.08255346]
('eː', 'ɐ')     [ 0.02624487 -0.04701956  0.04722041]
('a', 'ɐ')      [ 0.02624487 -0.04701956  0.04722041]
('ɡ', 'ɡ')      [ 0.02619267 -0.11712439 -0.06406385]
('l', 'l')      [0.02067945 0.00441215 0.00409864]
('u', '-')      [0.02067945 0.00441215 0.00409864]
('θ', 'd')      [0.02067945 0.00441215 0.00409864]
('eː', 'ɛ')     [ 0.02031829 -0.01639691 -0.01082499]
('u', 'u')      [ 0.02031829 -0.01639691 -0.01082499]
('uː', 'ɔɪ')    [ 0.02031829 -0.01639691 -0.01082499]
('j', '-')      [0.01660669 0.00700563 0.02995023]
('u', 'ʊ')      [ 0.01470268 -0.06419827  0.05436581]
('eː', 'ɔ')     [ 0.01305202 -0.04609861 -0.00443364]
('a', '-')      [0.01180861 0.00968349 0.00521311]
('b', 'b')      [0.01180861 0.00968349 0.00521311]
('i', '-')      [0.01180861 0.00968349 0.00521311]
('m', 'm')      [0.01180861 0.00968349 0.00521311]
('n', '-')      [0.01180861 0.00968349 0.00521311]
('n', 'n')      [0.01180861 0.00968349 0.00521311]
('oː', '-')     [0.01180861 0.00968349 0.00521311]
('w', '-')      [0.01180861 0.00968349 0.00521311]
('x', '-')      [0.01180861 0.00968349 0.00521311]
('x', 'h')      [0.01180861 0.00968349 0.00521311]
('z', '-')      [0.01180861 0.00968349 0.00521311]
('ɡ', '-')      [0.01085093 0.04373484 0.0115341 ]
('k', '-')      [ 0.00953534  0.01944237 -0.02541852]
('ai', 'ai')    [ 0.0092308  -0.05171189 -0.01854552]
('oː', 'eː')    [ 0.0092308  -0.05171189 -0.01854552]
('uː', 'uː')    [ 0.00888337 -0.0937683   0.05640149]
('oː', 'ʊə')    [ 0.00843635 -0.07895406 -0.0009855 ]
('ai', 'ɛɪ')    [ 0.00817103 -0.01111989  0.02452218]
('e', 'ɨ')      [ 0.00792203 -0.02857871 -0.02593126]
('oː', 'ʊ')     [ 0.00792203 -0.02857871 -0.02593126]
('u', 'ʊɛ')     [ 0.00792203 -0.02857871 -0.02593126]
('d', 't͡s')    [ 0.00789533 -0.06829994 -0.00154455]
('uː', 'aɵ')    [ 0.00789533 -0.06829994 -0.00154455]
('θ', 't͡s')    [ 0.00789533 -0.06829994 -0.00154455]
('ai', 'aɪ')    [ 0.00738348 -0.08105674  0.00473064]
('u', 'ɒ')      [ 0.00514499 -0.02617502  0.01273453]
('uː', 'aʊ')    [ 0.00514499 -0.02617502  0.01273453]
('oː', 'ɛ')     [ 0.00482059 -0.09122298  0.0071753 ]
('a', 'i')      [ 0.00411022 -0.08454007 -0.0098074 ]
('ɡ', 'j')      [ 0.00223318 -0.05777453 -0.01156654]
('r', 'ʀ')      [ 0.00130774 -0.0414169  -0.01678904]
('a', 'ɪ')      [ 0.00123304 -0.08413686  0.05820069]
('z', 'ɾ')      [ 0.00118326 -0.02937244 -0.01624733]
('e', '-')      [ 0.00070571  0.02451266 -0.02368726]
('a', 'ɛ')      [ 0.00069346 -0.0823504  -0.00580406]
('oː', 'ɐ')     [-0.00025174 -0.04591943 -0.00299627]
('oː', 'ʊɔ')    [-0.00025174 -0.04591943 -0.00299627]
('eː', 'ə')     [-0.00169936 -0.06220907 -0.1076129 ]
('a', 'aɔ')     [-0.00185995 -0.04879637  0.00455488]
('ai', 'ɔɪ')    [-0.00185995 -0.04879637  0.00455488]
('uː', 'ɐu')    [-0.00185995 -0.04879637  0.00455488]
('b', 'p')      [-0.00330338 -0.11698354 -0.0035718 ]
('z', 's')      [-0.00411648 -0.1096433  -0.04293556]
('n', 'ŋ')      [-0.00417558  0.00940872  0.05220322]
('x', 'χ')      [-0.00429356  0.00010733  0.02246484]
('r', 'ʁ')      [-0.00584802 -0.10372015  0.01029589]
('au', 'ɔʊ')    [-0.00607261 -0.02999363  0.00218797]
('eː', 'ɒ')     [-0.00607261 -0.02999363  0.00218797]
('z', 'ʃ')      [-0.00607261 -0.02999363  0.00218797]
('a', 'ɑʊ')     [-0.00797668 -0.03228216 -0.02026746]
('k', 'χ')      [-0.00797668 -0.03228216 -0.02026746]
('s', 's')      [-0.00843015 -0.0147928   0.00250363]
('r', 'χ')      [-0.00894945 -0.07790622 -0.00916695]
('e', 'yː')     [-0.01141893 -0.07335077 -0.01763254]
('e', 'a')      [-0.01203856 -0.01786802 -0.13549582]
('z', 'ʁ')      [-0.01435957 -0.04978308  0.00980353]
('a', 'a')      [-0.01477765 -0.02084623  0.04636803]
('d', 'd')      [-0.01534925  0.0059801  -0.00281702]
('a', 'ɔː')     [-0.01654364 -0.0471199  -0.01013501]
('ai', 'æɪ')    [-0.01864491 -0.02514199 -0.0121522 ]
('k', 'x')      [-0.01864491 -0.02514199 -0.0121522 ]
('e', 'ɛ')      [-0.02128846 -0.03271466  0.05766868]
('z', 'χ')      [-0.02336101 -0.06844993 -0.00423295]
('e', 'eə')     [-0.02438598 -0.04505832  0.00619944]
('e', 'ɪ')      [-0.02515647 -0.01557399  0.05040897]
('oː', 'oː')    [-0.02637064 -0.02259628  0.006788  ]
('t', 't')      [-0.02889103 -0.03245393 -0.00404356]
('uː', 'y')     [-0.0312211  -0.00196233  0.00741171]
('ai', 'eɪ')    [-0.03126058  0.00527766  0.00101923]
('s', '-')      [-0.03262704 -0.01492571  0.00421245]
('a', 'ɑː')     [-0.04293907 -0.01994534 -0.02168072]
('s', 'z')      [-0.0441281   0.0620427  -0.04152129]
('u', 'oɐ')     [-0.04514745 -0.01194165  0.00821953]
('b', '-')      [-0.04646435 -0.00267914  0.00905759]
('f', 'ɸ')      [-0.04762739 -0.02426605 -0.00030486]
('oː', 'uə')    [-0.05130079 -0.02655052  0.00218235]
('oː', 'ə')     [-0.05296807 -0.03533724  0.04130658]
('ɡ', 'k')      [-0.05468076 -0.05264204 -0.013769  ]
('ai', 'ɛː')    [-0.05662437 -0.00565391 -0.02032092]
('e', 'i')      [-0.06270738 -0.0197812  -0.00382588]
('a', 'ə')      [-0.06401914 -0.04117262 -0.03158522]
('r', 'ɾ')      [-0.06478064  0.03087448 -0.03796308]
('d', 't')      [-0.06671914 -0.0387994  -0.04753949]
('-', 'ə')      [-0.06685756  0.01796076 -0.06872027]
('u', 'ə')      [-0.06776057 -0.00103443 -0.01020713]
('ai', 'eː')    [-0.07158906  0.01066723 -0.00795776]
('a', 'aː')     [-0.07316432 -0.03338883  0.01231458]
('u', 'ɔ')      [-0.07398318 -0.05948246 -0.00450436]
('k', 'k')      [-0.08706158 -0.02905078  0.04621511]
('w', 'β')      [-0.11612947 -0.00407151  0.00015291]
('θ', 't')      [-0.11804078  0.02566387 -0.00658566]
========================================

Cluster 2:
----------------------------------------
Central German (Honigberg)
-------
('a', 'æiə')    [ 0.08109026  0.00233269 -0.23443436]
('a', 'ʊə')     [ 0.08109026  0.00233269 -0.23443436]
('ai', 'eiə')   [ 0.08109026  0.00233269 -0.23443436]
('n', 'ɳ')      [ 0.08109026  0.00233269 -0.23443436]
('oː', 'e')     [ 0.08109026  0.00233269 -0.23443436]
('u', 'aː')     [ 0.08109026  0.00233269 -0.23443436]
('uː', 'eu')    [ 0.08109026  0.00233269 -0.23443436]
('z', 'n')      [ 0.08109026  0.00233269 -0.23443436]
('a', 'ʊ')      [ 0.08109026  0.00233269 -0.23443436]
('x', 'ʃ')      [ 0.0629412  -0.01855873 -0.18410629]
========================================

Cluster 3:
----------------------------------------
Cloppenburg
Husum
Westerkwartier
-------
('t', 'd̥')     [0.18271349 0.17583123 0.06035832]
('-', 'ˈʔ')     [0.18271349 0.17583123 0.06035832]
('d', 'tʰ')     [ 0.17269825  0.10790385 -0.05224809]
('θ', 'tʰ')     [ 0.16329729  0.12164776 -0.10856687]
('e', 'e')      [0.15350103 0.15522513 0.05106459]
('s', 's̠ʲ')    [0.15350103 0.15522513 0.05106459]
('x', 'ˈh')     [0.15350103 0.15522513 0.05106459]
('ɡ', 'g')      [0.15139574 0.12813366 0.06397907]
('a', 'ä')     [0.15139574 0.12813366 0.06397907]
('a', 'äː')    [0.15139574 0.12813366 0.06397907]
('n', 'm̩')     [0.12814393 0.20802722 0.06714625]
('ai', 'e̝i')   [0.11472011 0.09618122 0.05815263]
('r', 'ɹ̝')     [0.10236313 0.12334027 0.0140636 ]
('s', 'ʒ')      [0.10236313 0.12334027 0.0140636 ]
('z', 'ɹ̝̥')    [0.10236313 0.12334027 0.0140636 ]
('ɡ', 'kʰ')     [0.0993858  0.08502714 0.03232744]
('n', 'ˈn')     [0.08886848 0.16899861 0.06941419]
========================================

Cluster 4:
----------------------------------------
-------
('d', 'ṯ')     [ 0.05668379 -0.07318702  0.14501802]
('eː', 'ɞ')     [ 0.05668379 -0.07318702  0.14501802]
('n', 'ṇ')     [ 0.05668379 -0.07318702  0.14501802]
('oː', 'o̞ʊ')   [ 0.05668379 -0.07318702  0.14501802]
('r', 'r̞')     [ 0.05668379 -0.07318702  0.14501802]
('t', 'ṯ')     [ 0.05668379 -0.07318702  0.14501802]
('t', 'ṯʰ')    [ 0.05668379 -0.07318702  0.14501802]
('z', 'ç')      [ 0.05668379 -0.07318702  0.14501802]
('ɡ', 'ɣ')      [ 0.05668379 -0.07318702  0.14501802]
========================================