Clusters: 5
Doculects: all
Co-clustering: True
Binary features: False (min. count 0)
TF-IDF: True
Alignment: global lib (all)

Reading the data files.
Aligning the entries.
Matrix shape: (49, 1422)
(49, 1422)

Cluster 0:
-------------------------------------
Westerkwartier
-------
('-', 'ɹ̝̥')	[-0.08183526 -0.012       0.03429226]
('a', 'aˑ')	[-0.08183526 -0.012       0.03429226]
('a', 'ã')	[-0.08183526 -0.012       0.03429226]
('a', 'a̟̞')	[-0.08183526 -0.012       0.03429226]
('a', 'eˑæ')	[-0.08183526 -0.012       0.03429226]
('a', 'oɤ')	[-0.08183526 -0.012       0.03429226]
('a', 'õː')	[-0.08183526 -0.012       0.03429226]
('a', 'æa')	[-0.08183526 -0.012       0.03429226]
('a', 'ɐ̰')	[-0.08183526 -0.012       0.03429226]
('a', 'ɑi')	[-0.08183526 -0.012       0.03429226]
('a', 'ɑ̝')	[-0.08183526 -0.012       0.03429226]
('a', 'ə̠')	[-0.08183526 -0.012       0.03429226]
('a', 'ɛ̟ˑ')	[-0.08183526 -0.012       0.03429226]
('a', 'ɛ̽')	[-0.08183526 -0.012       0.03429226]
('a', 'ɶ')	[-0.08183526 -0.012       0.03429226]
('a', 'ʏ̈')	[-0.08183526 -0.012       0.03429226]
('ai', 'ae̞')	[-0.08183526 -0.012       0.03429226]
('ai', 'eˑɛ')	[-0.08183526 -0.012       0.03429226]
('ai', 'æ')	[-0.08183526 -0.012       0.03429226]
('ai', 'æe')	[-0.08183526 -0.012       0.03429226]
('ai', 'əũ')	[-0.08183526 -0.012       0.03429226]
('ai', 'ɛĩ')	[-0.08183526 -0.012       0.03429226]
('au', 'ɑ̝o')	[-0.08183526 -0.012       0.03429226]
('au', 'ɒo')	[-0.08183526 -0.012       0.03429226]
('d', 'ð̞')	[-0.08183526 -0.012       0.03429226]
('e', 'a̠')	[-0.08183526 -0.012       0.03429226]
('e', 'ẽ')	[-0.08183526 -0.012       0.03429226]
('e', 'ẽˑ')	[-0.08183526 -0.012       0.03429226]
('e', 'e̝ɛ')	[-0.08183526 -0.012       0.03429226]
('e', 'ĩ')	[-0.08183526 -0.012       0.03429226]
('e', 'æi')	[-0.08183526 -0.012       0.03429226]
('e', 'øɛ')	[-0.08183526 -0.012       0.03429226]
('e', 'ø̞ː')	[-0.08183526 -0.012       0.03429226]
('e', 'ɛæ')	[-0.08183526 -0.012       0.03429226]
('e', 'ɛˑe')	[-0.08183526 -0.012       0.03429226]
('eu', 'æi')	[-0.08183526 -0.012       0.03429226]
('eː', 'õˑɤ')	[-0.08183526 -0.012       0.03429226]
('eː', 'ɐ̝')	[-0.08183526 -0.012       0.03429226]
('eː', 'ɑ̟')	[-0.08183526 -0.012       0.03429226]
('i', 'ɛi')	[-0.08183526 -0.012       0.03429226]
('iː', 'e')	[-0.08183526 -0.012       0.03429226]
('iː', 'øæ')	[-0.08183526 -0.012       0.03429226]
('k', 'g̥')	[-0.08183526 -0.012       0.03429226]
('l', 'ʟ')	[-0.08183526 -0.012       0.03429226]
('m', 'n')	[-0.08183526 -0.012       0.03429226]
('n', 'ɴ')	[-0.08183526 -0.012       0.03429226]
('n', 'ɹ̝')	[-0.08183526 -0.012       0.03429226]
('oː', 'aɔ')	[-0.08183526 -0.012       0.03429226]
('oː', 'äɔ')	[-0.08183526 -0.012       0.03429226]
('oː', 'uɤ')	[-0.08183526 -0.012       0.03429226]
('oː', 'ɶ')	[-0.08183526 -0.012       0.03429226]
('r', 'dⁿ')	[-0.08183526 -0.012       0.03429226]
('r', 'ɣ̞')	[-0.08183526 -0.012       0.03429226]
('r', 'ɹ̝̥')	[-0.08183526 -0.012       0.03429226]
('r', 'ɹ̥̝')	[-0.08183526 -0.012       0.03429226]
('r', 'ɾ̥ʰ')	[-0.08183526 -0.012       0.03429226]
('s', 'ʒ')	[-0.08183526 -0.012       0.03429226]
('s', 'ʒ̥')	[-0.08183526 -0.012       0.03429226]
('t', 't͡s̠ʲ')	[-0.08183526 -0.012       0.03429226]
('u', 'ĩ')	[-0.08183526 -0.012       0.03429226]
('u', 'oˑə')	[-0.08183526 -0.012       0.03429226]
('u', 'oˑɤ')	[-0.08183526 -0.012       0.03429226]
('u', 'õː')	[-0.08183526 -0.012       0.03429226]
('u', 'õ̞')	[-0.08183526 -0.012       0.03429226]
('u', 'øœ̽')	[-0.08183526 -0.012       0.03429226]
('u', 'ɔo')	[-0.08183526 -0.012       0.03429226]
('u', 'ɔ̃')	[-0.08183526 -0.012       0.03429226]
('u', 'ɔ̝̃')	[-0.08183526 -0.012       0.03429226]
('u', 'ɶ')	[-0.08183526 -0.012       0.03429226]
('uː', 'ʏ̈')	[-0.08183526 -0.012       0.03429226]
('x', 'n')	[-0.08183526 -0.012       0.03429226]
('x', 'ɦ')	[-0.08183526 -0.012       0.03429226]
('z', 'd̥')	[-0.08183526 -0.012       0.03429226]
('z', 'm')	[-0.08183526 -0.012       0.03429226]
('z', 'ɹ̝')	[-0.08183526 -0.012       0.03429226]
('z', 'ɹ̝̥')	[-0.08183526 -0.012       0.03429226]
('θ', 'ɹ̝')	[-0.08183526 -0.012       0.03429226]
('-', 'tʰ')	[-0.08183526 -0.012       0.03429226]
('-', 'ɔ̟u')	[-0.08183526 -0.012       0.03429226]
('-', 'o')	[-0.08183526 -0.012       0.03429226]
('-', 'ˌb')	[-0.08183526 -0.012       0.03429226]
=====================================

Cluster 1:
-------------------------------------
American English
Australian English (Perth)
Belgian Dutch
Canadian English
Central German (Cologne)
Central German (Honigberg)
Central German (Luxembourg)
Central German (Murrhardt)
Danish
Dutch
Dutch (Antwerp)
Dutch (Limburg)
Dutch (Ostend)
English
English (Buckie)
English (Lindisfarne)
English (Liverpool
English (London
English (North Carolina)
English (Singapore)
English (Tyrone)
Faroese
German
High German (Biel)
High German (Bodensee)
High German (Graubuenden)
High German (Herrlisheim)
High German (North Alsace)
High German (Ortisei)
High German (Tuebingen)
High German (Walser)
Icelandic
Indian English (Delhi)
Low German (Achterhoek)
Low German (Bargstedt)
New Zealand English (Auckland)
Nigerian English (Igbo)
Norwegian (Stavanger)
Scottish
South African English (Johannisburg)
Swedish (Skane)
Swedish (Stockholm)
West Frisian (Grou)
Yiddish (New York)
-------
('n', 'w')	[ 0.02509825 -0.02684273  0.00389161]
('θ', 'ð')	[ 0.02496926 -0.02509719  0.00611787]
('d', 'ð')	[ 0.02470279 -0.02468389  0.0067795 ]
('n', 'θ')	[ 0.02458649 -0.02602838  0.0043984 ]
('w', 'w')	[ 0.02383497 -0.00999428  0.00871768]
('θ', 'θ')	[ 0.0237705  -0.0242797   0.00487847]
('u', 'ɛ')	[ 0.02357531 -0.02265928  0.00587192]
('eː', 'i')	[ 0.02331873 -0.02484825  0.00429905]
('au', 'ɛ')	[ 0.02298804 -0.02407405  0.00578412]
('ɡ', 'j')	[ 0.02295847 -0.02253102  0.00600643]
('au', 'i')	[ 0.0216376  -0.02213309  0.00458579]
('-', 'j')	[ 0.02113769 -0.01894743  0.00897658]
('x', 'k')	[ 0.0206297  -0.01699028  0.0090105 ]
('f', 'v')	[ 0.02054037 -0.00616555 -0.00331204]
('r', 'd')	[ 0.02053874 -0.01703286 -0.01043453]
('oːu', 'ʉː')	[ 0.02046536 -0.02233327  0.00298344]
('pp', 'p')	[ 0.02040144 -0.01565558 -0.00780451]
('u', 'ə')	[ 0.0201455  -0.01577116  0.00583467]
('e', 'ɑɪ')	[ 0.0200839  -0.02090776  0.00304165]
('a', 'ɑː')	[ 0.02004002 -0.01797753  0.00534718]
('a', 'ʉ')	[ 0.01999217 -0.01967783  0.00693657]
('oː', 'ɪi')	[ 0.01998522 -0.02261504  0.00229616]
('ai', 'o')	[ 0.01972399 -0.01983646  0.00413574]
('oː', 'ʊ')	[ 0.01958033 -0.01459028  0.0051306 ]
('p', 'p')	[ 0.01946438 -0.00401911 -0.00276527]
('e', 'ɪi')	[ 0.01932293 -0.02134007  0.00305701]
('a', 'æ')	[ 0.0192927  -0.01932985  0.00527168]
('e', 'ɑː')	[ 0.01915984 -0.01955076  0.00318518]
('ɡ', 'ɡ')	[ 0.01901942 -0.01357289  0.00068875]
('eu', 'ʉː')	[ 0.01889437 -0.01967308  0.0047104 ]
('u', 'æʊ')	[ 0.01869111 -0.01919924  0.00293441]
('e', 'ɔː')	[ 0.01868698 -0.01774159  0.00548867]
('u', 'aʊ')	[ 0.01856905 -0.01907326  0.00348053]
('a', 'ɜ')	[ 0.01842134 -0.02027857  0.00381182]
('u', 'ɜː')	[ 0.01837092 -0.02161372  0.00205735]
('-', 'ə')	[ 0.01825272 -0.0047021   0.00038773]
('u', 'ɔː')	[ 0.01807295 -0.00104475  0.00922514]
('oː', 'i')	[ 0.01787535 -0.01891305  0.00263726]
('uː', 'aʊ')	[ 0.0178184  -0.01764534  0.00477522]
('u', 'ɐ')	[ 0.01778278 -0.0183917   0.00462423]
('uː', 'æʊ')	[ 0.01776011 -0.01625427  0.00436563]
('au', 'aɪ')	[ 0.01772864 -0.01672291  0.00379772]
('au', 'ɪi')	[ 0.0176182  -0.02049941  0.00079151]
('eː', 'ɪi')	[ 0.0176182  -0.02049941  0.00079151]
('iː', 'ɑɪ')	[ 0.0176182  -0.02049941  0.00079151]
('a', 'ɛɪ')	[ 0.0175215  -0.013617    0.00020822]
('u', 'ɜʉ')	[ 0.01750201 -0.01787641  0.00352277]
('a', 'eɪ')	[ 0.01737486 -0.01614317  0.00297399]
('ai', 'ɔː')	[ 0.01718415 -0.0171228   0.0039932 ]
('z', 'ɫ')	[ 0.01717398 -0.01261783 -0.01279316]
('ai', 'ʌʊ')	[ 0.01717232 -0.02002804  0.00128343]
('oː', 'aʊ')	[ 0.0171602  -0.01388697  0.00179769]
('oː', 'iː')	[ 0.01715587 -0.01735177  0.00295353]
('a', 'ɑɪ')	[ 0.01710493 -0.0177465   0.00242698]
('u', 'ɜ')	[ 0.01706244 -0.02097995  0.00240523]
('a', 'ɒ')	[ 0.01706036 -0.01233439  0.00577018]
('oː', 'ʉ')	[ 0.0170148  -0.01803876  0.00402707]
('oː', 'æʊ')	[ 0.01696721 -0.0174526   0.00250753]
('a', 'ɛ')	[ 0.01695159 -0.0131811   0.00597124]
('a', 'aɪ')	[ 0.01683985 -0.01378217  0.00672016]
('e', 'aɪ')	[ 0.01680391 -0.01330602  0.00760609]
('e', 'ɜ')	[ 0.01672664 -0.0187632   0.00355413]
('eː', 'ɜ')	[ 0.01672664 -0.0187632   0.00355413]
('eː', 'ʉː')	[ 0.01671217 -0.01638476  0.00296389]
('a', 'ɛː')	[ 0.01668125 -0.01305183  0.00256614]
('n', 'ɾ')	[ 0.01667331 -0.01169876  0.00328363]
('e', 'ɑe')	[ 0.01646203 -0.01682407  0.00269155]
('d', 'ʣ')	[ 0.01641091 -0.01701111  0.00292362]
('e', 'ɜː')	[ 0.01637807 -0.01763522  0.00287022]
('-', 'ɹ')	[ 0.01634077 -0.01666196  0.00205189]
('e', 'eɪ')	[ 0.01621278 -0.01346857  0.00307776]
('a', 'u')	[ 0.0161303  -0.01382132  0.00240731]
('ai', 'ɜʉ')	[ 0.01612914 -0.01981892  0.00117471]
('oː', 'ʌ')	[ 0.01611833 -0.01278563  0.00336275]
('u', 'ʌʊ')	[ 0.01607041 -0.01635405  0.0016928 ]
('-', 'ɜ')	[ 0.01606289 -0.01706057  0.00293298]
('e', 'ɚ')	[ 0.01603844 -0.01555394  0.00354298]
('a', 'ə')	[ 0.01595484 -0.00376248  0.00020827]
('a', 'oʊ')	[ 0.01585507 -0.01668772  0.0016273 ]
('a', 'eə')	[ 0.0158424  -0.01338836  0.00698699]
('ai', 'oː')	[ 0.01583569 -0.01416908  0.00503232]
('a', 'ʌɪ')	[ 0.01583446 -0.01638431  0.00173709]
('au', 'ɑɪ')	[ 0.01583446 -0.01638431  0.00173709]
('e', 'ʌɪ')	[ 0.01583446 -0.01638431  0.00173709]
('n', 'ɹ')	[ 0.01576897 -0.01563133  0.00245858]
('u', 'oʊ')	[ 0.01568399 -0.01507888 -0.00033321]
('u', 'ɪə')	[ 0.01566654 -0.01743305  0.0033578 ]
('e', 'ɑ')	[ 0.01566048 -0.01481409  0.0033033 ]
('a', 'eː')	[ 0.01529971 -0.01167326  0.00309411]
('-', 'ʊ')	[ 0.01521284 -0.01515962  0.00255282]
('w', 'ʍ')	[ 0.0150589  -0.0148981   0.00467156]
('oː', 'iə')	[ 0.01482973 -0.01272347  0.00254539]
('z', 't')	[ 0.01482019 -0.00214896 -0.00098727]
('a', 'ɚ')	[ 0.01480718 -0.01509058  0.00398255]
('a', 'ɛɚ')	[ 0.01480718 -0.01509058  0.00398255]
('eː', 'iɚ')	[ 0.01480718 -0.01509058  0.00398255]
('eː', 'ɚ')	[ 0.01480718 -0.01509058  0.00398255]
('iː', 'iɚ')	[ 0.01480718 -0.01509058  0.00398255]
('oː', 'iɚ')	[ 0.01480718 -0.01509058  0.00398255]
('r', 'ɻ')	[ 0.01480718 -0.01509058  0.00398255]
('u', 'iɚ')	[ 0.01480718 -0.01509058  0.00398255]
('-', 'ɚ')	[ 0.01480718 -0.01509058  0.00398255]
('a', 'oː')	[ 0.01478382 -0.01030232  0.00566162]
('oː', 'uː')	[ 0.01472703 -0.00876094  0.00262929]
('oː', 'ɔ')	[ 0.01465697 -0.00997334  0.00602655]
('au', 'ɑe')	[ 0.01462301 -0.01478165  0.00198823]
('oː', 'ɜ')	[ 0.01455027 -0.01661898  0.00374669]
('iː', 'iə')	[ 0.01451819 -0.01237413  0.00367962]
('ai', 'oə')	[ 0.01450556 -0.01514834  0.00406914]
('eː', 'ʉ')	[ 0.01450556 -0.01514834  0.00406914]
('ai', 'ɔə')	[ 0.0144828  -0.01531531  0.00245337]
('e', 'ɔə')	[ 0.0144828  -0.01531531  0.00245337]
('u', 'ɚː')	[ 0.01433677 -0.01687565 -0.00067662]
('a', 'ɛə')	[ 0.01433443 -0.0162076   0.00090634]
('z', 's')	[ 0.01422243 -0.00567081  0.0059524 ]
('a', 'ɪ')	[ 0.01421053 -0.00252026  0.00726814]
('θ', 'f')	[ 0.0140261  -0.01536737  0.00246614]
('iː', 'aɪ')	[ 0.01395562 -0.01303928  0.00317954]
('u', 'œː')	[ 0.01378594 -0.01542735  0.00482415]
('eː', 'ɪə')	[ 0.01356898 -0.01517087  0.00299839]
('oː', 'ɪə')	[ 0.01356898 -0.01517087  0.00299839]
('a', 'eʌ')	[ 0.01351045 -0.01123487  0.00382807]
('iː', 'ɪə')	[ 0.01350426 -0.01292615  0.0026519 ]
('a', 'ɔʊ')	[ 0.01336023 -0.01039057  0.00489112]
('eː', 'iə')	[ 0.01334502 -0.01082039  0.00239678]
('oː', 'ɐʊ')	[ 0.01320326 -0.01418724  0.00280477]
('e', 'eə')	[ 0.01320304 -0.00801846  0.00934026]
('a', 'ɐɪ')	[ 0.01313831 -0.01442666  0.00310144]
('e', 'ɐɪ')	[ 0.01313831 -0.01442666  0.00310144]
('iː', 'ɐɪ')	[ 0.01313831 -0.01442666  0.00310144]
('ai', 'ou')	[ 0.01310745 -0.01731469  0.00057238]
('eu', 'ʊu')	[ 0.01308305 -0.01400558  0.00325316]
('eː', 'ʊu')	[ 0.01308305 -0.01400558  0.00325316]
('oːu', 'ʊu')	[ 0.01308305 -0.01400558  0.00325316]
('au', 'e')	[ 0.01305183 -0.01531987  0.00433038]
('ai', 'oʊ')	[ 0.01303221 -0.01344501  0.00097069]
('e', 'iː')	[1.30283152e-02 1.34260886e-03 5.29969498e-05]
('i', 'ə')	[ 0.01301712 -0.00734183  0.00176   ]
('e', 'ə')	[ 0.01301613  0.00161347 -0.00300889]
('iː', 'ɐi')	[ 0.01299219 -0.01223035  0.00454   ]
('a', 'ɒː')	[ 0.01296847 -0.00798627  0.00447709]
('e', 'a')	[ 0.0129604  -0.00390729  0.00546729]
('r', 'ɹ')	[ 0.01277019 -0.02069345 -0.00399478]
('a', 'ɛɪə')	[ 0.01275388 -0.01644479 -0.00131103]
('ai', 'ɜʊ')	[ 0.01275388 -0.01644479 -0.00131103]
('a', 'y')	[ 0.01274895 -0.01461432  0.00239739]
('e', 'ɔ')	[ 0.01268468 -0.00784127  0.00862583]
('u', 'ɑ')	[ 0.01260022 -0.01192379  0.00388914]
('e', 'ɪɤ')	[ 0.0125945  -0.01703331 -0.00085276]
('u', 'iə')	[ 0.01254759 -0.00635223 -0.0005796 ]
('eu', 'ɪu')	[ 0.01248225 -0.01219814  0.00241786]
('eː', 'uː')	[ 0.01246665 -0.00882145  0.00612896]
('e', 'ɛ')	[ 0.01246041 -0.0026698  -0.00052939]
('r', 'ʁ')	[ 0.01245191 -0.00350766  0.00627799]
('e', 'aː')	[ 0.01244901 -0.00600046 -0.01719109]
('e', 'ɛɪ')	[ 0.01240289  0.01189932 -0.01177869]
('u', 'ʊ')	[ 0.01233109 -0.00213196  0.00624584]
('-', 'ɛ')	[ 0.01229519 -0.00959233  0.00635277]
('u', 'uː')	[ 0.01223273 -0.0109955   0.0037976 ]
('au', 'ə')	[ 0.01221538 -0.00957225  0.00829551]
('z', 'ɹ')	[ 0.01217278 -0.00996758 -0.01923838]
('a', 'ı')	[ 0.01216546 -0.01267749  0.0040085 ]
('a', 'ɜi')	[ 0.01216546 -0.01267749  0.0040085 ]
('a', 'ɜıi')	[ 0.01216546 -0.01267749  0.0040085 ]
('a', 'ɜʉ')	[ 0.01216546 -0.01267749  0.0040085 ]
('ai', 'ouɚ')	[ 0.01216546 -0.01267749  0.0040085 ]
('au', 'ɛə')	[ 0.01216546 -0.01267749  0.0040085 ]
('au', 'ɜi')	[ 0.01216546 -0.01267749  0.0040085 ]
('e', 'ouɚ')	[ 0.01216546 -0.01267749  0.0040085 ]
('e', 'ɛɚ')	[ 0.01216546 -0.01267749  0.0040085 ]
('e', 'ɜi')	[ 0.01216546 -0.01267749  0.0040085 ]
('e', 'ɜıi')	[ 0.01216546 -0.01267749  0.0040085 ]
('iː', 'ɜi')	[ 0.01216546 -0.01267749  0.0040085 ]
('iː', 'ɜıi')	[ 0.01216546 -0.01267749  0.0040085 ]
('l', 'lʲ')	[ 0.01216546 -0.01267749  0.0040085 ]
('oː', 'ɚ')	[ 0.01216546 -0.01267749  0.0040085 ]
('oː', 'ɜʉ')	[ 0.01216546 -0.01267749  0.0040085 ]
('u', 'ɔɚ')	[ 0.01216546 -0.01267749  0.0040085 ]
('u', 'ɛə')	[ 0.01216546 -0.01267749  0.0040085 ]
('uː', 'ɜʉ')	[ 0.01216546 -0.01267749  0.0040085 ]
('-', 'ı')	[ 0.01216546 -0.01267749  0.0040085 ]
('e', 'ɛː')	[0.01215526 0.02114822 0.01063899]
('u', 'ɛː')	[0.01210671 0.02316167 0.01228703]
('u', 'ʌ')	[ 0.01199772 -0.00700447 -0.01426334]
('e', 'iə')	[0.01192387 0.01202662 0.00671203]
('a', 'ɛi')	[ 0.0118916  -0.00859385  0.00278959]
('t', 't')	[ 0.01172407 -0.00504986  0.00283404]
('r', 'ʔ')	[ 0.01171714 -0.00955178  0.00656925]
('ɡ', 'ŋ')	[ 0.01168169 -0.00472658  0.00732909]
('ll', 'ɫ')	[ 0.01167231 -0.01733165 -0.00624297]
('oːu', 'uː')	[ 0.01164945 -0.01077779  0.0032555 ]
('oː', 'ʊə')	[ 0.01163039 -0.00537223  0.00607898]
('eː', 'u')	[ 0.01158088 -0.01144124  0.00327151]
('e', 'ɚː')	[ 0.01154382 -0.0149166  -0.00237841]
('a', 'ɛɜ')	[ 0.01153117 -0.01153241  0.00104215]
('a', 'ɜʊ')	[ 0.01153117 -0.01153241  0.00104215]
('eu', 'ʏy')	[ 0.01153117 -0.01153241  0.00104215]
('eː', 'iɜ')	[ 0.01153117 -0.01153241  0.00104215]
('eː', 'yː')	[ 0.01153117 -0.01153241  0.00104215]
('iː', 'iɜ')	[ 0.01153117 -0.01153241  0.00104215]
('oː', 'iɜ')	[ 0.01153117 -0.01153241  0.00104215]
('oːu', 'ʏy')	[ 0.01153117 -0.01153241  0.00104215]
('u', 'iɜ')	[ 0.01153117 -0.01153241  0.00104215]
('u', 'ɪ')	[ 0.01142912 -0.00774505  0.0045895 ]
('u', 'əʊ')	[ 0.01142745 -0.01418536  0.00355926]
('k', 'k')	[ 0.01134301 -0.00414699  0.00268952]
('a', 'ʉə')	[ 0.01132302 -0.01234489  0.00173925]
('a', 'ʌɪɤ')	[ 0.01132302 -0.01234489  0.00173925]
('eu', 'ʉ')	[ 0.01132302 -0.01234489  0.00173925]
('oː', 'oʊ')	[ 0.01132302 -0.01234489  0.00173925]
('r', 'f')	[ 0.01132302 -0.01234489  0.00173925]
('t', 'ʔ')	[ 0.01132302 -0.01234489  0.00173925]
('x', 'ʔ')	[ 0.01132302 -0.01234489  0.00173925]
('eː', 'ə')	[ 0.01131747 -0.00698211 -0.00804489]
('e', 'œ')	[ 0.0112804  -0.0057621   0.00905802]
('k', 'c')	[ 0.01120234 -0.00827876  0.0065308 ]
('eː', 'ɛː')	[ 0.01118886 -0.01210545  0.00236323]
('r', 'χ')	[ 0.0109933  -0.00440477  0.00871648]
('oː', 'oː')	[ 0.01090612 -0.00241837  0.00376692]
('oː', 'iɛ')	[ 0.01080588 -0.01157757  0.0041459 ]
('a', 'ɛʉ')	[ 0.01080477 -0.0090266   0.0020778 ]
('ai', 'ɛʉ')	[ 0.01080477 -0.0090266   0.0020778 ]
('d', 'd͡ð')	[ 0.01080477 -0.0090266   0.0020778 ]
('oː', 'ʉː')	[ 0.01080477 -0.0090266   0.0020778 ]
('t', 't͡θʰ')	[ 0.01080477 -0.0090266   0.0020778 ]
('u', 'ɛʉ')	[ 0.01080477 -0.0090266   0.0020778 ]
('x', 't͡θʰ')	[ 0.01080477 -0.0090266   0.0020778 ]
('z', 'θ')	[ 0.01080477 -0.0090266   0.0020778 ]
('a', 'ɛɪʊ')	[ 0.01078212 -0.01102665  0.00200738]
('a', 'ɪɛ')	[ 0.01078212 -0.01102665  0.00200738]
('au', 'ɪ')	[ 0.01078212 -0.01102665  0.00200738]
('e', 'əʊ')	[ 0.01078212 -0.01102665  0.00200738]
('eː', 'ɪɛ')	[ 0.01078212 -0.01102665  0.00200738]
('iː', 'iɛ')	[ 0.01078212 -0.01102665  0.00200738]
('t', 'tˀ')	[ 0.01078212 -0.01102665  0.00200738]
('u', 'ɪɛ')	[ 0.01078212 -0.01102665  0.00200738]
('oː', 'ʊː')	[ 0.01077592 -0.00845119  0.00168816]
('u', 'ɔə')	[ 0.01077592 -0.00845119  0.00168816]
('u', 'ɔ')	[ 0.01075757 -0.00373671  0.00229402]
('t', 'θ')	[ 0.01067169 -0.0076072   0.00452319]
('x', 'tʰ')	[ 0.01052962 -0.01441349 -0.01073927]
('a', 'æə')	[ 0.01052437 -0.01046871  0.00215247]
('a', 'ʊu')	[ 0.01052437 -0.01046871  0.00215247]
('ai', 'ɔɚ')	[ 0.01052437 -0.01046871  0.00215247]
('iː', 'ai')	[ 0.01052437 -0.01046871  0.00215247]
('oː', 'ʊuʌ')	[ 0.01052437 -0.01046871  0.00215247]
('-', 'ɪ')	[ 0.01045947 -0.00426608  0.0057453 ]
('z', 'r')	[ 0.01043031 -0.00289666  0.00491754]
('r', 'z')	[ 0.01042838 -0.00663324  0.0052459 ]
('x', 't')	[ 0.01037623 -0.00546447 -0.00213658]
('oː', 'ə')	[ 0.01035767  0.0034781  -0.00253329]
('l', 'ɫ')	[ 0.01034425 -0.01578626 -0.00755115]
('e', 'o')	[ 0.01033812 -0.00792478  0.00163286]
('e', 'ɪʊ')	[ 0.01032895 -0.0086897   0.00255673]
('a', 'ɒʊ')	[ 0.01028759 -0.00977392  0.00556695]
('z', 'ʁ')	[ 0.01028027 -0.00465285  0.00216461]
('ai', 'eː')	[ 0.01027316 -0.00226096  0.00333074]
('a', 'iə')	[ 0.01025518 -0.00662718  0.00304407]
('u', 'oə')	[ 0.0102473  -0.00408808  0.01060505]
('e', 'ae')	[ 0.01020917 -0.00708368  0.00584832]
('n', 'f')	[ 0.01016691 -0.00729301  0.00444967]
('e', 'ɛi')	[ 0.01014742 -0.00389633  0.00867534]
('n', 'ʁ')	[ 0.01011877 -0.00439656  0.00601486]
('e', 'oː')	[ 0.0101142  -0.00748562  0.00355403]
('a', 'eʊ')	[ 0.01010034 -0.01112594  0.00202275]
('ai', 'ɔ')	[ 0.01010034 -0.01112594  0.00202275]
('au', 'ɐɪ')	[ 0.01010034 -0.01112594  0.00202275]
('eu', 'u')	[ 0.01010034 -0.01112594  0.00202275]
('oː', 'ɑ')	[ 0.01010034 -0.01112594  0.00202275]
('oːu', 'u')	[ 0.01010034 -0.01112594  0.00202275]
('u', 'uʊ')	[ 0.01010034 -0.01112594  0.00202275]
('uː', 'ɐʊ')	[ 0.01010034 -0.01112594  0.00202275]
('u', 'ɐʊ')	[ 0.01009453 -0.00896191  0.00211206]
('a', 'ʌi')	[ 0.01005488 -0.01052584  0.0022613 ]
('au', 'ɛː')	[ 0.01005488 -0.01052584  0.0022613 ]
('e', 'oə')	[ 0.01005488 -0.01052584  0.0022613 ]
('e', 'ʌi')	[ 0.01005488 -0.01052584  0.0022613 ]
('iː', 'ʌi')	[ 0.01005488 -0.01052584  0.0022613 ]
('oː', 'ʉə')	[ 0.01005488 -0.01052584  0.0022613 ]
('u', 'ɐʉ')	[ 0.01005488 -0.01052584  0.0022613 ]
('u', 'əː')	[ 0.01005488 -0.01052584  0.0022613 ]
('u', 'ʌʉ')	[ 0.01005488 -0.01052584  0.0022613 ]
('uː', 'ɐʉ')	[ 0.01005488 -0.01052584  0.0022613 ]
('uː', 'ʌʉ')	[ 0.01005488 -0.01052584  0.0022613 ]
('p', 'f')	[ 0.01001276 -0.00235165  0.0074603 ]
('t', 's')	[ 0.01000565 -0.00241908  0.00748992]
('w', 'β')	[ 0.00999366 -0.0008913  -0.01022358]
('l', 'd')	[ 9.97270024e-03 -1.28246508e-02  9.82644219e-06]
('eː', 'ɪɜ')	[ 0.0099547  -0.01089502  0.00271842]
('iː', 'ɪɜ')	[ 0.0099547  -0.01089502  0.00271842]
('n', 't͡θ')	[ 0.0099547  -0.01089502  0.00271842]
('n', 'β')	[ 0.0099547  -0.01089502  0.00271842]
('oː', 'ɐo')	[ 0.0099547  -0.01089502  0.00271842]
('oː', 'ɪɜ')	[ 0.0099547  -0.01089502  0.00271842]
('r', 't͡θ')	[ 0.0099547  -0.01089502  0.00271842]
('u', 'ɑʊ')	[ 0.0099547  -0.01089502  0.00271842]
('u', 'ɪɜ')	[ 0.0099547  -0.01089502  0.00271842]
('uː', 'ɑʊ')	[ 0.0099547  -0.01089502  0.00271842]
('θ', 't͡θ')	[ 0.0099547  -0.01089502  0.00271842]
('f', '-')	[0.00994566 0.0254786  0.01882268]
('b', '-')	[ 0.00991671 -0.00630837  0.00749121]
('a', 'ɔː')	[ 0.0098781   0.00026508 -0.00689514]
('oː', 'uə')	[ 9.80458233e-03 -1.12316342e-04 -3.86637749e-06]
('a', 'ɵʊ')	[ 0.00979765 -0.00941743 -0.00051346]
('eu', 'ɵu')	[ 0.00979765 -0.00941743 -0.00051346]
('eː', 'ɵʊ')	[ 0.00979765 -0.00941743 -0.00051346]
('iː', 'ʌɪ')	[ 0.00979765 -0.00941743 -0.00051346]
('oːu', 'ɵu')	[ 0.00979765 -0.00941743 -0.00051346]
('uː', 'ʌʊ')	[ 0.00979765 -0.00941743 -0.00051346]
('iː', 'ɛi')	[ 0.00977105 -0.00471999  0.00539701]
('eː', 'ɪ')	[ 0.00975219 -0.00639984  0.00325064]
('a', 'æː')	[ 0.00970577  0.03280636 -0.02369518]
('ai', 'eə')	[ 0.00966773 -0.00371761  0.00596483]
('eː', 'ɔː')	[ 0.00958342 -0.0019612   0.00245363]
('e', 'ɪə')	[ 0.00950353 -0.00687527  0.00333816]
('a', 'əʊ')	[ 0.00950222 -0.01090981  0.00279218]
('ai', 'əʊ')	[ 0.00950222 -0.01090981  0.00279218]
('oː', 'œː')	[ 0.00946579 -0.01007693  0.00437731]
('n', 'j')	[ 0.00946072 -0.00416834  0.00747372]
('u', 'œ')	[ 0.00941307 -0.00413736  0.00039088]
('a', 'aʊ')	[ 0.00938586 -0.00041241  0.00238808]
('u', 'a')	[ 0.009366   -0.00834352  0.00753844]
('u', 'oɐ')	[ 0.00936478 -0.0044225   0.00246359]
('ll', '-')	[ 0.00930131 -0.00397254 -0.0263339 ]
('-', 't')	[ 0.00925946 -0.00343187 -0.00113375]
('a', 'ɐ')	[0.00925368 0.00889824 0.00934466]
('a', 'uː')	[ 0.00915679 -0.00788488  0.00105356]
('t', 'tʰ̄')	[ 0.00915679 -0.00788488  0.00105356]
('ai', 'ɛɪ')	[ 0.0091562  -0.00111143 -0.00029658]
('-', 'ʁ')	[ 0.0091509  -0.00395035  0.00457149]
('i', 'i')	[ 0.00914598 -0.00366577  0.00550808]
('eː', 'ɛ')	[ 0.00912028 -0.00715624  0.00450782]
('n', 'r')	[ 0.00909168 -0.0009383   0.00261335]
('o', '-')	[ 0.00908028 -0.00672111  0.00716511]
('ai', 'aɪ')	[0.00905975 0.01972488 0.01373367]
('i', 'ɛ')	[ 0.00905424 -0.00010996  0.00323858]
('r', 'ɾ')	[0.00904881 0.00188889 0.00025078]
('oːu', '-')	[ 0.00904097 -0.00660805  0.00716455]
('k', 'ç')	[ 0.00902264 -0.00226034  0.00461709]
('a', '-')	[ 0.00898178 -0.00472698  0.00140752]
('ai', '-')	[ 0.00898178 -0.00472698  0.00140752]
('au', '-')	[ 0.00898178 -0.00472698  0.00140752]
('b', 'b')	[ 0.00898178 -0.00472698  0.00140752]
('d', 'd')	[ 0.00898178 -0.00472698  0.00140752]
('e', '-')	[ 0.00898178 -0.00472698  0.00140752]
('f', 'f')	[ 0.00898178 -0.00472698  0.00140752]
('i', '-')	[ 0.00898178 -0.00472698  0.00140752]
('iː', '-')	[ 0.00898178 -0.00472698  0.00140752]
('j', '-')	[ 0.00898178 -0.00472698  0.00140752]
('l', '-')	[ 0.00898178 -0.00472698  0.00140752]
('m', 'm')	[ 0.00898178 -0.00472698  0.00140752]
('n', '-')	[ 0.00898178 -0.00472698  0.00140752]
('n', 'n')	[ 0.00898178 -0.00472698  0.00140752]
('n', 'ŋ')	[ 0.00898178 -0.00472698  0.00140752]
('oː', '-')	[ 0.00898178 -0.00472698  0.00140752]
('r', '-')	[ 0.00898178 -0.00472698  0.00140752]
('s', '-')	[ 0.00898178 -0.00472698  0.00140752]
('s', 's')	[ 0.00898178 -0.00472698  0.00140752]
('t', '-')	[ 0.00898178 -0.00472698  0.00140752]
('u', '-')	[ 0.00898178 -0.00472698  0.00140752]
('w', '-')	[ 0.00898178 -0.00472698  0.00140752]
('x', '-')	[ 0.00898178 -0.00472698  0.00140752]
('x', 'h')	[ 0.00898178 -0.00472698  0.00140752]
('z', '-')	[ 0.00898178 -0.00472698  0.00140752]
('ɡ', '-')	[ 0.00898178 -0.00472698  0.00140752]
('θ', '-')	[ 0.00898178 -0.00472698  0.00140752]
('e', 'ɪ')	[ 0.00894954 -0.00477056  0.0012231 ]
('u', 'iː')	[ 0.00893175 -0.00300934  0.00561263]
('ai', 'e')	[ 0.00891844 -0.00559292  0.00284527]
('b', 'β')	[ 0.00889225 -0.00111803  0.00168899]
('x', 'j')	[0.00886529 0.03157522 0.02101467]
('z', 'ɡ')	[ 0.0088087  -0.00260787  0.00499133]
('ai', 'ɛː')	[ 0.00869689 -0.00260286  0.00351813]
('θ', 'd')	[ 0.00866832 -0.00468936 -0.00019401]
('f', 'ɸ')	[ 0.00864728 -0.00218202  0.00130892]
('u', 'ɔʊ')	[ 0.00862756 -0.00545596  0.00318554]
('h', 'h')	[ 0.00859655 -0.00499203  0.00178586]
('-', 'χ')	[ 0.00857597 -0.00319625  0.00421619]
('i', 'ɛɪ')	[ 0.00848027 -0.00311889 -0.00166917]
('oː', 'ɛ')	[ 0.00846404 -0.00250146  0.00544786]
('d', 't')	[ 0.0084493   0.00933437 -0.00210313]
('s', 'ʃ')	[ 0.00844102 -0.00604945  0.0067093 ]
('u', 'ø')	[ 0.00843123 -0.00401326  0.00614345]
('k', '-')	[ 0.00842881 -0.00473427  0.00060322]
('n', 'χ')	[ 0.00838897 -0.00245816  0.00633076]
('e', 'yː')	[0.00838542 0.02703874 0.0139215 ]
('eu', 'ɛi')	[ 0.00837971 -0.00212919  0.00328496]
('e', 'ɒɪ')	[ 0.00831127 -0.0050643   0.00217835]
('ai', 'iə')	[ 0.00830144 -0.0027811   0.0022977 ]
('θ', 'r')	[ 0.0082889  -0.00240036  0.00232483]
('e', 'ɒ')	[ 0.00826309 -0.00762722  0.00322073]
('j', 'j')	[ 0.00823141 -0.00450994 -0.00124073]
('ai', 'ɪ')	[0.00821065 0.05495071 0.02046767]
('e', 'ɛə')	[ 0.0081994  -0.00267797  0.00910931]
('oː', 'oə')	[ 0.00819448 -0.00130992 -0.00203453]
('ɡ', 'k')	[ 0.00819153  0.00136514 -0.00715172]
('ai', 'ɒː')	[ 0.00818335 -0.00770524  0.00275743]
('au', 'iː')	[ 0.00818335 -0.00770524  0.00275743]
('eu', 'uː')	[ 0.00818335 -0.00770524  0.00275743]
('eː', 'iɐ')	[ 0.00818335 -0.00770524  0.00275743]
('iː', 'iɐ')	[ 0.00818335 -0.00770524  0.00275743]
('oː', 'iɐ')	[ 0.00818335 -0.00770524  0.00275743]
('z', 'h')	[ 0.00816637 -0.00457527  0.00133425]
('oː', 'ɔʊ')	[ 0.0081418  -0.00410968  0.00576682]
('a', 'e')	[ 0.00811952 -0.01317999 -0.00316493]
('a', 'œː')	[ 0.00811822 -0.0022605   0.00650713]
('au', 'aː')	[ 0.00811013 -0.00585406  0.00255824]
('-', 'a')	[ 0.00808034 -0.00351738  0.010196  ]
('au', 'oː')	[ 0.00807179  0.00179134 -0.01238549]
('oː', 'øː')	[ 0.00806093 -0.0068526   0.00245089]
('ai', 'ɛə')	[ 0.00802257 -0.00236808  0.00534272]
('l', 'l')	[ 0.00801764 -0.00339808  0.00172287]
('u', 'ʊə')	[ 0.00796593 -0.00070252  0.00445172]
('l', 't')	[ 0.00795968 -0.00315952 -0.0016843 ]
('t', 'd')	[ 0.00789636 -0.00021903  0.0044568 ]
('a', 'aɛ')	[ 0.0078797  -0.01076755  0.0026407 ]
('ai', 'əʉ')	[ 0.0078797  -0.01076755  0.0026407 ]
('au', 'aɛ')	[ 0.0078797  -0.01076755  0.0026407 ]
('eː', 'ʉʉ')	[ 0.0078797  -0.01076755  0.0026407 ]
('iː', 'ae')	[ 0.0078797  -0.01076755  0.0026407 ]
('iː', 'aɛ')	[ 0.0078797  -0.01076755  0.0026407 ]
('oː', 'ao')	[ 0.0078797  -0.01076755  0.0026407 ]
('oːu', 'yː')	[ 0.0078797  -0.01076755  0.0026407 ]
('u', 'ao')	[ 0.0078797  -0.01076755  0.0026407 ]
('u', 'iɛː')	[ 0.0078797  -0.01076755  0.0026407 ]
('u', 'əʉ')	[ 0.0078797  -0.01076755  0.0026407 ]
('uː', 'ao')	[ 0.0078797  -0.01076755  0.0026407 ]
('a', 'aː')	[ 0.00784063 -0.00796546 -0.00215455]
('-', 'n')	[ 0.00783967 -0.00490298 -0.00050248]
('a', 'iɐ')	[ 0.00781796 -0.00629476 -0.00062089]
('u', 'ɵ')	[ 0.0077906  -0.00305777  0.004491  ]
('-', 'ɔ')	[ 0.0077472  -0.00220534  0.00853332]
('-', 'r')	[ 0.00774088 -0.00019076  0.0038012 ]
('a', 'yː')	[ 0.00771046 -0.01380286 -0.00337079]
('a', 'ɑɔ')	[ 0.00771046 -0.01380286 -0.00337079]
('a', 'ɛeə')	[ 0.00771046 -0.01380286 -0.00337079]
('a', 'ɛiə')	[ 0.00771046 -0.01380286 -0.00337079]
('a', 'ɛɪɤ')	[ 0.00771046 -0.01380286 -0.00337079]
('a', 'ɜː')	[ 0.00771046 -0.01380286 -0.00337079]
('a', 'ɵy')	[ 0.00771046 -0.01380286 -0.00337079]
('a', 'ʌʊ')	[ 0.00771046 -0.01380286 -0.00337079]
('ai', 'œo')	[ 0.00771046 -0.01380286 -0.00337079]
('ai', 'œy')	[ 0.00771046 -0.01380286 -0.00337079]
('au', 'eɪə')	[ 0.00771046 -0.01380286 -0.00337079]
('au', 'ɛɪə')	[ 0.00771046 -0.01380286 -0.00337079]
('e', 'ou')	[ 0.00771046 -0.01380286 -0.00337079]
('e', 'ɪiə')	[ 0.00771046 -0.01380286 -0.00337079]
('e', 'ɪɪə')	[ 0.00771046 -0.01380286 -0.00337079]
('e', 'ɪː')	[ 0.00771046 -0.01380286 -0.00337079]
('eu', 'ɵy')	[ 0.00771046 -0.01380286 -0.00337079]
('eː', 'ɵy')	[ 0.00771046 -0.01380286 -0.00337079]
('i', 'ɪːə')	[ 0.00771046 -0.01380286 -0.00337079]
('oː', 'ɛo')	[ 0.00771046 -0.01380286 -0.00337079]
('oː', 'ɵu')	[ 0.00771046 -0.01380286 -0.00337079]
('u', 'æeo')	[ 0.00771046 -0.01380286 -0.00337079]
('u', 'æɛo')	[ 0.00771046 -0.01380286 -0.00337079]
('u', 'œy')	[ 0.00771046 -0.01380286 -0.00337079]
('u', 'ɑɔ')	[ 0.00771046 -0.01380286 -0.00337079]
('u', 'ɑː')	[ 0.00771046 -0.01380286 -0.00337079]
('u', 'ɜo')	[ 0.00771046 -0.01380286 -0.00337079]
('u', 'ɪiə')	[ 0.00771046 -0.01380286 -0.00337079]
('u', 'ɵː')	[ 0.00771046 -0.01380286 -0.00337079]
('uː', 'æo')	[ 0.00771046 -0.01380286 -0.00337079]
('uː', 'æɛo')	[ 0.00771046 -0.01380286 -0.00337079]
('ai', 'eɪ')	[ 0.00768882 -0.00261655  0.00145772]
('ai', 'ɔẽ')	[ 0.00763932 -0.00195221  0.00500288]
('ai', 'ɔɪ')	[ 0.00763932 -0.00195221  0.00500288]
('oːu', 'ɔe')	[ 0.00763932 -0.00195221  0.00500288]
('oː', 'ø')	[ 0.0075889  -0.00313218 -0.00227626]
('z', 'ɾ')	[ 0.00758029 -0.00387735  0.00442699]
('ai', 'iɛː')	[ 0.0075537  -0.00629254  0.00298079]
('au', 'ɒɪ')	[ 0.0075537  -0.00629254  0.00298079]
('e', 'ɔuɐ')	[ 0.0075537  -0.00629254  0.00298079]
('e', 'ɛiɪ')	[ 0.0075537  -0.00629254  0.00298079]
('oːu', 'ɔʊ')	[ 0.0075537  -0.00629254  0.00298079]
('u', 'ɔuɐ')	[ 0.0075537  -0.00629254  0.00298079]
('z', 'k')	[ 0.00754363 -0.00196268  0.00578584]
('i', 'eə')	[ 0.0075144  -0.00300731  0.00736766]
('u', 'e')	[ 0.00750407 -0.00189687  0.00371947]
('ai', 'ɛ')	[ 0.00746761 -0.00052868  0.00814229]
('oːu', 'a')	[ 0.00744873 -0.00386059  0.01175414]
('k', 'kʰ')	[ 0.00742082 -0.00429814  0.00161445]
('ai', 'aɪə')	[ 0.00741703 -0.00261183  0.00418772]
('a', 'oə')	[ 0.00738244 -0.00253067  0.00525926]
('eu', 'œɪ')	[ 0.00738191 -0.00254292  0.00160565]
('a', 'æɪə')	[ 0.00734585 -0.00968983  0.00012127]
('b', 'w')	[ 0.00732687 -0.00174723  0.0056917 ]
('au', 'aʊ')	[0.00732498 0.02656275 0.01192195]
('e', 'aʊ')	[ 0.00731395 -0.0021986   0.00649383]
('i', 'ɪ')	[ 0.00731098 -0.00424973 -0.00063302]
('a', 'ʊ')	[ 0.00728747 -0.00083194  0.00947246]
('-', 'd')	[ 0.00728046 -0.0041663   0.00739557]
('w', 'j')	[ 0.00725297 -0.00151002  0.00729559]
('iː', 'ɛɪ')	[ 0.00725295 -0.00116425  0.00455402]
('oː', 'œ')	[ 0.00722057 -0.01014247 -0.00023898]
('au', 'ɑʊ')	[ 0.00717936 -0.00255956  0.00440984]
('ai', 'eu')	[ 0.0071687  -0.00245282 -0.00280785]
('eu', 'iu')	[ 0.0071687  -0.00245282 -0.00280785]
('uː', 'æʏ')	[ 0.0071687  -0.00245282 -0.00280785]
('h', '-')	[ 0.00716779 -0.00287229  0.00116139]
('au', 'œː')	[ 0.00716082 -0.00401228  0.00778828]
('e', 'ʉ')	[ 0.00716082 -0.00401228  0.00778828]
('k', 'ɡ')	[ 0.00716082 -0.00401228  0.00778828]
('u', 'ʉ')	[ 0.00716082 -0.00401228  0.00778828]
('uː', 'ʏ')	[ 0.00716082 -0.00401228  0.00778828]
('b', 'v')	[ 0.00716076 -0.00566097 -0.00096665]
('n', 'nˀ')	[ 0.00712996 -0.00059425  0.00974839]
('oː', 'ɔː')	[ 0.00712686 -0.00065847 -0.00025172]
('d', '-')	[0.00708285 0.00361928 0.00544113]
('-', 'i')	[ 0.00707317 -0.00215541  0.0032023 ]
('e', 'iɔ')	[ 0.00704748 -0.00315812  0.00863049]
('j', 'ʔ')	[ 0.00703509 -0.00318603  0.01027431]
('z', 'ð')	[ 0.00703509 -0.00318603  0.01027431]
('au', 'ɔɪ')	[ 0.00699143 -0.00257552  0.00582967]
('k', 'ʃ')	[ 0.00697035 -0.00119195  0.00560478]
('a', 'ɐi')	[ 0.00696228 -0.00483948  0.00376763]
('au', 'ɔː')	[ 0.00693641 -0.00021062 -0.00034555]
('iː', 'ɛː')	[ 0.00691474 -0.00774517  0.00401714]
('e', 'œː')	[0.00688697 0.00135638 0.00109039]
('au', 'œʏ')	[ 0.00688642 -0.00127785  0.00493452]
('θ', 'ʁ')	[ 0.00684073 -0.00355861 -0.00179697]
('w', 'ʝ')	[ 0.00675613 -0.0021939   0.0004805 ]
('e', 'ɐ')	[0.00674314 0.03917293 0.01521583]
('-', 'ɾ')	[ 0.00673524 -0.00418264  0.00329724]
('u', 'øə')	[ 0.00673384 -0.00341788  0.0045756 ]
('eː', 'oə')	[ 0.00672908 -0.00284958  0.00587903]
('b', 'f')	[ 0.00667188 -0.00455168 -0.00234155]
('i', 'a')	[ 0.00664647 -0.00142217  0.00501784]
('oː', 'a')	[ 0.00662935 -0.00280746  0.0096508 ]
('r', 's')	[0.00656066 0.00082401 0.00036793]
('e', 'eɐ')	[0.00654896 0.00092095 0.00298568]
('oː', 'ɒʊ')	[ 0.00652997 -0.00328377  0.00511624]
('s', 'sʲ')	[ 0.00648259 -0.00219936  0.01262656]
('oː', 'yː')	[ 0.00645274 -0.00202685  0.00424653]
('eː', '-')	[ 0.00645232  0.00526409 -0.00262981]
('e', 'æ')	[ 0.00640621 -0.00246997  0.00514069]
('eu', 'yː')	[ 0.00638031 -0.00312881  0.0051521 ]
('uː', 'yː')	[ 0.00633288 -0.00240244  0.0035417 ]
('-', 'ʝ')	[ 0.00632496 -0.00267815  0.00512653]
('ai', 'œː')	[ 0.00632496 -0.00267815  0.00512653]
('ai', 'ɪɐ')	[ 0.00632496 -0.00267815  0.00512653]
('au', 'ʉː')	[ 0.00632496 -0.00267815  0.00512653]
('d', 'tː')	[ 0.00632496 -0.00267815  0.00512653]
('f', 'ɡ')	[ 0.00632496 -0.00267815  0.00512653]
('iː', 'ɔː')	[ 0.00632496 -0.00267815  0.00512653]
('k', 'kː')	[ 0.00632496 -0.00267815  0.00512653]
('oː', 'ʊo')	[ 0.00632496 -0.00267815  0.00512653]
('oːu', 'oː')	[ 0.00632496 -0.00267815  0.00512653]
('p', 'pː')	[ 0.00632496 -0.00267815  0.00512653]
('pp', 'pː')	[ 0.00632496 -0.00267815  0.00512653]
('s', 'x')	[ 0.00632496 -0.00267815  0.00512653]
('uː', 'əø')	[ 0.00632496 -0.00267815  0.00512653]
('uː', 'ʏː')	[ 0.00632496 -0.00267815  0.00512653]
('z', 'd')	[ 0.00632496 -0.00267815  0.00512653]
('z', 'tː')	[ 0.00632496 -0.00267815  0.00512653]
('-', 'œ')	[ 0.00632496 -0.00267815  0.00512653]
('eː', 'aʊ')	[0.00632272 0.07457578 0.02508734]
('oː', 'ʊɛ')	[ 0.00628726 -0.00170102  0.00423189]
('eː', 'ɑː')	[ 0.00627123 -0.00331581  0.00676916]
('u', 'aː')	[0.00625911 0.0568179  0.0205741 ]
('a', 'aˀ')	[ 0.00619507 -0.00136404  0.00892845]
('a', 'ɛɪˀ')	[ 0.00619507 -0.00136404  0.00892845]
('ai', 'iˀ')	[ 0.00619507 -0.00136404  0.00892845]
('ai', 'uˀ')	[ 0.00619507 -0.00136404  0.00892845]
('ai', 'ɔˀ')	[ 0.00619507 -0.00136404  0.00892845]
('au', 'ʏo')	[ 0.00619507 -0.00136404  0.00892845]
('d', 'lˀ')	[ 0.00619507 -0.00136404  0.00892845]
('d', 'ðˀ')	[ 0.00619507 -0.00136404  0.00892845]
('e', 'iˀ')	[ 0.00619507 -0.00136404  0.00892845]
('e', 'oɔ')	[ 0.00619507 -0.00136404  0.00892845]
('e', 'yˀ')	[ 0.00619507 -0.00136404  0.00892845]
('e', 'ɛɪˀ')	[ 0.00619507 -0.00136404  0.00892845]
('e', 'ʉˀ')	[ 0.00619507 -0.00136404  0.00892845]
('eu', 'yˀ')	[ 0.00619507 -0.00136404  0.00892845]
('eː', 'ɔˀ')	[ 0.00619507 -0.00136404  0.00892845]
('i', 'o')	[ 0.00619507 -0.00136404  0.00892845]
('iː', 'øɔˀ')	[ 0.00619507 -0.00136404  0.00892845]
('l', 'lˀ')	[ 0.00619507 -0.00136404  0.00892845]
('ll', 'lˀ')	[ 0.00619507 -0.00136404  0.00892845]
('m', '-')	[ 0.00619507 -0.00136404  0.00892845]
('m', 'mˀ')	[ 0.00619507 -0.00136404  0.00892845]
('n', 'mˀ')	[ 0.00619507 -0.00136404  0.00892845]
('n', 'ç')	[ 0.00619507 -0.00136404  0.00892845]
('n', 'ŋˀ')	[ 0.00619507 -0.00136404  0.00892845]
('oː', 'uˀ')	[ 0.00619507 -0.00136404  0.00892845]
('oː', 'yɔ')	[ 0.00619507 -0.00136404  0.00892845]
('oː', 'ɔʏ')	[ 0.00619507 -0.00136404  0.00892845]
('oːu', 'ʊˀ')	[ 0.00619507 -0.00136404  0.00892845]
('r', 'lˀ')	[ 0.00619507 -0.00136404  0.00892845]
('t', 'l')	[ 0.00619507 -0.00136404  0.00892845]
('t', 'lˀ')	[ 0.00619507 -0.00136404  0.00892845]
('u', 'iˀ')	[ 0.00619507 -0.00136404  0.00892845]
('u', 'oɔˀ')	[ 0.00619507 -0.00136404  0.00892845]
('u', 'ɔˀ')	[ 0.00619507 -0.00136404  0.00892845]
('w', 'ʔ')	[ 0.00619507 -0.00136404  0.00892845]
('z', 'lˀ')	[ 0.00619507 -0.00136404  0.00892845]
('z', 'sˀ')	[ 0.00619507 -0.00136404  0.00892845]
('θ', 'lˀ')	[ 0.00619507 -0.00136404  0.00892845]
('θ', 'ʧ')	[ 0.00619507 -0.00136404  0.00892845]
('-', 'nˀ')	[ 0.00619507 -0.00136404  0.00892845]
('x', 'ʃ')	[ 0.0061356  -0.00075873  0.00564761]
('ai', 'æɪ')	[ 0.00611923 -0.00347068  0.00478177]
('f', 'p')	[ 0.0060931  -0.00198289  0.00839529]
('eː', 'oː')	[0.00608963 0.00121879 0.00230912]
('e', 'iɛ')	[0.00607343 0.03736228 0.01669164]
('θ', 'χ')	[ 0.00600914 -0.00259543  0.00216509]
('oː', 'øə')	[ 0.00598173 -0.00201327  0.00390444]
('s', 'sː')	[ 0.00596614 -0.00414372  0.00890564]
('t', 'tː')	[ 0.00596614 -0.00414372  0.00890564]
('oːu', 'eː')	[0.00595738 0.00035362 0.00287088]
('a', 'ɒ̃ː')	[ 0.00595021 -0.00101429  0.00312615]
('a', 'ɔe')	[ 0.00595021 -0.00101429  0.00312615]
('ai', 'ae')	[ 0.00595021 -0.00101429  0.00312615]
('ai', 'ɔe')	[ 0.00595021 -0.00101429  0.00312615]
('e', 'ɔɪ')	[ 0.00595021 -0.00101429  0.00312615]
('e', 'ɛ̃ː')	[ 0.00595021 -0.00101429  0.00312615]
('eː', 'ɒː')	[ 0.00595021 -0.00101429  0.00312615]
('oː', 'eə̃')	[ 0.00595021 -0.00101429  0.00312615]
('oː', 'uɪ')	[ 0.00595021 -0.00101429  0.00312615]
('uː', 'au')	[ 0.00595021 -0.00101429  0.00312615]
('uː', 'œu')	[ 0.00595021 -0.00101429  0.00312615]
('uː', 'ʌu')	[ 0.00595021 -0.00101429  0.00312615]
('s', 'z')	[ 0.00593529 -0.01285067 -0.00596863]
('au', 'oʊ')	[ 0.00592298 -0.0028981  -0.00392852]
('e', 'æɪ')	[ 0.00592298 -0.0028981  -0.00392852]
('eː', 'a')	[ 0.00592298 -0.0028981  -0.00392852]
('iː', 'o')	[ 0.00592298 -0.0028981  -0.00392852]
('iː', 'æɪ')	[ 0.00592298 -0.0028981  -0.00392852]
('oːu', 'eɪ')	[ 0.00592298 -0.0028981  -0.00392852]
('uː', 'aø')	[ 0.00592298 -0.0028981  -0.00392852]
('uː', 'æø')	[ 0.00592298 -0.0028981  -0.00392852]
('a', 'ɑ')	[ 0.00592241 -0.01303191  0.00525834]
('t', 'tʰ')	[ 0.00588353 -0.00318561 -0.0007864 ]
('w', 'χ')	[ 0.00585596 -0.00245485 -0.00590735]
('oː', 'ɪ')	[ 0.00585164 -0.00261406  0.00412425]
('ai', 'aː')	[ 0.00584294 -0.00176827  0.00279092]
('au', 'ai')	[ 0.00584294 -0.00176827  0.00279092]
('b', 'pʰ')	[ 0.00584294 -0.00176827  0.00279092]
('iː', 'eː')	[ 0.00584294 -0.00176827  0.00279092]
('oː', 'eː')	[ 0.00584294 -0.00176827  0.00279092]
('z', 'kʰ')	[ 0.00584294 -0.00176827  0.00279092]
('iː', 'iː')	[ 0.00580935  0.00238535 -0.01535934]
('a', 'iɛ')	[0.00580542 0.07254508 0.02379573]
('i', 'e')	[ 0.00579138 -0.00222546  0.003048  ]
('ai', 'ai')	[ 0.00578269 -0.00217962  0.00725765]
('a', 'aɔ')	[ 0.00571155 -0.00196419  0.00450847]
('a', 'ø')	[ 0.00571155 -0.00196419  0.00450847]
('a', 'ɔɪ')	[ 0.00571155 -0.00196419  0.00450847]
('au', 'ɑɵ')	[ 0.00571155 -0.00196419  0.00450847]
('eu', 'ui')	[ 0.00571155 -0.00196419  0.00450847]
('eː', 'õː')	[ 0.00571155 -0.00196419  0.00450847]
('iː', 'øɔ')	[ 0.00571155 -0.00196419  0.00450847]
('oː', 'eə')	[ 0.00571155 -0.00196419  0.00450847]
('oː', 'uɔ')	[ 0.00571155 -0.00196419  0.00450847]
('oː', 'ɑʊɔ')	[ 0.00571155 -0.00196419  0.00450847]
('u', 'eə')	[ 0.00571155 -0.00196419  0.00450847]
('u', 'ʊɔ')	[ 0.00571155 -0.00196419  0.00450847]
('uː', 'ɐu')	[ 0.00571155 -0.00196419  0.00450847]
('u', 'yː')	[ 0.00569566 -0.00164807  0.00559008]
('au', 'ʊə')	[ 0.00565841 -0.00185822  0.0005671 ]
('i', 'ø')	[ 0.00565841 -0.00185822  0.0005671 ]
('oːu', 'iə')	[ 0.00565841 -0.00185822  0.0005671 ]
('s', 'χ')	[ 0.00565841 -0.00185822  0.0005671 ]
('t', 'ç')	[ 0.00565841 -0.00185822  0.0005671 ]
('w', 'ɣ')	[ 0.00565841 -0.00185822  0.0005671 ]
('θ', 'k')	[ 0.00565841 -0.00185822  0.0005671 ]
('b', 'ɸ')	[ 0.00563782 -0.00176488 -0.00309217]
('d', 's')	[ 0.00563782 -0.00176488 -0.00309217]
('θ', 't͡s')	[ 0.00563241 -0.00170283  0.00773095]
('au', 'øː')	[ 0.00562858 -0.00134406  0.00134781]
('a', 'ɑʊ')	[ 0.00561029 -0.00202287  0.00187854]
('au', 'ɔo')	[ 0.00561029 -0.00202287  0.00187854]
('e', 'œɪ')	[ 0.00561029 -0.00202287  0.00187854]
('k', 'k͡χ')	[ 0.00561029 -0.00202287  0.00187854]
('oː', 'ʊɛʊ')	[ 0.00561029 -0.00202287  0.00187854]
('oːu', 'œɪ')	[ 0.00561029 -0.00202287  0.00187854]
('u', 'aə')	[ 0.00561029 -0.00202287  0.00187854]
('w', 'x')	[ 0.00561029 -0.00202287  0.00187854]
('e', 'ɛɐ')	[ 0.00560629 -0.00084317  0.00737181]
('ai', 'i')	[ 0.00552936 -0.00164017  0.00719311]
('p', 'b')	[0.00550975 0.0034887  0.00383512]
('iː', 'yə')	[ 0.00536524  0.00280953 -0.00101228]
('eu', 'iː')	[ 0.00535224  0.00164206 -0.00305223]
('r', 'k')	[ 0.00533969 -0.0011638   0.00569707]
('u', 'eː')	[ 0.00532399 -0.00085743  0.00685347]
('u', 'ɔʰ')	[ 0.00529221 -0.00279012  0.00822904]
('au', 'oə')	[ 0.00528876 -0.00251824  0.00119785]
('au', 'ɔ')	[ 0.00528876 -0.00251824  0.00119785]
('eu', 'i')	[ 0.00528876 -0.00251824  0.00119785]
('eː', 'ɑ')	[ 0.00528876 -0.00251824  0.00119785]
('iː', 'aː')	[ 0.00528876 -0.00251824  0.00119785]
('j', 'f')	[ 0.00528876 -0.00251824  0.00119785]
('k', 'j')	[ 0.00528876 -0.00251824  0.00119785]
('n', 's')	[ 0.00528876 -0.00251824  0.00119785]
('oː', 'y')	[ 0.00528876 -0.00251824  0.00119785]
('oːu', 'eə')	[ 0.00528876 -0.00251824  0.00119785]
('s', 'ʣ')	[ 0.00528876 -0.00251824  0.00119785]
('uː', 'ɔɐ')	[ 0.00528876 -0.00251824  0.00119785]
('uː', 'ɔə')	[ 0.00528876 -0.00251824  0.00119785]
('θ', 's')	[ 0.00528876 -0.00251824  0.00119785]
('u', 'ɔɐ')	[0.00526351 0.00091584 0.00522862]
('a', 'øː')	[ 0.00525375 -0.00103698  0.00498519]
('uː', 'ʏy')	[ 0.00523945 -0.00361394  0.00617144]
('o', 'ə')	[ 0.0051775   0.00279191 -0.01962223]
('x', 'kʰ')	[ 0.00513021 -0.00259294  0.00936499]
('a', 'ɒɪ')	[ 0.00507293 -0.00131063  0.00027493]
('a', 'ɪiə')	[ 0.00507293 -0.00131063  0.00027493]
('au', 'iə')	[ 0.00507293 -0.00131063  0.00027493]
('au', 'ɪiə')	[ 0.00507293 -0.00131063  0.00027493]
('d', 'ŋ')	[ 0.00507293 -0.00131063  0.00027493]
('e', 'iœ')	[ 0.00507293 -0.00131063  0.00027493]
('e', 'iʌ')	[ 0.00507293 -0.00131063  0.00027493]
('eː', 'ua')	[ 0.00507293 -0.00131063  0.00027493]
('eː', 'œ')	[ 0.00507293 -0.00131063  0.00027493]
('k', 'q')	[ 0.00507293 -0.00131063  0.00027493]
('n', 'ɫ')	[ 0.00507293 -0.00131063  0.00027493]
('oːu', 'aː')	[ 0.00507293 -0.00131063  0.00027493]
('u', 'õə̃')	[ 0.00507293 -0.00131063  0.00027493]
('u', 'ua')	[ 0.00507293 -0.00131063  0.00027493]
('u', 'ũ')	[ 0.00507293 -0.00131063  0.00027493]
('u', 'y')	[ 0.00507293 -0.00131063  0.00027493]
('uː', 'oː')	[ 0.00507293 -0.00131063  0.00027493]
('w', 'b')	[ 0.00507293 -0.00131063  0.00027493]
('w', 'ʁ')	[ 0.00507293 -0.00131063  0.00027493]
('-', 'iə')	[ 0.00507293 -0.00131063  0.00027493]
('ɡ', 'ʃ')	[ 0.00505786 -0.00016753  0.0057964 ]
('iː', 'ɛ')	[ 0.00505637  0.00070775 -0.00306638]
('u', 'ʏ')	[ 0.0050462   0.00313612 -0.01621331]
('iː', 'oː')	[ 0.00503625 -0.00088023 -0.0004167 ]
('ɡ', 'ʝ')	[ 0.00503625 -0.00088023 -0.0004167 ]
('a', 'ə̃')	[0.00501544 0.07215026 0.01543561]
('eː', 'o')	[ 0.00499113 -0.00091113  0.00797721]
('ll', 'l')	[0.00492885 0.00803588 0.00556236]
('e', 'ɐi')	[ 0.0049084  -0.00546062  0.00120821]
('e', 'ɐuɐ')	[ 0.0049084  -0.00546062  0.00120821]
('eː', 'iː')	[ 0.0049084  -0.00546062  0.00120821]
('i', 'æ')	[ 0.0049084  -0.00546062  0.00120821]
('oːu', 'ɒː')	[ 0.0049084  -0.00546062  0.00120821]
('u', 'æ')	[ 0.0049084  -0.00546062  0.00120821]
('u', 'ɐu')	[ 0.0049084  -0.00546062  0.00120821]
('u', 'ɐuɐ')	[ 0.0049084  -0.00546062  0.00120821]
('-', 'w')	[ 0.0049084  -0.00546062  0.00120821]
('a', 'æi')	[ 0.00490315 -0.00034871  0.00519719]
('d', 'ɾ')	[ 0.00487257  0.00050962 -0.00060648]
('u', 'uə')	[ 0.00487257  0.00050962 -0.00060648]
('oː', 'ʏɛ')	[ 0.00486952 -0.00140008  0.00378475]
('eː', 'oɐ')	[ 0.00486424  0.003361   -0.00131771]
('ai', 'ɛʊ')	[4.84697922e-03 4.95984494e-04 7.66107891e-05]
('n', 'd')	[ 0.00481049  0.0021962  -0.00068536]
('oː', 'oɐ')	[ 0.00476464 -0.00132477  0.00114496]
('pp', 'p͡f')	[ 0.00476245 -0.00092979  0.00341151]
('a', 'æɪ')	[ 0.00474571 -0.00284825  0.00574762]
('d', 'ç')	[0.00473414 0.07332922 0.01799595]
('u', 'aɪ')	[0.00473414 0.07332922 0.01799595]
('-', 'ʏ')	[0.00472565 0.00041553 0.00602353]
('ai', 'ɔʊ')	[0.00472565 0.00041553 0.00602353]
('au', 'ɛʏ')	[0.00472565 0.00041553 0.00602353]
('d', 'θ')	[0.00472565 0.00041553 0.00602353]
('e', 'ɪu')	[0.00472565 0.00041553 0.00602353]
('e', 'ɪɛ')	[0.00472565 0.00041553 0.00602353]
('eː', 'ɑʊ')	[0.00472565 0.00041553 0.00602353]
('k', 'h')	[0.00472565 0.00041553 0.00602353]
('l', 'ɬ̥')	[0.00472565 0.00041553 0.00602353]
('l', 'ɮ')	[0.00472565 0.00041553 0.00602353]
('ll', 'ɬ̥')	[0.00472565 0.00041553 0.00602353]
('m', 'm̥')	[0.00472565 0.00041553 0.00602353]
('o', 'e')	[0.00472565 0.00041553 0.00602353]
('oː', 'ɛɪ')	[0.00472565 0.00041553 0.00602353]
('oːu', 'œː')	[0.00472565 0.00041553 0.00602353]
('x', 'hʲ')	[0.00472565 0.00041553 0.00602353]
('z', 'ɬ')	[0.00472565 0.00041553 0.00602353]
('ɡ', 'ɟ')	[0.00472565 0.00041553 0.00602353]
('-', 'n̥')	[0.00472565 0.00041553 0.00602353]
('ai', 'ɛiə')	[ 0.00471882 -0.00246628  0.0009513 ]
('eu', 'ai')	[ 0.00471882 -0.00246628  0.0009513 ]
('oː', 'ɔɪɛ')	[ 0.00471882 -0.00246628  0.0009513 ]
('t', 'ʧ')	[ 0.00471882 -0.00246628  0.0009513 ]
('u', 'ɔɪ')	[ 0.00471882 -0.00246628  0.0009513 ]
('uː', 'ɔɪ')	[ 0.00471882 -0.00246628  0.0009513 ]
('e', 'i')	[ 0.00471374 -0.01212586  0.00665066]
('iː', 'œː')	[ 0.00469991 -0.00209766  0.00619517]
('ai', 'aʊ')	[0.00467582 0.00447094 0.00223186]
('a', 'œʊ')	[ 0.00457475 -0.00346253  0.00679599]
('a', 'ɒɔ')	[ 0.00457475 -0.00346253  0.00679599]
('a', 'ɛʊ')	[ 0.00457475 -0.00346253  0.00679599]
('a', 'ɪi')	[ 0.00457475 -0.00346253  0.00679599]
('ai', 'œ')	[ 0.00457475 -0.00346253  0.00679599]
('ai', 'ɪə')	[ 0.00457475 -0.00346253  0.00679599]
('au', 'øʊə')	[ 0.00457475 -0.00346253  0.00679599]
('au', 'œə')	[ 0.00457475 -0.00346253  0.00679599]
('e', 'œʏ')	[ 0.00457475 -0.00346253  0.00679599]
('e', 'ɛɪə')	[ 0.00457475 -0.00346253  0.00679599]
('e', 'ʊə')	[ 0.00457475 -0.00346253  0.00679599]
('eu', 'øʏ')	[ 0.00457475 -0.00346253  0.00679599]
('eː', 'aʉ')	[ 0.00457475 -0.00346253  0.00679599]
('eː', 'æʊ')	[ 0.00457475 -0.00346253  0.00679599]
('eː', 'ɐʉ')	[ 0.00457475 -0.00346253  0.00679599]
('iː', 'ɪi')	[ 0.00457475 -0.00346253  0.00679599]
('oː', 'øʉ')	[ 0.00457475 -0.00346253  0.00679599]
('oː', 'ʉu')	[ 0.00457475 -0.00346253  0.00679599]
('oː', 'ʏʉ')	[ 0.00457475 -0.00346253  0.00679599]
('oːu', 'ɛʊ')	[ 0.00457475 -0.00346253  0.00679599]
('s', 'h')	[ 0.00457475 -0.00346253  0.00679599]
('u', 'iɪə')	[ 0.00457475 -0.00346253  0.00679599]
('u', 'øʉ')	[ 0.00457475 -0.00346253  0.00679599]
('u', 'øʊ')	[ 0.00457475 -0.00346253  0.00679599]
('u', 'øʏ')	[ 0.00457475 -0.00346253  0.00679599]
('u', 'ʉə')	[ 0.00457475 -0.00346253  0.00679599]
('uː', 'e')	[ 0.00457475 -0.00346253  0.00679599]
('w', 'f')	[ 0.00454697 -0.00589827  0.00693995]
('a', 'a')	[0.00452007 0.0012706  0.00839084]
('oː', 'oɛ')	[ 0.00448589 -0.00073881  0.00342611]
('eː', 'aː')	[ 0.00441183  0.00352629 -0.0244608 ]
('a', 'ɔ')	[ 0.00439669 -0.00389737  0.00939975]
('au', 'ɔʊ')	[ 0.00435194 -0.00082186  0.00366445]
('eu', 'œʏ')	[ 0.00434142 -0.00071633  0.00480961]
('a', 'œ')	[ 0.00433565 -0.0019391   0.01043601]
('l', 'ɬ')	[ 0.00433565 -0.0019391   0.01043601]
('n', 'k')	[ 0.00433565 -0.0019391   0.01043601]
('n', 'n̥')	[ 0.00433565 -0.0019391   0.01043601]
('i', 'ɛː')	[ 0.00425621 -0.00154359  0.00062659]
('e', 'ʏ')	[ 0.00416299 -0.0012579   0.00467482]
('r', 'ɡ')	[ 0.00407502 -0.00218008  0.00411663]
('a', 'ãː')	[ 4.02883770e-03 -9.96985341e-05  2.93778871e-03]
('a', 'õɛ̃')	[ 4.02883770e-03 -9.96985341e-05  2.93778871e-03]
('ai', 'eːə')	[ 4.02883770e-03 -9.96985341e-05  2.93778871e-03]
('ai', 'oɐ')	[ 4.02883770e-03 -9.96985341e-05  2.93778871e-03]
('ai', 'oɐ̃')	[ 4.02883770e-03 -9.96985341e-05  2.93778871e-03]
('ai', 'õɐ̃')	[ 4.02883770e-03 -9.96985341e-05  2.93778871e-03]
('oː', 'ỹɛ')	[ 4.02883770e-03 -9.96985341e-05  2.93778871e-03]
('oː', 'ʏə')	[ 4.02883770e-03 -9.96985341e-05  2.93778871e-03]
('oːu', 'oɐ')	[ 4.02883770e-03 -9.96985341e-05  2.93778871e-03]
('u', 'ẽə̃')	[ 4.02883770e-03 -9.96985341e-05  2.93778871e-03]
('a', 'uɛ')	[0.0040123  0.00156931 0.00514371]
('a', 'ɵ')	[0.0040123  0.00156931 0.00514371]
('a', 'ʊɛ')	[0.0040123  0.00156931 0.00514371]
('ai', 'ɛɪɐ')	[0.0040123  0.00156931 0.00514371]
('e', 'əɪɜ')	[0.0040123  0.00156931 0.00514371]
('e', 'ɨ')	[0.0040123  0.00156931 0.00514371]
('eu', 'ɑɪ')	[0.0040123  0.00156931 0.00514371]
('eː', 'ʊ')	[0.0040123  0.00156931 0.00514371]
('i', 'ɪə')	[0.0040123  0.00156931 0.00514371]
('iː', 'æi')	[0.0040123  0.00156931 0.00514371]
('oː', 'œʊ')	[0.0040123  0.00156931 0.00514371]
('oː', 'œʊɑ')	[0.0040123  0.00156931 0.00514371]
('u', 'ʊɛ')	[0.0040123  0.00156931 0.00514371]
('u', 'ʊɪ')	[0.0040123  0.00156931 0.00514371]
('uː', 'ɛʊ')	[0.0040123  0.00156931 0.00514371]
('k', 'ʧ')	[0.00396241 0.00142056 0.00537436]
('u', 'i')	[ 0.0039412   0.00443405 -0.02889955]
('-', 'k')	[ 0.00390694 -0.00105596  0.00972926]
('k', 'χ')	[ 0.00388976  0.00448911 -0.02911865]
('oː', 'uɛ')	[ 0.00380254 -0.00124556  0.00490459]
('oːu', 'ɛɪ')	[ 0.00368947  0.00327143 -0.00473954]
('n', 'ɱ')	[ 0.00365962 -0.00086437  0.00427707]
('au', 'o')	[ 0.00362953  0.00167456 -0.00206571]
('θ', 'ɾ')	[ 0.00360924  0.00643745 -0.00519088]
('a', 'ɔʰ')	[ 0.00353331 -0.0035851   0.00812018]
('k', 'kːʰ')	[ 0.00353331 -0.0035851   0.00812018]
('l', 'ɬː')	[ 0.00353331 -0.0035851   0.00812018]
('t', 'tːʰ')	[ 0.00353331 -0.0035851   0.00812018]
('a', 'aɑ')	[ 0.00347114 -0.00210974  0.00278455]
('au', 'øɪ')	[ 0.00347114 -0.00210974  0.00278455]
('d', 'χ')	[ 0.00347114 -0.00210974  0.00278455]
('i', 'ɪʰ')	[ 0.00347114 -0.00210974  0.00278455]
('l', 'lʰ')	[ 0.00347114 -0.00210974  0.00278455]
('l', 'lː')	[ 0.00347114 -0.00210974  0.00278455]
('m', 'v')	[ 0.00347114 -0.00210974  0.00278455]
('n', 'nː')	[ 0.00347114 -0.00210974  0.00278455]
('pp', 'pːʰ')	[ 0.00347114 -0.00210974  0.00278455]
('r', 'χː')	[ 0.00347114 -0.00210974  0.00278455]
('w', 'kʰ')	[ 0.00347114 -0.00210974  0.00278455]
('e', 'iɪ')	[ 0.0034452  -0.00274308  0.00898267]
('e', 'ʊ')	[ 0.0034452  -0.00274308  0.00898267]
('oː', 'e')	[ 0.0034452  -0.00274308  0.00898267]
('a', 'eiə')	[ 0.00342046 -0.0007336   0.00369536]
('a', 'oʊə')	[ 0.00342046 -0.0007336   0.00369536]
('a', 'æiə')	[ 0.00342046 -0.0007336   0.00369536]
('a', 'ɒɤ')	[ 0.00342046 -0.0007336   0.00369536]
('a', 'ɒʊe')	[ 0.00342046 -0.0007336   0.00369536]
('a', 'ɒʊə')	[ 0.00342046 -0.0007336   0.00369536]
('a', 'əɪ')	[ 0.00342046 -0.0007336   0.00369536]
('a', 'ʊe')	[ 0.00342046 -0.0007336   0.00369536]
('a', 'ʊə')	[ 0.00342046 -0.0007336   0.00369536]
('ai', 'eiə')	[ 0.00342046 -0.0007336   0.00369536]
('ai', 'iɛ')	[ 0.00342046 -0.0007336   0.00369536]
('au', 'eiə')	[ 0.00342046 -0.0007336   0.00369536]
('au', 'uə')	[ 0.00342046 -0.0007336   0.00369536]
('b', 'ʃ')	[ 0.00342046 -0.0007336   0.00369536]
('e', 'æɪɛ')	[ 0.00342046 -0.0007336   0.00369536]
('e', 'ɑə')	[ 0.00342046 -0.0007336   0.00369536]
('e', 'ɒʊe')	[ 0.00342046 -0.0007336   0.00369536]
('eu', 'ɑ')	[ 0.00342046 -0.0007336   0.00369536]
('eː', 'oʊɤ')	[ 0.00342046 -0.0007336   0.00369536]
('i', 'aː')	[ 0.00342046 -0.0007336   0.00369536]
('i', 'iə')	[ 0.00342046 -0.0007336   0.00369536]
('iː', 'ei')	[ 0.00342046 -0.0007336   0.00369536]
('j', 'w')	[ 0.00342046 -0.0007336   0.00369536]
('j', 'ɡ')	[ 0.00342046 -0.0007336   0.00369536]
('k', 'k͡x')	[ 0.00342046 -0.0007336   0.00369536]
('n', 'ɳ')	[ 0.00342046 -0.0007336   0.00369536]
('oː', 'eu')	[ 0.00342046 -0.0007336   0.00369536]
('oː', 'euə')	[ 0.00342046 -0.0007336   0.00369536]
('oː', 'iuə')	[ 0.00342046 -0.0007336   0.00369536]
('oːu', 'æ')	[ 0.00342046 -0.0007336   0.00369536]
('u', 'oɪ')	[ 0.00342046 -0.0007336   0.00369536]
('u', 'oʊə')	[ 0.00342046 -0.0007336   0.00369536]
('u', 'ɔʊə')	[ 0.00342046 -0.0007336   0.00369536]
('uː', 'eu')	[ 0.00342046 -0.0007336   0.00369536]
('w', 'p')	[ 0.00342046 -0.0007336   0.00369536]
('x', 's')	[ 0.00342046 -0.0007336   0.00369536]
('x', 'ɳ')	[ 0.00342046 -0.0007336   0.00369536]
('ɡ', 'ɣʷ')	[ 0.00342046 -0.0007336   0.00369536]
('ai', 'iː')	[ 0.00339248  0.00772073 -0.02925391]
('u', 'o')	[ 0.00335069 -0.0101826   0.00725777]
('n', 'b')	[ 0.00307268 -0.00077677  0.00404116]
('oː', 'ʊɔ')	[ 0.00307268 -0.00077677  0.00404116]
('oː', 'ʏ')	[ 0.0030535  -0.00087538 -0.00507508]
('-', 'ɫ')	[ 0.0030535  -0.00087538 -0.00507508]
('t', 'ɾ')	[ 0.00299115 -0.00086661 -0.05260221]
('oːu', 'aɪ')	[ 0.00295039 -0.0008591   0.00427368]
('oː', 'ɒ')	[ 0.0029451  -0.00288413  0.00785617]
('a', 'ɑo')	[ 0.00294436  0.00375659 -0.00586401]
('a', 'ɑ̃')	[ 0.00294436  0.00375659 -0.00586401]
('e', 'aɔ̈')	[ 0.00294436  0.00375659 -0.00586401]
('e', 'ø̈')	[ 0.00294436  0.00375659 -0.00586401]
('eː', 'ɑɔ')	[ 0.00294436  0.00375659 -0.00586401]
('j', 'β')	[ 0.00294436  0.00375659 -0.00586401]
('oːu', 'ɛː')	[ 0.00294436  0.00375659 -0.00586401]
('u', 'ə̃')	[ 0.00294436  0.00375659 -0.00586401]
('uː', 'ʉ')	[ 0.00294436  0.00375659 -0.00586401]
('w', 'h')	[ 0.00294436  0.00375659 -0.00586401]
('i', 'eː')	[0.00294414 0.00032528 0.00283631]
('θ', 't')	[ 0.00293543 -0.00299423 -0.00327769]
('oː', 'ɔɪ')	[0.00292293 0.00220696 0.00452271]
('z', 'l')	[ 0.00281018 -0.00395837  0.0046549 ]
('e', 'iɐ')	[ 2.80122566e-03 -7.68225975e-05  3.05993089e-03]
('e', 'ɔʏ')	[ 2.80122566e-03 -7.68225975e-05  3.05993089e-03]
('eu', 'ɔʏ')	[ 2.80122566e-03 -7.68225975e-05  3.05993089e-03]
('oːu', 'ae')	[ 2.80122566e-03 -7.68225975e-05  3.05993089e-03]
('u', 'ʊɐ')	[ 2.80122566e-03 -7.68225975e-05  3.05993089e-03]
('e', 'ɜʏ')	[ 0.00279631 -0.00104658  0.00228042]
('eu', 'ɜʏ')	[ 0.00279631 -0.00104658  0.00228042]
('i', 'ɐ')	[ 0.00279631 -0.00104658  0.00228042]
('k', 'tʰ')	[ 0.00279631 -0.00104658  0.00228042]
('n', 'h')	[ 0.00279631 -0.00104658  0.00228042]
('o', 'a')	[ 0.00279631 -0.00104658  0.00228042]
('oː', 'yɛ')	[ 0.00279631 -0.00104658  0.00228042]
('oːu', 'æɪ')	[ 0.00279631 -0.00104658  0.00228042]
('p', 'ɸ')	[ 0.00279631 -0.00104658  0.00228042]
('a', 'ɔə')	[ 0.00278545 -0.00125871  0.00347518]
('e', 'aɵ')	[ 0.00278545 -0.00125871  0.00347518]
('eu', 'aɪ')	[ 0.00278545 -0.00125871  0.00347518]
('oːu', 'ɔə')	[ 0.00278545 -0.00125871  0.00347518]
('uː', 'aɵ')	[ 0.00278545 -0.00125871  0.00347518]
('z', 'z')	[ 0.00271739  0.00544078 -0.04025581]
('-', 'ɒ')	[ 0.00259855 -0.00116706  0.0026531 ]
('-', 'ŋ')	[ 0.00259855 -0.00116706  0.0026531 ]
('e', 'ø')	[ 0.00259855 -0.00116706  0.0026531 ]
('eː', 'ɒ')	[ 0.00259855 -0.00116706  0.0026531 ]
('eː', 'ɔ̃')	[ 0.00259855 -0.00116706  0.0026531 ]
('iː', 'ʏɐ')	[ 0.00259855 -0.00116706  0.0026531 ]
('oː', 'œ̃')	[ 0.00259855 -0.00116706  0.0026531 ]
('t', 'ʃ')	[ 0.00259855 -0.00116706  0.0026531 ]
('θ', 'ɡ')	[ 0.00259855 -0.00116706  0.0026531 ]
('a', 'aʊə')	[ 0.00256743  0.00605678 -0.00208216]
('a', 'yə')	[ 0.00256743  0.00605678 -0.00208216]
('e', 'aɪɐ')	[ 0.00256743  0.00605678 -0.00208216]
('eu', 'ɛɪ')	[ 0.00256743  0.00605678 -0.00208216]
('oː', 'aʊə')	[ 0.00256743  0.00605678 -0.00208216]
('u', 'uɐ')	[ 0.00256743  0.00605678 -0.00208216]
('a', 'i')	[ 0.00253728 -0.01068381 -0.00615156]
('u', 'oː')	[0.0023568  0.0105393  0.00218312]
('eː', 'ɔ')	[ 0.00208936 -0.00069484  0.00518595]
('a', 'ɑɒ')	[ 0.00191718 -0.00016132  0.00385155]
('au', 'ao')	[ 0.00191718 -0.00016132  0.00385155]
('k', 'qʰ')	[ 0.00191718 -0.00016132  0.00385155]
('oː', 'ʊa')	[ 0.00191718 -0.00016132  0.00385155]
('a', 'ai')	[ 0.00185155 -0.00343187  0.00996603]
('a', 'ea')	[ 0.00185155 -0.00343187  0.00996603]
('a', 'ɔa')	[ 0.00185155 -0.00343187  0.00996603]
('a', 'ɛa')	[ 0.00185155 -0.00343187  0.00996603]
('a', 'ɛæ')	[ 0.00185155 -0.00343187  0.00996603]
('a', 'ʊa')	[ 0.00185155 -0.00343187  0.00996603]
('a', 'ʊi')	[ 0.00185155 -0.00343187  0.00996603]
('ai', 'ɑ')	[ 0.00185155 -0.00343187  0.00996603]
('ai', 'ɔa')	[ 0.00185155 -0.00343187  0.00996603]
('au', 'ɛi')	[ 0.00185155 -0.00343187  0.00996603]
('d', 'j')	[ 0.00185155 -0.00343187  0.00996603]
('d', 'tːʰ')	[ 0.00185155 -0.00343187  0.00996603]
('d', 'wː')	[ 0.00185155 -0.00343187  0.00996603]
('e', 'ʊi')	[ 0.00185155 -0.00343187  0.00996603]
('eː', 'ɔa')	[ 0.00185155 -0.00343187  0.00996603]
('f', 'w')	[ 0.00185155 -0.00343187  0.00996603]
('i', 'iː')	[ 0.00185155 -0.00343187  0.00996603]
('i', 'ʌ')	[ 0.00185155 -0.00343187  0.00996603]
('iː', 'ɔɪ')	[ 0.00185155 -0.00343187  0.00996603]
('iː', 'ʊi')	[ 0.00185155 -0.00343187  0.00996603]
('ll', 'l̥')	[ 0.00185155 -0.00343187  0.00996603]
('m', 'w')	[ 0.00185155 -0.00343187  0.00996603]
('oː', 'ɒu')	[ 0.00185155 -0.00343187  0.00996603]
('r', 'ɹː')	[ 0.00185155 -0.00343187  0.00996603]
('uː', 'øu')	[ 0.00185155 -0.00343187  0.00996603]
('uː', 'ʏu')	[ 0.00185155 -0.00343187  0.00996603]
('x', 'ʧ')	[ 0.00185155 -0.00343187  0.00996603]
('z', 'v')	[ 0.00185155 -0.00343187  0.00996603]
('ɡ', 'jː')	[ 0.00185155 -0.00343187  0.00996603]
('θ', 'w')	[ 0.00185155 -0.00343187  0.00996603]
('iː', 'øː')	[ 0.0017364   0.00620132 -0.03068457]
('uː', 'uː')	[0.00172983 0.02316634 0.00957289]
('oːu', 'ə')	[ 0.00121315  0.00783371 -0.03612466]
('f', 'β')	[ 0.00112485  0.00713616 -0.04136189]
('z', 'ç')	[0.00088474 0.02170762 0.00239426]
('t', 't͡s')	[ 0.00085534 -0.00395477  0.01196822]
('x', 't͡s')	[ 0.00041006 -0.00399936  0.0118974 ]
('b', 'p')	[-0.00022769  0.01442882  0.00731399]
('ɡ', 'ç')	[-0.00026762  0.02487755  0.00418594]
('-', 'ɐ')	[-0.00051475 -0.0008234   0.00275049]
('e', 'eː')	[-0.00066468 -0.00428523  0.00623131]
('n', 't')	[-0.00075558  0.00069923  0.00428919]
('w', 'β̞')	[-0.00265599  0.06972704 -0.04032039]
('u', 'ɒ')	[-0.00270811 -0.01088317 -0.01140661]
('a', 'iː')	[-0.00279759  0.0163049   0.00553547]
('ɡ', 'ɣ')	[-0.00323762  0.03816661  0.00833475]
('a', 'ʌ')	[-0.00377289 -0.00683857 -0.00382801]
('pp', 'pʰ')	[-0.00413492 -0.0082826   0.01547685]
('oː', 'ɵ')	[-0.0043918  -0.012265   -0.00744532]
('z', 'x')	[-0.00492759  0.04191261  0.01138762]
('u', 'øː')	[-0.00514218  0.00342672 -0.00017745]
('d', 'n')	[-5.68536425e-03 -7.06791837e-05  5.64661249e-03]
('-', 'ʔ')	[-0.00607069  0.0101543   0.01068878]
('ai', 'ɛi')	[-0.00619205  0.00160669 -0.0047059 ]
('oː', 'u')	[-0.0063184  -0.00909061  0.00753723]
('oː', 'o')	[-0.00652458  0.00100734 -0.00027918]
('z', 'tʰ')	[-0.006571   -0.0114946   0.00860194]
('w', 'v')	[-0.00685996  0.01218734 -0.00047852]
('u', 'u')	[-0.00740529 -0.01020381  0.01403339]
('ai', 'eɐ')	[-0.00746329 -0.00336143 -0.0070411 ]
('x', 'x')	[-0.00791314  0.01688615  0.01231424]
('x', 'χ')	[-0.00791476  0.01344735 -0.00603109]
('d', 'tʰ')	[-0.00809279  0.01134426  0.00934977]
('z', 'ʔ')	[-0.00836922  0.0111877   0.00990941]
('x', 'ç')	[-0.00849811  0.02443412  0.00323605]
('z', 'χ')	[-0.00972345  0.00169273 -0.01358805]
('s', 'ʔ')	[-0.01058053  0.01439343  0.01032792]
('r', 'r')	[-0.01068465  0.01419934 -0.00665386]
('oː', 'ɐ')	[-0.0108714  -0.01413696  0.00495136]
('ɡ', 'χ')	[-0.01143257  0.00337977 -0.02054483]
('iː', 'ɪ')	[-0.01154869  0.03059051 -0.00158762]
('n', 'ʔ')	[-0.0116113  -0.0007933   0.00625722]
('oː', 'ɤ')	[-0.011644   -0.01186172 -0.01257739]
('uː', 'u')	[-0.01191648  0.00044792 -0.00397911]
('r', 'ʀ')	[-1.20696635e-02  3.90100959e-03  1.87069580e-05]
('iː', 'i')	[-0.01243517 -0.00601372 -0.00130574]
('eː', 'ɐ')	[-0.01320147 -0.00440089  0.01205142]
('oː', 'ɔu')	[-0.01350752  0.00252437  0.00377383]
('a', 'ɛe')	[-0.01370803 -0.01094883 -0.01213436]
('-', 'ʌ')	[-0.01625849 -0.00915218  0.02006915]
('z', 'n')	[-0.01640434  0.00373418 -0.01374931]
('ai', 'ei')	[-0.01646959  0.00346129 -0.00405626]
('oːu', 'ɛi')	[-0.01654937 -0.00650552  0.01480843]
('a', 'oɐ')	[-0.01740036  0.00406223 -0.00888427]
('d', 'k')	[-0.01743211 -0.0049909   0.01299114]
('uː', 'y')	[-0.01826681  0.00212591 -0.02224786]
('a', 'øɐ')	[-0.01840203  0.00401723 -0.00344017]
('e', 'ɪa')	[-0.01863865  0.0055108  -0.00168046]
('e', 'e')	[-0.01924415 -0.00553255  0.00303454]
('z', 'ʃ')	[-0.01950696 -0.00411281  0.01540066]
('e', 'øː')	[-0.01975403 -0.00078097 -0.00568849]
('-', 'l')	[-0.02009454  0.00486948 -0.00344693]
('p', 'pʰ')	[-0.02074753 -0.01008399  0.00616029]
('θ', 'tʰ')	[-0.022488   -0.00564633  0.00834842]
('n', 'm')	[-0.02274606  0.00418325 -0.01457587]
('ɡ', 'x')	[-0.02473379 -0.00282508  0.0078952 ]
('ɡ', 'g')	[-2.51481098e-02  4.67093210e-02  2.85617939e-05]
('a', 'o')	[-0.02706889 -0.01320793  0.01974063]
('z', 't͡s')	[-0.02954228 -0.00485031  0.01732979]
('d', 't͡s')	[-0.03001164 -0.00483879  0.0188309 ]
('ai', 'æi')	[-0.03330751 -0.00825599  0.02184685]
('au', 'œ')	[-0.03387111 -0.00914348  0.02454678]
('oː', 'ʊu')	[-0.03507431 -0.01459492  0.01990158]
('k', 'x')	[-0.03606345 -0.00248293  0.00620586]
('e', 'aɛ')	[-0.03966945 -0.01465177  0.02102649]
('oː', 'oɔ')	[-0.04249303 -0.00656505  0.02132068]
=====================================

Cluster 2:
-------------------------------------
Muensterland
-------
('-', 'ṇ')	[0.00494102 0.11796331 0.03333535]
('a', 'au')	[0.00494102 0.11796331 0.03333535]
('a', 'a̱̱ˤː')	[0.00494102 0.11796331 0.03333535]
('a', 'ḛɪ')	[0.00494102 0.11796331 0.03333535]
('a', 'äː')	[0.00494102 0.11796331 0.03333535]
('a', 'œ̝ˑə')	[0.00494102 0.11796331 0.03333535]
('a', 'ə̞')	[0.00494102 0.11796331 0.03333535]
('ai', 'ɛɪ̃')	[0.00494102 0.11796331 0.03333535]
('ai', 'ɛ̈ɪ')	[0.00494102 0.11796331 0.03333535]
('ai', 'ʰən')	[0.00494102 0.11796331 0.03333535]
('b', 'm')	[0.00494102 0.11796331 0.03333535]
('b', 'ʋ')	[0.00494102 0.11796331 0.03333535]
('d', 'd̥')	[0.00494102 0.11796331 0.03333535]
('d', 'ṇ')	[0.00494102 0.11796331 0.03333535]
('d', 'ṯ')	[0.00494102 0.11796331 0.03333535]
('d', 'ṯʰ')	[0.00494102 0.11796331 0.03333535]
('e', 'eɪə')	[0.00494102 0.11796331 0.03333535]
('e', 'e̞ː')	[0.00494102 0.11796331 0.03333535]
('eu', 'ɪ')	[0.00494102 0.11796331 0.03333535]
('eː', 'ɔˑɐ')	[0.00494102 0.11796331 0.03333535]
('eː', 'ɞ')	[0.00494102 0.11796331 0.03333535]
('i', 'iɛ')	[0.00494102 0.11796331 0.03333535]
('iː', 'œ̝ˑə')	[0.00494102 0.11796331 0.03333535]
('j', 'g')	[0.00494102 0.11796331 0.03333535]
('l', 'ɫ̣')	[0.00494102 0.11796331 0.03333535]
('n', 'd̥')	[0.00494102 0.11796331 0.03333535]
('n', 'ṃ')	[0.00494102 0.11796331 0.03333535]
('n', 'ṇ')	[0.00494102 0.11796331 0.03333535]
('n', 'ʋ')	[0.00494102 0.11796331 0.03333535]
('oː', 'o̝ʊ')	[0.00494102 0.11796331 0.03333535]
('oː', 'o̞ʊ')	[0.00494102 0.11796331 0.03333535]
('oː', 'uːə')	[0.00494102 0.11796331 0.03333535]
('oː', 'œ̝ə̟')	[0.00494102 0.11796331 0.03333535]
('oː', 'ɔːɐ')	[0.00494102 0.11796331 0.03333535]
('oːu', 'eːə')	[0.00494102 0.11796331 0.03333535]
('r', 'r̞')	[0.00494102 0.11796331 0.03333535]
('t', 'ṯ')	[0.00494102 0.11796331 0.03333535]
('t', 'ṯʰ')	[0.00494102 0.11796331 0.03333535]
('u', 'uˑɔ')	[0.00494102 0.11796331 0.03333535]
('u', 'uˑə')	[0.00494102 0.11796331 0.03333535]
('u', 'yˑə')	[0.00494102 0.11796331 0.03333535]
('u', 'œ̝')	[0.00494102 0.11796331 0.03333535]
('u', 'œ̝ː')	[0.00494102 0.11796331 0.03333535]
('u', 'ɔːə')	[0.00494102 0.11796331 0.03333535]
('u', 'ʏœ')	[0.00494102 0.11796331 0.03333535]
('w', 'g')	[0.00494102 0.11796331 0.03333535]
('w', 'ʋ')	[0.00494102 0.11796331 0.03333535]
('x', 'r')	[0.00494102 0.11796331 0.03333535]
('x', 'ṯ')	[0.00494102 0.11796331 0.03333535]
('z', 'ḷ')	[0.00494102 0.11796331 0.03333535]
('z', 'ṯ')	[0.00494102 0.11796331 0.03333535]
('ɡ', 'g̥')	[0.00494102 0.11796331 0.03333535]
('θ', 'ḏ')	[0.00494102 0.11796331 0.03333535]
('θ', 'ṯʰ')	[0.00494102 0.11796331 0.03333535]
('-', 'ɞ')	[0.00494102 0.11796331 0.03333535]
('-', 'ʔɛɪk')	[0.00494102 0.11796331 0.03333535]
('-', 'h')	[0.00494102 0.11796331 0.03333535]
('oː', 'oˑ')	[-0.01948272  0.082345    0.01574926]
=====================================

Cluster 3:
-------------------------------------
Vesterkolonien
-------
('eː', 'oˑə')	[-0.01420912  0.02499249 -0.11205223]
('a', 'a̠ː')	[-0.01420912  0.02499249 -0.11205223]
('a', 'a̠ˑɤ')	[-0.01420912  0.02499249 -0.11205223]
('a', 'iˑə')	[-0.01420912  0.02499249 -0.11205223]
('a', 'o̞ː')	[-0.01420912  0.02499249 -0.11205223]
('a', 'o̞ˑ')	[-0.01420912  0.02499249 -0.11205223]
('a', 'æ̃ː')	[-0.01420912  0.02499249 -0.11205223]
('a', 'ɒˑɪ')	[-0.01420912  0.02499249 -0.11205223]
('a', 'ɛ̝')	[-0.01420912  0.02499249 -0.11205223]
('ai', 'ɑʊ')	[-0.01420912  0.02499249 -0.11205223]
('ai', 'ɒɪ')	[-0.01420912  0.02499249 -0.11205223]
('ai', 'ɒˑɪ')	[-0.01420912  0.02499249 -0.11205223]
('ai', 'ɔ̞ˑɪ')	[-0.01420912  0.02499249 -0.11205223]
('ai', 'ɔ̞ˑɪ̃')	[-0.01420912  0.02499249 -0.11205223]
('ai', 'ɛ̝')	[-0.01420912  0.02499249 -0.11205223]
('ai', 'ɛ̝ː')	[-0.01420912  0.02499249 -0.11205223]
('au', 'oˑ')	[-0.01420912  0.02499249 -0.11205223]
('au', 'øʏ')	[-0.01420912  0.02499249 -0.11205223]
('b', 'ɹ')	[-0.01420912  0.02499249 -0.11205223]
('d', 'd̪')	[-0.01420912  0.02499249 -0.11205223]
('d', 'ɡ')	[-0.01420912  0.02499249 -0.11205223]
('e', 'ø̞')	[-0.01420912  0.02499249 -0.11205223]
('e', 'ɛˑɤ')	[-0.01420912  0.02499249 -0.11205223]
('e', 'ɛ̝ɪ')	[-0.01420912  0.02499249 -0.11205223]
('e', 'ɛ̝ː')	[-0.01420912  0.02499249 -0.11205223]
('e', 'ɛ̝ˑɪ')	[-0.01420912  0.02499249 -0.11205223]
('e', 'ɛ̝ˑɪə')	[-0.01420912  0.02499249 -0.11205223]
('e', 'ɪˑ')	[-0.01420912  0.02499249 -0.11205223]
('eu', 'ɛ̝ˑɪ')	[-0.01420912  0.02499249 -0.11205223]
('i', 'ɛ̝ɪ')	[-0.01420912  0.02499249 -0.11205223]
('iː', 'ɒˑɪ')	[-0.01420912  0.02499249 -0.11205223]
('n', 'n̪')	[-0.01420912  0.02499249 -0.11205223]
('n', 'ɹˠ')	[-0.01420912  0.02499249 -0.11205223]
('oː', 'a̠ˑ')	[-0.01420912  0.02499249 -0.11205223]
('oː', 'o̝')	[-0.01420912  0.02499249 -0.11205223]
('oː', 'œˑʏ̃')	[-0.01420912  0.02499249 -0.11205223]
('oː', 'ɑʊ')	[-0.01420912  0.02499249 -0.11205223]
('oːu', 'ɛ̝ˑɪə')	[-0.01420912  0.02499249 -0.11205223]
('r', 'ɹˠ')	[-0.01420912  0.02499249 -0.11205223]
('r', 'ʁ̞')	[-0.01420912  0.02499249 -0.11205223]
('s', 's̺')	[-0.01420912  0.02499249 -0.11205223]
('s', 'z̺')	[-0.01420912  0.02499249 -0.11205223]
('t', 't̪')	[-0.01420912  0.02499249 -0.11205223]
('u', 'o̞ˑ')	[-0.01420912  0.02499249 -0.11205223]
('u', 'œ̈ː')	[-0.01420912  0.02499249 -0.11205223]
('u', 'ɔ̃ˑ')	[-0.01420912  0.02499249 -0.11205223]
('u', 'ɔ̞')	[-0.01420912  0.02499249 -0.11205223]
('u', 'ʊ̞')	[-0.01420912  0.02499249 -0.11205223]
('uː', 'o̝ː')	[-0.01420912  0.02499249 -0.11205223]
('z', 's̺')	[-0.01420912  0.02499249 -0.11205223]
('z', 't̪')	[-0.01420912  0.02499249 -0.11205223]
('θ', 'ɹ')	[-0.01420912  0.02499249 -0.11205223]
('-', 'ɹˠ')	[-0.01420912  0.02499249 -0.11205223]
('u', 'øˑ')	[-0.04088452  0.01954862 -0.09149162]
=====================================

Cluster 4:
-------------------------------------
Cloppenburg
Husum
-------
('u', 'ʊː')	[-0.00371312  0.00636737 -0.07287663]
('au', 'ɒʊ')	[-0.00382793  0.012208   -0.0670543 ]
('e', 'æː')	[-0.00494838  0.01095977 -0.06568676]
('ɡ', 'ʁ')	[-0.00576684  0.01344801 -0.06690918]
('e', 'iˑə')	[-0.00603699  0.09381705 -0.05130517]
('oː', 'oˑə')	[-0.00603699  0.09381705 -0.05130517]
('ɡ', 'h')	[-0.00622914  0.01736151 -0.06996971]
('f', 'b')	[-0.00643201  0.01892746 -0.06680304]
('w', 'ɡ')	[-0.00643201  0.01892746 -0.06680304]
('e', 'ʌ')	[-0.02532262  0.00177425 -0.01547633]
('au', 'ɑo')	[-0.02610622  0.00187338 -0.01358783]
('ai', 'øː')	[-0.02652602  0.00121399 -0.01372791]
('b', 'n')	[-0.02713377  0.00045352 -0.01173299]
('n', 'tʰ')	[-0.02854359  0.00239039 -0.01421732]
('ɡ', 'kʰ')	[-0.02854359  0.00239039 -0.01421732]
('a', 'oˑ')	[-0.03200382  0.02170137 -0.07885066]
('a', 'e̝i')	[-0.03449308  0.00826136 -0.00909118]
('a', 'e̞ː')	[-0.03449308  0.00826136 -0.00909118]
('a', 'ɒ̝ː')	[-0.03449308  0.00826136 -0.00909118]
('a', 'ɔu')	[-0.03449308  0.00826136 -0.00909118]
('a', 'ɔ̝')	[-0.03449308  0.00826136 -0.00909118]
('a', 'ɨ')	[-0.03449308  0.00826136 -0.00909118]
('a', 'ʏ')	[-0.03449308  0.00826136 -0.00909118]
('ai', 'äi')	[-0.03449308  0.00826136 -0.00909118]
('ai', 'e̝i')	[-0.03449308  0.00826136 -0.00909118]
('ai', 'e̝ɐ')	[-0.03449308  0.00826136 -0.00909118]
('ai', 'øy')	[-0.03449308  0.00826136 -0.00909118]
('au', 'äɔ')	[-0.03449308  0.00826136 -0.00909118]
('au', 'o̞u')	[-0.03449308  0.00826136 -0.00909118]
('au', 'ɑɔ')	[-0.03449308  0.00826136 -0.00909118]
('b', 'p̚')	[-0.03449308  0.00826136 -0.00909118]
('e', 'ee̝')	[-0.03449308  0.00826136 -0.00909118]
('e', 'e̝ɐ')	[-0.03449308  0.00826136 -0.00909118]
('e', 'øy')	[-0.03449308  0.00826136 -0.00909118]
('e', 'ɪɐ')	[-0.03449308  0.00826136 -0.00909118]
('e', 'ʏ̈')	[-0.03449308  0.00826136 -0.00909118]
('eu', 'i̝ː')	[-0.03449308  0.00826136 -0.00909118]
('eː', 'oʌ')	[-0.03449308  0.00826136 -0.00909118]
('eː', 'ɒˑ')	[-0.03449308  0.00826136 -0.00909118]
('eː', 'ə̠')	[-0.03449308  0.00826136 -0.00909118]
('oː', 'ou')	[-0.03449308  0.00826136 -0.00909118]
('oː', 'oə̠')	[-0.03449308  0.00826136 -0.00909118]
('oː', 'øi')	[-0.03449308  0.00826136 -0.00909118]
('oː', 'ɔo')	[-0.03449308  0.00826136 -0.00909118]
('oːu', 'ɪ̈i')	[-0.03449308  0.00826136 -0.00909118]
('u', 'äˑi')	[-0.03449308  0.00826136 -0.00909118]
('u', 'oɐ̠')	[-0.03449308  0.00826136 -0.00909118]
('u', 'o̞')	[-0.03449308  0.00826136 -0.00909118]
('u', 'o̞ʌ')	[-0.03449308  0.00826136 -0.00909118]
('u', 'ɒˑ')	[-0.03449308  0.00826136 -0.00909118]
('u', 'ɔʌ')	[-0.03449308  0.00826136 -0.00909118]
('u', 'ɔ̝ɑ')	[-0.03449308  0.00826136 -0.00909118]
('u', 'ɔ̝ɑ̝')	[-0.03449308  0.00826136 -0.00909118]
('u', 'ʊ̝')	[-0.03449308  0.00826136 -0.00909118]
('e', 'ei̝')	[-0.03449308  0.00826136 -0.00909118]
('iː', 'øɐ')	[-0.0359947   0.00536181 -0.01905518]
('a', 'äː')	[-0.03724273  0.00823048 -0.01987715]
('oː', 'æ')	[-0.04226523 -0.01075568  0.02011881]
('-', 'm')	[-0.04247354  0.00863602 -0.02904676]
('u', 'ɔu')	[-0.04344532 -0.0169428   0.01810636]
('e', 'ɛa')	[-0.04826619 -0.00967385  0.02775617]
('-', 'ɪ̈')	[-0.04870589  0.00455601 -0.02638519]
('-', 'ɘ')	[-0.04870589  0.00455601 -0.02638519]
('a', 'äˑ')	[-0.04870589  0.00455601 -0.02638519]
('a', 'ou')	[-0.04870589  0.00455601 -0.02638519]
('a', 'oɔ')	[-0.04870589  0.00455601 -0.02638519]
('a', 'o̞')	[-0.04870589  0.00455601 -0.02638519]
('a', 'øɤ')	[-0.04870589  0.00455601 -0.02638519]
('a', 'ɔˑ')	[-0.04870589  0.00455601 -0.02638519]
('a', 'ɔ̝ː')	[-0.04870589  0.00455601 -0.02638519]
('a', 'ɘ')	[-0.04870589  0.00455601 -0.02638519]
('ai', 'e̞i')	[-0.04870589  0.00455601 -0.02638519]
('au', 'ou')	[-0.04870589  0.00455601 -0.02638519]
('au', 'o̝ː')	[-0.04870589  0.00455601 -0.02638519]
('e', 'äiɔ')	[-0.04870589  0.00455601 -0.02638519]
('e', 'ee̽')	[-0.04870589  0.00455601 -0.02638519]
('e', 'e̝')	[-0.04870589  0.00455601 -0.02638519]
('e', 'e̝i')	[-0.04870589  0.00455601 -0.02638519]
('e', 'e̞i')	[-0.04870589  0.00455601 -0.02638519]
('e', 'e̞ˑə')	[-0.04870589  0.00455601 -0.02638519]
('e', 'æˑ')	[-0.04870589  0.00455601 -0.02638519]
('e', 'ɛ̠e̝')	[-0.04870589  0.00455601 -0.02638519]
('e', 'ɛ̠i')	[-0.04870589  0.00455601 -0.02638519]
('eu', 'æˑi')	[-0.04870589  0.00455601 -0.02638519]
('eː', 'ou')	[-0.04870589  0.00455601 -0.02638519]
('eː', 'oɔ')	[-0.04870589  0.00455601 -0.02638519]
('eː', 'o̞ː')	[-0.04870589  0.00455601 -0.02638519]
('eː', 'ɤ')	[-0.04870589  0.00455601 -0.02638519]
('eː', 'ɤ̞')	[-0.04870589  0.00455601 -0.02638519]
('eː', 'ɤ̟')	[-0.04870589  0.00455601 -0.02638519]
('i', 'e̝')	[-0.04870589  0.00455601 -0.02638519]
('k', 'k̚')	[-0.04870589  0.00455601 -0.02638519]
('oː', 'äo̝')	[-0.04870589  0.00455601 -0.02638519]
('oː', 'äu̞')	[-0.04870589  0.00455601 -0.02638519]
('oː', 'ä̠o')	[-0.04870589  0.00455601 -0.02638519]
('oː', 'e̽')	[-0.04870589  0.00455601 -0.02638519]
('oː', 'o̝ːʌ')	[-0.04870589  0.00455601 -0.02638519]
('oː', 'ø̞i')	[-0.04870589  0.00455601 -0.02638519]
('oː', 'ɑo̝')	[-0.04870589  0.00455601 -0.02638519]
('oː', 'ɑu')	[-0.04870589  0.00455601 -0.02638519]
('oːu', 'ʊɛ̠e')	[-0.04870589  0.00455601 -0.02638519]
('s', 's̠')	[-0.04870589  0.00455601 -0.02638519]
('t', 'n')	[-0.04870589  0.00455601 -0.02638519]
('t', 't̠')	[-0.04870589  0.00455601 -0.02638519]
('u', 'äˑɪ')	[-0.04870589  0.00455601 -0.02638519]
('u', 'oʌ')	[-0.04870589  0.00455601 -0.02638519]
('u', 'øɤ')	[-0.04870589  0.00455601 -0.02638519]
('u', 'œə')	[-0.04870589  0.00455601 -0.02638519]
('u', 'ɤ̟œ')	[-0.04870589  0.00455601 -0.02638519]
('u', 'ʌ̝')	[-0.04870589  0.00455601 -0.02638519]
('uː', 'uˑ')	[-0.04870589  0.00455601 -0.02638519]
('w', 'v̥')	[-0.04870589  0.00455601 -0.02638519]
('z', 's̻')	[-0.04870589  0.00455601 -0.02638519]
('ɡ', 'gˡ')	[-0.04870589  0.00455601 -0.02638519]
('θ', 'j')	[-0.04870589  0.00455601 -0.02638519]
('a', 'ä')	[-0.04929373  0.0193029  -0.07501257]
('ai', 'äe')	[-0.05428564  0.00844794 -0.02298589]
('b', 'v̞')	[-0.05428564  0.00844794 -0.02298589]
('e', 'äː')	[-0.05428564  0.00844794 -0.02298589]
('eː', 'ʌ')	[-0.05428564  0.00844794 -0.02298589]
('u', 'o̞ˑʌ')	[-0.05428564  0.00844794 -0.02298589]
('u', 'ɔ̝ː')	[-0.05428564  0.00844794 -0.02298589]
('θ', 'dˡ')	[-0.05428564  0.00844794 -0.02298589]
('ai', 'a')	[-0.05671267 -0.00387861  0.00478444]
('u', 'ou')	[-0.05833377 -0.01098968  0.00100075]
('a', 'a̠')	[-0.05960777  0.01120317 -0.04373789]
('e', 'ɛˑ')	[-0.06077055  0.00963898 -0.05538232]
('eː', 'oˑ')	[-0.06077055  0.00963898 -0.05538232]
('e', 'ei')	[-0.06201002  0.00067609  0.00051524]
('u', 'oˑ')	[-0.07193498  0.00978142 -0.05630757]
('r', 'ɹ̝')	[-0.07424481  0.01166921 -0.05022378]
('a', 'ɑ̟')	[-0.07440641 -0.0017235   0.01493867]
('au', 'ɔu')	[-0.07440641 -0.0017235   0.01493867]
('s', 's̠ʲ')	[-0.07440641 -0.0017235   0.01493867]
('z', 's̠ʲ')	[-0.07440641 -0.0017235   0.01493867]
('ɡ', 'gⁿ')	[-0.07440641 -0.0017235   0.01493867]
('b', 'bⁿ')	[-0.0824855   0.00099386 -0.00191822]
('f', 'bⁿ')	[-0.0824855   0.00099386 -0.00191822]
('p', 'pⁿ')	[-0.0824855   0.00099386 -0.00191822]
('t', 'd̥')	[-0.0824855   0.00099386 -0.00191822]
('w', 'gⁿ')	[-0.0824855   0.00099386 -0.00191822]
('a', 'ɔ̝ˑ')	[-0.08476613 -0.00452125  0.00388448]
('d', 'dⁿ')	[-0.08476613 -0.00452125  0.00388448]
('e', 'iˑ')	[-0.08476613 -0.00452125  0.00388448]
('s', 'z̥')	[-0.08476613 -0.00452125  0.00388448]
=====================================
