Clusters: 5
Doculects: de-nl
Co-clustering: True
Binary features: True
Alignment: global lib (all)

Reading the data files.
Aligning the entries.
Matrix shape: (25, 199)

Cluster 0:
-------------------------------------
Belgian Dutch
Dutch
Dutch (Antwerp)
Dutch (Ostend)
Vesterkolonien
West Frisian (Grou)
-------
('b', 'f')	[0.18331021 0.05271702 0.05807258]
('s', '-')	[ 0.16823878 -0.02277182 -0.01164308]
('f', 'v')	[ 0.16257455 -0.00889988 -0.02159251]
('u', 'ʌ')	[0.15717414 0.00466729 0.01921832]
('u', 'oː')	[0.1531013  0.00852921 0.01402234]
('l', 'ɫ')	[0.14624775 0.12100873 0.03200146]
('f', 'β')	[0.14193267 0.00973142 0.04351072]
('a', 'ɑ')	[ 0.13093732 -0.02620651 -0.0243933 ]
('r', 'ɹ')	[0.13032121 0.00668536 0.02144911]
('ɡ', 'χ')	[0.12638349 0.04883492 0.06729998]
('e', 'eː')	[ 0.12493701 -0.02016806 -0.01669373]
('r', 's')	[ 0.12438019 -0.00761605 -0.0301199 ]
('ɡ', 'x')	[0.12078377 0.03630547 0.03938842]
('ll', 'ɫ')	[0.11165743 0.13095166 0.0083069 ]
('au', 'oː')	[ 0.10568723 -0.00464432  0.00519665]
('e', 'iː')	[ 0.10568723 -0.00464432  0.00519665]
('uː', 'æʏ')	[ 0.10568723 -0.00464432  0.00519665]
('a', 'a̠ː')	[0.1029564  0.037667   0.06497297]
('e', 'ɛ̝ˑɪ')	[0.1029564  0.037667   0.06497297]
('oː', 'ɑʊ')	[0.1029564  0.037667   0.06497297]
('s', 's̺')	[0.1029564  0.037667   0.06497297]
('u', 'oˑ')	[0.1029564  0.037667   0.06497297]
('a', 'a̠')	[0.1029564  0.037667   0.06497297]
('θ', '-')	[0.10014489 0.08121788 0.12003592]
('l', '-')	[ 0.09981879  0.0755166  -0.07381168]
('oː', 'uː')	[ 0.09924191 -0.01221492  0.00055765]
('oː', 'u')	[0.09824188 0.05902455 0.06920767]
('ai', 'eə')	[ 0.09791815  0.00840855 -0.00824263]
('au', 'oə')	[ 0.09791815  0.00840855 -0.00824263]
('u', 'ə')	[ 0.09791815  0.00840855 -0.00824263]
('x', 'ç')	[ 0.09791815  0.00840855 -0.00824263]
('ɡ', 'ç')	[ 0.09791815  0.00840855 -0.00824263]
('b', 'β')	[ 0.09300905 -0.02683795 -0.01488048]
('eː', '-')	[ 0.08973227 -0.00506214  0.03549755]
('r', 'ɾ')	[ 0.0889659   0.03223152 -0.00731979]
('au', 'ɔː')	[ 0.077982   -0.01917927 -0.03435334]
('u', 'œ')	[ 0.077982   -0.01917927 -0.03435334]
('uː', 'ʉ')	[ 0.077982   -0.01917927 -0.03435334]
('ɡ', 'h')	[ 0.077982   -0.01917927 -0.03435334]
('eː', 'aː')	[ 0.07447818 -0.02051821 -0.02028383]
('e', 'iə')	[ 0.0734185  -0.03711571 -0.04284655]
('ai', 'eː')	[ 0.06920541 -0.03254816 -0.02366594]
('-', 'j')	[0.05838492 0.0008495  0.0348717 ]
('ai', 'iə')	[0.05838492 0.0008495  0.0348717 ]
('b', '-')	[0.05838492 0.0008495  0.0348717 ]
('e', 'ʌ')	[0.05838492 0.0008495  0.0348717 ]
('oː', 'oə')	[0.05838492 0.0008495  0.0348717 ]
('e', 'eɪ')	[0.05235798 0.00472085 0.00661091]
('u', 'oʊ')	[0.05235798 0.00472085 0.00661091]
('x', 'x')	[ 0.05042705 -0.02406514 -0.01444819]
('uː', 'y')	[ 0.03719098 -0.01616736  0.00519315]
=====================================

Cluster 1:
-------------------------------------
Central German (Cologne)
Central German (Luxembourg)
Central German (Murrhardt)
Dutch (Limburg)
German
High German (Biel)
High German (Bodensee)
High German (Graubuenden)
High German (Herrlisheim)
High German (Ortisei)
High German (Tuebingen)
High German (Walser)
Low German (Achterhoek)
Low German (Bargstedt)
-------
('θ', 't')	[ 0.10244831 -0.04709194 -0.0402422 ]
('w', 'β')	[ 0.08982307 -0.07218733 -0.05588666]
('u', 'ɔː')	[ 0.06207922 -0.03600855 -0.02832222]
('-', 'ə')	[ 0.06106588  0.01451075 -0.06872328]
('b', 'v')	[ 0.05774956 -0.01468363 -0.03419259]
('s', 'z')	[0.05323876 0.07327357 0.022568  ]
('u', 'ɔ')	[ 0.05102794 -0.0802841  -0.05513377]
('e', 'i')	[ 0.04859935 -0.04947321 -0.03190122]
('k', 'k')	[ 0.04530639 -0.08556331  0.00157119]
('u', 'oɐ')	[ 0.04457489 -0.03498597 -0.01488296]
('a', 'ɑː')	[ 0.04134452 -0.02421807 -0.05373391]
('a', 'aː')	[ 0.03666765 -0.070965   -0.02235683]
('f', 'ɸ')	[ 0.03618787 -0.04263757 -0.03171385]
('a', 'ə')	[ 0.03179617 -0.03962966 -0.06301442]
('d', 't')	[ 0.02999891 -0.03728395 -0.08072082]
('oː', 'ə')	[ 0.02831276 -0.05604795  0.01895422]
('d', 'k')	[ 0.02584743 -0.03331027 -0.02624083]
('r', 'r')	[0.02526436 0.09740092 0.0603943 ]
('ai', 'ɛː')	[ 0.02216667 -0.03126655 -0.06340712]
('ai', 'eɪ')	[ 0.01736693 -0.01311794 -0.01759896]
('x', 'χ')	[ 0.01708988 -0.01725669  0.00102876]
('ɡ', 'k')	[ 0.01017787 -0.07179653 -0.08765432]
('oː', 'uə')	[ 0.01000529 -0.06189527 -0.04853841]
('e', 'a')	[ 0.00871197  0.07391952 -0.12258639]
('oː', 'oː')	[ 0.00664224 -0.02788813 -0.01860147]
('n', 'ŋ')	[ 0.00359328 -0.03321149  0.04344682]
('a', 'a')	[ 0.00341495 -0.05866997  0.0249318 ]
('t', 't')	[ 0.00143835 -0.03109257 -0.02300108]
('e', 'ɪ')	[ 0.00114447 -0.055227    0.02184844]
('d', 'd')	[0.00075004 0.01863575 0.02782941]
('ai', 'æɪ')	[-0.00035918 -0.0243728  -0.03388232]
('k', 'x')	[-0.00035918 -0.0243728  -0.03388232]
('z', 's')	[-0.00351929 -0.05351443 -0.06252594]
('e', 'eə')	[-0.00385542 -0.06064756 -0.0422503 ]
('ai', 'ɛɪ')	[-0.00569314 -0.02170191  0.01326977]
('eː', 'ə')	[-0.00701634  0.02089008 -0.11891296]
('b', 'b')	[-0.00707118  0.00931416  0.0173385 ]
('i', '-')	[-0.00707118  0.00931416  0.0173385 ]
('m', 'm')	[-0.00707118  0.00931416  0.0173385 ]
('n', '-')	[-0.00707118  0.00931416  0.0173385 ]
('n', 'n')	[-0.00707118  0.00931416  0.0173385 ]
('oː', '-')	[-0.00707118  0.00931416  0.0173385 ]
('w', '-')	[-0.00707118  0.00931416  0.0173385 ]
('x', '-')	[-0.00707118  0.00931416  0.0173385 ]
('x', 'h')	[-0.00707118  0.00931416  0.0173385 ]
('z', '-')	[-0.00707118  0.00931416  0.0173385 ]
('ɡ', '-')	[-0.00707118  0.00931416  0.0173385 ]
('a', '-')	[-0.00707118  0.00931416  0.0173385 ]
('e', 'ɛ')	[-0.0070733  -0.07578006  0.01502649]
('a', 'ɑʊ')	[-0.0072396  -0.01788207 -0.05078452]
('k', 'χ')	[-0.0072396  -0.01788207 -0.05078452]
('s', 's')	[-0.0096899  -0.01134649 -0.00436237]
('a', 'ɔː')	[-0.01469804 -0.04125868 -0.05767071]
('j', '-')	[-0.0166563  -0.02099482  0.02098634]
('oː', 'ʊɔ')	[-0.01906775 -0.03247341 -0.03404272]
('l', 'l')	[-0.01913476  0.00933282  0.01057788]
('u', '-')	[-0.01913476  0.00933282  0.01057788]
('θ', 'd')	[-0.01913476  0.00933282  0.01057788]
('k', '-')	[-0.02446035  0.01359701 -0.03676044]
('au', 'ɔʊ')	[-0.02779743 -0.02327241 -0.0314996 ]
('eː', 'ɒ')	[-0.02779743 -0.02327241 -0.0314996 ]
('e', 'ɨ')	[-0.03031482 -0.01097437 -0.03148086]
('oː', 'ʊ')	[-0.03031482 -0.01097437 -0.03148086]
('u', 'ʊɛ')	[-0.03031482 -0.01097437 -0.03148086]
('e', 'yː')	[-0.03051957 -0.05205861 -0.07216952]
('a', 'aɔ')	[-0.03129982 -0.05245834 -0.03351011]
('ai', 'ɔɪ')	[-0.03129982 -0.05245834 -0.03351011]
('eː', 'ɔ')	[-0.03129982 -0.05245834 -0.03351011]
('uː', 'ɐu')	[-0.03129982 -0.05245834 -0.03351011]
('u', 'ɒ')	[-0.03171336 -0.02492109  0.00401185]
('uː', 'aʊ')	[-0.03171336 -0.02492109  0.00401185]
('r', '-')	[-0.03222071  0.05623454  0.08334102]
('t', '-')	[-0.03286808 -0.0467713   0.00543697]
('e', '-')	[-0.03742814  0.02181563 -0.02365261]
('r', 'ʀ')	[-0.04109156 -0.02421613 -0.04453391]
('r', 'χ')	[-0.04361872 -0.0669989  -0.07629009]
('k', 'ç')	[-0.04455705 -0.05471552 -0.02085842]
('f', 'f')	[-0.0456699   0.01467824  0.02415623]
('a', 'i')	[-0.04645786 -0.04066693 -0.06318748]
('ai', 'ai')	[-0.0466336  -0.02503832 -0.05531787]
('oː', 'eː')	[-0.0466336  -0.02503832 -0.05531787]
('a', 'ɛ')	[-0.04825049 -0.06652723 -0.07840252]
('uː', 'uː')	[-0.05223479 -0.07547894  0.01009453]
('a', 'ɪ')	[-0.05246991 -0.0747907   0.04412882]
('ɡ', 'j')	[-0.05263068 -0.03416085 -0.06138922]
('θ', 't͡s')	[-0.05476367 -0.05769691 -0.05057961]
('d', 't͡s')	[-0.05476367 -0.05769691 -0.05057961]
('n', 'χ')	[-0.05476367 -0.05769691 -0.05057961]
('uː', 'aɵ')	[-0.05476367 -0.05769691 -0.05057961]
('k', 'ʃ')	[-0.06047504 -0.03422827 -0.06829957]
('ai', 'aɪ')	[-0.0609363  -0.06644806 -0.04654048]
('a', 'ɐ')	[-0.06130088 -0.03489478  0.05032435]
('eː', 'ɐ')	[-0.06130088 -0.03489478  0.05032435]
('a', 'ɒ')	[-0.06167976  0.09604383 -0.13409248]
('oː', 'ʊə')	[-0.06302887 -0.06157899 -0.05388797]
('x', 'ʃ')	[-0.06412718  0.10105154 -0.10919602]
('r', 'ʁ')	[-0.06519168 -0.09483062 -0.05412441]
('oː', 'ɛ')	[-0.06663546 -0.08413345 -0.05790665]
('u', 'ʊ')	[-0.07023076 -0.07261129  0.00150692]
('b', 'p')	[-0.07359868 -0.09714293 -0.08507359]
('u', 'o')	[-0.07771833  0.03116709 -0.13415295]
('ɡ', 'ɡ')	[-0.09282089 -0.03469075 -0.09750147]
('t', 't͡s')	[-0.09811507 -0.00627272 -0.10456424]
('t', 's')	[-0.10561862 -0.03601904 -0.1400292 ]
('a', 'ɔ')	[-0.10586599 -0.07993795  0.03081441]
('w', 'v')	[-0.1152508   0.08469689  0.07629732]
('s', 'ʃ')	[-0.13383965  0.00822974  0.00293287]
('-', 'ʔ')	[-0.14398879  0.01654726  0.00938223]
('ll', 'l')	[-0.14581688 -0.06021984  0.02874593]
('k', 'kʰ')	[-0.15132577  0.02852607  0.03184903]
=====================================

Cluster 2:
-------------------------------------
Central German (Honigberg)
-------
('a', 'ʊ')	[-0.05295928  0.20927319 -0.1261526 ]
('a', 'ʊə')	[-0.05295928  0.20927319 -0.1261526 ]
('ai', 'eiə')	[-0.05295928  0.20927319 -0.1261526 ]
('n', 'ɳ')	[-0.05295928  0.20927319 -0.1261526 ]
('oː', 'e')	[-0.05295928  0.20927319 -0.1261526 ]
('u', 'aː')	[-0.05295928  0.20927319 -0.1261526 ]
('uː', 'eu')	[-0.05295928  0.20927319 -0.1261526 ]
('z', 'n')	[-0.05295928  0.20927319 -0.1261526 ]
('a', 'æiə')	[-0.05295928  0.20927319 -0.1261526 ]
('θ', 'tʰ')	[-0.07589233  0.21411313 -0.02631458]
=====================================

Cluster 3:
-------------------------------------
Muensterland
-------
('d', '-')	[-0.04535795 -0.04578355  0.15086095]
('a', 'oː')	[-0.05497918 -0.02442758  0.06715753]
('e', 'ɛɪ')	[-0.05497918 -0.02442758  0.06715753]
('oː', 'aʊ')	[-0.05497918 -0.02442758  0.06715753]
('u', 'uɐ')	[-0.05497918 -0.02442758  0.06715753]
('uː', 'u')	[-0.05497918 -0.02442758  0.06715753]
('d', 'ṯ')	[-0.081968   -0.05572136  0.15926961]
('eː', 'ɞ')	[-0.081968   -0.05572136  0.15926961]
('n', 'ṇ')	[-0.081968   -0.05572136  0.15926961]
('oː', 'o̞ʊ')	[-0.081968   -0.05572136  0.15926961]
('r', 'r̞')	[-0.081968   -0.05572136  0.15926961]
('t', 'ṯ')	[-0.081968   -0.05572136  0.15926961]
('t', 'ṯʰ')	[-0.081968   -0.05572136  0.15926961]
('ɡ', 'ɣ')	[-0.081968   -0.05572136  0.15926961]
('au', 'aʊ')	[-0.09900653 -0.07031909  0.10711573]
=====================================

Cluster 4:
-------------------------------------
Cloppenburg
Husum
Westerkwartier
-------
('r', 'ɹ̝')	[0.01211472 0.10215699 0.10806364]
('s', 's̠ʲ')	[0.01211472 0.10215699 0.10806364]
('s', 'ʒ')	[0.01211472 0.10215699 0.10806364]
('t', 'tʰ')	[0.01070495 0.12168747 0.13263492]
('n', 'm')	[-0.01917784  0.12807664  0.19206154]
('e', 'e')	[-0.02580338  0.12701063  0.14735681]
('ai', 'e̝i')	[-0.04860621  0.07746317  0.10033036]
('t', 'd̥')	[-0.05245814  0.15770245  0.17166481]
('ɡ', 'kʰ')	[-0.05436868  0.09352851  0.08893817]
('a', 'ä')	[-0.07281425  0.12090937  0.13383306]
('ɡ', 'g')	[-0.07281425  0.12090937  0.13383306]
('a', 'äː')	[-0.07281425  0.12090937  0.13383306]
('d', 'tʰ')	[-0.07850066  0.20460056  0.07834799]
=====================================
