`python align.py --context_cv --context_sc --excludesc --mincount 3`
Clusters: 7
Doculects: de-nl (BDPA) False (SC)
Co-clustering: True
Features: binary: True, min. count 3, TF-IDF: False
Context: none: True, CV: True, sound classes: True
Alignment: global lib (all)

Reading the data files.
Aligning the entries.
Matrix shape: (20, 431)

Cluster 0:
-------------------------------------
Belgian Dutch
Dutch
Dutch (Antwerp)
-------
(('u',), 'ʌ')	85.29	(rep: 100.00, dist: 70.59)
(('b',), 'f')	85.29	(rep: 100.00, dist: 70.59)
(('V', 's', 'C'), ('V', 's', '-'))	85.29	(rep: 100.00, dist: 70.59)
(('V', 'll', 'V'), ('V', 'ɫ', '-'))	85.29	(rep: 100.00, dist: 70.59)
(('o', 'ː'), 'u')	83.33	(rep: 66.67, dist: 100.00)
(('l', 'l'), 'ɫ')	76.47	(rep: 100.00, dist: 52.94)
(('l',), 'ɫ')	70.59	(rep: 100.00, dist: 41.18)
(('#', 's', 'T'), ('#', 's', 'T'))	70.59	(rep: 100.00, dist: 41.18)
(('#', 's', 'C'), ('#', 's', 'C'))	70.59	(rep: 100.00, dist: 41.18)
and 68 more
=====================================

Cluster 1:
-------------------------------------
High German (Graubuenden)
High German (Ortisei)
High German (Walser)
-------
(('Y', 'n', 'K'), ('Y', 'ŋ', 'K'))	100.00	(rep: 100.00, dist: 100.00)
(('A', 'n', '#'), ('E', '-', '#'))	83.33	(rep: 66.67, dist: 100.00)
(('u',), 'o')	76.47	(rep: 100.00, dist: 52.94)
(('V', 'n', 'C'), ('V', 'ŋ', 'C'))	76.47	(rep: 100.00, dist: 52.94)
(('K', 'a', 'S'), ('K', '-', '-'))	76.47	(rep: 100.00, dist: 52.94)
(('E', 'n', 'K'), ('I', 'ŋ', 'K'))	76.47	(rep: 100.00, dist: 52.94)
and 79 more
=====================================

Cluster 2:
-------------------------------------
-------
and 23 more
=====================================

Cluster 3:
-------------------------------------
Low German (Bargstedt)
-------
(('u', 'ː'), 'u')	100.00	(rep: 100.00, dist: 100.00)
(('u',), 'uɐ')	100.00	(rep: 100.00, dist: 100.00)
(('o', 'ː'), 'aʊ')	100.00	(rep: 100.00, dist: 100.00)
(('n',), 'm')	100.00	(rep: 100.00, dist: 100.00)
(('e',), 'ɛɪ')	100.00	(rep: 100.00, dist: 100.00)
(('a',), 'oː')	100.00	(rep: 100.00, dist: 100.00)
(('C', 'u', 'C'), ('C', 'uɐ', '-'))	100.00	(rep: 100.00, dist: 100.00)
(('C', 'a', 'C'), ('C', 'oː', 'C'))	100.00	(rep: 100.00, dist: 100.00)
(('d',), '-')	73.68	(rep: 100.00, dist: 47.37)
(('a',), 'ɐ')	73.68	(rep: 100.00, dist: 47.37)
(('C', 'w', 'V'), ('C', 'v', 'V'))	73.68	(rep: 100.00, dist: 47.37)
and 39 more
=====================================

Cluster 4:
-------------------------------------
Dutch (Ostend)
-------
(('ɡ',), 'h')	100.00	(rep: 100.00, dist: 100.00)
(('u', 'ː'), 'ʉ')	100.00	(rep: 100.00, dist: 100.00)
(('u',), 'œ')	100.00	(rep: 100.00, dist: 100.00)
(('a', 'u'), 'ɔː')	100.00	(rep: 100.00, dist: 100.00)
(('G', 'u', 'N'), ('-', 'ʊ', 'N'))	100.00	(rep: 100.00, dist: 100.00)
(('C', 'u', 'C'), ('C', 'œ', 'C'))	100.00	(rep: 100.00, dist: 100.00)
(('C', 'u', 'C'), ('-', 'ʊ', 'C'))	100.00	(rep: 100.00, dist: 100.00)
(('C', 'e', 'C'), ('C', 'iə', '-'))	100.00	(rep: 100.00, dist: 100.00)
(('C', '-', '#'), ('C', 'ə', '#'))	100.00	(rep: 100.00, dist: 100.00)
(('#', 'ɡ', '-'), ('#', 'h', '-'))	100.00	(rep: 100.00, dist: 100.00)
(('#', 'x', 'Y'), ('#', '-', 'Y'))	100.00	(rep: 100.00, dist: 100.00)
(('z',), 'r')	73.68	(rep: 100.00, dist: 47.37)
(('r',), 's')	73.68	(rep: 100.00, dist: 47.37)
(('e',), 'iə')	73.68	(rep: 100.00, dist: 47.37)
(('C', 'oː', 'C'), ('C', 'ə', '-'))	73.68	(rep: 100.00, dist: 47.37)
(('-', 'e', 'C'), ('-', 'ɛ', 'C'))	73.68	(rep: 100.00, dist: 47.37)
(('#', 'x', 'V'), ('#', '-', 'V'))	73.68	(rep: 100.00, dist: 47.37)
and 4 more
=====================================

Cluster 5:
-------------------------------------
Central German (Cologne)
Central German (Luxembourg)
Central German (Murrhardt)
Dutch (Limburg)
German
High German (Biel)
High German (Bodensee)
High German (Herrlisheim)
High German (Tuebingen)
Low German (Achterhoek)
West Frisian (Grou)
-------
and 157 more
=====================================

Cluster 6:
-------------------------------------
Central German (Honigberg)
-------
(('x',), 'ʃ')	73.68	(rep: 100.00, dist: 47.37)
(('d',), 'tʰ')	73.68	(rep: 100.00, dist: 47.37)
(('V', 'x', 'C'), ('V', 'ʃ', 'C'))	73.68	(rep: 100.00, dist: 47.37)
(('E', 'r', '-'), ('E', 'ɾ', '-'))	73.68	(rep: 100.00, dist: 47.37)
(('C', 'u', 'C'), ('-', '-', 'C'))	73.68	(rep: 100.00, dist: 47.37)
(('C', 'oː', '#'), ('C', '-', '#'))	73.68	(rep: 100.00, dist: 47.37)
(('C', 'i', '#'), ('C', '-', '#'))	73.68	(rep: 100.00, dist: 47.37)
(('C', 'a', 'C'), ('C', 'ə', 'C'))	73.68	(rep: 100.00, dist: 47.37)
(('A', 'n', 'A'), ('E', 'n', '-'))	73.68	(rep: 100.00, dist: 47.37)
(('#', 'x', 'A'), ('#', 'h', 'E'))	73.68	(rep: 100.00, dist: 47.37)
and 8 more
=====================================
