`python cluster.py --tfidf --direct --context_sc --context_cv`
Clusters: 7
Co-clustering: False
Features: binary: True, min. count 0, TF-IDF: True
Context: none: True, CV: True, sound classes: True
Alignment: global lib (all)

Reading the data files.
Aligning the entries.
Matrix shape: (21, 7296)
(21, 7296)

Cluster 0:
-------------------------------------
Achterhoek
Antwerp
Dutch_Std_BE
Dutch_Std_NL
Limburg
-------
(('-', 'Y'), ('-', 'E'))	90.00	(rep: 80.00, dist: 100.00), 0.0375 (6)
(('k', 'A'), ('k', 'A'))	90.00	(rep: 80.00, dist: 100.00), 0.0312 (5)
(('r', 'V'), ('d', 'V'))	90.00	(rep: 80.00, dist: 100.00), 0.0250 (4)
(('r', 'A'), ('d', 'E'))	90.00	(rep: 80.00, dist: 100.00), 0.0250 (4)
(('R', 'a'), ('T', 'ə'))	90.00	(rep: 80.00, dist: 100.00), 0.0250 (4)
(('r',), 'd')	81.25	(rep: 100.00, dist: 62.50), 0.0312 (5)
(('n', 'R'), ('n', 'T'))	81.25	(rep: 100.00, dist: 62.50), 0.0312 (5)
(('N', 'r'), ('N', 'd'))	81.25	(rep: 100.00, dist: 62.50), 0.0312 (5)
(('G', 's'), ('-', 's'))	81.25	(rep: 100.00, dist: 62.50), 0.0312 (5)
(('C', 's'), ('-', 's'))	81.25	(rep: 100.00, dist: 62.50), 0.0312 (5)
(('C', 'r'), ('C', 'd'))	81.25	(rep: 100.00, dist: 62.50), 0.0312 (5)
(('#', 'ɡ'), ('#', 'c'))	80.00	(rep: 60.00, dist: 100.00), 0.0500 (8)
(('V', 'ɡ'), ('V', 'x'))	80.00	(rep: 60.00, dist: 100.00), 0.0375 (6)
(('-', 'u'), ('-', 'ʌ'))	80.00	(rep: 60.00, dist: 100.00), 0.0375 (6)
(('-', '#'), ('t', '#'))	80.00	(rep: 60.00, dist: 100.00), 0.0375 (6)
(('ɡ', 'V'), ('x', '-'))	80.00	(rep: 60.00, dist: 100.00), 0.0250 (4)
(('ɡ', 'U'), ('x', '-'))	80.00	(rep: 60.00, dist: 100.00), 0.0187 (3)
(('f', 'E'), ('f', 'E'))	80.00	(rep: 60.00, dist: 100.00), 0.0187 (3)
(('e', 'L'), ('ɛ', 'L'))	80.00	(rep: 60.00, dist: 100.00), 0.0187 (3)
(('ai', 'L'), ('ɛɪ', 'L'))	80.00	(rep: 60.00, dist: 100.00), 0.0187 (3)
(('Y', 'f'), ('U', 'β'))	80.00	(rep: 60.00, dist: 100.00), 0.0187 (3)
(('Y', 'b'), ('U', 'β'))	80.00	(rep: 60.00, dist: 100.00), 0.0187 (3)
(('V', 'f'), ('V', 'β'))	80.00	(rep: 60.00, dist: 100.00), 0.0187 (3)
(('V', '-'), ('-', 't'))	80.00	(rep: 60.00, dist: 100.00), 0.0187 (3)
(('U', '-'), ('-', 't'))	80.00	(rep: 60.00, dist: 100.00), 0.0187 (3)
(('S', 'oː'), ('T', 'ə'))	80.00	(rep: 60.00, dist: 100.00), 0.0187 (3)
(('P', 'e'), ('B', 'ə'))	80.00	(rep: 60.00, dist: 100.00), 0.0187 (3)
(('I', 'b'), ('E', 'β'))	80.00	(rep: 60.00, dist: 100.00), 0.0187 (3)
(('E', 'l'), ('E', 'l'))	80.00	(rep: 60.00, dist: 100.00), 0.0187 (3)
(('C', 'a'), ('C', 'ɛː'))	80.00	(rep: 60.00, dist: 100.00), 0.0187 (3)
(('A', 'ɡ'), ('U', 'x'))	80.00	(rep: 60.00, dist: 100.00), 0.0187 (3)
(('-', 'k'), ('V', 'k'))	80.00	(rep: 60.00, dist: 100.00), 0.0187 (3)
and 2646 more
=====================================

Cluster 1:
-------------------------------------
German_Std_DE
Ortisei
Tuebingen
-------
(('u', 'P'), ('yː', 'P'))	100.00	(rep: 100.00, dist: 100.00), 0.0303 (3)
(('u', 'C'), ('yː', 'C'))	100.00	(rep: 100.00, dist: 100.00), 0.0303 (3)
(('u',), 'yː')	100.00	(rep: 100.00, dist: 100.00), 0.0303 (3)
(('k', '-'), ('c', 'V'))	100.00	(rep: 100.00, dist: 100.00), 0.0303 (3)
(('k', '-'), ('c', 'E'))	100.00	(rep: 100.00, dist: 100.00), 0.0303 (3)
(('i', 'P'), ('eː', 'P'))	100.00	(rep: 100.00, dist: 100.00), 0.0303 (3)
(('-', 'u'), ('H', 'yː'))	100.00	(rep: 100.00, dist: 100.00), 0.0303 (3)
(('-', 'u'), ('C', 'yː'))	100.00	(rep: 100.00, dist: 100.00), 0.0303 (3)
(('k', 'V'), ('c', '-'))	85.42	(rep: 100.00, dist: 70.83), 0.0505 (5)
(('k', 'A'), ('c', '-'))	85.42	(rep: 100.00, dist: 70.83), 0.0505 (5)
(('V', 'k'), ('V', 'c'))	85.42	(rep: 100.00, dist: 70.83), 0.0505 (5)
(('r', 'Y'), ('ʁ', 'E'))	85.42	(rep: 100.00, dist: 70.83), 0.0303 (3)
(('r', 'T'), ('ʁ', 'T'))	85.42	(rep: 100.00, dist: 70.83), 0.0303 (3)
(('e', 'P'), ('iː', 'P'))	85.42	(rep: 100.00, dist: 70.83), 0.0303 (3)
(('E', 'b'), ('I', 'b'))	85.42	(rep: 100.00, dist: 70.83), 0.0303 (3)
(('oː', 'N'), ('ɛ', '-'))	83.33	(rep: 66.67, dist: 100.00), 0.0605 (6)
(('oː', 'C'), ('ɛ', '-'))	83.33	(rep: 66.67, dist: 100.00), 0.0605 (6)
(('#', 'd'), ('#', 'tʰ'))	83.33	(rep: 66.67, dist: 100.00), 0.0605 (6)
(('n', '-'), ('ɱ', '-'))	83.33	(rep: 66.67, dist: 100.00), 0.0404 (4)
(('i', 'ː'), 'aɪ')	83.33	(rep: 66.67, dist: 100.00), 0.0404 (4)
(('C', 'iː'), ('C', 'aɪ'))	83.33	(rep: 66.67, dist: 100.00), 0.0404 (4)
(('-', 'k'), ('-', 'c'))	83.33	(rep: 66.67, dist: 100.00), 0.0404 (4)
(('-', '#'), ('c', '#'))	83.33	(rep: 66.67, dist: 100.00), 0.0404 (4)
(('d', 'V'), ('tʰ', 'V'))	83.33	(rep: 66.67, dist: 100.00), 0.0303 (3)
(('s', 'A'), ('ʔ', 'A'))	83.33	(rep: 66.67, dist: 100.00), 0.0202 (2)
(('oː', 'D'), ('ʊə', 'T'))	83.33	(rep: 66.67, dist: 100.00), 0.0202 (2)
(('n',), 'ɱ')	83.33	(rep: 66.67, dist: 100.00), 0.0202 (2)
(('m', 'Y'), ('m', 'A'))	83.33	(rep: 66.67, dist: 100.00), 0.0202 (2)
(('iː', 'T'), ('aɪ', 'S'))	83.33	(rep: 66.67, dist: 100.00), 0.0202 (2)
(('iː', 'T'), ('aɪ', '-'))	83.33	(rep: 66.67, dist: 100.00), 0.0202 (2)
(('iː', 'C'), ('aɪ', 'C'))	83.33	(rep: 66.67, dist: 100.00), 0.0202 (2)
(('iː', 'C'), ('aɪ', '-'))	83.33	(rep: 66.67, dist: 100.00), 0.0202 (2)
(('f', 'A'), ('f', 'I'))	83.33	(rep: 66.67, dist: 100.00), 0.0202 (2)
(('e', 'N'), ('ʏ', 'M'))	83.33	(rep: 66.67, dist: 100.00), 0.0202 (2)
(('e', 'K'), ('i', 'C'))	83.33	(rep: 66.67, dist: 100.00), 0.0202 (2)
(('e', 'K'), ('eː', 'K'))	83.33	(rep: 66.67, dist: 100.00), 0.0202 (2)
(('d', 'A'), ('tʰ', 'A'))	83.33	(rep: 66.67, dist: 100.00), 0.0202 (2)
(('au', 'K'), ('aʊ', 'K'))	83.33	(rep: 66.67, dist: 100.00), 0.0202 (2)
(('ai', 'N'), ('aɪ', '-'))	83.33	(rep: 66.67, dist: 100.00), 0.0202 (2)
(('ai', 'C'), ('aɪ', '-'))	83.33	(rep: 66.67, dist: 100.00), 0.0202 (2)
(('a', 'S'), ('aɪ', 'S'))	83.33	(rep: 66.67, dist: 100.00), 0.0202 (2)
(('a', 'R'), ('ɔ', 'G'))	83.33	(rep: 66.67, dist: 100.00), 0.0202 (2)
(('Y', 't'), ('A', 's'))	83.33	(rep: 66.67, dist: 100.00), 0.0202 (2)
(('Y', 's'), ('A', '-'))	83.33	(rep: 66.67, dist: 100.00), 0.0202 (2)
(('W', 'iː'), ('B', 'aɪ'))	83.33	(rep: 66.67, dist: 100.00), 0.0202 (2)
(('V', 'n'), ('V', 'ɱ'))	83.33	(rep: 66.67, dist: 100.00), 0.0202 (2)
(('S', 'a'), ('H', 'aɪ'))	83.33	(rep: 66.67, dist: 100.00), 0.0202 (2)
(('R', 'oː'), ('R', 'ʊə'))	83.33	(rep: 66.67, dist: 100.00), 0.0202 (2)
(('P', 'iː'), ('P', 'aɪ'))	83.33	(rep: 66.67, dist: 100.00), 0.0202 (2)
(('P', 'ai'), ('P', 'aɪ'))	83.33	(rep: 66.67, dist: 100.00), 0.0202 (2)
(('N', '-'), ('M', '-'))	83.33	(rep: 66.67, dist: 100.00), 0.0202 (2)
(('N', '-'), ('-', 'c'))	83.33	(rep: 66.67, dist: 100.00), 0.0202 (2)
(('K', 'u'), ('K', 'ɔ'))	83.33	(rep: 66.67, dist: 100.00), 0.0202 (2)
(('K', 'oː'), ('-', 'ɛ'))	83.33	(rep: 66.67, dist: 100.00), 0.0202 (2)
(('K', '-'), ('C', 'ɛ'))	83.33	(rep: 66.67, dist: 100.00), 0.0202 (2)
(('I', 't'), ('A', 's'))	83.33	(rep: 66.67, dist: 100.00), 0.0202 (2)
(('I', 't'), ('A', '-'))	83.33	(rep: 66.67, dist: 100.00), 0.0202 (2)
(('E', 'n'), ('Y', 'ɱ'))	83.33	(rep: 66.67, dist: 100.00), 0.0202 (2)
(('C', 'oː'), ('-', 'ɛ'))	83.33	(rep: 66.67, dist: 100.00), 0.0202 (2)
(('C', '-'), ('-', 'c'))	83.33	(rep: 66.67, dist: 100.00), 0.0202 (2)
(('B', 'a'), ('B', 'ɪ'))	83.33	(rep: 66.67, dist: 100.00), 0.0202 (2)
(('A', 's'), ('I', 'ʃ'))	83.33	(rep: 66.67, dist: 100.00), 0.0202 (2)
(('A', 'k'), ('A', 'c'))	83.33	(rep: 66.67, dist: 100.00), 0.0202 (2)
(('-', 'au'), ('H', 'aʊ'))	83.33	(rep: 66.67, dist: 100.00), 0.0202 (2)
(('-', 'au'), ('C', 'aʊ'))	83.33	(rep: 66.67, dist: 100.00), 0.0202 (2)
(('-', 'K'), ('-', 'C'))	83.33	(rep: 66.67, dist: 100.00), 0.0202 (2)
(('-',), 'c')	83.33	(rep: 66.67, dist: 100.00), 0.0202 (2)
and 1916 more
=====================================

Cluster 2:
-------------------------------------
Biel
Bodensee
Graubuenden
Walser
-------
(('e', 'C'), ('yː', '-'))	100.00	(rep: 100.00, dist: 100.00), 0.1017 (13)
(('e',), 'yː')	100.00	(rep: 100.00, dist: 100.00), 0.1017 (13)
(('C', 'e'), ('C', 'yː'))	100.00	(rep: 100.00, dist: 100.00), 0.0704 (9)
(('-', 'e'), ('-', 'yː'))	100.00	(rep: 100.00, dist: 100.00), 0.0626 (8)
(('e', 'W'), ('yː', '-'))	100.00	(rep: 100.00, dist: 100.00), 0.0469 (6)
(('E', 'n'), ('Y', '-'))	100.00	(rep: 100.00, dist: 100.00), 0.0391 (5)
(('e', 'N'), ('yː', '-'))	100.00	(rep: 100.00, dist: 100.00), 0.0313 (4)
(('B', 'e'), ('B', 'yː'))	100.00	(rep: 100.00, dist: 100.00), 0.0313 (4)
(('-', 'K'), ('-', 'G'))	100.00	(rep: 100.00, dist: 100.00), 0.0313 (4)
(('iː', 'T'), ('iː', 'S'))	87.65	(rep: 100.00, dist: 75.29), 0.0313 (4)
(('iː', 'T'), ('iː', '-'))	87.65	(rep: 100.00, dist: 75.29), 0.0313 (4)
(('iː', 'C'), ('iː', '-'))	87.65	(rep: 100.00, dist: 75.29), 0.0313 (4)
(('W', 'iː'), ('B', 'iː'))	87.65	(rep: 100.00, dist: 75.29), 0.0313 (4)
(('-', 'e'), ('H', 'iː'))	87.65	(rep: 100.00, dist: 75.29), 0.0313 (4)
(('-', 'e'), ('C', 'iː'))	87.65	(rep: 100.00, dist: 75.29), 0.0313 (4)
(('z', '#'), ('ɾ', '#'))	87.50	(rep: 75.00, dist: 100.00), 0.0782 (10)
(('-', 'u'), ('-', 'ʏ'))	87.50	(rep: 75.00, dist: 100.00), 0.0469 (6)
(('uː', 'T'), ('uː', 'S'))	87.50	(rep: 75.00, dist: 100.00), 0.0235 (3)
(('u', 'P'), ('ʏ', 'P'))	87.50	(rep: 75.00, dist: 100.00), 0.0235 (3)
(('u',), 'uː')	87.50	(rep: 75.00, dist: 100.00), 0.0235 (3)
(('r', 'U'), ('ɾ', 'E'))	87.50	(rep: 75.00, dist: 100.00), 0.0235 (3)
(('e', 'J'), ('yː', '-'))	87.50	(rep: 75.00, dist: 100.00), 0.0235 (3)
(('R', 'oː'), ('R', 'ə'))	87.50	(rep: 75.00, dist: 100.00), 0.0235 (3)
(('R', 'e'), ('R', 'yː'))	87.50	(rep: 75.00, dist: 100.00), 0.0235 (3)
(('C', 'u'), ('C', 'uː'))	87.50	(rep: 75.00, dist: 100.00), 0.0235 (3)
(('A', 'r'), ('E', 'ɾ'))	87.50	(rep: 75.00, dist: 100.00), 0.0235 (3)
and 2268 more
=====================================

Cluster 3:
-------------------------------------
Westerkwartier
-------
(('#', 's'), ('#', 'ʒ'))	100.00	(rep: 100.00, dist: 100.00), 0.1843 (6)
(('s',), 'ʒ')	100.00	(rep: 100.00, dist: 100.00), 0.1229 (4)
(('s',), 'sʲ')	100.00	(rep: 100.00, dist: 100.00), 0.1229 (4)
(('z', '-'), ('sʲ', '-'))	100.00	(rep: 100.00, dist: 100.00), 0.0614 (2)
(('z', '#'), ('m', '#'))	100.00	(rep: 100.00, dist: 100.00), 0.0614 (2)
(('u', 'N'), ('ɶ', 'N'))	100.00	(rep: 100.00, dist: 100.00), 0.0614 (2)
(('u', 'N'), ('ɔ̃', 'N'))	100.00	(rep: 100.00, dist: 100.00), 0.0614 (2)
(('u', 'C'), ('ɶ', 'C'))	100.00	(rep: 100.00, dist: 100.00), 0.0614 (2)
(('u', 'C'), ('ɔ̃', 'C'))	100.00	(rep: 100.00, dist: 100.00), 0.0614 (2)
(('u', '-'), ('õː', '-'))	100.00	(rep: 100.00, dist: 100.00), 0.0614 (2)
(('u',), 'ɶ')	100.00	(rep: 100.00, dist: 100.00), 0.0614 (2)
(('s', 'V'), ('ʒ', 'V'))	100.00	(rep: 100.00, dist: 100.00), 0.0614 (2)
(('s', '-'), ('ʒ', '-'))	100.00	(rep: 100.00, dist: 100.00), 0.0614 (2)
(('s', '-'), ('sʲ', '-'))	100.00	(rep: 100.00, dist: 100.00), 0.0614 (2)
(('oː', '-'), ('ʊu', '-'))	100.00	(rep: 100.00, dist: 100.00), 0.0614 (2)
(('oː', '#'), ('æ', '#'))	100.00	(rep: 100.00, dist: 100.00), 0.0614 (2)
(('o', 'ː'), 'aɔ')	100.00	(rep: 100.00, dist: 100.00), 0.0614 (2)
(('n', '#'), ('sʲ', '#'))	100.00	(rep: 100.00, dist: 100.00), 0.0614 (2)
(('l', '-'), ('ʟ', '-'))	100.00	(rep: 100.00, dist: 100.00), 0.0614 (2)
(('f', '-'), ('bⁿ', '-'))	100.00	(rep: 100.00, dist: 100.00), 0.0614 (2)
(('e', 'N'), ('ẽ', 'N'))	100.00	(rep: 100.00, dist: 100.00), 0.0614 (2)
(('e', 'C'), ('ẽ', 'C'))	100.00	(rep: 100.00, dist: 100.00), 0.0614 (2)
(('e',), 'ĩ')	100.00	(rep: 100.00, dist: 100.00), 0.0614 (2)
(('e',), 'ẽ')	100.00	(rep: 100.00, dist: 100.00), 0.0614 (2)
(('a', 'N'), ('ã', 'N'))	100.00	(rep: 100.00, dist: 100.00), 0.0614 (2)
(('a', 'C'), ('ã', 'C'))	100.00	(rep: 100.00, dist: 100.00), 0.0614 (2)
(('a',), 'ã')	100.00	(rep: 100.00, dist: 100.00), 0.0614 (2)
(('V', 's'), ('V', 'sʲ'))	100.00	(rep: 100.00, dist: 100.00), 0.0614 (2)
(('S', 'z'), ('-', 'sʲ'))	100.00	(rep: 100.00, dist: 100.00), 0.0614 (2)
(('R', 'e'), ('R', 'ẽ'))	100.00	(rep: 100.00, dist: 100.00), 0.0614 (2)
(('E', 't'), ('E', 'tʰ'))	100.00	(rep: 100.00, dist: 100.00), 0.0614 (2)
(('C', 'z'), ('-', 'sʲ'))	100.00	(rep: 100.00, dist: 100.00), 0.0614 (2)
(('C', 'u'), ('C', 'ɶ'))	100.00	(rep: 100.00, dist: 100.00), 0.0614 (2)
(('C', 'oː'), ('C', 'aɔ'))	100.00	(rep: 100.00, dist: 100.00), 0.0614 (2)
(('C', 'e'), ('C', 'ẽ'))	100.00	(rep: 100.00, dist: 100.00), 0.0614 (2)
(('-', 'u'), ('-', 'øœ'))	100.00	(rep: 100.00, dist: 100.00), 0.0614 (2)
(('-', 'u'), ('-', 'oɤ'))	100.00	(rep: 100.00, dist: 100.00), 0.0614 (2)
(('-', 's'), ('-', 'ʒ'))	100.00	(rep: 100.00, dist: 100.00), 0.0614 (2)
(('-', 'r'), ('-', 'ɣ'))	100.00	(rep: 100.00, dist: 100.00), 0.0614 (2)
(('-', 'eː'), ('-', 'õɤ'))	100.00	(rep: 100.00, dist: 100.00), 0.0614 (2)
(('-', 'e'), ('C', 'ĩ'))	100.00	(rep: 100.00, dist: 100.00), 0.0614 (2)
(('-', 'e'), ('-', 'ɛæ'))	100.00	(rep: 100.00, dist: 100.00), 0.0614 (2)
(('-', 'e'), ('-', 'ɛa'))	100.00	(rep: 100.00, dist: 100.00), 0.0614 (2)
(('-', 'e'), ('-', 'øɛ'))	100.00	(rep: 100.00, dist: 100.00), 0.0614 (2)
(('-', '#'), ('x', '#'))	100.00	(rep: 100.00, dist: 100.00), 0.0614 (2)
(('-', '#'), ('tʰ', '#'))	100.00	(rep: 100.00, dist: 100.00), 0.0614 (2)
(('#', 'x'), ('#', 'ɦ'))	100.00	(rep: 100.00, dist: 100.00), 0.0614 (2)
(('#', 's'), ('#', 'sʲ'))	100.00	(rep: 100.00, dist: 100.00), 0.0614 (2)
(('θ', 'S'), ('t', 'S'))	100.00	(rep: 100.00, dist: 100.00), 0.0307 (1)
(('ɡ', 'N'), ('gⁿ', '-'))	100.00	(rep: 100.00, dist: 100.00), 0.0307 (1)
(('ɡ', 'C'), ('gⁿ', '-'))	100.00	(rep: 100.00, dist: 100.00), 0.0307 (1)
(('ɡ', '-'), ('χ', 'U'))	100.00	(rep: 100.00, dist: 100.00), 0.0307 (1)
(('ɡ',), 'gⁿ')	100.00	(rep: 100.00, dist: 100.00), 0.0307 (1)
(('z', 'U'), ('d', 'E'))	100.00	(rep: 100.00, dist: 100.00), 0.0307 (1)
(('z',), 'm')	100.00	(rep: 100.00, dist: 100.00), 0.0307 (1)
(('x', 'Y'), ('ɦ', 'U'))	100.00	(rep: 100.00, dist: 100.00), 0.0307 (1)
(('x', 'V'), ('ɦ', 'V'))	100.00	(rep: 100.00, dist: 100.00), 0.0307 (1)
(('x',), 'ɦ')	100.00	(rep: 100.00, dist: 100.00), 0.0307 (1)
(('w', 'V'), ('ɴ', '-'))	100.00	(rep: 100.00, dist: 100.00), 0.0307 (1)
(('w', 'U'), ('ɴ', '-'))	100.00	(rep: 100.00, dist: 100.00), 0.0307 (1)
(('w',), 'ɴ')	100.00	(rep: 100.00, dist: 100.00), 0.0307 (1)
(('u', 'S'), ('ʌ', 'R'))	100.00	(rep: 100.00, dist: 100.00), 0.0307 (1)
(('u', 'R'), ('oː', 'T'))	100.00	(rep: 100.00, dist: 100.00), 0.0307 (1)
(('u', 'P'), ('ɔu', 'P'))	100.00	(rep: 100.00, dist: 100.00), 0.0307 (1)
(('u', 'P'), ('ou', 'B'))	100.00	(rep: 100.00, dist: 100.00), 0.0307 (1)
(('u', 'N'), ('õ', 'N'))	100.00	(rep: 100.00, dist: 100.00), 0.0307 (1)
(('u', 'C'), ('ɔu', 'C'))	100.00	(rep: 100.00, dist: 100.00), 0.0307 (1)
(('u', 'C'), ('ɔo', 'C'))	100.00	(rep: 100.00, dist: 100.00), 0.0307 (1)
(('u', 'C'), ('õ', 'C'))	100.00	(rep: 100.00, dist: 100.00), 0.0307 (1)
(('u', 'C'), ('ou', 'C'))	100.00	(rep: 100.00, dist: 100.00), 0.0307 (1)
(('u', 'B'), ('ɔo', 'P'))	100.00	(rep: 100.00, dist: 100.00), 0.0307 (1)
(('u',), 'ɔu')	100.00	(rep: 100.00, dist: 100.00), 0.0307 (1)
(('u',), 'ɔo')	100.00	(rep: 100.00, dist: 100.00), 0.0307 (1)
(('u',), 'õː')	100.00	(rep: 100.00, dist: 100.00), 0.0307 (1)
(('u',), 'ou')	100.00	(rep: 100.00, dist: 100.00), 0.0307 (1)
(('t', 'U'), ('tʰ', '-'))	100.00	(rep: 100.00, dist: 100.00), 0.0307 (1)
(('t', 'U'), ('d', 'A'))	100.00	(rep: 100.00, dist: 100.00), 0.0307 (1)
(('t', 'I'), ('tʰ', '-'))	100.00	(rep: 100.00, dist: 100.00), 0.0307 (1)
(('s', 'W'), ('ʒ', 'B'))	100.00	(rep: 100.00, dist: 100.00), 0.0307 (1)
(('s', 'V'), ('sʲ', 'V'))	100.00	(rep: 100.00, dist: 100.00), 0.0307 (1)
(('s', 'V'), ('sʲ', '-'))	100.00	(rep: 100.00, dist: 100.00), 0.0307 (1)
(('s', 'N'), ('ʃ', '-'))	100.00	(rep: 100.00, dist: 100.00), 0.0307 (1)
(('s', 'K'), ('sʲ', '-'))	100.00	(rep: 100.00, dist: 100.00), 0.0307 (1)
(('s', 'E'), ('ʒ', 'E'))	100.00	(rep: 100.00, dist: 100.00), 0.0307 (1)
(('s', 'E'), ('sʲ', 'U'))	100.00	(rep: 100.00, dist: 100.00), 0.0307 (1)
(('s', 'C'), ('ʒ', 'C'))	100.00	(rep: 100.00, dist: 100.00), 0.0307 (1)
(('s', 'C'), ('sʲ', '-'))	100.00	(rep: 100.00, dist: 100.00), 0.0307 (1)
(('s', 'A'), ('ʒ', 'E'))	100.00	(rep: 100.00, dist: 100.00), 0.0307 (1)
(('s', 'A'), ('sʲ', '-'))	100.00	(rep: 100.00, dist: 100.00), 0.0307 (1)
(('r', 'Y'), ('ɹ', 'U'))	100.00	(rep: 100.00, dist: 100.00), 0.0307 (1)
(('r', 'V'), ('ɾʰ', '-'))	100.00	(rep: 100.00, dist: 100.00), 0.0307 (1)
(('r', 'V'), ('ɣ', 'V'))	100.00	(rep: 100.00, dist: 100.00), 0.0307 (1)
(('r', 'U'), ('ɣ', 'U'))	100.00	(rep: 100.00, dist: 100.00), 0.0307 (1)
(('r', 'N'), ('dⁿ', '-'))	100.00	(rep: 100.00, dist: 100.00), 0.0307 (1)
(('r', 'I'), ('ɾʰ', '-'))	100.00	(rep: 100.00, dist: 100.00), 0.0307 (1)
(('r', 'C'), ('dⁿ', '-'))	100.00	(rep: 100.00, dist: 100.00), 0.0307 (1)
(('r', 'A'), ('r', 'O'))	100.00	(rep: 100.00, dist: 100.00), 0.0307 (1)
(('r',), 'ɾʰ')	100.00	(rep: 100.00, dist: 100.00), 0.0307 (1)
(('r',), 'ɣ')	100.00	(rep: 100.00, dist: 100.00), 0.0307 (1)
(('r',), 'dⁿ')	100.00	(rep: 100.00, dist: 100.00), 0.0307 (1)
(('p', 'V'), ('pⁿ', '-'))	100.00	(rep: 100.00, dist: 100.00), 0.0307 (1)
(('p', 'A'), ('pⁿ', '-'))	100.00	(rep: 100.00, dist: 100.00), 0.0307 (1)
(('p',), 'pⁿ')	100.00	(rep: 100.00, dist: 100.00), 0.0307 (1)
(('oː', 'W'), ('aɔ', '-'))	100.00	(rep: 100.00, dist: 100.00), 0.0307 (1)
(('oː', 'T'), ('u', 'K'))	100.00	(rep: 100.00, dist: 100.00), 0.0307 (1)
(('oː', 'N'), ('ɶ', 'N'))	100.00	(rep: 100.00, dist: 100.00), 0.0307 (1)
(('oː', 'L'), ('aɔ', 'L'))	100.00	(rep: 100.00, dist: 100.00), 0.0307 (1)
(('oː', 'D'), ('uɤ', '-'))	100.00	(rep: 100.00, dist: 100.00), 0.0307 (1)
(('oː', 'C'), ('ɶ', 'C'))	100.00	(rep: 100.00, dist: 100.00), 0.0307 (1)
(('oː', 'C'), ('uɤ', '-'))	100.00	(rep: 100.00, dist: 100.00), 0.0307 (1)
(('oː', 'C'), ('aɔ', 'C'))	100.00	(rep: 100.00, dist: 100.00), 0.0307 (1)
(('oː', 'C'), ('aɔ', '-'))	100.00	(rep: 100.00, dist: 100.00), 0.0307 (1)
(('o', 'ː'), 'ʊu')	100.00	(rep: 100.00, dist: 100.00), 0.0307 (1)
(('o', 'ː'), 'ɶ')	100.00	(rep: 100.00, dist: 100.00), 0.0307 (1)
(('o', 'ː'), 'æ')	100.00	(rep: 100.00, dist: 100.00), 0.0307 (1)
(('o', 'ː'), 'uɤ')	100.00	(rep: 100.00, dist: 100.00), 0.0307 (1)
(('n',), 'sʲ')	100.00	(rep: 100.00, dist: 100.00), 0.0307 (1)
(('m', 'V'), ('n', '-'))	100.00	(rep: 100.00, dist: 100.00), 0.0307 (1)
(('m', 'A'), ('n', '-'))	100.00	(rep: 100.00, dist: 100.00), 0.0307 (1)
(('m',), 'n')	100.00	(rep: 100.00, dist: 100.00), 0.0307 (1)
(('l',), 'ʟ')	100.00	(rep: 100.00, dist: 100.00), 0.0307 (1)
(('k', 'U'), ('kʰ', 'A'))	100.00	(rep: 100.00, dist: 100.00), 0.0307 (1)
(('k', '-'), ('k', 'U'))	100.00	(rep: 100.00, dist: 100.00), 0.0307 (1)
(('iː', 'T'), ('e', 'T'))	100.00	(rep: 100.00, dist: 100.00), 0.0307 (1)
(('iː', 'C'), ('e', 'C'))	100.00	(rep: 100.00, dist: 100.00), 0.0307 (1)
(('i', 'ː'), 'e')	100.00	(rep: 100.00, dist: 100.00), 0.0307 (1)
(('i', 'P'), ('ɛi', 'B'))	100.00	(rep: 100.00, dist: 100.00), 0.0307 (1)
(('i', 'C'), ('ɛi', 'C'))	100.00	(rep: 100.00, dist: 100.00), 0.0307 (1)
(('i',), 'ɛi')	100.00	(rep: 100.00, dist: 100.00), 0.0307 (1)
(('f',), 'bⁿ')	100.00	(rep: 100.00, dist: 100.00), 0.0307 (1)
(('eː', 'R'), ('o', 'R'))	100.00	(rep: 100.00, dist: 100.00), 0.0307 (1)
(('eː', 'N'), ('õɤ', 'N'))	100.00	(rep: 100.00, dist: 100.00), 0.0307 (1)
(('eː', 'C'), ('õɤ', 'C'))	100.00	(rep: 100.00, dist: 100.00), 0.0307 (1)
(('eu', 'J'), ('æi', '-'))	100.00	(rep: 100.00, dist: 100.00), 0.0307 (1)
(('eu', 'C'), ('æi', '-'))	100.00	(rep: 100.00, dist: 100.00), 0.0307 (1)
(('e', 'ː'), 'õɤ')	100.00	(rep: 100.00, dist: 100.00), 0.0307 (1)
(('e', 'u'), 'æi')	100.00	(rep: 100.00, dist: 100.00), 0.0307 (1)
(('e', 'W'), ('ɛe', '-'))	100.00	(rep: 100.00, dist: 100.00), 0.0307 (1)
(('e', 'W'), ('e', 'K'))	100.00	(rep: 100.00, dist: 100.00), 0.0307 (1)
(('e', 'T'), ('æi', 'T'))	100.00	(rep: 100.00, dist: 100.00), 0.0307 (1)
(('e', 'S'), ('e', 'S'))	100.00	(rep: 100.00, dist: 100.00), 0.0307 (1)
(('e', 'P'), ('øː', 'P'))	100.00	(rep: 100.00, dist: 100.00), 0.0307 (1)
(('e', 'N'), ('ĩ', 'N'))	100.00	(rep: 100.00, dist: 100.00), 0.0307 (1)
(('e', 'N'), ('eː', 'N'))	100.00	(rep: 100.00, dist: 100.00), 0.0307 (1)
(('e', 'K'), ('ei', 'K'))	100.00	(rep: 100.00, dist: 100.00), 0.0307 (1)
(('e', 'J'), ('aɛ', '-'))	100.00	(rep: 100.00, dist: 100.00), 0.0307 (1)
(('e', 'G'), ('ɛæ', 'G'))	100.00	(rep: 100.00, dist: 100.00), 0.0307 (1)
(('e', 'G'), ('ɛa', 'G'))	100.00	(rep: 100.00, dist: 100.00), 0.0307 (1)
(('e', 'G'), ('øɛ', 'G'))	100.00	(rep: 100.00, dist: 100.00), 0.0307 (1)
(('e', 'G'), ('ĩ', '-'))	100.00	(rep: 100.00, dist: 100.00), 0.0307 (1)
(('e', 'C'), ('ɛæ', 'C'))	100.00	(rep: 100.00, dist: 100.00), 0.0307 (1)
(('e', 'C'), ('ɛe', '-'))	100.00	(rep: 100.00, dist: 100.00), 0.0307 (1)
(('e', 'C'), ('ɛa', 'C'))	100.00	(rep: 100.00, dist: 100.00), 0.0307 (1)
(('e', 'C'), ('øɛ', 'C'))	100.00	(rep: 100.00, dist: 100.00), 0.0307 (1)
(('e', 'C'), ('æi', 'C'))	100.00	(rep: 100.00, dist: 100.00), 0.0307 (1)
(('e', 'C'), ('ĩ', 'C'))	100.00	(rep: 100.00, dist: 100.00), 0.0307 (1)
(('e', 'C'), ('ĩ', '-'))	100.00	(rep: 100.00, dist: 100.00), 0.0307 (1)
(('e', 'C'), ('ei', 'C'))	100.00	(rep: 100.00, dist: 100.00), 0.0307 (1)
(('e', 'C'), ('aɛ', '-'))	100.00	(rep: 100.00, dist: 100.00), 0.0307 (1)
(('e',), 'ɛæ')	100.00	(rep: 100.00, dist: 100.00), 0.0307 (1)
(('e',), 'ɛe')	100.00	(rep: 100.00, dist: 100.00), 0.0307 (1)
(('e',), 'ɛa')	100.00	(rep: 100.00, dist: 100.00), 0.0307 (1)
(('e',), 'øɛ')	100.00	(rep: 100.00, dist: 100.00), 0.0307 (1)
(('e',), 'æi')	100.00	(rep: 100.00, dist: 100.00), 0.0307 (1)
(('e',), 'aɛ')	100.00	(rep: 100.00, dist: 100.00), 0.0307 (1)
(('d', 'V'), ('ð', 'V'))	100.00	(rep: 100.00, dist: 100.00), 0.0307 (1)
(('d', 'V'), ('k', 'V'))	100.00	(rep: 100.00, dist: 100.00), 0.0307 (1)
(('d', 'E'), ('ð', 'E'))	100.00	(rep: 100.00, dist: 100.00), 0.0307 (1)
(('d', 'E'), ('k', 'E'))	100.00	(rep: 100.00, dist: 100.00), 0.0307 (1)
(('d',), 'ð')	100.00	(rep: 100.00, dist: 100.00), 0.0307 (1)
(('b', 'V'), ('-', 'V'))	100.00	(rep: 100.00, dist: 100.00), 0.0307 (1)
(('b', 'A'), ('-', 'E'))	100.00	(rep: 100.00, dist: 100.00), 0.0307 (1)
(('au', 'T'), ('ɒo', 'T'))	100.00	(rep: 100.00, dist: 100.00), 0.0307 (1)
(('au', 'S'), ('øæ', 'R'))	100.00	(rep: 100.00, dist: 100.00), 0.0307 (1)
(('au', 'S'), ('oɔ', 'R'))	100.00	(rep: 100.00, dist: 100.00), 0.0307 (1)
(('au', 'P'), ('ɑo', 'B'))	100.00	(rep: 100.00, dist: 100.00), 0.0307 (1)
(('au', 'P'), ('œ', 'B'))	100.00	(rep: 100.00, dist: 100.00), 0.0307 (1)
(('au', 'K'), ('ɔu', 'G'))	100.00	(rep: 100.00, dist: 100.00), 0.0307 (1)
(('au', 'C'), ('ɔu', 'C'))	100.00	(rep: 100.00, dist: 100.00), 0.0307 (1)
(('au', 'C'), ('ɒo', 'C'))	100.00	(rep: 100.00, dist: 100.00), 0.0307 (1)
(('au', 'C'), ('œ', 'C'))	100.00	(rep: 100.00, dist: 100.00), 0.0307 (1)
(('au', 'C'), ('øæ', 'C'))	100.00	(rep: 100.00, dist: 100.00), 0.0307 (1)
(('au', 'C'), ('oɔ', 'C'))	100.00	(rep: 100.00, dist: 100.00), 0.0307 (1)
(('ai', 'R'), ('eɛ', '-'))	100.00	(rep: 100.00, dist: 100.00), 0.0307 (1)
(('ai', 'N'), ('ɛĩ', '-'))	100.00	(rep: 100.00, dist: 100.00), 0.0307 (1)
(('ai', 'N'), ('ɑi', 'N'))	100.00	(rep: 100.00, dist: 100.00), 0.0307 (1)
(('ai', 'N'), ('æi', 'N'))	100.00	(rep: 100.00, dist: 100.00), 0.0307 (1)
(('ai', 'M'), ('a', 'N'))	100.00	(rep: 100.00, dist: 100.00), 0.0307 (1)
(('ai', 'L'), ('ae', 'L'))	100.00	(rep: 100.00, dist: 100.00), 0.0307 (1)
(('ai', 'K'), ('æe', '-'))	100.00	(rep: 100.00, dist: 100.00), 0.0307 (1)
(('ai', 'K'), ('æ', 'K'))	100.00	(rep: 100.00, dist: 100.00), 0.0307 (1)
(('ai', 'G'), ('əũ', '-'))	100.00	(rep: 100.00, dist: 100.00), 0.0307 (1)
(('ai', 'C'), ('ɛĩ', '-'))	100.00	(rep: 100.00, dist: 100.00), 0.0307 (1)
(('ai', 'C'), ('əũ', '-'))	100.00	(rep: 100.00, dist: 100.00), 0.0307 (1)
(('ai', 'C'), ('ɑi', 'C'))	100.00	(rep: 100.00, dist: 100.00), 0.0307 (1)
(('ai', 'C'), ('æi', 'C'))	100.00	(rep: 100.00, dist: 100.00), 0.0307 (1)
(('ai', 'C'), ('æe', '-'))	100.00	(rep: 100.00, dist: 100.00), 0.0307 (1)
(('ai', 'C'), ('æ', 'C'))	100.00	(rep: 100.00, dist: 100.00), 0.0307 (1)
(('ai', 'C'), ('eɛ', '-'))	100.00	(rep: 100.00, dist: 100.00), 0.0307 (1)
(('ai', 'C'), ('ae', 'C'))	100.00	(rep: 100.00, dist: 100.00), 0.0307 (1)
(('a', 'u'), 'ɔu')	100.00	(rep: 100.00, dist: 100.00), 0.0307 (1)
(('a', 'u'), 'ɒo')	100.00	(rep: 100.00, dist: 100.00), 0.0307 (1)
(('a', 'u'), 'œ')	100.00	(rep: 100.00, dist: 100.00), 0.0307 (1)
(('a', 'u'), 'øæ')	100.00	(rep: 100.00, dist: 100.00), 0.0307 (1)
(('a', 'u'), 'oɔ')	100.00	(rep: 100.00, dist: 100.00), 0.0307 (1)
(('a', 'i'), 'ɛĩ')	100.00	(rep: 100.00, dist: 100.00), 0.0307 (1)
(('a', 'i'), 'əũ')	100.00	(rep: 100.00, dist: 100.00), 0.0307 (1)
(('a', 'i'), 'ɑi')	100.00	(rep: 100.00, dist: 100.00), 0.0307 (1)
(('a', 'i'), 'æi')	100.00	(rep: 100.00, dist: 100.00), 0.0307 (1)
(('a', 'i'), 'æe')	100.00	(rep: 100.00, dist: 100.00), 0.0307 (1)
(('a', 'i'), 'eɛ')	100.00	(rep: 100.00, dist: 100.00), 0.0307 (1)
(('a', 'i'), 'ae')	100.00	(rep: 100.00, dist: 100.00), 0.0307 (1)
(('a', 'T'), ('oɤ', 'D'))	100.00	(rep: 100.00, dist: 100.00), 0.0307 (1)
(('a', 'S'), ('ɐ̰', '-'))	100.00	(rep: 100.00, dist: 100.00), 0.0307 (1)
(('a', 'S'), ('a', 'R'))	100.00	(rep: 100.00, dist: 100.00), 0.0307 (1)
(('a', 'R'), ('æa', '-'))	100.00	(rep: 100.00, dist: 100.00), 0.0307 (1)
(('a', 'R'), ('eæ', 'R'))	100.00	(rep: 100.00, dist: 100.00), 0.0307 (1)
(('a', 'M'), ('õː', 'M'))	100.00	(rep: 100.00, dist: 100.00), 0.0307 (1)
(('a', 'L'), ('ʏ', 'L'))	100.00	(rep: 100.00, dist: 100.00), 0.0307 (1)
(('a', 'L'), ('o', 'L'))	100.00	(rep: 100.00, dist: 100.00), 0.0307 (1)
(('a', 'K'), ('ɶ', '-'))	100.00	(rep: 100.00, dist: 100.00), 0.0307 (1)
(('a', 'K'), ('ɛ', 'G'))	100.00	(rep: 100.00, dist: 100.00), 0.0307 (1)
(('a', 'K'), ('ɔ', 'G'))	100.00	(rep: 100.00, dist: 100.00), 0.0307 (1)
(('a', 'C'), ('ɶ', '-'))	100.00	(rep: 100.00, dist: 100.00), 0.0307 (1)
(('a', 'C'), ('ɐ̰', '-'))	100.00	(rep: 100.00, dist: 100.00), 0.0307 (1)
(('a', 'C'), ('æa', '-'))	100.00	(rep: 100.00, dist: 100.00), 0.0307 (1)
(('a', 'C'), ('õː', 'C'))	100.00	(rep: 100.00, dist: 100.00), 0.0307 (1)
(('a', 'C'), ('oɤ', 'C'))	100.00	(rep: 100.00, dist: 100.00), 0.0307 (1)
(('a',), 'ɶ')	100.00	(rep: 100.00, dist: 100.00), 0.0307 (1)
(('a',), 'ɐ̰')	100.00	(rep: 100.00, dist: 100.00), 0.0307 (1)
(('a',), 'æa')	100.00	(rep: 100.00, dist: 100.00), 0.0307 (1)
(('a',), 'õː')	100.00	(rep: 100.00, dist: 100.00), 0.0307 (1)
(('a',), 'oɤ')	100.00	(rep: 100.00, dist: 100.00), 0.0307 (1)
(('Y', 's'), ('Y', 'sʲ'))	100.00	(rep: 100.00, dist: 100.00), 0.0307 (1)
(('Y', 'r'), ('U', 'dⁿ'))	100.00	(rep: 100.00, dist: 100.00), 0.0307 (1)
(('Y', 'p'), ('U', 'pⁿ'))	100.00	(rep: 100.00, dist: 100.00), 0.0307 (1)
(('Y', 'f'), ('U', 'bⁿ'))	100.00	(rep: 100.00, dist: 100.00), 0.0307 (1)
(('Y', '-'), ('U', '-'))	100.00	(rep: 100.00, dist: 100.00), 0.0307 (1)
(('W', 'iː'), ('B', 'e'))	100.00	(rep: 100.00, dist: 100.00), 0.0307 (1)
(('W', 'a'), ('B', 'æa'))	100.00	(rep: 100.00, dist: 100.00), 0.0307 (1)
(('W', 'a'), ('B', 'eæ'))	100.00	(rep: 100.00, dist: 100.00), 0.0307 (1)
(('V', 'θ'), ('V', 'tʰ'))	100.00	(rep: 100.00, dist: 100.00), 0.0307 (1)
(('V', 'ɡ'), ('V', 'gⁿ'))	100.00	(rep: 100.00, dist: 100.00), 0.0307 (1)
(('V', 'z'), ('-', 'ʃ'))	100.00	(rep: 100.00, dist: 100.00), 0.0307 (1)
(('V', 'r'), ('V', 'dⁿ'))	100.00	(rep: 100.00, dist: 100.00), 0.0307 (1)
(('V', 'r'), ('-', 'ɾʰ'))	100.00	(rep: 100.00, dist: 100.00), 0.0307 (1)
(('V', 'p'), ('V', 'pⁿ'))	100.00	(rep: 100.00, dist: 100.00), 0.0307 (1)
(('V', 'n'), ('-', 'sʲ'))	100.00	(rep: 100.00, dist: 100.00), 0.0307 (1)
(('V', 'm'), ('V', 'n'))	100.00	(rep: 100.00, dist: 100.00), 0.0307 (1)
(('V', 'l'), ('V', 'ʟ'))	100.00	(rep: 100.00, dist: 100.00), 0.0307 (1)
(('V', 'f'), ('V', 'bⁿ'))	100.00	(rep: 100.00, dist: 100.00), 0.0307 (1)
(('V', 'd'), ('V', 'ð'))	100.00	(rep: 100.00, dist: 100.00), 0.0307 (1)
(('V', 'd'), ('V', 'k'))	100.00	(rep: 100.00, dist: 100.00), 0.0307 (1)
(('V', 'd'), ('-', 'tʰ'))	100.00	(rep: 100.00, dist: 100.00), 0.0307 (1)
(('V', '-'), ('-', 'tʰ'))	100.00	(rep: 100.00, dist: 100.00), 0.0307 (1)
(('U', 'n'), ('-', 'sʲ'))	100.00	(rep: 100.00, dist: 100.00), 0.0307 (1)
(('U', 'l'), ('A', 'ɫ'))	100.00	(rep: 100.00, dist: 100.00), 0.0307 (1)
(('U', 'd'), ('Y', 'k'))	100.00	(rep: 100.00, dist: 100.00), 0.0307 (1)
(('U', '-'), ('-', 'tʰ'))	100.00	(rep: 100.00, dist: 100.00), 0.0307 (1)
(('T', 'oː'), ('T', 'aɔ'))	100.00	(rep: 100.00, dist: 100.00), 0.0307 (1)
(('T', 'eː'), ('K', 'ɐ'))	100.00	(rep: 100.00, dist: 100.00), 0.0307 (1)
(('T', 'eː'), ('D', 'ɐ'))	100.00	(rep: 100.00, dist: 100.00), 0.0307 (1)
(('T', 'ai'), ('T', 'æi'))	100.00	(rep: 100.00, dist: 100.00), 0.0307 (1)
(('T', '-'), ('T', 'ɹ'))	100.00	(rep: 100.00, dist: 100.00), 0.0307 (1)
(('S', 't'), ('S', 'tʰ'))	100.00	(rep: 100.00, dist: 100.00), 0.0307 (1)
(('S', 'n'), ('S', '-'))	100.00	(rep: 100.00, dist: 100.00), 0.0307 (1)
(('S', 'k'), ('S', 'x'))	100.00	(rep: 100.00, dist: 100.00), 0.0307 (1)
(('S', 'ai'), ('S', 'eɛ'))	100.00	(rep: 100.00, dist: 100.00), 0.0307 (1)
(('S', 'a'), ('S', 'ʏ'))	100.00	(rep: 100.00, dist: 100.00), 0.0307 (1)
(('R', 'u'), ('R', 'õː'))	100.00	(rep: 100.00, dist: 100.00), 0.0307 (1)
(('R', 'oː'), ('R', 'uɤ'))	100.00	(rep: 100.00, dist: 100.00), 0.0307 (1)
(('R', 'oː'), ('G', 'ɶ'))	100.00	(rep: 100.00, dist: 100.00), 0.0307 (1)
(('R', 'n'), ('T', '-'))	100.00	(rep: 100.00, dist: 100.00), 0.0307 (1)
(('R', 'e'), ('R', 'aɛ'))	100.00	(rep: 100.00, dist: 100.00), 0.0307 (1)
(('R', 'au'), ('R', 'ɒo'))	100.00	(rep: 100.00, dist: 100.00), 0.0307 (1)
(('P', 'ai'), ('P', 'ɛĩ'))	100.00	(rep: 100.00, dist: 100.00), 0.0307 (1)
(('P', 'a'), ('-', 'ɐ̰'))	100.00	(rep: 100.00, dist: 100.00), 0.0307 (1)
(('N', 'θ'), ('N', 'tʰ'))	100.00	(rep: 100.00, dist: 100.00), 0.0307 (1)
(('N', 'eu'), ('N', 'æi'))	100.00	(rep: 100.00, dist: 100.00), 0.0307 (1)
(('N', 'e'), ('N', 'ɛe'))	100.00	(rep: 100.00, dist: 100.00), 0.0307 (1)
(('N', 'ai'), ('-', 'æe'))	100.00	(rep: 100.00, dist: 100.00), 0.0307 (1)
(('N', 'a'), ('N', 'ɶ'))	100.00	(rep: 100.00, dist: 100.00), 0.0307 (1)
(('N', 'a'), ('N', 'õː'))	100.00	(rep: 100.00, dist: 100.00), 0.0307 (1)
(('N', '-'), ('-', 'x'))	100.00	(rep: 100.00, dist: 100.00), 0.0307 (1)
(('M', 'oː'), ('M', 'u'))	100.00	(rep: 100.00, dist: 100.00), 0.0307 (1)
(('M', 'a'), ('N', '-'))	100.00	(rep: 100.00, dist: 100.00), 0.0307 (1)
(('L', 'oː'), ('L', 'ʊu'))	100.00	(rep: 100.00, dist: 100.00), 0.0307 (1)
(('L', 'i'), ('L', 'ɛi'))	100.00	(rep: 100.00, dist: 100.00), 0.0307 (1)
(('L', 'd'), ('L', 'tʰ'))	100.00	(rep: 100.00, dist: 100.00), 0.0307 (1)
(('L', 'au'), ('L', 'ɑo'))	100.00	(rep: 100.00, dist: 100.00), 0.0307 (1)
(('L', 'a'), ('L', 'ɛ'))	100.00	(rep: 100.00, dist: 100.00), 0.0307 (1)
(('K', 'oː'), ('K', 'aɔ'))	100.00	(rep: 100.00, dist: 100.00), 0.0307 (1)
(('K', 'a'), ('K', 'o'))	100.00	(rep: 100.00, dist: 100.00), 0.0307 (1)
(('K', '-'), ('K', 'o'))	100.00	(rep: 100.00, dist: 100.00), 0.0307 (1)
(('K', '-'), ('G', 'ɔ'))	100.00	(rep: 100.00, dist: 100.00), 0.0307 (1)
(('J', 'eː'), ('J', 'o'))	100.00	(rep: 100.00, dist: 100.00), 0.0307 (1)
(('I', 't'), ('E', 'tʰ'))	100.00	(rep: 100.00, dist: 100.00), 0.0307 (1)
(('I', 's'), ('I', 'sʲ'))	100.00	(rep: 100.00, dist: 100.00), 0.0307 (1)
(('I', 'b'), ('E', 'f'))	100.00	(rep: 100.00, dist: 100.00), 0.0307 (1)
(('H', 'u'), ('H', 'ɶ'))	100.00	(rep: 100.00, dist: 100.00), 0.0307 (1)
(('G', 'w'), ('-', 'ɴ'))	100.00	(rep: 100.00, dist: 100.00), 0.0307 (1)
(('G', 'u'), ('H', 'ɔ̃'))	100.00	(rep: 100.00, dist: 100.00), 0.0307 (1)
(('G', 'u'), ('H', 'u'))	100.00	(rep: 100.00, dist: 100.00), 0.0307 (1)
(('G', 'u'), ('H', 'õ'))	100.00	(rep: 100.00, dist: 100.00), 0.0307 (1)
(('G', 's'), ('-', 'sʲ'))	100.00	(rep: 100.00, dist: 100.00), 0.0307 (1)
(('G', 'r'), ('-', 'ɹ'))	100.00	(rep: 100.00, dist: 100.00), 0.0307 (1)
(('G', 'au'), ('H', 'œ'))	100.00	(rep: 100.00, dist: 100.00), 0.0307 (1)
(('G', 'au'), ('H', 'øæ'))	100.00	(rep: 100.00, dist: 100.00), 0.0307 (1)
(('G', 'ai'), ('N', 'a'))	100.00	(rep: 100.00, dist: 100.00), 0.0307 (1)
(('G', 'ai'), ('H', 'ae'))	100.00	(rep: 100.00, dist: 100.00), 0.0307 (1)
(('G', 'a'), ('H', 'ã'))	100.00	(rep: 100.00, dist: 100.00), 0.0307 (1)
(('E', 'ɡ'), ('E', 'gⁿ'))	100.00	(rep: 100.00, dist: 100.00), 0.0307 (1)
(('E', 'w'), ('E', 'gⁿ'))	100.00	(rep: 100.00, dist: 100.00), 0.0307 (1)
(('E', 's'), ('E', 'ʃ'))	100.00	(rep: 100.00, dist: 100.00), 0.0307 (1)
(('E', 'r'), ('U', 'ɹ'))	100.00	(rep: 100.00, dist: 100.00), 0.0307 (1)
(('E', 'r'), ('-', 'ɾʰ'))	100.00	(rep: 100.00, dist: 100.00), 0.0307 (1)
(('E', 'l'), ('I', 'ʟ'))	100.00	(rep: 100.00, dist: 100.00), 0.0307 (1)
(('E', 'd'), ('I', 'dⁿ'))	100.00	(rep: 100.00, dist: 100.00), 0.0307 (1)
(('E', 'b'), ('U', 'bⁿ'))	100.00	(rep: 100.00, dist: 100.00), 0.0307 (1)
(('D', 'z'), ('T', 's'))	100.00	(rep: 100.00, dist: 100.00), 0.0307 (1)
(('D', 'u'), ('T', 'ɶ'))	100.00	(rep: 100.00, dist: 100.00), 0.0307 (1)
(('D', 'oː'), ('T', 'æ'))	100.00	(rep: 100.00, dist: 100.00), 0.0307 (1)
(('D', 'e'), ('T', 'eː'))	100.00	(rep: 100.00, dist: 100.00), 0.0307 (1)
(('C', 'θ'), ('C', 'tʰ'))	100.00	(rep: 100.00, dist: 100.00), 0.0307 (1)
(('C', 'w'), ('-', 'ɴ'))	100.00	(rep: 100.00, dist: 100.00), 0.0307 (1)
(('C', 'u'), ('C', 'õː'))	100.00	(rep: 100.00, dist: 100.00), 0.0307 (1)
(('C', 'u'), ('C', 'õ'))	100.00	(rep: 100.00, dist: 100.00), 0.0307 (1)
(('C', 's'), ('-', 'sʲ'))	100.00	(rep: 100.00, dist: 100.00), 0.0307 (1)
(('C', 'r'), ('-', 'ɹ'))	100.00	(rep: 100.00, dist: 100.00), 0.0307 (1)
(('C', 'oː'), ('C', 'ʊu'))	100.00	(rep: 100.00, dist: 100.00), 0.0307 (1)
(('C', 'oː'), ('C', 'ɶ'))	100.00	(rep: 100.00, dist: 100.00), 0.0307 (1)
(('C', 'oː'), ('C', 'æ'))	100.00	(rep: 100.00, dist: 100.00), 0.0307 (1)
(('C', 'oː'), ('C', 'uɤ'))	100.00	(rep: 100.00, dist: 100.00), 0.0307 (1)
(('C', 'k'), ('C', 'x'))	100.00	(rep: 100.00, dist: 100.00), 0.0307 (1)
(('C', 'iː'), ('C', 'e'))	100.00	(rep: 100.00, dist: 100.00), 0.0307 (1)
(('C', 'i'), ('C', 'ɛi'))	100.00	(rep: 100.00, dist: 100.00), 0.0307 (1)
(('C', 'eː'), ('C', 'o'))	100.00	(rep: 100.00, dist: 100.00), 0.0307 (1)
(('C', 'eu'), ('C', 'æi'))	100.00	(rep: 100.00, dist: 100.00), 0.0307 (1)
(('C', 'e'), ('C', 'ɛe'))	100.00	(rep: 100.00, dist: 100.00), 0.0307 (1)
(('C', 'e'), ('C', 'aɛ'))	100.00	(rep: 100.00, dist: 100.00), 0.0307 (1)
(('C', 'au'), ('C', 'ɒo'))	100.00	(rep: 100.00, dist: 100.00), 0.0307 (1)
(('C', 'au'), ('C', 'œ'))	100.00	(rep: 100.00, dist: 100.00), 0.0307 (1)
(('C', 'au'), ('C', 'øæ'))	100.00	(rep: 100.00, dist: 100.00), 0.0307 (1)
(('C', 'ai'), ('C', 'ɛĩ'))	100.00	(rep: 100.00, dist: 100.00), 0.0307 (1)
(('C', 'ai'), ('C', 'æi'))	100.00	(rep: 100.00, dist: 100.00), 0.0307 (1)
(('C', 'ai'), ('C', 'eɛ'))	100.00	(rep: 100.00, dist: 100.00), 0.0307 (1)
(('C', 'ai'), ('C', 'ae'))	100.00	(rep: 100.00, dist: 100.00), 0.0307 (1)
(('C', 'ai'), ('-', 'æe'))	100.00	(rep: 100.00, dist: 100.00), 0.0307 (1)
(('C', 'a'), ('C', 'ɶ'))	100.00	(rep: 100.00, dist: 100.00), 0.0307 (1)
(('C', 'a'), ('C', 'æa'))	100.00	(rep: 100.00, dist: 100.00), 0.0307 (1)
(('C', 'a'), ('C', 'õː'))	100.00	(rep: 100.00, dist: 100.00), 0.0307 (1)
(('C', 'a'), ('C', 'oɤ'))	100.00	(rep: 100.00, dist: 100.00), 0.0307 (1)
(('C', 'a'), ('C', 'eæ'))	100.00	(rep: 100.00, dist: 100.00), 0.0307 (1)
(('C', 'a'), ('C', 'ã'))	100.00	(rep: 100.00, dist: 100.00), 0.0307 (1)
(('C', 'a'), ('-', 'ɐ̰'))	100.00	(rep: 100.00, dist: 100.00), 0.0307 (1)
(('C', '-'), ('C', 'ɹ'))	100.00	(rep: 100.00, dist: 100.00), 0.0307 (1)
(('C', '-'), ('C', 'ɔ'))	100.00	(rep: 100.00, dist: 100.00), 0.0307 (1)
(('C', '-'), ('C', 'o'))	100.00	(rep: 100.00, dist: 100.00), 0.0307 (1)
(('C', '-'), ('-', 'x'))	100.00	(rep: 100.00, dist: 100.00), 0.0307 (1)
(('B', 'e'), ('B', 'i'))	100.00	(rep: 100.00, dist: 100.00), 0.0307 (1)
(('B', 'a'), ('B', 'oɤ'))	100.00	(rep: 100.00, dist: 100.00), 0.0307 (1)
(('A', 'θ'), ('A', 'tʰ'))	100.00	(rep: 100.00, dist: 100.00), 0.0307 (1)
(('A', 'z'), ('A', 'ɹ'))	100.00	(rep: 100.00, dist: 100.00), 0.0307 (1)
(('A', 'z'), ('-', 'ʃ'))	100.00	(rep: 100.00, dist: 100.00), 0.0307 (1)
(('A', 'm'), ('A', 'n'))	100.00	(rep: 100.00, dist: 100.00), 0.0307 (1)
(('A', 'l'), ('Y', 'ɫ'))	100.00	(rep: 100.00, dist: 100.00), 0.0307 (1)
(('A', 'd'), ('U', 'ð'))	100.00	(rep: 100.00, dist: 100.00), 0.0307 (1)
(('A', 'd'), ('O', 'tʰ'))	100.00	(rep: 100.00, dist: 100.00), 0.0307 (1)
(('A', 'd'), ('-', 'tʰ'))	100.00	(rep: 100.00, dist: 100.00), 0.0307 (1)
(('A', 'b'), ('A', 'f'))	100.00	(rep: 100.00, dist: 100.00), 0.0307 (1)
(('-', 'z'), ('V', 'm'))	100.00	(rep: 100.00, dist: 100.00), 0.0307 (1)
(('-', 'z'), ('U', 'm'))	100.00	(rep: 100.00, dist: 100.00), 0.0307 (1)
(('-', 'u'), ('H', 'ɔu'))	100.00	(rep: 100.00, dist: 100.00), 0.0307 (1)
(('-', 'u'), ('H', 'ɔo'))	100.00	(rep: 100.00, dist: 100.00), 0.0307 (1)
(('-', 'u'), ('H', 'ou'))	100.00	(rep: 100.00, dist: 100.00), 0.0307 (1)
(('-', 'u'), ('C', 'ɔu'))	100.00	(rep: 100.00, dist: 100.00), 0.0307 (1)
(('-', 'u'), ('C', 'ɔo'))	100.00	(rep: 100.00, dist: 100.00), 0.0307 (1)
(('-', 'u'), ('C', 'ou'))	100.00	(rep: 100.00, dist: 100.00), 0.0307 (1)
(('-', 'l'), ('U', '-'))	100.00	(rep: 100.00, dist: 100.00), 0.0307 (1)
(('-', 'e'), ('S', 'ĩ'))	100.00	(rep: 100.00, dist: 100.00), 0.0307 (1)
(('-', 'e'), ('H', 'æi'))	100.00	(rep: 100.00, dist: 100.00), 0.0307 (1)
(('-', 'e'), ('H', 'ĩ'))	100.00	(rep: 100.00, dist: 100.00), 0.0307 (1)
(('-', 'e'), ('H', 'e'))	100.00	(rep: 100.00, dist: 100.00), 0.0307 (1)
(('-', 'e'), ('C', 'æi'))	100.00	(rep: 100.00, dist: 100.00), 0.0307 (1)
(('-', 'e'), ('C', 'e'))	100.00	(rep: 100.00, dist: 100.00), 0.0307 (1)
(('-', 'au'), ('H', 'ɔu'))	100.00	(rep: 100.00, dist: 100.00), 0.0307 (1)
(('-', 'au'), ('H', 'oɔ'))	100.00	(rep: 100.00, dist: 100.00), 0.0307 (1)
(('-', 'au'), ('C', 'ɔu'))	100.00	(rep: 100.00, dist: 100.00), 0.0307 (1)
(('-', 'au'), ('C', 'oɔ'))	100.00	(rep: 100.00, dist: 100.00), 0.0307 (1)
(('-', 'ai'), ('S', 'əũ'))	100.00	(rep: 100.00, dist: 100.00), 0.0307 (1)
(('-', 'ai'), ('H', 'ɑi'))	100.00	(rep: 100.00, dist: 100.00), 0.0307 (1)
(('-', 'ai'), ('H', 'æ'))	100.00	(rep: 100.00, dist: 100.00), 0.0307 (1)
(('-', 'ai'), ('C', 'əũ'))	100.00	(rep: 100.00, dist: 100.00), 0.0307 (1)
(('-', 'ai'), ('C', 'ɑi'))	100.00	(rep: 100.00, dist: 100.00), 0.0307 (1)
(('-', 'ai'), ('C', 'æ'))	100.00	(rep: 100.00, dist: 100.00), 0.0307 (1)
(('-', 'a'), ('S', 'ã'))	100.00	(rep: 100.00, dist: 100.00), 0.0307 (1)
(('-', 'a'), ('H', 'ɑ'))	100.00	(rep: 100.00, dist: 100.00), 0.0307 (1)
(('-', 'a'), ('C', 'ɑ'))	100.00	(rep: 100.00, dist: 100.00), 0.0307 (1)
(('-', 'a'), ('C', 'ã'))	100.00	(rep: 100.00, dist: 100.00), 0.0307 (1)
(('-', 'V'), ('ɹ', '-'))	100.00	(rep: 100.00, dist: 100.00), 0.0307 (1)
(('-', 'S'), ('ɔu', 'M'))	100.00	(rep: 100.00, dist: 100.00), 0.0307 (1)
(('-', 'R'), ('-', 'G'))	100.00	(rep: 100.00, dist: 100.00), 0.0307 (1)
(('-', 'L'), ('ɔ', '-'))	100.00	(rep: 100.00, dist: 100.00), 0.0307 (1)
(('-', 'E'), ('ɹ', '-'))	100.00	(rep: 100.00, dist: 100.00), 0.0307 (1)
(('-', 'C'), ('ɔu', 'C'))	100.00	(rep: 100.00, dist: 100.00), 0.0307 (1)
(('-', 'C'), ('ɔ', '-'))	100.00	(rep: 100.00, dist: 100.00), 0.0307 (1)
(('-', '-'), ('ˌb', 'V'))	100.00	(rep: 100.00, dist: 100.00), 0.0307 (1)
(('-', '-'), ('ˌb', 'U'))	100.00	(rep: 100.00, dist: 100.00), 0.0307 (1)
(('-', '-'), ('o', 'P'))	100.00	(rep: 100.00, dist: 100.00), 0.0307 (1)
(('-', '-'), ('o', 'C'))	100.00	(rep: 100.00, dist: 100.00), 0.0307 (1)
(('-', '-'), ('V', 'ˌb'))	100.00	(rep: 100.00, dist: 100.00), 0.0307 (1)
(('-', '-'), ('U', 'ˌb'))	100.00	(rep: 100.00, dist: 100.00), 0.0307 (1)
(('-', '-'), ('P', 'ɔu'))	100.00	(rep: 100.00, dist: 100.00), 0.0307 (1)
(('-', '-'), ('C', 'ɔu'))	100.00	(rep: 100.00, dist: 100.00), 0.0307 (1)
(('-',), 'ˌb')	100.00	(rep: 100.00, dist: 100.00), 0.0307 (1)
(('-',), 'ɔu')	100.00	(rep: 100.00, dist: 100.00), 0.0307 (1)
(('-',), 'ɔ')	100.00	(rep: 100.00, dist: 100.00), 0.0307 (1)
(('-',), 'x')	100.00	(rep: 100.00, dist: 100.00), 0.0307 (1)
(('-',), 'tʰ')	100.00	(rep: 100.00, dist: 100.00), 0.0307 (1)
(('-',), 'o')	100.00	(rep: 100.00, dist: 100.00), 0.0307 (1)
and 984 more
=====================================

Cluster 4:
-------------------------------------
Grou
Ostend
Veenkolonien
-------
(('z', '-'), ('-', 'V'))	100.00	(rep: 100.00, dist: 100.00), 0.0509 (5)
(('z', '-'), ('-', 'E'))	100.00	(rep: 100.00, dist: 100.00), 0.0509 (5)
(('S', '-'), ('-', 'ə'))	100.00	(rep: 100.00, dist: 100.00), 0.0407 (4)
(('C', '-'), ('-', 'ə'))	100.00	(rep: 100.00, dist: 100.00), 0.0407 (4)
(('-', 'p'), ('-', 'p'))	85.42	(rep: 100.00, dist: 70.83), 0.0611 (6)
(('-', 'o'), ('-', 'ə'))	85.42	(rep: 100.00, dist: 70.83), 0.0611 (6)
(('r', 'E'), ('ɾ', 'E'))	85.42	(rep: 100.00, dist: 70.83), 0.0509 (5)
(('o', 'N'), ('ə', '-'))	85.42	(rep: 100.00, dist: 70.83), 0.0305 (3)
(('o', 'C'), ('ə', '-'))	85.42	(rep: 100.00, dist: 70.83), 0.0305 (3)
(('o',), 'ə')	85.42	(rep: 100.00, dist: 70.83), 0.0305 (3)
(('e', 'S'), ('ə', '-'))	85.42	(rep: 100.00, dist: 70.83), 0.0305 (3)
(('e', 'C'), ('ə', '-'))	85.42	(rep: 100.00, dist: 70.83), 0.0305 (3)
(('E', 'z'), ('E', '-'))	85.42	(rep: 100.00, dist: 70.83), 0.0305 (3)
(('ɡ', '-'), ('h', '-'))	83.33	(rep: 66.67, dist: 100.00), 0.0611 (6)
(('#', 'ɡ'), ('#', 'h'))	83.33	(rep: 66.67, dist: 100.00), 0.0611 (6)
(('ɡ',), 'h')	83.33	(rep: 66.67, dist: 100.00), 0.0407 (4)
(('n', '#'), ('r', '#'))	83.33	(rep: 66.67, dist: 100.00), 0.0407 (4)
(('-', 'au'), ('-', 'o'))	83.33	(rep: 66.67, dist: 100.00), 0.0407 (4)
(('d', 'V'), ('d̪', '-'))	83.33	(rep: 66.67, dist: 100.00), 0.0305 (3)
(('K', '-'), ('H', '-'))	83.33	(rep: 66.67, dist: 100.00), 0.0305 (3)
(('z', '-'), ('z', 'V'))	83.33	(rep: 66.67, dist: 100.00), 0.0204 (2)
(('z', '-'), ('z', 'E'))	83.33	(rep: 66.67, dist: 100.00), 0.0204 (2)
(('uː', 'S'), ('oː', '-'))	83.33	(rep: 66.67, dist: 100.00), 0.0204 (2)
(('uː', 'C'), ('oː', '-'))	83.33	(rep: 66.67, dist: 100.00), 0.0204 (2)
(('u', 'ː'), 'oː')	83.33	(rep: 66.67, dist: 100.00), 0.0204 (2)
(('u',), 'ə̃')	83.33	(rep: 66.67, dist: 100.00), 0.0204 (2)
(('n',), 'r')	83.33	(rep: 66.67, dist: 100.00), 0.0204 (2)
(('k', 'U'), ('k', 'E'))	83.33	(rep: 66.67, dist: 100.00), 0.0204 (2)
(('d', 'E'), ('d̪', '-'))	83.33	(rep: 66.67, dist: 100.00), 0.0204 (2)
(('b', 'A'), ('v', '-'))	83.33	(rep: 66.67, dist: 100.00), 0.0204 (2)
(('a',), 'iə')	83.33	(rep: 66.67, dist: 100.00), 0.0204 (2)
(('W', 'u'), ('B', 'œ'))	83.33	(rep: 66.67, dist: 100.00), 0.0204 (2)
(('V', 'n'), ('-', 'r'))	83.33	(rep: 66.67, dist: 100.00), 0.0204 (2)
(('U', 'n'), ('-', 'r'))	83.33	(rep: 66.67, dist: 100.00), 0.0204 (2)
(('S', 'z'), ('-', 'z'))	83.33	(rep: 66.67, dist: 100.00), 0.0204 (2)
(('M', 'uː'), ('M', 'oː'))	83.33	(rep: 66.67, dist: 100.00), 0.0204 (2)
(('E', 'k'), ('E', 'k'))	83.33	(rep: 66.67, dist: 100.00), 0.0204 (2)
(('C', 'z'), ('-', 'z'))	83.33	(rep: 66.67, dist: 100.00), 0.0204 (2)
(('C', 'uː'), ('C', 'oː'))	83.33	(rep: 66.67, dist: 100.00), 0.0204 (2)
(('C', 'u'), ('C', 'ə̃'))	83.33	(rep: 66.67, dist: 100.00), 0.0204 (2)
(('C', 'e'), ('C', 'ø'))	83.33	(rep: 66.67, dist: 100.00), 0.0204 (2)
(('C', 'a'), ('C', 'iə'))	83.33	(rep: 66.67, dist: 100.00), 0.0204 (2)
(('A', 'r'), ('-', 'r'))	83.33	(rep: 66.67, dist: 100.00), 0.0204 (2)
(('A', 'll'), ('A', '-'))	83.33	(rep: 66.67, dist: 100.00), 0.0204 (2)
(('A', 'd'), ('U', 'd̪'))	83.33	(rep: 66.67, dist: 100.00), 0.0204 (2)
and 2382 more
=====================================

Cluster 5:
-------------------------------------
Feer
Heligoland
-------
(('#', 'ɡ'), ('#', 'g'))	100.00	(rep: 100.00, dist: 100.00), 0.2200 (14)
(('ɡ', '-'), ('g', '-'))	100.00	(rep: 100.00, dist: 100.00), 0.1571 (10)
(('ɡ',), 'g')	100.00	(rep: 100.00, dist: 100.00), 0.1100 (7)
(('θ', '-'), ('dˡ', '-'))	100.00	(rep: 100.00, dist: 100.00), 0.0628 (4)
(('u', '-'), ('-', '-'))	100.00	(rep: 100.00, dist: 100.00), 0.0628 (4)
(('a',), 'eː')	100.00	(rep: 100.00, dist: 100.00), 0.0628 (4)
(('S', 'k'), ('S', 'g'))	100.00	(rep: 100.00, dist: 100.00), 0.0628 (4)
(('C', 'uː'), ('C', 'ʏ'))	100.00	(rep: 100.00, dist: 100.00), 0.0628 (4)
(('C', 'k'), ('C', 'g'))	100.00	(rep: 100.00, dist: 100.00), 0.0628 (4)
(('#', 'θ'), ('#', 'tʰ'))	100.00	(rep: 100.00, dist: 100.00), 0.0628 (4)
(('#', 'w'), ('#', 'ʔ'))	100.00	(rep: 100.00, dist: 100.00), 0.0628 (4)
(('#', 'b'), ('#', 'n'))	100.00	(rep: 100.00, dist: 100.00), 0.0628 (4)
(('x',), 'ç')	100.00	(rep: 100.00, dist: 100.00), 0.0471 (3)
(('k', 'V'), ('g', 'V'))	100.00	(rep: 100.00, dist: 100.00), 0.0471 (3)
(('k', 'A'), ('kʰ', 'Y'))	100.00	(rep: 100.00, dist: 100.00), 0.0471 (3)
(('a',), 'ea')	100.00	(rep: 100.00, dist: 100.00), 0.0471 (3)
(('C', 'a'), ('C', 'eː'))	100.00	(rep: 100.00, dist: 100.00), 0.0471 (3)
(('A', 'n'), ('Y', '-'))	100.00	(rep: 100.00, dist: 100.00), 0.0471 (3)
(('θ', 'V'), ('tʰ', 'V'))	100.00	(rep: 100.00, dist: 100.00), 0.0314 (2)
(('θ', 'V'), ('n', '-'))	100.00	(rep: 100.00, dist: 100.00), 0.0314 (2)
(('θ', 'A'), ('n', '-'))	100.00	(rep: 100.00, dist: 100.00), 0.0314 (2)
(('θ',), 'n')	100.00	(rep: 100.00, dist: 100.00), 0.0314 (2)
(('θ',), 'dˡ')	100.00	(rep: 100.00, dist: 100.00), 0.0314 (2)
(('ɡ', 'V'), ('g', 'V'))	100.00	(rep: 100.00, dist: 100.00), 0.0314 (2)
(('w', 'Y'), ('ʔ', 'U'))	100.00	(rep: 100.00, dist: 100.00), 0.0314 (2)
(('w', 'V'), ('ʔ', 'V'))	100.00	(rep: 100.00, dist: 100.00), 0.0314 (2)
(('w',), 'ʔ')	100.00	(rep: 100.00, dist: 100.00), 0.0314 (2)
(('uː', 'S'), ('ʏ', 'S'))	100.00	(rep: 100.00, dist: 100.00), 0.0314 (2)
(('uː', 'S'), ('ʏ', '-'))	100.00	(rep: 100.00, dist: 100.00), 0.0314 (2)
(('uː', 'C'), ('ʏ', '-'))	100.00	(rep: 100.00, dist: 100.00), 0.0314 (2)
(('t', 'U'), ('d', 'Y'))	100.00	(rep: 100.00, dist: 100.00), 0.0314 (2)
(('l', 'T'), ('-', 'L'))	100.00	(rep: 100.00, dist: 100.00), 0.0314 (2)
(('l', 'I'), ('l', 'Y'))	100.00	(rep: 100.00, dist: 100.00), 0.0314 (2)
(('k', 'Y'), ('kʰ', 'Y'))	100.00	(rep: 100.00, dist: 100.00), 0.0314 (2)
(('k', 'A'), ('g', 'A'))	100.00	(rep: 100.00, dist: 100.00), 0.0314 (2)
(('i', 'P'), ('ʏ', 'B'))	100.00	(rep: 100.00, dist: 100.00), 0.0314 (2)
(('i', 'C'), ('ʏ', 'C'))	100.00	(rep: 100.00, dist: 100.00), 0.0314 (2)
(('i',), 'ʏ')	100.00	(rep: 100.00, dist: 100.00), 0.0314 (2)
(('d', 'V'), ('l', '-'))	100.00	(rep: 100.00, dist: 100.00), 0.0314 (2)
(('d', 'A'), ('l', '-'))	100.00	(rep: 100.00, dist: 100.00), 0.0314 (2)
(('d',), 'l')	100.00	(rep: 100.00, dist: 100.00), 0.0314 (2)
(('b', 'V'), ('n', 'V'))	100.00	(rep: 100.00, dist: 100.00), 0.0314 (2)
(('b', 'A'), ('v', 'A'))	100.00	(rep: 100.00, dist: 100.00), 0.0314 (2)
(('b', 'A'), ('n', 'A'))	100.00	(rep: 100.00, dist: 100.00), 0.0314 (2)
(('b',), 'n')	100.00	(rep: 100.00, dist: 100.00), 0.0314 (2)
(('ai', 'L'), ('e', 'L'))	100.00	(rep: 100.00, dist: 100.00), 0.0314 (2)
(('a', 'K'), ('e', '-'))	100.00	(rep: 100.00, dist: 100.00), 0.0314 (2)
(('a', 'D'), ('a', 'N'))	100.00	(rep: 100.00, dist: 100.00), 0.0314 (2)
(('a', 'C'), ('eː', 'C'))	100.00	(rep: 100.00, dist: 100.00), 0.0314 (2)
(('Y', '-'), ('-', '-'))	100.00	(rep: 100.00, dist: 100.00), 0.0314 (2)
(('V', 'θ'), ('V', 'n'))	100.00	(rep: 100.00, dist: 100.00), 0.0314 (2)
(('V', 'θ'), ('V', 'dˡ'))	100.00	(rep: 100.00, dist: 100.00), 0.0314 (2)
(('V', 'x'), ('V', 'ç'))	100.00	(rep: 100.00, dist: 100.00), 0.0314 (2)
(('T', 'a'), ('L', '-'))	100.00	(rep: 100.00, dist: 100.00), 0.0314 (2)
(('P', 'a'), ('N', 'a'))	100.00	(rep: 100.00, dist: 100.00), 0.0314 (2)
(('P', 'a'), ('B', 'a'))	100.00	(rep: 100.00, dist: 100.00), 0.0314 (2)
(('M', 'uː'), ('M', 'ʏ'))	100.00	(rep: 100.00, dist: 100.00), 0.0314 (2)
(('L', 'i'), ('L', 'ʏ'))	100.00	(rep: 100.00, dist: 100.00), 0.0314 (2)
(('L', 'd'), ('-', 'l'))	100.00	(rep: 100.00, dist: 100.00), 0.0314 (2)
(('I', 'b'), ('Y', 'v'))	100.00	(rep: 100.00, dist: 100.00), 0.0314 (2)
(('H', 'u'), ('H', 'œ'))	100.00	(rep: 100.00, dist: 100.00), 0.0314 (2)
(('G', 'uː'), ('H', 'ʏ'))	100.00	(rep: 100.00, dist: 100.00), 0.0314 (2)
(('E', 'θ'), ('E', 'dˡ'))	100.00	(rep: 100.00, dist: 100.00), 0.0314 (2)
(('E', 'x'), ('E', 'ç'))	100.00	(rep: 100.00, dist: 100.00), 0.0314 (2)
(('D', 'a'), ('N', '-'))	100.00	(rep: 100.00, dist: 100.00), 0.0314 (2)
(('C', 'i'), ('C', 'ʏ'))	100.00	(rep: 100.00, dist: 100.00), 0.0314 (2)
(('C', 'e'), ('C', 'œ'))	100.00	(rep: 100.00, dist: 100.00), 0.0314 (2)
(('C', 'd'), ('-', 'l'))	100.00	(rep: 100.00, dist: 100.00), 0.0314 (2)
(('A', 'θ'), ('A', 'n'))	100.00	(rep: 100.00, dist: 100.00), 0.0314 (2)
(('-', 'Y'), ('-', 'O'))	100.00	(rep: 100.00, dist: 100.00), 0.0314 (2)
(('V', 't'), ('V', 'tʰ'))	81.58	(rep: 100.00, dist: 63.16), 0.1257 (8)
(('k',), 'g')	81.58	(rep: 100.00, dist: 63.16), 0.0943 (6)
(('C', 't'), ('C', 'd'))	81.58	(rep: 100.00, dist: 63.16), 0.0943 (6)
(('u', 'ː'), 'ʏ')	81.58	(rep: 100.00, dist: 63.16), 0.0786 (5)
(('Y', 'n'), ('O', 'ŋ'))	81.58	(rep: 100.00, dist: 63.16), 0.0786 (5)
(('S', 't'), ('S', 'd'))	81.58	(rep: 100.00, dist: 63.16), 0.0786 (5)
(('-', 'A'), ('-', 'Y'))	81.58	(rep: 100.00, dist: 63.16), 0.0786 (5)
(('t', '#'), ('tʰ', '#'))	81.58	(rep: 100.00, dist: 63.16), 0.0628 (4)
(('oː', '-'), ('o', '-'))	81.58	(rep: 100.00, dist: 63.16), 0.0628 (4)
(('a', '-'), ('ɐ', '-'))	81.58	(rep: 100.00, dist: 63.16), 0.0628 (4)
(('x', 'Y'), ('h', 'O'))	81.58	(rep: 100.00, dist: 63.16), 0.0471 (3)
(('uː', 'C'), ('ʏ', 'C'))	81.58	(rep: 100.00, dist: 63.16), 0.0471 (3)
(('t', 'V'), ('d', 'V'))	81.58	(rep: 100.00, dist: 63.16), 0.0471 (3)
(('t', 'S'), ('tʰ', '-'))	81.58	(rep: 100.00, dist: 63.16), 0.0471 (3)
(('k', 'V'), ('kʰ', '-'))	81.58	(rep: 100.00, dist: 63.16), 0.0471 (3)
(('a', 'R'), ('a', '-'))	81.58	(rep: 100.00, dist: 63.16), 0.0471 (3)
(('V', 'k'), ('V', 'kʰ'))	81.58	(rep: 100.00, dist: 63.16), 0.0471 (3)
(('U', 'n'), ('E', 'n'))	81.58	(rep: 100.00, dist: 63.16), 0.0471 (3)
(('u', 'N'), ('œ', 'N'))	81.58	(rep: 100.00, dist: 63.16), 0.0314 (2)
(('u', 'C'), ('œ', 'C'))	81.58	(rep: 100.00, dist: 63.16), 0.0314 (2)
(('s', 'E'), ('s', 'U'))	81.58	(rep: 100.00, dist: 63.16), 0.0314 (2)
(('oː', 'N'), ('eː', 'N'))	81.58	(rep: 100.00, dist: 63.16), 0.0314 (2)
(('oː', 'C'), ('eː', 'C'))	81.58	(rep: 100.00, dist: 63.16), 0.0314 (2)
(('o', 'ː'), 'eː')	81.58	(rep: 100.00, dist: 63.16), 0.0314 (2)
(('n', 'V'), ('ŋ', '-'))	81.58	(rep: 100.00, dist: 63.16), 0.0314 (2)
(('k', 'W'), ('g', '-'))	81.58	(rep: 100.00, dist: 63.16), 0.0314 (2)
(('k', 'C'), ('g', '-'))	81.58	(rep: 100.00, dist: 63.16), 0.0314 (2)
(('k', 'A'), ('kʰ', '-'))	81.58	(rep: 100.00, dist: 63.16), 0.0314 (2)
(('f',), '-')	81.58	(rep: 100.00, dist: 63.16), 0.0314 (2)
(('e', 'G'), ('ɛ', 'S'))	81.58	(rep: 100.00, dist: 63.16), 0.0314 (2)
(('d', 'J'), ('dⁿ', 'N'))	81.58	(rep: 100.00, dist: 63.16), 0.0314 (2)
(('d', 'C'), ('dⁿ', 'C'))	81.58	(rep: 100.00, dist: 63.16), 0.0314 (2)
(('d',), 'dⁿ')	81.58	(rep: 100.00, dist: 63.16), 0.0314 (2)
(('ai', 'C'), ('e', 'C'))	81.58	(rep: 100.00, dist: 63.16), 0.0314 (2)
(('a', 'L'), ('u', '-'))	81.58	(rep: 100.00, dist: 63.16), 0.0314 (2)
(('a', 'C'), ('u', '-'))	81.58	(rep: 100.00, dist: 63.16), 0.0314 (2)
(('a',), 'u')	81.58	(rep: 100.00, dist: 63.16), 0.0314 (2)
(('Y', 't'), ('Y', 'tʰ'))	81.58	(rep: 100.00, dist: 63.16), 0.0314 (2)
(('Y', 'n'), ('O', 'n'))	81.58	(rep: 100.00, dist: 63.16), 0.0314 (2)
(('V', 'w'), ('V', 'b'))	81.58	(rep: 100.00, dist: 63.16), 0.0314 (2)
(('V', 'k'), ('V', 'g'))	81.58	(rep: 100.00, dist: 63.16), 0.0314 (2)
(('V', 'd'), ('V', 'dⁿ'))	81.58	(rep: 100.00, dist: 63.16), 0.0314 (2)
(('U', 't'), ('Y', 'tʰ'))	81.58	(rep: 100.00, dist: 63.16), 0.0314 (2)
(('R', 'oː'), ('R', 'eː'))	81.58	(rep: 100.00, dist: 63.16), 0.0314 (2)
(('L', 'oː'), ('L', 'o'))	81.58	(rep: 100.00, dist: 63.16), 0.0314 (2)
(('K', 'a'), ('K', 'u'))	81.58	(rep: 100.00, dist: 63.16), 0.0314 (2)
(('G', 'ai'), ('H', 'e'))	81.58	(rep: 100.00, dist: 63.16), 0.0314 (2)
(('E', 'k'), ('I', 'kʰ'))	81.58	(rep: 100.00, dist: 63.16), 0.0314 (2)
(('C', 't'), ('C', 'tʰ'))	81.58	(rep: 100.00, dist: 63.16), 0.0314 (2)
(('C', 'oː'), ('C', 'eː'))	81.58	(rep: 100.00, dist: 63.16), 0.0314 (2)
(('C', 'a'), ('C', 'u'))	81.58	(rep: 100.00, dist: 63.16), 0.0314 (2)
(('B', 'oː'), ('B', 'ʊ'))	81.58	(rep: 100.00, dist: 63.16), 0.0314 (2)
(('A', 'ɡ'), ('A', '-'))	81.58	(rep: 100.00, dist: 63.16), 0.0314 (2)
(('A', 'z'), ('A', '-'))	81.58	(rep: 100.00, dist: 63.16), 0.0314 (2)
(('A', 'l'), ('Y', '-'))	81.58	(rep: 100.00, dist: 63.16), 0.0314 (2)
(('A', 'b'), ('U', '-'))	81.58	(rep: 100.00, dist: 63.16), 0.0314 (2)
and 1938 more
=====================================

Cluster 6:
-------------------------------------
Cologne
Herrlisheim
Luxemburg
-------
(('k',), 'ʃ')	100.00	(rep: 100.00, dist: 100.00), 0.0936 (9)
(('K', 'a'), ('S', '-'))	100.00	(rep: 100.00, dist: 100.00), 0.0832 (8)
(('k', 'V'), ('ʃ', '-'))	100.00	(rep: 100.00, dist: 100.00), 0.0624 (6)
(('k', 'A'), ('ʃ', '-'))	100.00	(rep: 100.00, dist: 100.00), 0.0624 (6)
(('k', '-'), ('ʃ', '-'))	100.00	(rep: 100.00, dist: 100.00), 0.0624 (6)
(('V', 'k'), ('V', 'ʃ'))	100.00	(rep: 100.00, dist: 100.00), 0.0624 (6)
(('K', '-'), ('S', '-'))	100.00	(rep: 100.00, dist: 100.00), 0.0312 (3)
(('-', 'k'), ('V', 'ʃ'))	100.00	(rep: 100.00, dist: 100.00), 0.0312 (3)
(('-', 'B'), ('ə', 'B'))	100.00	(rep: 100.00, dist: 100.00), 0.0312 (3)
(('x',), 'ʃ')	83.33	(rep: 66.67, dist: 100.00), 0.0624 (6)
(('V', 'x'), ('V', 'ʃ'))	83.33	(rep: 66.67, dist: 100.00), 0.0624 (6)
(('-', '#'), ('ʃ', '#'))	83.33	(rep: 66.67, dist: 100.00), 0.0416 (4)
(('E', 'x'), ('E', 'ʃ'))	83.33	(rep: 66.67, dist: 100.00), 0.0312 (3)
(('C', 'r'), ('C', 'ʀ'))	83.33	(rep: 66.67, dist: 100.00), 0.0312 (3)
(('ɡ', 'V'), ('ʃ', '-'))	83.33	(rep: 66.67, dist: 100.00), 0.0208 (2)
(('ɡ', 'V'), ('j', 'V'))	83.33	(rep: 66.67, dist: 100.00), 0.0208 (2)
(('ɡ', 'A'), ('ʃ', '-'))	83.33	(rep: 66.67, dist: 100.00), 0.0208 (2)
(('ɡ', '-'), ('j', 'V'))	83.33	(rep: 66.67, dist: 100.00), 0.0208 (2)
(('ɡ',), 'ʃ')	83.33	(rep: 66.67, dist: 100.00), 0.0208 (2)
(('r', 'E'), ('ʀ', 'I'))	83.33	(rep: 66.67, dist: 100.00), 0.0208 (2)
(('n', '-'), ('-', 'S'))	83.33	(rep: 66.67, dist: 100.00), 0.0208 (2)
(('l', 'I'), ('l', 'I'))	83.33	(rep: 66.67, dist: 100.00), 0.0208 (2)
(('k', 'U'), ('kʰ', 'U'))	83.33	(rep: 66.67, dist: 100.00), 0.0208 (2)
(('V', 'ɡ'), ('V', 'ʃ'))	83.33	(rep: 66.67, dist: 100.00), 0.0208 (2)
(('U', 'l'), ('U', 'l'))	83.33	(rep: 66.67, dist: 100.00), 0.0208 (2)
(('N', '-'), ('-', 'ʃ'))	83.33	(rep: 66.67, dist: 100.00), 0.0208 (2)
(('I', 'b'), ('I', 'v'))	83.33	(rep: 66.67, dist: 100.00), 0.0208 (2)
(('H', 'u'), ('H', 'ʊ'))	83.33	(rep: 66.67, dist: 100.00), 0.0208 (2)
(('G', 'r'), ('-', 'ʀ'))	83.33	(rep: 66.67, dist: 100.00), 0.0208 (2)
(('G', 'ai'), ('H', 'ɛ'))	83.33	(rep: 66.67, dist: 100.00), 0.0208 (2)
(('E', 'k'), ('I', 'ʃ'))	83.33	(rep: 66.67, dist: 100.00), 0.0208 (2)
(('D', 'r'), ('T', 'ʀ'))	83.33	(rep: 66.67, dist: 100.00), 0.0208 (2)
(('C', 'r'), ('-', 'ʀ'))	83.33	(rep: 66.67, dist: 100.00), 0.0208 (2)
(('C', 'ai'), ('C', 'ɛ'))	83.33	(rep: 66.67, dist: 100.00), 0.0208 (2)
(('C', 'a'), ('-', 'ɒ'))	83.33	(rep: 66.67, dist: 100.00), 0.0208 (2)
(('C', '-'), ('-', 'ʃ'))	83.33	(rep: 66.67, dist: 100.00), 0.0208 (2)
(('A', 'k'), ('E', 'ʃ'))	83.33	(rep: 66.67, dist: 100.00), 0.0208 (2)
(('-', 'k'), ('I', 'ʃ'))	83.33	(rep: 66.67, dist: 100.00), 0.0208 (2)
(('-', 'f'), ('V', 'f'))	83.33	(rep: 66.67, dist: 100.00), 0.0208 (2)
(('-', 'f'), ('E', 'f'))	83.33	(rep: 66.67, dist: 100.00), 0.0208 (2)
(('-', 'K'), ('ɪ', 'S'))	83.33	(rep: 66.67, dist: 100.00), 0.0208 (2)
and 2270 more
=====================================
