`python cluster.py --tfidf --count --direct`
Clusters: 5
Co-clustering: False
Features: binary: False, min. count 0, TF-IDF: True
Context: none: True, CV: False, sound classes: False
Alignment: global lib (all)

Reading the data files.
Aligning the entries.
Matrix shape: (20, 798)
[(0, 'Achterhoek'), (1, 'Antwerp'), (2, 'Biel'), (3, 'Cologne'), (4, 'Dutch_Std_BE'), (5, 'Dutch_Std_NL'), (6, 'Feer'), (7, 'Graubuenden'), (8, 'Grou'), (9, 'Hard'), (10, 'Heligoland'), (11, 'Herrlisheim'), (12, 'Limburg'), (13, 'Luxembourg'), (14, 'Ortisei'), (15, 'Ostend'), (16, 'Tuebingen'), (17, 'Veenkolonien'), (18, 'Walser'), (19, 'Westerkwartier')]
[[ 4.         15.          0.10914746  2.         20.        ]
 [ 0.         12.          0.12172547  2.         21.        ]
 [ 1.         20.          0.12410049  3.         22.        ]
 [ 2.          7.          0.1393345   2.         23.        ]
 [ 3.         13.          0.14317466  2.         24.        ]
 [11.         14.          0.15182848  2.         25.        ]
 [17.         22.          0.16285639  4.         26.        ]
 [ 9.         16.          0.16309998  2.         27.        ]
 [ 8.         26.          0.19163618  5.         28.        ]
 [24.         27.          0.20601403  4.         29.        ]
 [ 5.         21.          0.22448945  3.         30.        ]
 [18.         23.          0.22590754  3.         31.        ]
 [28.         30.          0.23646298  8.         32.        ]
 [25.         29.          0.24615084  6.         33.        ]
 [ 6.         19.          0.25364156  2.         34.        ]
 [10.         34.          0.27343121  3.         35.        ]
 [31.         33.          0.31224348  9.         36.        ]
 [32.         36.          0.35132056 17.         37.        ]
 [35.         37.          0.42683261 20.         38.        ]]

Cluster 0:
-------------------------------------
Achterhoek
-------
(('oːu',), ('ɛɪ',))	100.00	(rep: 100.00, dist: 100.00)	1 (0.1600)
Achterhoek ['tβɛɪ']

(('eː',), ('oɐ',))	100.00	(rep: 100.00, dist: 100.00)	1 (0.1600)
Achterhoek ['joɐ']

(('e',), ('œː',))	100.00	(rep: 100.00, dist: 100.00)	1 (0.1600)
Achterhoek ['zœːvn']

(('au',), ('øɐ',))	100.00	(rep: 100.00, dist: 100.00)	1 (0.1600)
Achterhoek ['høɐ']

(('a',), ('iɐ',))	100.00	(rep: 100.00, dist: 100.00)	1 (0.1600)
Achterhoek ['zβiɐ']

(('u',), ('oɐ',))	73.68	(rep: 100.00, dist: 47.37)	5 (0.8000)
Achterhoek ['noɐt', 'kʰoɐn', 'doɐn', 'hoɐn', 'βoɐt']

(('θ',), ('ʁ',))	73.68	(rep: 100.00, dist: 47.37)	1 (0.1600)
Achterhoek ['bʁʏʁ']

(('ɡ',), ('ʁ',))	73.68	(rep: 100.00, dist: 47.37)	1 (0.1600)
Achterhoek ['oːʁə']

(('w',), ('χ',))	73.68	(rep: 100.00, dist: 47.37)	1 (0.1600)
Achterhoek ['neːχn']

(('t',), ('χ',))	73.68	(rep: 100.00, dist: 47.37)	1 (0.1600)
Achterhoek ['naχ']

(('oː',), ('ʏ',))	73.68	(rep: 100.00, dist: 47.37)	1 (0.1600)
Achterhoek ['bʁʏʁ']

and 116 more
=====================================

Cluster 1:
-------------------------------------
Antwerp
-------
(('au',), ('oə',))	100.00	(rep: 100.00, dist: 100.00)	4 (0.5900)
Antwerp ['oəx', 'loəf', 'roət', 'oəs']

(('uː',), ('ɔɐ',))	100.00	(rep: 100.00, dist: 100.00)	2 (0.2950)
Antwerp ['ɔɐs', 'ɔɐt']

(('θ',), ('s',))	100.00	(rep: 100.00, dist: 100.00)	1 (0.1475)
Antwerp ['bɾuːs']

(('θ',), ('d̬',))	100.00	(rep: 100.00, dist: 100.00)	1 (0.1475)
Antwerp ['d̬ɔndəs']

(('uː',), ('ɔə',))	100.00	(rep: 100.00, dist: 100.00)	1 (0.1475)
Antwerp ['mɔəs']

(('u',), ('ɐʊ',))	100.00	(rep: 100.00, dist: 100.00)	1 (0.1475)
Antwerp ['ɐʊnt']

(('u',), ('øː',))	100.00	(rep: 100.00, dist: 100.00)	1 (0.1475)
Antwerp ['øːnɪŋ']

(('s',), ('d͡z',))	100.00	(rep: 100.00, dist: 100.00)	1 (0.1475)
Antwerp ['d͡zvɛːs']

(('oːu',), ('eə',))	100.00	(rep: 100.00, dist: 100.00)	1 (0.1475)
Antwerp ['tʰveə']

(('oː',), ('y',))	100.00	(rep: 100.00, dist: 100.00)	1 (0.1475)
Antwerp ['çɾyn']

(('k',), ('j',))	100.00	(rep: 100.00, dist: 100.00)	1 (0.1475)
Antwerp ['sjaːɾəp']

and 123 more
=====================================

Cluster 2:
-------------------------------------
Biel
-------
(('a',), ('ɑʊ',))	100.00	(rep: 100.00, dist: 100.00)	3 (0.4559)
Biel ['χɑʊt', 'sɑʊt͡s', 'χɑʊp']

(('au',), ('ɔo',))	100.00	(rep: 100.00, dist: 100.00)	2 (0.3040)
Biel ['ɔok', 'hɔopt']

(('ai',), ('ei',))	100.00	(rep: 100.00, dist: 100.00)	2 (0.3040)
Biel ['eiχə', 'heilɪk']

(('u',), ('ɵ',))	100.00	(rep: 100.00, dist: 100.00)	1 (0.1520)
Biel ['βɵlə']

(('u',), ('ɔʊ',))	100.00	(rep: 100.00, dist: 100.00)	1 (0.1520)
Biel ['fɔʊ']

(('r',), ('z',))	100.00	(rep: 100.00, dist: 100.00)	1 (0.1520)
Biel ['zakə']

(('oːu',), ('œɪ',))	100.00	(rep: 100.00, dist: 100.00)	1 (0.1520)
Biel ['t͡sβœɪ']

(('oː',), ('ʊɛʊ',))	100.00	(rep: 100.00, dist: 100.00)	1 (0.1520)
Biel ['ʃtʊɛʊ']

(('k',), ('k͡x',))	100.00	(rep: 100.00, dist: 100.00)	1 (0.1520)
Biel ['k͡xɛkχ']

(('e',), ('ɪʊ',))	100.00	(rep: 100.00, dist: 100.00)	1 (0.1520)
Biel ['mɪʊχ']

(('e',), ('œɪ',))	100.00	(rep: 100.00, dist: 100.00)	1 (0.1520)
Biel ['χnœɪ']

and 129 more
=====================================

Cluster 3:
-------------------------------------
Cologne
-------
(('eː',), ('ɒ',))	100.00	(rep: 100.00, dist: 100.00)	4 (0.6088)
Cologne ['bʁoːdɒ', 'dɔːχtɒ', 'mʊtɒ', 'fatɒ']

(('θ',), ('ɡ',))	100.00	(rep: 100.00, dist: 100.00)	1 (0.1522)
Cologne ['mʊŋɡ']

(('oː',), ('ɒ',))	100.00	(rep: 100.00, dist: 100.00)	1 (0.1522)
Cologne ['bɛsɒ']

(('oː',), ('œ̃',))	100.00	(rep: 100.00, dist: 100.00)	1 (0.1522)
Cologne ['jɒʁœ̃']

(('eː',), ('ɔ̃',))	100.00	(rep: 100.00, dist: 100.00)	1 (0.1522)
Cologne ['mɔ̃t']

(('e',), ('ɒ',))	100.00	(rep: 100.00, dist: 100.00)	1 (0.1522)
Cologne ['ʔʏvɒ']

(('d',), ('p',))	100.00	(rep: 100.00, dist: 100.00)	1 (0.1522)
Cologne ['hɔʊp']

(('au',), ('ʏɐ',))	100.00	(rep: 100.00, dist: 100.00)	1 (0.1522)
Cologne ['hʏɐ']

(('a',), ('øɐ',))	100.00	(rep: 100.00, dist: 100.00)	1 (0.1522)
Cologne ['ʃβøɐ']

(('-',), ('ɒ',))	100.00	(rep: 100.00, dist: 100.00)	1 (0.1522)
Cologne ['jɒʁœ̃']

(('au',), ('ɔʊ',))	73.68	(rep: 100.00, dist: 47.37)	3 (0.4566)
Cologne ['ʔɔʊχ', 'lɔʊf', 'hɔʊp']

and 120 more
=====================================

Cluster 4:
-------------------------------------
Dutch_Std_BE
-------
(('θ',), ('d̪',))	100.00	(rep: 100.00, dist: 100.00)	1 (0.1475)
Dutch_Std_BE ['d̪ɾiː']

(('ɡ',), ('ʝ',))	100.00	(rep: 100.00, dist: 100.00)	1 (0.1475)
Dutch_Std_BE ['reːʝn']

(('iː',), ('ɛɪ',))	100.00	(rep: 100.00, dist: 100.00)	1 (0.1475)
Dutch_Std_BE ['bɛɪt']

(('uː',), ('æʏ',))	73.68	(rep: 100.00, dist: 47.37)	3 (0.4425)
Dutch_Std_BE ['mæʏs', 'hæʏs', 'æʏt']

(('a',), ('aʊ',))	73.68	(rep: 100.00, dist: 47.37)	2 (0.2950)
Dutch_Std_BE ['kaʊt', 'zaʊt']

(('θ',), ('r',))	73.68	(rep: 100.00, dist: 47.37)	1 (0.1475)
Dutch_Std_BE ['bɾuːr']

(('w',), ('ʝ',))	73.68	(rep: 100.00, dist: 47.37)	1 (0.1475)
Dutch_Std_BE ['neːʝn']

(('oːu',), ('eː',))	73.68	(rep: 100.00, dist: 47.37)	1 (0.1475)
Dutch_Std_BE ['tβeː']

(('eu',), ('iu',))	73.68	(rep: 100.00, dist: 47.37)	1 (0.1475)
Dutch_Std_BE ['niu']

(('ai',), ('eu',))	73.68	(rep: 100.00, dist: 47.37)	1 (0.1475)
Dutch_Std_BE ['sneu']

(('a',), ('ɛɪ',))	73.68	(rep: 100.00, dist: 47.37)	1 (0.1475)
Dutch_Std_BE ['ɛɪs']

and 116 more
=====================================

Cluster 5:
-------------------------------------
Dutch_Std_NL
-------
(('u',), ('oʊ',))	100.00	(rep: 100.00, dist: 100.00)	2 (0.3200)
Dutch_Std_NL ['oʊpə', 'oʊvə']

(('au',), ('oʊ',))	100.00	(rep: 100.00, dist: 100.00)	2 (0.3200)
Dutch_Std_NL ['oʊχ', 'loʊf']

(('uː',), ('æø',))	100.00	(rep: 100.00, dist: 100.00)	1 (0.1600)
Dutch_Std_NL ['mæøs']

(('uː',), ('aø',))	100.00	(rep: 100.00, dist: 100.00)	1 (0.1600)
Dutch_Std_NL ['haøs']

(('oːu',), ('eɪ',))	100.00	(rep: 100.00, dist: 100.00)	1 (0.1600)
Dutch_Std_NL ['tʰveɪ']

(('iː',), ('æɪ',))	100.00	(rep: 100.00, dist: 100.00)	1 (0.1600)
Dutch_Std_NL ['bæɪt']

(('e',), ('æɪ',))	100.00	(rep: 100.00, dist: 100.00)	1 (0.1600)
Dutch_Std_NL ['fæɪf']

(('-',), ('ɹ',))	100.00	(rep: 100.00, dist: 100.00)	1 (0.1600)
Dutch_Std_NL ['hʊnəɹt']

(('-',), ('oʊ',))	100.00	(rep: 100.00, dist: 100.00)	1 (0.1600)
Dutch_Std_NL ['oʊvəɹ']

(('a',), ('ɛɪ',))	73.68	(rep: 100.00, dist: 47.37)	2 (0.3200)
Dutch_Std_NL ['bɛɪtʰɹ', 'ɛɪs']

(('a',), ('aʊ',))	73.68	(rep: 100.00, dist: 47.37)	2 (0.3200)
Dutch_Std_NL ['kaʊt', 'zaʊt']

and 114 more
=====================================

Cluster 6:
-------------------------------------
Feer
-------
(('a',), ('ʊ',))	100.00	(rep: 100.00, dist: 100.00)	4 (0.6329)
Feer ['lʊŋ', 'tʰʊs', 'gʊs', 'hʊn']

(('s',), ('ç',))	100.00	(rep: 100.00, dist: 100.00)	3 (0.4747)
Feer ['çiɛ', 'ʔitç', 'fɛçt']

(('u',), ('ɒ̃',))	100.00	(rep: 100.00, dist: 100.00)	2 (0.3165)
Feer ['hɒ̃nəŋ', 'tʰɒ̃ŋ']

(('n',), ('ɲ',))	100.00	(rep: 100.00, dist: 100.00)	2 (0.3165)
Feer ['viɲ', 'hyɲ']

(('e',), ('y',))	100.00	(rep: 100.00, dist: 100.00)	2 (0.3165)
Feer ['ʔytʰ', 'njygⁿŋ']

(('ai',), ('iæ',))	100.00	(rep: 100.00, dist: 100.00)	2 (0.3165)
Feer ['ʔiæn', 'stiæn']

(('θ',), ('l',))	100.00	(rep: 100.00, dist: 100.00)	1 (0.1582)
Feer ['brʊlə']

(('ɡ',), ('n',))	100.00	(rep: 100.00, dist: 100.00)	1 (0.1582)
Feer ['rɪn']

(('ɡ',), ('d',))	100.00	(rep: 100.00, dist: 100.00)	1 (0.1582)
Feer ['dreːn']

(('z',), ('ŋ',))	100.00	(rep: 100.00, dist: 100.00)	1 (0.1582)
Feer ['hɒ̃nəŋ']

(('z',), ('l',))	100.00	(rep: 100.00, dist: 100.00)	1 (0.1582)
Feer ['neːdˡl']

and 184 more
=====================================

Cluster 7:
-------------------------------------
Graubuenden
-------
(('z',), ('t͡s',))	100.00	(rep: 100.00, dist: 100.00)	1 (0.1555)
Graubuenden ['aɪnt͡s']

(('oː',), ('ʊa',))	100.00	(rep: 100.00, dist: 100.00)	1 (0.1555)
Graubuenden ['kʰʊa']

(('n',), ('l',))	100.00	(rep: 100.00, dist: 100.00)	1 (0.1555)
Graubuenden ['muːl']

(('k',), ('qʰ',))	100.00	(rep: 100.00, dist: 100.00)	1 (0.1555)
Graubuenden ['qʰɑːlt']

(('au',), ('ao',))	100.00	(rep: 100.00, dist: 100.00)	1 (0.1555)
Graubuenden ['aok']

(('a',), ('ɑɒ',))	100.00	(rep: 100.00, dist: 100.00)	1 (0.1555)
Graubuenden ['dɑɒk']

(('oː',), ('ʊɔ',))	73.68	(rep: 100.00, dist: 47.37)	3 (0.4666)
Graubuenden ['brʊɔdr', 'blʊɔt', 'fʊɔs']

(('oː',), ('oɔ',))	73.68	(rep: 100.00, dist: 47.37)	2 (0.3110)
Graubuenden ['ɡoɔt', 'moɔtr']

(('ai',), ('ai',))	73.68	(rep: 100.00, dist: 47.37)	2 (0.3110)
Graubuenden ['ʃtai', 'bai']

(('-',), ('ɐ',))	73.68	(rep: 100.00, dist: 47.37)	2 (0.3110)
Graubuenden ['tɾɛːnɐ', 't͡seːbɐ']

(('u',), ('ɐ',))	73.68	(rep: 100.00, dist: 47.37)	1 (0.1555)
Graubuenden ['seːbɐ']

and 115 more
=====================================

Cluster 8:
-------------------------------------
Grou
-------
(('e',), ('ʌ',))	100.00	(rep: 100.00, dist: 100.00)	4 (0.5952)
Grou ['mʌɫqə', 'sjʌχ', 'fjʌχt͡si', 'njʌʁʌn']

(('u',), ('ə̃',))	100.00	(rep: 100.00, dist: 100.00)	2 (0.2976)
Grou ['sõw̃ə̃n', 'hɒ̃w̃ə̃']

(('u',), ('ũ',))	100.00	(rep: 100.00, dist: 100.00)	2 (0.2976)
Grou ['ũn', 'hũn']

(('u',), ('õə̃',))	100.00	(rep: 100.00, dist: 100.00)	2 (0.2976)
Grou ['kõə̃n', 'hõə̃n']

(('u',), ('iə',))	100.00	(rep: 100.00, dist: 100.00)	2 (0.2976)
Grou ['iəpm', 'tɾiən']

(('oː',), ('iə',))	100.00	(rep: 100.00, dist: 100.00)	2 (0.2976)
Grou ['iər', 'ɡɾiən']

(('e',), ('ɒɪ',))	100.00	(rep: 100.00, dist: 100.00)	2 (0.2976)
Grou ['rɒɪn', 'sɒɪs']

(('au',), ('ɪiə',))	100.00	(rep: 100.00, dist: 100.00)	2 (0.2976)
Grou ['ɫɪiəf', 'rɪiət']

(('a',), ('ɒɪ',))	100.00	(rep: 100.00, dist: 100.00)	2 (0.2976)
Grou ['dɒɪ', 'nɒɪɫ']

(('w',), ('ʁ',))	100.00	(rep: 100.00, dist: 100.00)	1 (0.1488)
Grou ['njʌʁʌn']

(('oːu',), ('aː',))	100.00	(rep: 100.00, dist: 100.00)	1 (0.1488)
Grou ['tβaː']

and 133 more
=====================================

Cluster 9:
-------------------------------------
Hard
-------
(('ai',), ('õɐ̃',))	100.00	(rep: 100.00, dist: 100.00)	2 (0.3165)
Hard ['ʃtõɐ̃', 'bõɐ̃']

(('ai',), ('oɐ',))	100.00	(rep: 100.00, dist: 100.00)	2 (0.3165)
Hard ['ʔoɐxə', 'hoɐm']

(('oːu',), ('oɐ',))	100.00	(rep: 100.00, dist: 100.00)	1 (0.1582)
Hard ['t͡sβoɐ']

(('oː',), ('ʏə',))	100.00	(rep: 100.00, dist: 100.00)	1 (0.1582)
Hard ['bʁʏədəʁ']

(('oː',), ('ỹɛ̃',))	100.00	(rep: 100.00, dist: 100.00)	1 (0.1582)
Hard ['ɡɾỹɛ̃']

(('i',), ('eə',))	100.00	(rep: 100.00, dist: 100.00)	1 (0.1582)
Hard ['leəbəʁ']

(('e',), ('ɪə',))	100.00	(rep: 100.00, dist: 100.00)	1 (0.1582)
Hard ['mɪətə']

(('e',), ('ẽə̃',))	100.00	(rep: 100.00, dist: 100.00)	1 (0.1582)
Hard ['t͡sẽə̃']

(('ai',), ('õɛ̃',))	100.00	(rep: 100.00, dist: 100.00)	1 (0.1582)
Hard ['ʔõɛ̃s']

(('ai',), ('eːə',))	100.00	(rep: 100.00, dist: 100.00)	1 (0.1582)
Hard ['t͡seːə']

(('a',), ('ãː',))	100.00	(rep: 100.00, dist: 100.00)	1 (0.1582)
Hard ['t͡sãː']

and 115 more
=====================================

Cluster 10:
-------------------------------------
Heligoland
-------
(('u',), ('uɐ',))	100.00	(rep: 100.00, dist: 100.00)	2 (0.3155)
Heligoland ['kʰuɐ', 'huɐn']

(('ai',), ('ea',))	100.00	(rep: 100.00, dist: 100.00)	2 (0.3155)
Heligoland ['ʔeakʰɛn', 'bean']

(('a',), ('ea',))	100.00	(rep: 100.00, dist: 100.00)	2 (0.3155)
Heligoland ['kʰnæbean', 'ʔeasgən']

(('-',), ('l',))	100.00	(rep: 100.00, dist: 100.00)	2 (0.3155)
Heligoland ['neɛdˡl', 'noɐgɤlt']

(('θ',), ('ɖ',))	100.00	(rep: 100.00, dist: 100.00)	1 (0.1577)
Heligoland ['nuʌɖ']

(('z',), ('β',))	100.00	(rep: 100.00, dist: 100.00)	1 (0.1577)
Heligoland ['βɑː']

(('z',), ('pʰ',))	100.00	(rep: 100.00, dist: 100.00)	1 (0.1577)
Heligoland ['ʔepʰən']

(('x',), ('g',))	100.00	(rep: 100.00, dist: 100.00)	1 (0.1577)
Heligoland ['hagə']

(('w',), ('g',))	100.00	(rep: 100.00, dist: 100.00)	1 (0.1577)
Heligoland ['neɐgæn']

(('uː',), ('ɛ',))	100.00	(rep: 100.00, dist: 100.00)	1 (0.1577)
Heligoland ['mɛdⁿn']

(('u',), ('ɑː',))	100.00	(rep: 100.00, dist: 100.00)	1 (0.1577)
Heligoland ['tʰβɑːn']

and 192 more
=====================================

Cluster 11:
-------------------------------------
Herrlisheim
-------
(('eː',), ('oː',))	100.00	(rep: 100.00, dist: 100.00)	2 (0.3110)
Herrlisheim ['joːχ', 'moːn']

(('au',), ('œʏ',))	100.00	(rep: 100.00, dist: 100.00)	2 (0.3110)
Herrlisheim ['ʔœʏjə', 'hœʏpt']

(('uː',), ('yː',))	100.00	(rep: 100.00, dist: 100.00)	1 (0.1555)
Herrlisheim ['myːs']

(('oː',), ('yː',))	100.00	(rep: 100.00, dist: 100.00)	1 (0.1555)
Herrlisheim ['kʰyː']

(('b',), ('pʰ',))	100.00	(rep: 100.00, dist: 100.00)	1 (0.1555)
Herrlisheim ['laipʰ']

(('au',), ('ai',))	100.00	(rep: 100.00, dist: 100.00)	1 (0.1555)
Herrlisheim ['laipʰ']

(('ai',), ('ai',))	73.68	(rep: 100.00, dist: 47.37)	3 (0.4666)
Herrlisheim ['ʔaiʃ', 'hailikʰ', 'bain']

(('oː',), ('øː',))	73.68	(rep: 100.00, dist: 47.37)	2 (0.3110)
Herrlisheim ['ʃtøːl', 'bløːt']

(('oː',), ('øə',))	73.68	(rep: 100.00, dist: 47.37)	2 (0.3110)
Herrlisheim ['ɡøət', 'møətəχ']

(('z',), ('kʰ',))	73.68	(rep: 100.00, dist: 47.37)	1 (0.1555)
Herrlisheim ['hailikʰ']

(('u',), ('e',))	73.68	(rep: 100.00, dist: 47.37)	1 (0.1555)
Herrlisheim ['ʔeβəχ']

and 108 more
=====================================

Cluster 12:
-------------------------------------
Limburg
-------
(('θ',), ('k',))	100.00	(rep: 100.00, dist: 100.00)	2 (0.3170)
Limburg ['mʊŋk', 'taŋk']

(('θ',), ('χ',))	100.00	(rep: 100.00, dist: 100.00)	1 (0.1585)
Limburg ['bʁoːχ']

(('u',), ('ɔə',))	100.00	(rep: 100.00, dist: 100.00)	1 (0.1585)
Limburg ['wɔət']

(('u',), ('ɒː',))	100.00	(rep: 100.00, dist: 100.00)	1 (0.1585)
Limburg ['tʰʁɒːn']

(('u',), ('øə',))	100.00	(rep: 100.00, dist: 100.00)	1 (0.1585)
Limburg ['øənɪŋ']

(('u',), ('õə',))	100.00	(rep: 100.00, dist: 100.00)	1 (0.1585)
Limburg ['hõət']

(('t',), ('ç',))	100.00	(rep: 100.00, dist: 100.00)	1 (0.1585)
Limburg ['fɛç']

(('t',), ('x',))	100.00	(rep: 100.00, dist: 100.00)	1 (0.1585)
Limburg ['nax']

(('oːu',), ('iə',))	100.00	(rep: 100.00, dist: 100.00)	1 (0.1585)
Limburg ['tʰβiə']

(('oː',), ('ʊː',))	100.00	(rep: 100.00, dist: 100.00)	1 (0.1585)
Limburg ['ʃtʊːl']

(('iː',), ('ɪə',))	100.00	(rep: 100.00, dist: 100.00)	1 (0.1585)
Limburg ['βɪət']

and 129 more
=====================================

Cluster 13:
-------------------------------------
Luxembourg
-------
(('u',), ('ʊɛ',))	100.00	(rep: 100.00, dist: 100.00)	3 (0.4762)
Luxembourg ['ʃtʊɛm', 'ʔʊɛvən', 'vʊɛt']

(('u',), ('ɨ',))	100.00	(rep: 100.00, dist: 100.00)	2 (0.3175)
Luxembourg ['mɨt', 'zɨt͡s']

(('oː',), ('œʊ',))	100.00	(rep: 100.00, dist: 100.00)	2 (0.3175)
Luxembourg ['fœʊs', 'kʰœʊ']

(('iː',), ('æi',))	100.00	(rep: 100.00, dist: 100.00)	2 (0.3175)
Luxembourg ['bæis', 'væis']

(('e',), ('ɨ',))	100.00	(rep: 100.00, dist: 100.00)	2 (0.3175)
Luxembourg ['mɨlɪʃ', 'fɨnəf']

(('e',), ('ɐ',))	100.00	(rep: 100.00, dist: 100.00)	2 (0.3175)
Luxembourg ['ʁɐŋ', 'ɐs']

(('ɡ',), ('ʃ',))	100.00	(rep: 100.00, dist: 100.00)	1 (0.1587)
Luxembourg ['nuɛʃt']

(('z',), ('p',))	100.00	(rep: 100.00, dist: 100.00)	1 (0.1587)
Luxembourg ['ʔʊpən']

(('uː',), ('ɛʊ',))	100.00	(rep: 100.00, dist: 100.00)	1 (0.1587)
Luxembourg ['hɛʊs']

(('uː',), ('æʊ',))	100.00	(rep: 100.00, dist: 100.00)	1 (0.1587)
Luxembourg ['mæʊs']

(('uː',), ('i',))	100.00	(rep: 100.00, dist: 100.00)	1 (0.1587)
Luxembourg ['ʔiva']

and 159 more
=====================================

Cluster 14:
-------------------------------------
Ortisei
-------
(('uː',), ('aɵ',))	100.00	(rep: 100.00, dist: 100.00)	3 (0.4532)
Ortisei ['maɵs', 'haɵs', 'ʔaɵs']

(('iː',), ('aɪ',))	100.00	(rep: 100.00, dist: 100.00)	2 (0.3021)
Ortisei ['baɪs', 'βaɪs']

(('oːu',), ('ɔə',))	100.00	(rep: 100.00, dist: 100.00)	1 (0.1511)
Ortisei ['t͡sβɔə']

(('oː',), ('iɛ',))	100.00	(rep: 100.00, dist: 100.00)	1 (0.1511)
Ortisei ['ɡʁiɛn']

(('n',), ('ɱ',))	100.00	(rep: 100.00, dist: 100.00)	1 (0.1511)
Ortisei ['fʏɱf']

(('eu',), ('aɪ',))	100.00	(rep: 100.00, dist: 100.00)	1 (0.1511)
Ortisei ['naɪ']

(('e',), ('aɵ',))	100.00	(rep: 100.00, dist: 100.00)	1 (0.1511)
Ortisei ['ʃaɵ']

(('au',), ('ɛː',))	100.00	(rep: 100.00, dist: 100.00)	1 (0.1511)
Ortisei ['hɛːχ']

(('ai',), ('ɔə',))	100.00	(rep: 100.00, dist: 100.00)	1 (0.1511)
Ortisei ['ʔɔəns']

(('ai',), ('a',))	100.00	(rep: 100.00, dist: 100.00)	1 (0.1511)
Ortisei ['ʃtan']

(('θ',), ('t͡s',))	73.68	(rep: 100.00, dist: 47.37)	3 (0.4532)
Ortisei ['noχt͡s', 'bɔːt͡s', 'mʊnt͡s']

and 121 more
=====================================

Cluster 15:
-------------------------------------
Ostend
-------
(('uː',), ('ʉ',))	100.00	(rep: 100.00, dist: 100.00)	3 (0.4518)
Ostend ['mʉs', 'ʉs', 'ʉt']

(('θ',), ('ɾ',))	100.00	(rep: 100.00, dist: 100.00)	1 (0.1506)
Ostend ['bɾuːɾə']

(('w',), ('h',))	100.00	(rep: 100.00, dist: 100.00)	1 (0.1506)
Ostend ['neːhə̃']

(('r',), ('s̆',))	100.00	(rep: 100.00, dist: 100.00)	1 (0.1506)
Ostend ['ɣɑːs̆t']

(('oːu',), ('ɛː',))	100.00	(rep: 100.00, dist: 100.00)	1 (0.1506)
Ostend ['tʰβɛː']

(('j',), ('β',))	100.00	(rep: 100.00, dist: 100.00)	1 (0.1506)
Ostend ['niːβə']

(('iː',), ('ɛ',))	100.00	(rep: 100.00, dist: 100.00)	1 (0.1506)
Ostend ['βɛt']

(('eː',), ('ɑɔ',))	100.00	(rep: 100.00, dist: 100.00)	1 (0.1506)
Ostend ['nɑɔdɫ']

(('e',), ('aɔ',))	100.00	(rep: 100.00, dist: 100.00)	1 (0.1506)
Ostend ['maɔk']

(('ai',), ('ɛʊ',))	100.00	(rep: 100.00, dist: 100.00)	1 (0.1506)
Ostend ['snɛʊ']

(('a',), ('ə̃',))	100.00	(rep: 100.00, dist: 100.00)	1 (0.1506)
Ostend ['ɾeːhə̃']

and 124 more
=====================================

Cluster 16:
-------------------------------------
Tuebingen
-------
(('uː',), ('ɐu',))	100.00	(rep: 100.00, dist: 100.00)	3 (0.4518)
Tuebingen ['mɐus', 'hɐus', 'ʔɐus']

(('a',), ('aɔ',))	100.00	(rep: 100.00, dist: 100.00)	3 (0.4518)
Tuebingen ['βaɔm', 'ʃaɔf', 'ɡaɔt̪ə']

(('au',), ('ɑɵ',))	100.00	(rep: 100.00, dist: 100.00)	2 (0.3012)
Tuebingen ['hɑɵpt', 'ʁɑɵt']

(('u',), ('ʊɔ',))	100.00	(rep: 100.00, dist: 100.00)	1 (0.1506)
Tuebingen ['ʃtʊɔm']

(('u',), ('eː',))	100.00	(rep: 100.00, dist: 100.00)	1 (0.1506)
Tuebingen ['tʁeːnə']

(('oːu',), ('ɔe',))	100.00	(rep: 100.00, dist: 100.00)	1 (0.1506)
Tuebingen ['t͡sβɔe']

(('oː',), ('ɑʊɔ',))	100.00	(rep: 100.00, dist: 100.00)	1 (0.1506)
Tuebingen ['ʔɑʊɔ']

(('oː',), ('uɔ',))	100.00	(rep: 100.00, dist: 100.00)	1 (0.1506)
Tuebingen ['bluɔt']

(('oː',), ('eə',))	100.00	(rep: 100.00, dist: 100.00)	1 (0.1506)
Tuebingen ['ɡʁeə']

(('n',), ('ç',))	100.00	(rep: 100.00, dist: 100.00)	1 (0.1506)
Tuebingen ['hoːniç']

(('iː',), ('ɛi',))	100.00	(rep: 100.00, dist: 100.00)	1 (0.1506)
Tuebingen ['βɛis']

and 120 more
=====================================

Cluster 17:
-------------------------------------
Veenkolonien
-------
(('oː',), ('ɑʊ',))	100.00	(rep: 100.00, dist: 100.00)	5 (0.7657)
Veenkolonien ['stɑʊlə', 'blɑʊt', 'vɑʊɾə', 'χɑʊt', 'kɑʊ']

(('ai',), ('ɒɪ',))	100.00	(rep: 100.00, dist: 100.00)	3 (0.4594)
Veenkolonien ['ɒɪnə', 'hɒɪləχ', 'hɒɪm']

(('a',), ('aɤ',))	100.00	(rep: 100.00, dist: 100.00)	2 (0.3063)
Veenkolonien ['aɤ', 'kʰaɤf']

(('z',), ('ɹˠ',))	100.00	(rep: 100.00, dist: 100.00)	1 (0.1531)
Veenkolonien ['dʏndɹˠ']

(('z',), ('ɫ',))	100.00	(rep: 100.00, dist: 100.00)	1 (0.1531)
Veenkolonien ['ɛkɫ']

(('w',), ('ɡ',))	100.00	(rep: 100.00, dist: 100.00)	1 (0.1531)
Veenkolonien ['nɛɪɡŋ']

(('u',), ('ʊː',))	100.00	(rep: 100.00, dist: 100.00)	1 (0.1531)
Veenkolonien ['fʊː']

(('u',), ('œː',))	100.00	(rep: 100.00, dist: 100.00)	1 (0.1531)
Veenkolonien ['stœːɾəm']

(('r',), ('ɹˠ',))	100.00	(rep: 100.00, dist: 100.00)	1 (0.1531)
Veenkolonien ['dɒχt̪ɹˠ']

(('oːu',), ('ɛɪə',))	100.00	(rep: 100.00, dist: 100.00)	1 (0.1531)
Veenkolonien ['tβɛɪə']

(('oː',), ('œʏ̃',))	100.00	(rep: 100.00, dist: 100.00)	1 (0.1531)
Veenkolonien ['χɹœʏ̃']

and 151 more
=====================================

Cluster 18:
-------------------------------------
Walser
-------
(('ai',), ('æɪ',))	100.00	(rep: 100.00, dist: 100.00)	6 (0.9494)
Walser ['ʔæɪs', 'ʔæɪxə', 'hæɪlɪk', 'ʃtæɪ', 'hæɪmət', 'bæɪ']

(('p',), ('ɸ',))	100.00	(rep: 100.00, dist: 100.00)	2 (0.3165)
Walser ['ʔoɸə', 'ʃaɹɸ']

(('eː',), ('ɛ',))	100.00	(rep: 100.00, dist: 100.00)	2 (0.3165)
Walser ['bɾʊɔdɛɾ', 'dɔxtɛɾ']

(('oːu',), ('æɪ',))	100.00	(rep: 100.00, dist: 100.00)	1 (0.1582)
Walser ['t͡sβæɪ']

(('oː',), ('yɛ',))	100.00	(rep: 100.00, dist: 100.00)	1 (0.1582)
Walser ['ɡryɛ']

(('o',), ('a',))	100.00	(rep: 100.00, dist: 100.00)	1 (0.1582)
Walser ['maːna']

(('n',), ('h',))	100.00	(rep: 100.00, dist: 100.00)	1 (0.1582)
Walser ['t͡sahə']

(('i',), ('ɐ',))	100.00	(rep: 100.00, dist: 100.00)	1 (0.1582)
Walser ['ʃβøːɾɐ']

(('f',), ('t',))	100.00	(rep: 100.00, dist: 100.00)	1 (0.1582)
Walser ['tata']

(('eu',), ('ɜ̹ʏ',))	100.00	(rep: 100.00, dist: 100.00)	1 (0.1582)
Walser ['nɜ̹ʏ']

(('-',), ('ɜ̹ʏ',))	100.00	(rep: 100.00, dist: 100.00)	1 (0.1582)
Walser ['tʰənɜ̹ʏ']

and 125 more
=====================================

Cluster 19:
-------------------------------------
Westerkwartier
-------
(('s',), ('sʲ',))	100.00	(rep: 100.00, dist: 100.00)	4 (0.6116)
Westerkwartier ['hysʲ', 'sʲøːbⁿm', 'fɪsʲ', 'zɛsʲ']

(('x',), ('ɹ',))	100.00	(rep: 100.00, dist: 100.00)	2 (0.3058)
Westerkwartier ['høæɹ', 'ʒveæɹ']

(('u',), ('ɶ',))	100.00	(rep: 100.00, dist: 100.00)	2 (0.3058)
Westerkwartier ['hɶnɶx', 'dɶnaɹ']

(('k',), ('tʰ',))	100.00	(rep: 100.00, dist: 100.00)	2 (0.3058)
Westerkwartier ['fɛæχtʰ', 'vatʰ']

(('au',), ('ɔu',))	100.00	(rep: 100.00, dist: 100.00)	2 (0.3058)
Westerkwartier ['ʔɔuχ', 'ʔɔupⁿm']

(('a',), ('ã',))	100.00	(rep: 100.00, dist: 100.00)	2 (0.3058)
Westerkwartier ['t͡sãnt͡s', 'hãnt͡s']

(('-',), ('ʒ',))	100.00	(rep: 100.00, dist: 100.00)	2 (0.3058)
Westerkwartier ['ʒetʰ', 'ʒveæɹ']

(('θ',), ('t͡ʃ',))	100.00	(rep: 100.00, dist: 100.00)	1 (0.1529)
Westerkwartier ['noət͡ʃ']

(('ɡ',), ('gⁿ',))	100.00	(rep: 100.00, dist: 100.00)	1 (0.1529)
Westerkwartier ['reigⁿŋ']

(('z',), ('pⁿ',))	100.00	(rep: 100.00, dist: 100.00)	1 (0.1529)
Westerkwartier ['ʔɔupⁿm']

(('z',), ('m',))	100.00	(rep: 100.00, dist: 100.00)	1 (0.1529)
Westerkwartier ['ʔækobɔum']

and 210 more
=====================================

Cluster 20:
-------------------------------------
Dutch_Std_BE
Ostend
-------
(('uː',), ('ʉ',))	75.00	(rep: 50.00, dist: 100.00)	3 (0.2235)
Ostend ['mʉs', 'ʉs', 'ʉt']

(('θ',), ('ɾ',))	75.00	(rep: 50.00, dist: 100.00)	1 (0.0745)
Ostend ['bɾuːɾə']

(('θ',), ('d̪',))	75.00	(rep: 50.00, dist: 100.00)	1 (0.0745)
Dutch_Std_BE ['d̪ɾiː']

(('ɡ',), ('ʝ',))	75.00	(rep: 50.00, dist: 100.00)	1 (0.0745)
Dutch_Std_BE ['reːʝn']

(('w',), ('h',))	75.00	(rep: 50.00, dist: 100.00)	1 (0.0745)
Ostend ['neːhə̃']

(('r',), ('s̆',))	75.00	(rep: 50.00, dist: 100.00)	1 (0.0745)
Ostend ['ɣɑːs̆t']

(('oːu',), ('ɛː',))	75.00	(rep: 50.00, dist: 100.00)	1 (0.0745)
Ostend ['tʰβɛː']

(('j',), ('β',))	75.00	(rep: 50.00, dist: 100.00)	1 (0.0745)
Ostend ['niːβə']

(('iː',), ('ɛɪ',))	75.00	(rep: 50.00, dist: 100.00)	1 (0.0745)
Dutch_Std_BE ['bɛɪt']

(('iː',), ('ɛ',))	75.00	(rep: 50.00, dist: 100.00)	1 (0.0745)
Ostend ['βɛt']

(('eː',), ('ɑɔ',))	75.00	(rep: 50.00, dist: 100.00)	1 (0.0745)
Ostend ['nɑɔdɫ']

and 169 more
=====================================

Cluster 21:
-------------------------------------
Achterhoek
Limburg
-------
(('u',), ('oɐ',))	100.00	(rep: 100.00, dist: 100.00)	9 (0.7166)
Achterhoek ['noɐt', 'kʰoɐn', 'doɐn', 'hoɐn', 'βoɐt']
Limburg ['noɐt', 'koɐʁ', 'doɐn', 'hoɐn']

(('b',), ('ɸ',))	100.00	(rep: 100.00, dist: 100.00)	2 (0.1592)
Achterhoek ['kɑləɸ']
Limburg ['kɔːɸ']

(('a',), ('ɛː',))	81.48	(rep: 100.00, dist: 62.96)	3 (0.2389)
Achterhoek ['nɛːχɫ']
Limburg ['bɛːtəχ', 'ɛːʃ']

(('d',), ('s',))	81.48	(rep: 100.00, dist: 62.96)	2 (0.1592)
Achterhoek ['høːs']
Limburg ['nɑks']

(('θ',), ('k',))	75.00	(rep: 50.00, dist: 100.00)	2 (0.1592)
Limburg ['mʊŋk', 'taŋk']

(('θ',), ('χ',))	75.00	(rep: 50.00, dist: 100.00)	1 (0.0796)
Limburg ['bʁoːχ']

(('u',), ('ɔə',))	75.00	(rep: 50.00, dist: 100.00)	1 (0.0796)
Limburg ['wɔət']

(('u',), ('ɒː',))	75.00	(rep: 50.00, dist: 100.00)	1 (0.0796)
Limburg ['tʰʁɒːn']

(('u',), ('øə',))	75.00	(rep: 50.00, dist: 100.00)	1 (0.0796)
Limburg ['øənɪŋ']

(('u',), ('õə',))	75.00	(rep: 50.00, dist: 100.00)	1 (0.0796)
Limburg ['hõət']

(('t',), ('ç',))	75.00	(rep: 50.00, dist: 100.00)	1 (0.0796)
Limburg ['fɛç']

and 177 more
=====================================

Cluster 22:
-------------------------------------
Antwerp
Dutch_Std_BE
Ostend
-------
(('r',), ('s',))	83.33	(rep: 66.67, dist: 100.00)	9 (0.4455)
Antwerp ['nɔst', 'dɔxtəs', 'βɔst', 'moːd̪əs', 'd͡zvɛːs', 'fɑːd̪əs']
Ostend ['dɔχtəs', 'sβaːs', 'leːvəs']

(('w',), ('ʝ',))	83.33	(rep: 66.67, dist: 100.00)	2 (0.0990)
Antwerp ['neːʝə']
Dutch_Std_BE ['neːʝn']

(('d',), ('d̪',))	76.47	(rep: 100.00, dist: 52.94)	5 (0.2475)
Antwerp ['moːd̪əs', 'fɑːd̪əs']
Dutch_Std_BE ['vaːd̪ər', 'd̪rɪŋk']
Ostend ['fɔːd̪r']

(('oː',), ('uː',))	70.59	(rep: 100.00, dist: 41.18)	10 (0.4950)
Antwerp ['stuː', 'bɾuːs', 'bluːt', 'xuː', 'kuː']
Dutch_Std_BE ['xruːn', 'stuːl', 'bɾuːr', 'kuː']
Ostend ['bɾuːɾə']

(('z',), ('ç',))	70.59	(rep: 100.00, dist: 41.18)	3 (0.1485)
Antwerp ['aɪlɪç']
Dutch_Std_BE ['hɛɪləç']
Ostend ['ɛləç']

(('n',), ('r',))	70.59	(rep: 100.00, dist: 41.18)	3 (0.1485)
Antwerp ['oːr']
Dutch_Std_BE ['oːr']
Ostend ['betr']

(('au',), ('oə',))	66.67	(rep: 33.33, dist: 100.00)	4 (0.1980)
Antwerp ['oəx', 'loəf', 'roət', 'oəs']

(('uː',), ('ʉ',))	66.67	(rep: 33.33, dist: 100.00)	3 (0.1485)
Ostend ['mʉs', 'ʉs', 'ʉt']

(('uː',), ('ɔɐ',))	66.67	(rep: 33.33, dist: 100.00)	2 (0.0990)
Antwerp ['ɔɐs', 'ɔɐt']

(('θ',), ('ɾ',))	66.67	(rep: 33.33, dist: 100.00)	1 (0.0495)
Ostend ['bɾuːɾə']

(('θ',), ('s',))	66.67	(rep: 33.33, dist: 100.00)	1 (0.0495)
Antwerp ['bɾuːs']

and 208 more
=====================================

Cluster 23:
-------------------------------------
Biel
Graubuenden
-------
(('oː',), ('ʏɛ',))	100.00	(rep: 100.00, dist: 100.00)	2 (0.1537)
Biel ['ɡɾʏɛn']
Graubuenden ['ɡɾʏɛn']

(('eː',), ('ɑː',))	81.48	(rep: 100.00, dist: 62.96)	3 (0.2306)
Biel ['n̪ɑːdʊ', 'jɑːr']
Graubuenden ['jɑːr']

(('u',), ('uː',))	81.48	(rep: 100.00, dist: 62.96)	2 (0.1537)
Biel ['muː']
Graubuenden ['muːl']

(('n',), ('ɾ',))	81.48	(rep: 100.00, dist: 62.96)	2 (0.1537)
Biel ['bɛsəɾ']
Graubuenden ['bɛsɾ']

(('a',), ('œː',))	81.48	(rep: 100.00, dist: 62.96)	2 (0.1537)
Biel ['ʃβœːr']
Graubuenden ['ʃβœːɾ']

(('a',), ('ɑʊ',))	75.00	(rep: 50.00, dist: 100.00)	3 (0.2306)
Biel ['χɑʊt', 'sɑʊt͡s', 'χɑʊp']

(('au',), ('ɔo',))	75.00	(rep: 50.00, dist: 100.00)	2 (0.1537)
Biel ['ɔok', 'hɔopt']

(('ai',), ('ei',))	75.00	(rep: 50.00, dist: 100.00)	2 (0.1537)
Biel ['eiχə', 'heilɪk']

(('z',), ('t͡s',))	75.00	(rep: 50.00, dist: 100.00)	1 (0.0769)
Graubuenden ['aɪnt͡s']

(('u',), ('ɵ',))	75.00	(rep: 50.00, dist: 100.00)	1 (0.0769)
Biel ['βɵlə']

(('u',), ('ɔʊ',))	75.00	(rep: 50.00, dist: 100.00)	1 (0.0769)
Biel ['fɔʊ']

and 169 more
=====================================

Cluster 24:
-------------------------------------
Cologne
Luxembourg
-------
(('x',), ('ʃ',))	100.00	(rep: 100.00, dist: 100.00)	3 (0.2331)
Cologne ['ʀɛɪʃ', 'zøʃ']
Luxembourg ['dʊɪʃtɐ']

(('n',), ('ʃ',))	100.00	(rep: 100.00, dist: 100.00)	2 (0.1554)
Cologne ['hʊniʃ']
Luxembourg ['hʊnəʃ']

(('r',), ('ʀ',))	81.48	(rep: 100.00, dist: 62.96)	10 (0.7770)
Cologne ['ʃtʊʀm', 'ʀɛn', 'ʀɛɪʃ', 'ʀɪŋ', 'dʀeɪ']
Luxembourg ['tʰʀɛɪn', 'ʀiət͡s', 'dʀaɪ', 'ʀoːt', 'dʀɪŋk']

(('k',), ('ʃ',))	81.48	(rep: 100.00, dist: 62.96)	5 (0.3885)
Cologne ['ʔɛɪʃ', 'mɪləʃ', 'ʔiʃ']
Luxembourg ['ʔeːʃ', 'mɨlɪʃ']

(('t',), ('ʃ',))	81.48	(rep: 100.00, dist: 62.96)	2 (0.1554)
Cologne ['fɛʃ']
Luxembourg ['væʃ']

(('eː',), ('ɒ',))	75.00	(rep: 50.00, dist: 100.00)	4 (0.3108)
Cologne ['bʁoːdɒ', 'dɔːχtɒ', 'mʊtɒ', 'fatɒ']

(('u',), ('ʊɛ',))	75.00	(rep: 50.00, dist: 100.00)	3 (0.2331)
Luxembourg ['ʃtʊɛm', 'ʔʊɛvən', 'vʊɛt']

(('u',), ('ɨ',))	75.00	(rep: 50.00, dist: 100.00)	2 (0.1554)
Luxembourg ['mɨt', 'zɨt͡s']

(('oː',), ('œʊ',))	75.00	(rep: 50.00, dist: 100.00)	2 (0.1554)
Luxembourg ['fœʊs', 'kʰœʊ']

(('iː',), ('æi',))	75.00	(rep: 50.00, dist: 100.00)	2 (0.1554)
Luxembourg ['bæis', 'væis']

(('e',), ('ɨ',))	75.00	(rep: 50.00, dist: 100.00)	2 (0.1554)
Luxembourg ['mɨlɪʃ', 'fɨnəf']

and 207 more
=====================================

Cluster 25:
-------------------------------------
Herrlisheim
Ortisei
-------
(('oː',), ('øə',))	100.00	(rep: 100.00, dist: 100.00)	3 (0.2299)
Herrlisheim ['ɡøət', 'møətəχ']
Ortisei ['bløət͡s']

(('n',), ('k',))	81.48	(rep: 100.00, dist: 62.96)	2 (0.1533)
Herrlisheim ['honik']
Ortisei ['hoːnik']

(('uː',), ('aɵ',))	75.00	(rep: 50.00, dist: 100.00)	3 (0.2299)
Ortisei ['maɵs', 'haɵs', 'ʔaɵs']

(('iː',), ('aɪ',))	75.00	(rep: 50.00, dist: 100.00)	2 (0.1533)
Ortisei ['baɪs', 'βaɪs']

(('eː',), ('oː',))	75.00	(rep: 50.00, dist: 100.00)	2 (0.1533)
Herrlisheim ['joːχ', 'moːn']

(('au',), ('œʏ',))	75.00	(rep: 50.00, dist: 100.00)	2 (0.1533)
Herrlisheim ['ʔœʏjə', 'hœʏpt']

(('uː',), ('yː',))	75.00	(rep: 50.00, dist: 100.00)	1 (0.0766)
Herrlisheim ['myːs']

(('oːu',), ('ɔə',))	75.00	(rep: 50.00, dist: 100.00)	1 (0.0766)
Ortisei ['t͡sβɔə']

(('oː',), ('yː',))	75.00	(rep: 50.00, dist: 100.00)	1 (0.0766)
Herrlisheim ['kʰyː']

(('oː',), ('iɛ',))	75.00	(rep: 50.00, dist: 100.00)	1 (0.0766)
Ortisei ['ɡʁiɛn']

(('n',), ('ɱ',))	75.00	(rep: 50.00, dist: 100.00)	1 (0.0766)
Ortisei ['fʏɱf']

and 156 more
=====================================

Cluster 26:
-------------------------------------
Veenkolonien
Antwerp
Dutch_Std_BE
Ostend
-------
(('d',), ('d̪',))	87.50	(rep: 100.00, dist: 75.00)	7 (0.2619)
Veenkolonien ['ɔn̪d̪əʁt', 'βod̪ɹ']
Antwerp ['moːd̪əs', 'fɑːd̪əs']
Dutch_Std_BE ['vaːd̪ər', 'd̪rɪŋk']
Ostend ['fɔːd̪r']

(('r',), ('s',))	75.00	(rep: 50.00, dist: 100.00)	9 (0.3367)
Antwerp ['nɔst', 'dɔxtəs', 'βɔst', 'moːd̪əs', 'd͡zvɛːs', 'fɑːd̪əs']
Ostend ['dɔχtəs', 'sβaːs', 'leːvəs']

(('ɡ',), ('h',))	75.00	(rep: 50.00, dist: 100.00)	4 (0.1496)
Veenkolonien ['hanzə']
Ostend ['hɾuənə', 'ɾeːhə̃', 'hoət']

(('w',), ('ʝ',))	75.00	(rep: 50.00, dist: 100.00)	2 (0.0748)
Antwerp ['neːʝə']
Dutch_Std_BE ['neːʝn']

(('r',), ('v',))	75.00	(rep: 50.00, dist: 100.00)	2 (0.0748)
Veenkolonien ['ovɹˠ']
Ostend ['oːvr']

(('r',), ('d',))	73.21	(rep: 100.00, dist: 46.43)	4 (0.1496)
Veenkolonien ['dʏndɹˠ']
Antwerp ['d̬ɔndəs']
Dutch_Std_BE ['dʌndər']
Ostend ['dœndr']

(('e',), ('aː',))	68.75	(rep: 100.00, dist: 37.50)	5 (0.1871)
Veenkolonien ['βaːɾə']
Antwerp ['dɾaː', 'vaːf']
Dutch_Std_BE ['aːrdə']
Ostend ['aːrdə']

(('pp',), ('p',))	68.75	(rep: 100.00, dist: 37.50)	4 (0.1496)
Veenkolonien ['tʰɔp']
Antwerp ['tɔp']
Dutch_Std_BE ['tɔp']
Ostend ['tɔp']

(('l',), ('ɫ',))	65.28	(rep: 100.00, dist: 30.56)	10 (0.3741)
Veenkolonien ['kʰɔːɫt', 'naːɫə', 'noʁəɫ']
Antwerp ['nɑɫt', 'kaɫəf', 'nɑːxɫ']
Dutch_Std_BE ['naːɫt', 'kɑɫf', 'naːxəɫ']
Ostend ['nɑɔdɫ']

(('f',), ('v',))	62.50	(rep: 100.00, dist: 25.00)	19 (0.7108)
Veenkolonien ['vastə', 'vɑʊɾə']
Antwerp ['vɔɫ', 'oːvə', 'vɪs', 'viːs', 'vaːf']
Dutch_Std_BE ['vut', 'vɪs', 'viəɹ', 'vaːd̪ər']
Ostend ['vœl', 'ɔːvn', 'vɑstə', 'vuət', 'vɛs', 'viəɾə', 'vøvə']

(('b',), ('f',))	62.50	(rep: 100.00, dist: 25.00)	12 (0.4489)
Veenkolonien ['lɒʊf', 'høʏft', 'kʰaɤf']
Antwerp ['loəf', 'hɔft', 'kaɫəf']
Dutch_Std_BE ['lɔːf', 'hoːft', 'kɑɫf']
Ostend ['lɔːf', 'oːft', 'kɔːf']

and 266 more
=====================================

Cluster 27:
-------------------------------------
Hard
Tuebingen
-------
(('uː',), ('ɐu',))	75.00	(rep: 50.00, dist: 100.00)	3 (0.2315)
Tuebingen ['mɐus', 'hɐus', 'ʔɐus']

(('a',), ('aɔ',))	75.00	(rep: 50.00, dist: 100.00)	3 (0.2315)
Tuebingen ['βaɔm', 'ʃaɔf', 'ɡaɔt̪ə']

(('au',), ('ɑɵ',))	75.00	(rep: 50.00, dist: 100.00)	2 (0.1543)
Tuebingen ['hɑɵpt', 'ʁɑɵt']

(('ai',), ('õɐ̃',))	75.00	(rep: 50.00, dist: 100.00)	2 (0.1543)
Hard ['ʃtõɐ̃', 'bõɐ̃']

(('ai',), ('oɐ',))	75.00	(rep: 50.00, dist: 100.00)	2 (0.1543)
Hard ['ʔoɐxə', 'hoɐm']

(('u',), ('ʊɔ',))	75.00	(rep: 50.00, dist: 100.00)	1 (0.0772)
Tuebingen ['ʃtʊɔm']

(('u',), ('eː',))	75.00	(rep: 50.00, dist: 100.00)	1 (0.0772)
Tuebingen ['tʁeːnə']

(('oːu',), ('ɔe',))	75.00	(rep: 50.00, dist: 100.00)	1 (0.0772)
Tuebingen ['t͡sβɔe']

(('oːu',), ('oɐ',))	75.00	(rep: 50.00, dist: 100.00)	1 (0.0772)
Hard ['t͡sβoɐ']

(('oː',), ('ʏə',))	75.00	(rep: 50.00, dist: 100.00)	1 (0.0772)
Hard ['bʁʏədəʁ']

(('oː',), ('ɑʊɔ',))	75.00	(rep: 50.00, dist: 100.00)	1 (0.0772)
Tuebingen ['ʔɑʊɔ']

and 167 more
=====================================

Cluster 28:
-------------------------------------
Grou
Veenkolonien
Antwerp
Dutch_Std_BE
Ostend
-------
(('n',), ('m',))	80.00	(rep: 60.00, dist: 100.00)	4 (0.1196)
Grou ['iəpm']
Veenkolonien ['opm', 'obm']
Ostend ['ɔːpm']

(('d',), ('d̪',))	76.67	(rep: 80.00, dist: 73.33)	7 (0.2093)
Veenkolonien ['ɔn̪d̪əʁt', 'βod̪ɹ']
Antwerp ['moːd̪əs', 'fɑːd̪əs']
Dutch_Std_BE ['vaːd̪ər', 'd̪rɪŋk']
Ostend ['fɔːd̪r']

(('pp',), ('p',))	75.00	(rep: 100.00, dist: 50.00)	5 (0.1495)
Grou ['tɔp']
Veenkolonien ['tʰɔp']
Antwerp ['tɔp']
Dutch_Std_BE ['tɔp']
Ostend ['tɔp']

(('l',), ('ɫ',))	70.37	(rep: 100.00, dist: 40.74)	21 (0.6278)
Grou ['stuəɫ', 'hɪɫəχ', 'mʌɫqə', 'ɫaŋ', 'bɫoət', 'ɫɪiəf', 'nœɫə', 'kɪiəɫ', 'nɒɪɫ', 'ɫɛɪvr', 'ɫaːm']
Veenkolonien ['kʰɔːɫt', 'naːɫə', 'noʁəɫ']
Antwerp ['nɑɫt', 'kaɫəf', 'nɑːxɫ']
Dutch_Std_BE ['naːɫt', 'kɑɫf', 'naːxəɫ']
Ostend ['nɑɔdɫ']

(('r',), ('s',))	70.00	(rep: 40.00, dist: 100.00)	9 (0.2691)
Antwerp ['nɔst', 'dɔxtəs', 'βɔst', 'moːd̪əs', 'd͡zvɛːs', 'fɑːd̪əs']
Ostend ['dɔχtəs', 'sβaːs', 'leːvəs']

(('ɡ',), ('h',))	70.00	(rep: 40.00, dist: 100.00)	4 (0.1196)
Veenkolonien ['hanzə']
Ostend ['hɾuənə', 'ɾeːhə̃', 'hoət']

(('θ',), ('r',))	70.00	(rep: 40.00, dist: 100.00)	2 (0.0598)
Grou ['bɾoər']
Dutch_Std_BE ['bɾuːr']

(('w',), ('ʝ',))	70.00	(rep: 40.00, dist: 100.00)	2 (0.0598)
Antwerp ['neːʝə']
Dutch_Std_BE ['neːʝn']

(('uː',), ('oː',))	70.00	(rep: 40.00, dist: 100.00)	2 (0.0598)
Grou ['moːs']
Veenkolonien ['moːs']

(('r',), ('v',))	70.00	(rep: 40.00, dist: 100.00)	2 (0.0598)
Veenkolonien ['ovɹˠ']
Ostend ['oːvr']

(('a',), ('iə',))	70.00	(rep: 40.00, dist: 100.00)	2 (0.0598)
Grou ['niəkŋ']
Veenkolonien ['zβiə']

and 307 more
=====================================

Cluster 29:
-------------------------------------
Cologne
Luxembourg
Hard
Tuebingen
-------
(('au',), ('ɔʊ',))	75.00	(rep: 50.00, dist: 100.00)	4 (0.1549)
Cologne ['ʔɔʊχ', 'lɔʊf', 'hɔʊp']
Hard ['ʔɔʊk']

(('x',), ('ʃ',))	75.00	(rep: 50.00, dist: 100.00)	3 (0.1161)
Cologne ['ʀɛɪʃ', 'zøʃ']
Luxembourg ['dʊɪʃtɐ']

(('u',), ('ɔɐ',))	75.00	(rep: 50.00, dist: 100.00)	3 (0.1161)
Luxembourg ['dɔɐ']
Hard ['kʰɔɐʁn', 'hɔɐʁn']

(('n',), ('ʃ',))	75.00	(rep: 50.00, dist: 100.00)	2 (0.0774)
Cologne ['hʊniʃ']
Luxembourg ['hʊnəʃ']

(('e',), ('ɛi',))	75.00	(rep: 50.00, dist: 100.00)	2 (0.0774)
Luxembourg ['kʰnɛi']
Tuebingen ['dʁɛi']

(('p',), ('f',))	68.75	(rep: 100.00, dist: 37.50)	6 (0.2323)
Cologne ['ʔɔfə']
Luxembourg ['ʃaːf']
Hard ['ʔofə', 'ʃaːʁf']
Tuebingen ['ʔofə', 'ʃaɔf']

(('x',), ('k',))	65.28	(rep: 100.00, dist: 30.56)	4 (0.1549)
Cologne ['zɛks']
Luxembourg ['zɛks']
Hard ['sɪks']
Tuebingen ['sɪks']

(('t',), ('s',))	62.50	(rep: 100.00, dist: 25.00)	15 (0.5807)
Cologne ['biːs', 'ʔɛs', 'bɛsɒ', 'ʔus']
Luxembourg ['bæis', 'iɛs']
Hard ['vaːs', 'biːs', 'ʔiəs', 'ʔuːs']
Tuebingen ['βaːs', 'bɐis', 'ʔis', 'bɛsɔ', 'ʔɐus']

(('s',), ('ʔ',))	62.50	(rep: 100.00, dist: 25.00)	5 (0.1936)
Cologne ['ʔiːs']
Luxembourg ['ʔœʃ', 'ʔæis']
Hard ['ʔiːs']
Tuebingen ['ʔɐis']

(('eː',), ('ɔ',))	62.50	(rep: 75.00, dist: 50.00)	5 (0.1936)
Cologne ['jɔ']
Luxembourg ['mɔnt']
Tuebingen ['bʁʊədɔ', 'dɔχtɔ', 'mʊətɔ']

(('eː',), ('ɒ',))	62.50	(rep: 25.00, dist: 100.00)	4 (0.1549)
Cologne ['bʁoːdɒ', 'dɔːχtɒ', 'mʊtɒ', 'fatɒ']

and 287 more
=====================================

Cluster 30:
-------------------------------------
Dutch_Std_NL
Achterhoek
Limburg
-------
(('u',), ('oɐ',))	83.33	(rep: 66.67, dist: 100.00)	9 (0.4785)
Achterhoek ['noɐt', 'kʰoɐn', 'doɐn', 'hoɐn', 'βoɐt']
Limburg ['noɐt', 'koɐʁ', 'doɐn', 'hoɐn']

(('θ',), ('ʁ',))	83.33	(rep: 66.67, dist: 100.00)	2 (0.1063)
Dutch_Std_NL ['bʁuəʁ']
Achterhoek ['bʁʏʁ']

(('w',), ('χ',))	83.33	(rep: 66.67, dist: 100.00)	2 (0.1063)
Dutch_Std_NL ['neɪχə']
Achterhoek ['neːχn']

(('oː',), ('ø',))	83.33	(rep: 66.67, dist: 100.00)	2 (0.1063)
Dutch_Std_NL ['bløt']
Limburg ['χʁøn']

(('b',), ('ɸ',))	83.33	(rep: 66.67, dist: 100.00)	2 (0.1063)
Achterhoek ['kɑləɸ']
Limburg ['kɔːɸ']

(('θ',), ('k',))	66.67	(rep: 33.33, dist: 100.00)	2 (0.1063)
Limburg ['mʊŋk', 'taŋk']

(('u',), ('oʊ',))	66.67	(rep: 33.33, dist: 100.00)	2 (0.1063)
Dutch_Std_NL ['oʊpə', 'oʊvə']

(('au',), ('oʊ',))	66.67	(rep: 33.33, dist: 100.00)	2 (0.1063)
Dutch_Std_NL ['oʊχ', 'loʊf']

(('θ',), ('χ',))	66.67	(rep: 33.33, dist: 100.00)	1 (0.0532)
Limburg ['bʁoːχ']

(('uː',), ('æø',))	66.67	(rep: 33.33, dist: 100.00)	1 (0.0532)
Dutch_Std_NL ['mæøs']

(('uː',), ('aø',))	66.67	(rep: 33.33, dist: 100.00)	1 (0.0532)
Dutch_Std_NL ['haøs']

and 213 more
=====================================

Cluster 31:
-------------------------------------
Walser
Biel
Graubuenden
-------
(('u',), ('uː',))	100.00	(rep: 100.00, dist: 100.00)	3 (0.1552)
Walser ['huːnt']
Biel ['muː']
Graubuenden ['muːl']

(('e',), ('yː',))	85.29	(rep: 100.00, dist: 70.59)	9 (0.4656)
Walser ['dɾyː', 'nyː', 'fyːɸ']
Biel ['tɾyː', 'nyːn', 'fyːf']
Graubuenden ['kʰnyː', 'nyːn', 'fyːf']

(('z',), ('ɾ',))	85.29	(rep: 100.00, dist: 70.59)	5 (0.2587)
Walser ['hʊŋɡəɾ', 'høːɾ', 'dɔnɛɾ']
Biel ['dɔnəɾ']
Graubuenden ['donɾ']

(('oː',), ('ʊɔ',))	83.33	(rep: 66.67, dist: 100.00)	4 (0.2069)
Walser ['bɾʊɔdɛɾ']
Graubuenden ['brʊɔdr', 'blʊɔt', 'fʊɔs']

(('-',), ('ɐ',))	83.33	(rep: 66.67, dist: 100.00)	3 (0.1552)
Walser ['t͡seːbɐ']
Graubuenden ['tɾɛːnɐ', 't͡seːbɐ']

(('oː',), ('ʏɛ',))	83.33	(rep: 66.67, dist: 100.00)	2 (0.1035)
Biel ['ɡɾʏɛn']
Graubuenden ['ɡɾʏɛn']

(('n',), ('b',))	83.33	(rep: 66.67, dist: 100.00)	2 (0.1035)
Walser ['t͡seːbɐ']
Graubuenden ['t͡seːbɐ']

(('i',), ('ɛ',))	70.59	(rep: 100.00, dist: 41.18)	3 (0.1552)
Walser ['kʰɛk']
Biel ['k͡xɛkχ']
Graubuenden ['kʰɛk']

(('ai',), ('æɪ',))	66.67	(rep: 33.33, dist: 100.00)	6 (0.3104)
Walser ['ʔæɪs', 'ʔæɪxə', 'hæɪlɪk', 'ʃtæɪ', 'hæɪmət', 'bæɪ']

(('a',), ('ɑʊ',))	66.67	(rep: 33.33, dist: 100.00)	3 (0.1552)
Biel ['χɑʊt', 'sɑʊt͡s', 'χɑʊp']

(('p',), ('ɸ',))	66.67	(rep: 33.33, dist: 100.00)	2 (0.1035)
Walser ['ʔoɸə', 'ʃaɹɸ']

and 210 more
=====================================

Cluster 32:
-------------------------------------
Grou
Veenkolonien
Antwerp
Dutch_Std_BE
Ostend
Dutch_Std_NL
Achterhoek
Limburg
-------
(('pp',), ('p',))	100.00	(rep: 100.00, dist: 100.00)	8 (0.1531)
Grou ['tɔp']
Veenkolonien ['tʰɔp']
Antwerp ['tɔp']
Dutch_Std_BE ['tɔp']
Ostend ['tɔp']
Dutch_Std_NL ['tʰɔp']
Achterhoek ['tɔp']
Limburg ['tɔp']

(('r',), ('d',))	93.75	(rep: 87.50, dist: 100.00)	7 (0.1339)
Veenkolonien ['dʏndɹˠ']
Antwerp ['d̬ɔndəs']
Dutch_Std_BE ['dʌndər']
Ostend ['dœndr']
Dutch_Std_NL ['dʌndəʁ']
Achterhoek ['dʊndʁ']
Limburg ['dʊndəχ']

(('l',), ('ɫ',))	90.74	(rep: 100.00, dist: 81.48)	31 (0.5932)
Grou ['stuəɫ', 'hɪɫəχ', 'mʌɫqə', 'ɫaŋ', 'bɫoət', 'ɫɪiəf', 'nœɫə', 'kɪiəɫ', 'nɒɪɫ', 'ɫɛɪvr', 'ɫaːm']
Veenkolonien ['kʰɔːɫt', 'naːɫə', 'noʁəɫ']
Antwerp ['nɑɫt', 'kaɫəf', 'nɑːxɫ']
Dutch_Std_BE ['naːɫt', 'kɑɫf', 'naːxəɫ']
Ostend ['nɑɔdɫ']
Dutch_Std_NL ['stuːɫ', 'ɫɑŋ', 'naːɫt', 'naχʌɫ', 'ɫɑm']
Achterhoek ['stɔːɫ', 'kɔɫt', 'nɔːɫdə', 'nɛːχɫ']
Limburg ['naːɣɫ']

(('p',), ('p',))	83.33	(rep: 100.00, dist: 66.67)	14 (0.2679)
Grou ['iəpm', 'skɛrp']
Veenkolonien ['opm', 'sχaːp']
Antwerp ['opə', 'sjaːɾəp']
Dutch_Std_BE ['oːpn', 'sçɛrp']
Ostend ['ɔːpm', 'ʃχɛrp']
Dutch_Std_NL ['oʊpə']
Achterhoek ['sχaɾəp']
Limburg ['opə', 'ʃɛʁəp']

(('ll',), ('ɫ',))	75.60	(rep: 75.00, dist: 76.19)	15 (0.2870)
Grou ['fʌɫ', 'ɒɫ', 'βʌɫə']
Veenkolonien ['βʌɫ']
Antwerp ['vɔɫ', 'aɫ', 'wʌɫ']
Dutch_Std_BE ['βʌɫ', 'ɑɫ', 'βʌɫ']
Dutch_Std_NL ['vʌɫ', 'ɑɫ', 'vʌɫ']
Achterhoek ['ɸʊɫ', 'aɫ']

(('e',), ('ɛɪ',))	75.60	(rep: 75.00, dist: 76.19)	11 (0.2105)
Grou ['tɾɛɪjə']
Veenkolonien ['ɹɛɪɡn', 'zɛɪ', 'ɛɪt', 'knɛɪ', 'nɛɪɡŋ']
Dutch_Std_BE ['fɛɪɸ']
Dutch_Std_NL ['ɛɪt']
Achterhoek ['zɛɪ']
Limburg ['dʁɛɪ', 'knɛɪ']

(('f',), ('β',))	75.00	(rep: 50.00, dist: 100.00)	10 (0.1914)
Veenkolonien ['βaːɾə', 'βod̪ɹ', 'βiːβə']
Dutch_Std_BE ['βʌɫ', 'oːβn', 'βɑst']
Achterhoek ['ɔːβn', 'βoːt']
Limburg ['ɔβə']

(('o',), ('ə',))	75.00	(rep: 50.00, dist: 100.00)	4 (0.0765)
Grou ['mwanə']
Veenkolonien ['monə']
Ostend ['mɔːnə']
Achterhoek ['mɔːnə']

(('i',), ('ɛɪ',))	75.00	(rep: 50.00, dist: 100.00)	4 (0.0765)
Grou ['ɫɛɪvr']
Veenkolonien ['lɛɪvɹ']
Dutch_Std_NL ['lɛɪvəʁ']
Limburg ['lɛɪβəχ']

(('ai',), ('iə',))	68.75	(rep: 37.50, dist: 100.00)	11 (0.2105)
Grou ['iən', 'sniə', 'siər', 'stiən', 'hiəm', 'biən', 'tiən']
Antwerp ['iən', 'sniə']
Limburg ['ziəχ', 'tʰiən']

(('ɡ',), ('ç',))	68.75	(rep: 37.50, dist: 100.00)	6 (0.1148)
Antwerp ['çɾyn', 'reːçɪn', 'daç', 'çjans']
Dutch_Std_BE ['çaːrt']
Limburg ['çaːt']

and 354 more
=====================================

Cluster 33:
-------------------------------------
Herrlisheim
Ortisei
Cologne
Luxembourg
Hard
Tuebingen
-------
(('p',), ('f',))	82.14	(rep: 100.00, dist: 64.29)	10 (0.2572)
Herrlisheim ['ʔofə', 'ʃɒχf']
Ortisei ['ʔofn', 'ʃɑʁf']
Cologne ['ʔɔfə']
Luxembourg ['ʃaːf']
Hard ['ʔofə', 'ʃaːʁf']
Tuebingen ['ʔofə', 'ʃaɔf']

(('x',), ('k',))	76.19	(rep: 100.00, dist: 52.38)	6 (0.1543)
Herrlisheim ['sɪks']
Ortisei ['sɪks']
Cologne ['zɛks']
Luxembourg ['zɛks']
Hard ['sɪks']
Tuebingen ['sɪks']

(('k',), ('ʃ',))	75.00	(rep: 50.00, dist: 100.00)	8 (0.2058)
Herrlisheim ['ʔaiʃ', 'mɪlɪʃ', 'ʔɪʃ']
Cologne ['ʔɛɪʃ', 'mɪləʃ', 'ʔiʃ']
Luxembourg ['ʔeːʃ', 'mɨlɪʃ']

(('e',), ('aɪ',))	75.00	(rep: 50.00, dist: 100.00)	4 (0.1029)
Ortisei ['dʁaɪ', 'naɪn']
Luxembourg ['dʀaɪ']
Tuebingen ['faɪf']

(('t',), ('s',))	71.43	(rep: 100.00, dist: 42.86)	26 (0.6687)
Herrlisheim ['βɒs', 'bis', 'ʔɪs', 'bɛsəχ', 'ʔys', 'sɔls']
Ortisei ['βɔs', 'baɪs', 'ʔɪs', 'bɪsəχ', 'ʔaɵs']
Cologne ['biːs', 'ʔɛs', 'bɛsɒ', 'ʔus']
Luxembourg ['bæis', 'iɛs']
Hard ['vaːs', 'biːs', 'ʔiəs', 'ʔuːs']
Tuebingen ['βaːs', 'bɐis', 'ʔis', 'bɛsɔ', 'ʔɐus']

(('s',), ('ʔ',))	71.43	(rep: 100.00, dist: 42.86)	7 (0.1800)
Herrlisheim ['ʔis']
Ortisei ['ʔaɪs']
Cologne ['ʔiːs']
Luxembourg ['ʔœʃ', 'ʔæis']
Hard ['ʔiːs']
Tuebingen ['ʔɐis']

(('r',), ('χ',))	71.26	(rep: 83.33, dist: 59.18)	31 (0.7973)
Herrlisheim ['noχt', 'ʔeβəχ', 'bʁeːdəχ', 'doːχtəχ', 'ʔaχt', 'voχt', 'møətəχ', 'ʃɒχf', 'ʃvœːχ', 'ɡɔːχtə', 'fiəχ', 'fɒtəχ', 'joːχ', 'haχt͡s']
Ortisei ['noχt͡s', 'ʔyːbəχ', 'bʁʊədəχ', 'dɔχtəχ', 'mʊətəχ', 'ʃβøːχ', 'ɡɔχtn', 'fiəχ', 'foətəχ', 'jɔːχ', 'leːbəχ', 'hɛχt͡s']
Cologne ['nɔχt']
Luxembourg ['kʰaːχ', 'ɡaːχt']
Tuebingen ['jɔːχ', 'leːbɔχ']

(('eː',), ('ɔ',))	69.05	(rep: 66.67, dist: 71.43)	6 (0.1543)
Ortisei ['mɔnt']
Cologne ['jɔ']
Luxembourg ['mɔnt']
Tuebingen ['bʁʊədɔ', 'dɔχtɔ', 'mʊətɔ']

(('r',), ('ʁ',))	67.53	(rep: 100.00, dist: 35.06)	80 (2.0576)
Herrlisheim ['ʃtʊʁm', 'ɡʁeːn', 'tʁaːnə', 'kʰoʁən', 'ʁaːjə', 'vɔːʁm', 'ʁaːχt', 'bʁeːdəχ', 'toʁən', 'hoʁən', 'ʁɪŋ', 'ʁoːtʰ', 'tʁɪŋk']
Ortisei ['ʃtʊʁm', 'ɡʁiɛn', 'tʁɛːnə', 'kʰɔʁn', 'ʁeːɡn', 'βɑʁm', 'ʁɛχt͡s', 'bʁʊədəχ', 'dɔʁn', 'ʔɛʁdɛ', 'hɔʁn', 'ʁɪŋk', 'βɔʁt͡s', 'ʃɑʁf', 'dʁaɪ', 'ʁɔːt͡s', 'tʁɪŋk']
Cologne ['jɒʁœ̃', 'tʁɔn', 'βɛʁəm', 'bʁoːdɒ', 'ʃɛʁəp', 'ʁotʰ', 'dʁɪŋk']
Luxembourg ['nʊəʁdən', 'ɡʁɪŋ', 'ʁeːn', 'bʁʊdɐ', 'ʁɐŋ']
Hard ['nɔːʁdə', 'ʃtʊʁm', 'ʏbəʁ', 'tʁɛːnə', 'kʰɔɐʁn', 'ʁeɐɡə', 'vaːʁm', 'ʁeɐxt', 'bʁʏədəʁ', 'dɔxtəʁ', 'ʔɛʁdɛ', 'hɔɐʁn', 'ʁɪŋ', 'mʊətəʁ', 'ʃaːʁf', 'ʃvøːʁ', 'dʁyː', 'ɡaːʁtə', 'fiəʁ', 'fatəʁ', 'jɔːʁ', 'leəbəʁ', 'hɛʁt͡s', 'dʁɪnk']
Tuebingen ['ɡʁeə', 'tʁeːnə', 'ʁeəɡə', 'ʁeəxt', 'bʁʊədɔ', 'ʔɛʁdɛ', 'ʁɪŋ', 'hʊndʁt', 'ʃβøʁ', 'dʁɛi', 'ʁɑɵt', 'hɛʁt͡s', 'dʁɪŋk']

(('t',), ('t͡s',))	67.53	(rep: 100.00, dist: 35.06)	47 (1.2088)
Herrlisheim ['t͡svɛi', 't͡saːn', 'sɪt͡s', 't͡sɛː', 't͡seː', 'haχt͡s', 't͡sʊŋ']
Ortisei ['ʁɛχt͡s', 't͡sβɔə', 't͡sɑːn', 'sɪt͡s', 't͡seːn', 't͡sɛːχ', 'sɔlt͡s', 'hɛχt͡s', 't͡sʊŋɡɛ']
Cologne ['t͡svaɪ', 't͡sant', 'zɛt͡s', 't͡seːn', 't͡si', 'zaːlt͡s', 'hɛt͡s', 't͡sʊŋ']
Luxembourg ['ʀiət͡s', 't͡sveː', 't͡sant', 't͡sɪŋ', 't͡sɛif', 'zalt͡s', 'heɐt͡s', 't͡sɔŋ']
Hard ['t͡sβoɐ', 't͡sãː', 't͡sẽə̃', 't͡seːə', 'saːlt͡s', 'hɛʁt͡s', 't͡sʊŋə']
Tuebingen ['t͡sβɔe', 't͡saː', 'sit͡s', 't͡seə', 't͡saɪə', 'salt͡s', 'hɛʁt͡s', 't͡suŋɡ']

(('au',), ('ɔʊ',))	66.67	(rep: 33.33, dist: 100.00)	4 (0.1029)
Cologne ['ʔɔʊχ', 'lɔʊf', 'hɔʊp']
Hard ['ʔɔʊk']

and 320 more
=====================================

Cluster 34:
-------------------------------------
Feer
Westerkwartier
-------
(('r',), ('dⁿ',))	100.00	(rep: 100.00, dist: 100.00)	3 (0.2333)
Feer ['madⁿn']
Westerkwartier ['mɪdⁿn', 'hoːdⁿn']

(('w',), ('gⁿ',))	100.00	(rep: 100.00, dist: 100.00)	2 (0.1555)
Feer ['njygⁿŋ']
Westerkwartier ['negⁿŋ']

(('u',), ('õ',))	100.00	(rep: 100.00, dist: 100.00)	2 (0.1555)
Feer ['ʔõŋkʰ']
Westerkwartier ['ɦõŋʌɹ']

(('u',), ('oɤ',))	100.00	(rep: 100.00, dist: 100.00)	2 (0.1555)
Feer ['noɤt']
Westerkwartier ['doɤn']

(('r',), ('kʰ',))	100.00	(rep: 100.00, dist: 100.00)	2 (0.1555)
Feer ['ʔɪkʰ']
Westerkwartier ['ʔɪkʰ']

(('e',), ('øː',))	100.00	(rep: 100.00, dist: 100.00)	2 (0.1555)
Feer ['søːvn']
Westerkwartier ['sʲøːbⁿm']

(('e',), ('eɛ',))	100.00	(rep: 100.00, dist: 100.00)	2 (0.1555)
Feer ['ʔeɛt']
Westerkwartier ['ʔeɛdæ']

(('b',), ('r',))	100.00	(rep: 100.00, dist: 100.00)	2 (0.1555)
Feer ['draŋk']
Westerkwartier ['drẽŋkʰ']

(('ai',), ('æ',))	100.00	(rep: 100.00, dist: 100.00)	2 (0.1555)
Feer ['snæ']
Westerkwartier ['ʔækobɔum']

(('a',), ('oɤ',))	100.00	(rep: 100.00, dist: 100.00)	2 (0.1555)
Feer ['joɤ']
Westerkwartier ['foɤðɐ']

(('z',), ('tʰ',))	81.48	(rep: 100.00, dist: 62.96)	5 (0.3888)
Feer ['fʊtʰ', 'nɑχtʰ']
Westerkwartier ['vintʰ', 'futʰ', 'naχtʰ']

and 307 more
=====================================

Cluster 35:
-------------------------------------
Heligoland
Feer
Westerkwartier
-------
(('z',), ('tʰ',))	100.00	(rep: 100.00, dist: 100.00)	6 (0.3125)
Heligoland ['fʊtʰ']
Feer ['fʊtʰ', 'nɑχtʰ']
Westerkwartier ['vintʰ', 'futʰ', 'naχtʰ']

(('k',), ('g',))	100.00	(rep: 100.00, dist: 100.00)	6 (0.3125)
Heligoland ['noɐgɤlt', 'sgapʰ', 'ʔeasgən']
Feer ['naːgət', 'sgarap']
Westerkwartier ['nogtʰ']

(('a',), ('eː',))	100.00	(rep: 100.00, dist: 100.00)	6 (0.3125)
Heligoland ['neːm']
Feer ['neːdˡl', 'feːst', 'beːda', 'ʔeːskʰ']
Westerkwartier ['deːŋ']

(('θ',), ('ŋ',))	100.00	(rep: 100.00, dist: 100.00)	3 (0.1562)
Heligoland ['dɪŋ']
Feer ['deŋ']
Westerkwartier ['deːŋ']

(('n',), ('tʰ',))	100.00	(rep: 100.00, dist: 100.00)	3 (0.1562)
Heligoland ['mɪtʰ']
Feer ['ʔytʰ']
Westerkwartier ['ʔʏtʰ']

(('b',), ('d',))	100.00	(rep: 100.00, dist: 100.00)	3 (0.1562)
Heligoland ['dɪŋ']
Feer ['deŋ']
Westerkwartier ['deːŋ']

(('-',), ('ŋ',))	100.00	(rep: 100.00, dist: 100.00)	3 (0.1562)
Heligoland ['dʁɪŋk']
Feer ['draŋk']
Westerkwartier ['drẽŋkʰ']

(('x',), ('ʔ',))	85.29	(rep: 100.00, dist: 70.59)	7 (0.3646)
Heligoland ['ʔɛs', 'ʔepʰən']
Feer ['ʔas', 'ʔeːbⁿm']
Westerkwartier ['ʔɔobⁿm', 'ʔeʃ', 'ʔɔupⁿm']

(('w',), ('ʔ',))	85.29	(rep: 100.00, dist: 70.59)	6 (0.3125)
Heligoland ['ʔʏtʰ', 'ʔɪkʰ', 'ʔɔl']
Feer ['ʔoːn', 'ʔol']
Westerkwartier ['ʔĩn']

(('θ',), ('tʰ',))	85.29	(rep: 100.00, dist: 70.59)	5 (0.2604)
Heligoland ['tʰɔpʰ', 'tʰʏnə']
Feer ['tʰɔna']
Westerkwartier ['tʰɔpʰ', 'mɔ̃ntʰ']

(('eː',), ('ɐ',))	85.29	(rep: 100.00, dist: 70.59)	5 (0.2604)
Heligoland ['dɔχdɐ']
Feer ['do:χtɐ', 'p͡fedɐ']
Westerkwartier ['mukɐ', 'foɤðɐ']

and 394 more
=====================================

Cluster 36:
-------------------------------------
Walser
Biel
Graubuenden
Herrlisheim
Ortisei
Cologne
Luxembourg
Hard
Tuebingen
-------
(('b',), ('p',))	94.44	(rep: 88.89, dist: 100.00)	25 (0.4295)
Walser ['laʊp', 'siːpə', 'hɑopt', 'xalp']
Biel ['pɛɪ', 'lɑʊp', 'sepə', 'hɔopt', 'χɑʊp', 'lapəɾə']
Graubuenden ['laʊp', 'haʊpt', 'kʰalp']
Herrlisheim ['hœʏpt', 'kʰɔlp']
Ortisei ['laːp', 'haʊpt', 'kʰɔlp']
Luxembourg ['haːpt']
Hard ['loːp', 'haʊpt', 'kʰalp']
Tuebingen ['lɑʊp', 'hɑɵpt', 'kʰalp']

(('p',), ('f',))	94.44	(rep: 88.89, dist: 100.00)	14 (0.2405)
Biel ['ʔɔfə', 'ʃɑːɾf']
Graubuenden ['ʔofə', 'ʃarf']
Herrlisheim ['ʔofə', 'ʃɒχf']
Ortisei ['ʔofn', 'ʃɑʁf']
Cologne ['ʔɔfə']
Luxembourg ['ʃaːf']
Hard ['ʔofə', 'ʃaːʁf']
Tuebingen ['ʔofə', 'ʃaɔf']

(('t',), ('s',))	90.91	(rep: 100.00, dist: 81.82)	39 (0.6700)
Walser ['βas', 'biːs', 'ʔas', 'ʔus']
Biel ['βɒs', 'biːs', 'ʔɪs', 'uːs']
Graubuenden ['vas', 'biːs', 'ʔis', 'bɛsɾ', 'uːs']
Herrlisheim ['βɒs', 'bis', 'ʔɪs', 'bɛsəχ', 'ʔys', 'sɔls']
Ortisei ['βɔs', 'baɪs', 'ʔɪs', 'bɪsəχ', 'ʔaɵs']
Cologne ['biːs', 'ʔɛs', 'bɛsɒ', 'ʔus']
Luxembourg ['bæis', 'iɛs']
Hard ['vaːs', 'biːs', 'ʔiəs', 'ʔuːs']
Tuebingen ['βaːs', 'bɐis', 'ʔis', 'bɛsɔ', 'ʔɐus']

(('x',), ('k',))	84.34	(rep: 88.89, dist: 79.80)	8 (0.1374)
Walser ['sæks']
Graubuenden ['seɪks']
Herrlisheim ['sɪks']
Ortisei ['sɪks']
Cologne ['zɛks']
Luxembourg ['zɛks']
Hard ['sɪks']
Tuebingen ['sɪks']

(('t',), ('t͡s',))	83.47	(rep: 100.00, dist: 66.94)	70 (1.2025)
Walser ['t͡sβæɪ', 't͡sant', 't͡sahə', 't͡seːbɐ', 'saːlt͡s', 'haɹt͡s', 't͡sʊŋɡə']
Biel ['t͡sβœɪ', 't͡sɑːn', 'sɪt͡s', 't͡saə', 't͡saɪə', 'sɑʊt͡s', 'hart͡s', 't͡sʊŋə']
Graubuenden ['t͡svaɪ', 't͡sɑːn', 'sɪt͡s', 't͡seːn', 't͡seːbɐ', 'sɑːlt͡s', 'hɛrt͡s', 't͡sʊŋɡɐ']
Herrlisheim ['t͡svɛi', 't͡saːn', 'sɪt͡s', 't͡sɛː', 't͡seː', 'haχt͡s', 't͡sʊŋ']
Ortisei ['ʁɛχt͡s', 't͡sβɔə', 't͡sɑːn', 'sɪt͡s', 't͡seːn', 't͡sɛːχ', 'sɔlt͡s', 'hɛχt͡s', 't͡sʊŋɡɛ']
Cologne ['t͡svaɪ', 't͡sant', 'zɛt͡s', 't͡seːn', 't͡si', 'zaːlt͡s', 'hɛt͡s', 't͡sʊŋ']
Luxembourg ['ʀiət͡s', 't͡sveː', 't͡sant', 't͡sɪŋ', 't͡sɛif', 'zalt͡s', 'heɐt͡s', 't͡sɔŋ']
Hard ['t͡sβoɐ', 't͡sãː', 't͡sẽə̃', 't͡seːə', 'saːlt͡s', 'hɛʁt͡s', 't͡sʊŋə']
Tuebingen ['t͡sβɔe', 't͡saː', 'sit͡s', 't͡seə', 't͡saɪə', 'salt͡s', 'hɛʁt͡s', 't͡suŋɡ']

(('-',), ('ʔ',))	77.27	(rep: 100.00, dist: 54.55)	114 (1.9584)
Walser ['ʔæɪs', 'ʔɑʊk', 'ʔobər', 'ʔoɸə', 'ʔoːɸə', 'ʔæɪxə', 'ʔaχt', 'ʔardə', 'ʔiʃt', 'ʔal', 'ʔas', 'ʔus', 'ʔiː', 'ʔæʃə']
Biel ['ʔɔfə', 'ʔɔfɛ', 'ʔɪʃ', 'ʔɪs', 'ʔɪn', 'ʔiːk', 'ʔaʃə']
Graubuenden ['ʔofə', 'ʔoːfə', 'ʔaɪχə', 'ʔaχt', 'ʔiʃ', 'ʔal', 'ʔis', 'ʔɪn', 'ʔiː']
Herrlisheim ['ʔɛːns', 'ʔœʏjə', 'ʔeβəχ', 'ʔofə', 'ʔofə', 'ʔaiʃ', 'ʔɔːχt', 'ʔaχt', 'ʔɪs', 'ʔɔl', 'ʔɪs', 'ʔys', 'ʔɪn', 'ʔɪʃ', 'ʔaʃə']
Ortisei ['ʔɔəns', 'ʔaʊɡɛ', 'ʔyːbəχ', 'ʔofn', 'ʔofn', 'ʔaɪçɛ', 'ʔɔχt', 'ʔɛʁdɛ', 'ʔiʃ', 'ʔal', 'ʔɪs', 'ʔaɵs', 'ʔɪn', 'ʔiː', 'ʔaʃɛ']
Cologne ['ʔeɪŋə', 'ʔɔʊχ', 'ʔʏvɒ', 'ʔɔfə', 'ʔɔvə', 'ʔɛɪʃ', 'ʔaːχ', 'ʔɛtʰ', 'ʔɪs', 'ʔal', 'ʔɛs', 'ʔus', 'ʔɪn', 'ʔiʃ', 'ʔɛʃ']
Luxembourg ['ʔeːnt', 'ʔaː', 'ʔʊɛvən', 'ʔeːʃ', 'ʔaːχt', 'ʔeɐt', 'ʔal', 'ʔiva', 'ʔæʊs', 'ʔaks']
Hard ['ʔõɛ̃s', 'ʔɔʊk', 'ʔofə', 'ʔoːfə', 'ʔoɐxə', 'ʔaxt', 'ʔɛʁdɛ', 'ʔiʃt', 'ʔal', 'ʔiəs', 'ʔuːs', 'ʔin', 'ʔiː', 'ʔɛʃə']
Tuebingen ['ʔɔɪs', 'ʔɑʊk', 'ʔyːbɔ', 'ʔofə', 'ʔoːfə', 'ʔɔɪçɛ', 'ʔaχt', 'ʔɛʁdɛ', 'ʔiʃ', 'ʔal', 'ʔis', 'ʔɐus', 'ʔin', 'ʔiç', 'ʔaʃɛ']

(('ɡ',), ('ɡ',))	76.26	(rep: 88.89, dist: 63.64)	54 (0.9277)
Walser ['ɡryɛ', 'raɡə', 'lɪŋɡ', 'rɪŋɡ', 'ɡoət', 'hʊŋɡəɾ', 'ɡaːɹtə', 'ɡans', 'naːɡl', 'jʊŋɡ', 't͡sʊŋɡə']
Biel ['ɡɾʏɛn', 'ɡʊət', 'ɡɒrtə', 'ɡɒns']
Graubuenden ['ɡɾʏɛn', 'rɛːɡɐ', 'ɡoɔt', 'hʊŋɡr', 'ɡɑːrtə', 'ɡans', 'nɑːɡl', 't͡sʊŋɡɐ']
Herrlisheim ['ɡʁeːn', 'ɡøət', 'ɡɔːχtə', 'ɡɔns']
Ortisei ['ʔaʊɡɛ', 'ɡʁiɛn', 'ʁeːɡn', 'ɡʊɛt͡s', 'hʊŋɡəχ', 'ɡɔχtn', 'ɡɔns', 'nɔːɡl', 't͡sʊŋɡɛ']
Luxembourg ['ɡʁɪŋ', 'ɡʊt', 'ɡaːχt', 'ɡæns']
Hard ['ɡɾỹɛ̃', 'ʁeɐɡə', 'ɡoɛt', 'daːɡ', 'ɡaːʁtə', 'ɡans', 'naːɡl']
Tuebingen ['ɡʁeə', 'ʁeəɡə', 'ɡuət', 'ɡaɔt̪ə', 'ɡaːs', 'naːɡl', 't͡suŋɡ']

(('e',), ('yː',))	72.22	(rep: 44.44, dist: 100.00)	13 (0.2233)
Walser ['dɾyː', 'nyː', 'fyːɸ']
Biel ['tɾyː', 'nyːn', 'fyːf']
Graubuenden ['kʰnyː', 'nyːn', 'fyːf']
Hard ['dʁyː', 'kʰnyː', 'nyː', 'fyːɸ']

(('au',), ('aʊ',))	72.22	(rep: 44.44, dist: 100.00)	6 (0.1031)
Walser ['laʊp']
Graubuenden ['laʊp', 'haʊpt']
Ortisei ['ʔaʊɡɛ', 'haʊpt']
Hard ['haʊpt']

(('s',), ('ʃ',))	67.53	(rep: 100.00, dist: 35.06)	92 (1.5805)
Walser ['ʃtuɾəm', 'ʃneː', 'ʃtuəl', 'ʃtæɪ', 'fɛʃt', 'ʔiʃt', 'fiʃ', 'ʃaɹɸ', 'ʃβøːɾɐ', 'βaʃ', 'ʔæʃə']
Biel ['ʃtʊɾm', 'ʃneː', 'ʃtʊɛʊ', 'ʃtɛɪ', 'fɛʃt', 'ʔɪʃ', 'fɪʃ', 'ʃɑːɾf', 'ʃβœːr', 'βaʃ', 'ʔaʃə']
Graubuenden ['ʃtʊrm', 'ʃneː', 'ʃtuɛl', 'ʃtai', 'fɛʃt', 'ʔiʃ', 'fiʃ', 'ʃarf', 'ʃβœːɾ', 'βaʃ', 'ɛʃə']
Herrlisheim ['ʃtʊʁm', 'ʃneː', 'ʃtøːl', 'ʃtɛːn', 'fɛʃt', 'fɪʃ', 'ʃɒχf', 'ʃvœːχ', 'vaʃ', 'ʔaʃə']
Ortisei ['ʃtʊʁm', 'ʃneə', 'ʃtʊɛl', 'ʃtan', 'ʃaɵ', 'fɪʃt', 'ʔiʃ', 'fiʃ', 'ʃɑʁf', 'ʃβøːχ', 'βaʃ', 'ʔaʃɛ']
Cologne ['ʃtʊʀm', 'ʃneɪ', 'ʃtoːl', 'ʃteɪn', 'fɪʃ', 'ʃɛʁəp', 'ʃβøɐ', 'βɛʃ', 'ʔɛʃ']
Luxembourg ['ʃtʊɛm', 'ʃnɛi', 'ʃtʊl', 'fəʃ', 'ʃaːf', 'fæʃt']
Hard ['ʃtʊʁm', 'ʃneɪ', 'ʃtʊəl', 'ʃtõɐ̃', 'fɛʃt', 'ʔiʃt', 'fɪʃ', 'ʃaːʁf', 'ʃvøːʁ', 'vɛʃ', 'ʔɛʃə']
Tuebingen ['ʃtʊɔm', 'ʃneː', 'ʃtuəl', 'ʃtɔẽ', 'fɪʃt', 'ʔiʃ', 'fiʃ', 'ʃaɔf', 'ʃβøʁ', 'βaʃ', 'ʔaʃɛ']

(('ll',), ('l',))	67.53	(rep: 100.00, dist: 35.06)	25 (0.4295)
Walser ['ɸolə', 'ʔal', 'βolə']
Biel ['βɵlə']
Graubuenden ['fol', 'ʔal', 'wʊlɐ']
Herrlisheim ['fʊl', 'ʔɔl', 'vʊlə']
Ortisei ['fʌl', 'ʔal', 'βʌlɛ']
Cologne ['fʌl', 'ʔal', 'vʌl']
Luxembourg ['fʊl', 'ʔal', 'vɔl']
Hard ['fʊl', 'ʔal', 'vʊlɛ']
Tuebingen ['fʊl', 'ʔal', 'wʊlɛ']

and 347 more
=====================================

Cluster 37:
-------------------------------------
Grou
Veenkolonien
Antwerp
Dutch_Std_BE
Ostend
Dutch_Std_NL
Achterhoek
Limburg
Walser
Biel
Graubuenden
Herrlisheim
Ortisei
Cologne
Luxembourg
Hard
Tuebingen
-------
(('z',), ('t',))	100.00	(rep: 100.00, dist: 100.00)	24 (0.2173)
Grou ['foət']
Veenkolonien ['βɪnt']
Antwerp ['βɪnt', 'fut']
Dutch_Std_BE ['βɪnt', 'vut']
Ostend ['βɪnt', 'vuət']
Dutch_Std_NL ['vɪnt', 'fut']
Achterhoek ['βɪnt', 'βoːt']
Limburg ['foːt']
Walser ['hæɪmət']
Biel ['βɪnt']
Graubuenden ['βint']
Herrlisheim ['vɪnt']
Ortisei ['βɪnt']
Cologne ['vɪnt']
Luxembourg ['ʔeːnt', 'vant', 'nuɛʃt']
Hard ['vɪnt']
Tuebingen ['vɪnt']

(('w',), ('β',))	94.12	(rep: 88.24, dist: 100.00)	109 (0.9867)
Grou ['βaːɾəm', 'βɔt', 'kβɪk', 'tβaː', 'βin', 'βœt', 'sβar', 'βɒskiə', 'βʌɫə', 'βit']
Veenkolonien ['βaːm', 'βat', 'tβɛɪə', 'βɪnt', 'zβiə', 'βaːs', 'βʌɫ', 'βɒɪt']
Antwerp ['βaːɾəm', 'βat', 'kβɪk', 'βɪnt', 'βɔst', 'βas', 'βit']
Dutch_Std_BE ['βarm', 'βɑt', 'kβik', 'tβeː', 'βɪnt', 'βɔːrt', 'zβeəɹ', 'βɑs', 'βʌɫ', 'βɪt']
Ostend ['βɑrm', 'βɑdə', 'kβɪk', 'tʰβɛː', 'βɪnt', 'βɔɾtʰ', 'sβaːs', 'βɑs', 'βœlə', 'βɛt']
Achterhoek ['βaɾəm', 'βat', 'tβɛɪ', 'βɪnt', 'βoɐt', 'zβiɐ', 'βas', 'βʌlə', 'βɪt']
Limburg ['βɛʁəm', 'βɑt', 'tʰβiə', 'βɪŋk', 'ʃβeəχ', 'βɔːχ', 'βøl', 'βɪət']
Walser ['βaːɾəm', 'βas', 't͡sβæɪ', 'βɔːrt', 'ʃβøːɾɐ', 'βaʃ', 'βolə', 'βiːs']
Biel ['βaːrm', 'βɒs', 't͡sβœɪ', 'βɪnt', 'βɔrt', 'ʃβœːr', 'βaʃ', 'βɵlə', 'βiːs']
Graubuenden ['βaːrm', 'βint', 'βɔrt', 'ʃβœːɾ', 'βaʃ', 'βiːs']
Herrlisheim ['βɒs']
Ortisei ['βɑʁm', 'βɔs', 't͡sβɔə', 'βɪnt', 'βɔʁt͡s', 'ʃβøːχ', 'βaʃ', 'βʌlɛ', 'βaɪs']
Cologne ['βɛʁəm', 'βat', 'βɔːt', 'ʃβøɐ', 'βɛʃ', 'βiːs']
Hard ['t͡sβoɐ']
Tuebingen ['βaɔm', 'βaːs', 't͡sβɔe', 'βɔt', 'ʃβøʁ', 'βaʃ', 'βɛis']

(('e',), ('iə',))	91.18	(rep: 82.35, dist: 100.00)	20 (0.1810)
Grou ['iədə', 't͡siən']
Veenkolonien ['iəɾdə']
Dutch_Std_BE ['viəɹ']
Ostend ['tiənə', 'dɾiə', 'kniə', 'viəɾə']
Dutch_Std_NL ['fiəʁ']
Achterhoek ['fiəʁə']
Limburg ['ziə', 'ɸiəχ']
Walser ['fiəɹ']
Biel ['fiəɾ']
Herrlisheim ['fiəχ']
Ortisei ['fiəχ']
Cologne ['fiə']
Luxembourg ['ʀiət͡s']
Hard ['ʔiəs', 'fiəʁ']

(('θ',), ('d',))	81.48	(rep: 100.00, dist: 62.96)	89 (0.8056)
Grou ['dɪŋ', 'iədə']
Veenkolonien ['dɪŋ', 'doːɾn', 'iəɾdə', 'dɾɛɪə', 'dʏndɹˠ']
Antwerp ['dɪŋ', 'doːɾə', 'ɑːrdə', 'dɾaː']
Dutch_Std_BE ['dɪŋ', 'dɔːrn', 'aːrdə', 'dʌndər']
Ostend ['dɪŋk', 'dɔːn', 'aːrdə', 'dɾiə', 'nɑɔdɫ', 'dœndr']
Dutch_Std_NL ['dɪŋ', 'aɹdə', 'dʁi', 'dʌndəʁ']
Achterhoek ['dɪŋ', 'doɐn', 'iʁdə', 'dʁeː', 'dʊndʁ']
Limburg ['dɪŋk', 'doɐn', 'dʁɛɪ', 'dʊndəχ']
Walser ['nɔɾdə', 'dɪŋɡ', 'bɾʊɔdɛɾ', 'doːɾə', 'ʔardə', 'dɾyː', 'naːdlə', 'dɔnɛɾ']
Biel ['dɪŋ', 'dɔnəɾ']
Graubuenden ['nɔrd', 'dɪŋk', 'brʊɔdr', 'dɔrn', 'ɛrdə', 'dɾei', 'donɾ']
Herrlisheim ['dɪŋ', 'bʁeːdəχ', 'naːdl', 'donəχ']
Ortisei ['dɪŋk', 'bʁʊədəχ', 'dɔʁn', 'ʔɛʁdɛ', 'dʁaɪ', 'nɔːdl', 'dɔnəχ']
Cologne ['dɪŋ', 'bʁoːdɒ', 'dɔːn', 'dʀeɪ', 'nɔːdl', 'donɒ']
Luxembourg ['nʊəʁdən', 'dɪŋən', 'bʁʊdɐ', 'dɔɐ', 'dʀaɪ', 'dɔnʌ']
Hard ['nɔːʁdə', 'dɪŋ', 'bʁʏədəʁ', 'dɔrnə', 'ʔɛʁdɛ', 'dʁyː', 'nɔːdl', 'dɔnəʁ']
Tuebingen ['dɪŋ', 'bʁʊədɔ', 'dɔn', 'ʔɛʁdɛ', 'dʁɛi', 'nɔːdl', 'dɔnɔχ']

(('ɡ',), ('ɡ',))	79.41	(rep: 58.82, dist: 100.00)	58 (0.5250)
Grou ['ɡɾiən', 'ɡoət', 'ɡoəs']
Veenkolonien ['ɹɛɪɡn']
Walser ['ɡryɛ', 'raɡə', 'lɪŋɡ', 'rɪŋɡ', 'ɡoət', 'hʊŋɡəɾ', 'ɡaːɹtə', 'ɡans', 'naːɡl', 'jʊŋɡ', 't͡sʊŋɡə']
Biel ['ɡɾʏɛn', 'ɡʊət', 'ɡɒrtə', 'ɡɒns']
Graubuenden ['ɡɾʏɛn', 'rɛːɡɐ', 'ɡoɔt', 'hʊŋɡr', 'ɡɑːrtə', 'ɡans', 'nɑːɡl', 't͡sʊŋɡɐ']
Herrlisheim ['ɡʁeːn', 'ɡøət', 'ɡɔːχtə', 'ɡɔns']
Ortisei ['ʔaʊɡɛ', 'ɡʁiɛn', 'ʁeːɡn', 'ɡʊɛt͡s', 'hʊŋɡəχ', 'ɡɔχtn', 'ɡɔns', 'nɔːɡl', 't͡sʊŋɡɛ']
Luxembourg ['ɡʁɪŋ', 'ɡʊt', 'ɡaːχt', 'ɡæns']
Hard ['ɡɾỹɛ̃', 'ʁeɐɡə', 'ɡoɛt', 'daːɡ', 'ɡaːʁtə', 'ɡans', 'naːɡl']
Tuebingen ['ɡʁeə', 'ʁeəɡə', 'ɡuət', 'ɡaɔt̪ə', 'ɡaːs', 'naːɡl', 't͡suŋɡ']

(('b',), ('p',))	73.53	(rep: 47.06, dist: 100.00)	25 (0.2263)
Walser ['laʊp', 'siːpə', 'hɑopt', 'xalp']
Biel ['pɛɪ', 'lɑʊp', 'sepə', 'hɔopt', 'χɑʊp', 'lapəɾə']
Graubuenden ['laʊp', 'haʊpt', 'kʰalp']
Herrlisheim ['hœʏpt', 'kʰɔlp']
Ortisei ['laːp', 'haʊpt', 'kʰɔlp']
Luxembourg ['haːpt']
Hard ['loːp', 'haʊpt', 'kʰalp']
Tuebingen ['lɑʊp', 'hɑɵpt', 'kʰalp']

(('u',), ('ɔː',))	73.53	(rep: 47.06, dist: 100.00)	24 (0.2173)
Dutch_Std_BE ['nɔːrt', 'dɔːrn', 'hɔːrn', 'βɔːrt']
Ostend ['nɔːɾt', 'ɔːpm', 'kɔːrn', 'ɔːvn', 'dɔːn', 'ɔːɾən']
Achterhoek ['ɔːβʁ', 'tʰʁɔːn', 'ɔːβn']
Walser ['βɔːrt']
Biel ['χɔːɾn', 'tɔːɾn']
Graubuenden ['kʰɔːɾɐ']
Cologne ['kʰɔːn', 'dɔːχtɒ', 'dɔːn', 'hɔːn', 'βɔːt']
Hard ['nɔːʁdə', 'hɔːnɪɡ']

(('p',), ('f',))	73.53	(rep: 47.06, dist: 100.00)	14 (0.1267)
Biel ['ʔɔfə', 'ʃɑːɾf']
Graubuenden ['ʔofə', 'ʃarf']
Herrlisheim ['ʔofə', 'ʃɒχf']
Ortisei ['ʔofn', 'ʃɑʁf']
Cologne ['ʔɔfə']
Luxembourg ['ʃaːf']
Hard ['ʔofə', 'ʃaːʁf']
Tuebingen ['ʔofə', 'ʃaɔf']

(('eː',), ('ɔː',))	73.53	(rep: 47.06, dist: 100.00)	13 (0.1177)
Ostend ['jɔːr', 'mɔːnə']
Achterhoek ['nɔːɫdə', 'mɔːnə']
Limburg ['jɔːχ']
Biel ['mɔːnt']
Ortisei ['nɔːdl', 'jɔːχ']
Cologne ['nɔːdl']
Hard ['nɔːdl', 'jɔːʁ']
Tuebingen ['nɔːdl', 'jɔːχ']

(('pp',), ('p',))	73.53	(rep: 47.06, dist: 100.00)	8 (0.0724)
Grou ['tɔp']
Veenkolonien ['tʰɔp']
Antwerp ['tɔp']
Dutch_Std_BE ['tɔp']
Ostend ['tɔp']
Dutch_Std_NL ['tʰɔp']
Achterhoek ['tɔp']
Limburg ['tɔp']

(('oː',), ('ə',))	73.28	(rep: 88.24, dist: 58.33)	59 (0.5341)
Grou ['iədə', 'nœɫə', 'namə', 'βʌɫə', 'jɪskə', 'tɔŋə']
Veenkolonien ['oʁə', 'iəɾdə', 'naːɫə', 'aːskə', 'tʰɔŋə']
Antwerp ['ɑːrdə', 'b̬ɛtʰəs']
Dutch_Std_BE ['aːrdə', 'betəɹ']
Ostend ['oχə', 'aːrdə', 'naːmə', 'βœlə', 'artə', 'ɑsə', 'tʊŋə']
Dutch_Std_NL ['aɹdə']
Achterhoek ['oːʁə', 'iʁdə', 'nɔːɫdə', 'naːmə', 'βʌlə', 'hatə', 'tʰʊŋə']
Limburg ['bɛːtəχ']
Walser ['ʔardə', 'bɛsəɹ', 'naːdlə', 'βolə', 'labəɾə', 'ʔæʃə', 't͡sʊŋɡə']
Biel ['aːrtə', 'bɛsəɾ', 'nɒmə', 'βɵlə', 'lapəɾə', 'ʔaʃə', 't͡sʊŋə']
Graubuenden ['ɛrdə', 'lɛːbəɾə', 'ɛʃə']
Herrlisheim ['ʔœʏjə', 'bɛsəχ', 'nɒmə', 'vʊlə', 'ʔaʃə']
Ortisei ['bɪsəχ']
Cologne ['naːmə']
Hard ['bɛsəʁ', 'naːmə', 'ʔɛʃə', 't͡sʊŋə']

and 478 more
=====================================

Cluster 38:
-------------------------------------
Heligoland
Feer
Westerkwartier
Grou
Veenkolonien
Antwerp
Dutch_Std_BE
Ostend
Dutch_Std_NL
Achterhoek
Limburg
Walser
Biel
Graubuenden
Herrlisheim
Ortisei
Cologne
Luxembourg
Hard
Tuebingen
-------
=====================================
