`python cluster.py --tfidf --direct`
Clusters: 7
Co-clustering: False
Features: binary: True, min. count 0, TF-IDF: True
Context: none: True, CV: False, sound classes: False
Alignment: global lib (all)

Reading the data files.
Aligning the entries.
Matrix shape: (20, 785)
(20, 785)
['Achterhoek', 'Antwerp', 'Biel', 'Cologne', 'Dutch_Std_BE', 'Dutch_Std_NL', 'Feer', 'Graubuenden', 'Grou', 'Hard', 'Heligoland', 'Herrlisheim', 'Limburg', 'Luxembourg', 'Ortisei', 'Ostend', 'Tuebingen', 'Veenkolonien', 'Walser', 'Westerkwartier']
[[ 4.          5.          0.71839726  2.        ]
 [ 2.          7.          0.8472077   2.        ]
 [11.         14.          0.86930122  2.        ]
 [ 0.         20.          0.92088468  3.        ]
 [ 9.         18.          0.92598738  2.        ]
 [15.         17.          0.95871477  2.        ]
 [21.         24.          0.95927794  4.        ]
 [ 1.         23.          0.98703319  4.        ]
 [ 6.         10.          0.989115    2.        ]
 [16.         22.          0.99720026  3.        ]
 [25.         27.          1.03580149  6.        ]
 [26.         29.          1.04910893  7.        ]
 [12.         30.          1.0685983   7.        ]
 [19.         28.          1.0730445   3.        ]
 [ 3.         31.          1.07321483  8.        ]
 [ 8.         32.          1.11721273  8.        ]
 [13.         33.          1.14476864  4.        ]
 [34.         35.          1.17931003 16.        ]
 [36.         37.          1.29710796 20.        ]]
(0, ['Achterhoek'])
(1, ['Antwerp'])
(2, ['Biel'])
(3, ['Cologne'])
(4, ['Dutch_Std_BE'])
(5, ['Dutch_Std_NL'])
(6, ['Feer'])
(7, ['Graubuenden'])
(8, ['Grou'])
(9, ['Hard'])
(10, ['Heligoland'])
(11, ['Herrlisheim'])
(12, ['Limburg'])
(13, ['Luxembourg'])
(14, ['Ortisei'])
(15, ['Ostend'])
(16, ['Tuebingen'])
(17, ['Veenkolonien'])
(18, ['Walser'])
(19, ['Westerkwartier'])
(20.0, ['Dutch_Std_BE', 'Dutch_Std_NL'])
(21.0, ['Biel', 'Graubuenden'])
(22.0, ['Herrlisheim', 'Ortisei'])
(23.0, ['Achterhoek', 'Dutch_Std_BE', 'Dutch_Std_NL'])
(24.0, ['Hard', 'Walser'])
(25.0, ['Ostend', 'Veenkolonien'])
(26.0, ['Biel', 'Graubuenden', 'Hard', 'Walser'])
(27.0, ['Antwerp', 'Achterhoek', 'Dutch_Std_BE', 'Dutch_Std_NL'])
(28.0, ['Feer', 'Heligoland'])
(29.0, ['Tuebingen', 'Herrlisheim', 'Ortisei'])
(30.0, ['Ostend', 'Veenkolonien', 'Antwerp', 'Achterhoek', 'Dutch_Std_BE', 'Dutch_Std_NL'])
(31.0, ['Biel', 'Graubuenden', 'Hard', 'Walser', 'Tuebingen', 'Herrlisheim', 'Ortisei'])
(32.0, ['Limburg', 'Ostend', 'Veenkolonien', 'Antwerp', 'Achterhoek', 'Dutch_Std_BE', 'Dutch_Std_NL'])
(33.0, ['Westerkwartier', 'Feer', 'Heligoland'])
(34.0, ['Cologne', 'Biel', 'Graubuenden', 'Hard', 'Walser', 'Tuebingen', 'Herrlisheim', 'Ortisei'])
(35.0, ['Grou', 'Limburg', 'Ostend', 'Veenkolonien', 'Antwerp', 'Achterhoek', 'Dutch_Std_BE', 'Dutch_Std_NL'])
(36.0, ['Luxembourg', 'Westerkwartier', 'Feer', 'Heligoland'])
(37.0, ['Cologne', 'Biel', 'Graubuenden', 'Hard', 'Walser', 'Tuebingen', 'Herrlisheim', 'Ortisei', 'Grou', 'Limburg', 'Ostend', 'Veenkolonien', 'Antwerp', 'Achterhoek', 'Dutch_Std_BE', 'Dutch_Std_NL'])
(38.0, ['Luxembourg', 'Westerkwartier', 'Feer', 'Heligoland', 'Cologne', 'Biel', 'Graubuenden', 'Hard', 'Walser', 'Tuebingen', 'Herrlisheim', 'Ortisei', 'Grou', 'Limburg', 'Ostend', 'Veenkolonien', 'Antwerp', 'Achterhoek', 'Dutch_Std_BE', 'Dutch_Std_NL'])

Cluster 0:
-------------------------------------
Achterhoek
-------
(('oːu',), ('ɛɪ',))	100.00	(rep: 100.00, dist: 100.00)	1 (0.1603)
Achterhoek ['tβɛɪ']

(('oː',), ('ɔː',))	100.00	(rep: 100.00, dist: 100.00)	1 (0.1603)
Achterhoek ['stɔːɫ']

(('eː',), ('oɐ',))	100.00	(rep: 100.00, dist: 100.00)	1 (0.1603)
Achterhoek ['joɐ']

(('e',), ('œː',))	100.00	(rep: 100.00, dist: 100.00)	1 (0.1603)
Achterhoek ['zœːvn']

(('au',), ('øɐ',))	100.00	(rep: 100.00, dist: 100.00)	1 (0.1603)
Achterhoek ['høɐ']

(('a',), ('iɐ',))	100.00	(rep: 100.00, dist: 100.00)	1 (0.1603)
Achterhoek ['zβiɐ']

(('u',), ('oɐ',))	73.68	(rep: 100.00, dist: 47.37)	5 (0.8013)
Achterhoek ['βoɐt', 'kʰoɐn', 'doɐn', 'noɐt', 'hoɐn']

(('ɡ',), ('ʁ',))	73.68	(rep: 100.00, dist: 47.37)	1 (0.1603)
Achterhoek ['oːʁə']

(('w',), ('χ',))	73.68	(rep: 100.00, dist: 47.37)	1 (0.1603)
Achterhoek ['neːχn']

(('oː',), ('ʏ',))	73.68	(rep: 100.00, dist: 47.37)	1 (0.1603)
Achterhoek ['bʁʏʁ']

(('oː',), ('øː',))	73.68	(rep: 100.00, dist: 47.37)	1 (0.1603)
Achterhoek ['χøːn']

and 114 more
=====================================

Cluster 1:
-------------------------------------
Antwerp
-------
(('uː',), ('ɔɐ',))	100.00	(rep: 100.00, dist: 100.00)	2 (0.2950)
Antwerp ['ɔɐt', 'ɔɐs']

(('θ',), ('d̬',))	100.00	(rep: 100.00, dist: 100.00)	1 (0.1475)
Antwerp ['d̬ɔndəs']

(('uː',), ('ɔə',))	100.00	(rep: 100.00, dist: 100.00)	1 (0.1475)
Antwerp ['mɔəs']

(('u',), ('ɐʊ',))	100.00	(rep: 100.00, dist: 100.00)	1 (0.1475)
Antwerp ['ɐʊnt']

(('u',), ('øː',))	100.00	(rep: 100.00, dist: 100.00)	1 (0.1475)
Antwerp ['øːnɪŋ']

(('s',), ('d͡z',))	100.00	(rep: 100.00, dist: 100.00)	1 (0.1475)
Antwerp ['d͡zvɛːs']

(('oːu',), ('eə',))	100.00	(rep: 100.00, dist: 100.00)	1 (0.1475)
Antwerp ['tʰveə']

(('oː',), ('y',))	100.00	(rep: 100.00, dist: 100.00)	1 (0.1475)
Antwerp ['çɾyn']

(('k',), ('j',))	100.00	(rep: 100.00, dist: 100.00)	1 (0.1475)
Antwerp ['sjaːɾəp']

(('j',), ('f',))	100.00	(rep: 100.00, dist: 100.00)	1 (0.1475)
Antwerp ['nif']

(('iː',), ('aː',))	100.00	(rep: 100.00, dist: 100.00)	1 (0.1475)
Antwerp ['baːt']

and 124 more
=====================================

Cluster 2:
-------------------------------------
Biel
-------
(('a',), ('ɑʊ',))	100.00	(rep: 100.00, dist: 100.00)	3 (0.4552)
Biel ['sɑʊt͡s', 'χɑʊt', 'χɑʊp']

(('au',), ('ɔo',))	100.00	(rep: 100.00, dist: 100.00)	2 (0.3035)
Biel ['ɔok', 'hɔopt']

(('ai',), ('ei',))	100.00	(rep: 100.00, dist: 100.00)	2 (0.3035)
Biel ['heilɪk', 'eiχə']

(('-',), ('χ',))	100.00	(rep: 100.00, dist: 100.00)	2 (0.3035)
Biel ['drɪŋkχ', 'nɒkχt']

(('u',), ('ɵ',))	100.00	(rep: 100.00, dist: 100.00)	1 (0.1517)
Biel ['βɵlə']

(('u',), ('ɔʊ',))	100.00	(rep: 100.00, dist: 100.00)	1 (0.1517)
Biel ['fɔʊ']

(('r',), ('z',))	100.00	(rep: 100.00, dist: 100.00)	1 (0.1517)
Biel ['zakə']

(('oːu',), ('œɪ',))	100.00	(rep: 100.00, dist: 100.00)	1 (0.1517)
Biel ['t͡sβœɪ']

(('oː',), ('ʊɛʊ',))	100.00	(rep: 100.00, dist: 100.00)	1 (0.1517)
Biel ['ʃtʊɛʊ']

(('k',), ('k͡x',))	100.00	(rep: 100.00, dist: 100.00)	1 (0.1517)
Biel ['k͡xɛkχ']

(('e',), ('ɪʊ',))	100.00	(rep: 100.00, dist: 100.00)	1 (0.1517)
Biel ['mɪʊχ']

and 126 more
=====================================

Cluster 3:
-------------------------------------
Cologne
-------
(('eː',), ('ɒ',))	100.00	(rep: 100.00, dist: 100.00)	4 (0.6079)
Cologne ['fatɒ', 'bʁoːdɒ', 'dɔːχtɒ', 'mʊtɒ']

(('θ',), ('ɡ',))	100.00	(rep: 100.00, dist: 100.00)	1 (0.1520)
Cologne ['mʊŋɡ']

(('z',), ('h',))	100.00	(rep: 100.00, dist: 100.00)	1 (0.1520)
Cologne ['hʏɐ']

(('t',), ('ʃ',))	100.00	(rep: 100.00, dist: 100.00)	1 (0.1520)
Cologne ['fɛʃ']

(('oː',), ('ɒ',))	100.00	(rep: 100.00, dist: 100.00)	1 (0.1520)
Cologne ['bɛsɒ']

(('oː',), ('œ̃',))	100.00	(rep: 100.00, dist: 100.00)	1 (0.1520)
Cologne ['jɒʁœ̃']

(('n',), ('t',))	100.00	(rep: 100.00, dist: 100.00)	1 (0.1520)
Cologne ['mɔ̃t']

(('iː',), ('ʏɐ',))	100.00	(rep: 100.00, dist: 100.00)	1 (0.1520)
Cologne ['hʏɐ']

(('eː',), ('ɔ̃',))	100.00	(rep: 100.00, dist: 100.00)	1 (0.1520)
Cologne ['mɔ̃t']

(('e',), ('ɒ',))	100.00	(rep: 100.00, dist: 100.00)	1 (0.1520)
Cologne ['ʔʏvɒ']

(('d',), ('p',))	100.00	(rep: 100.00, dist: 100.00)	1 (0.1520)
Cologne ['hɔʊp']

and 121 more
=====================================

Cluster 4:
-------------------------------------
Dutch_Std_BE
-------
(('θ',), ('d̪',))	100.00	(rep: 100.00, dist: 100.00)	1 (0.1475)
Dutch_Std_BE ['d̪ɾiː']

(('ɡ',), ('ʝ',))	100.00	(rep: 100.00, dist: 100.00)	1 (0.1475)
Dutch_Std_BE ['reːʝn']

(('iː',), ('ɛɪ',))	100.00	(rep: 100.00, dist: 100.00)	1 (0.1475)
Dutch_Std_BE ['bɛɪt']

(('uː',), ('æʏ',))	73.68	(rep: 100.00, dist: 47.37)	3 (0.4425)
Dutch_Std_BE ['æʏt', 'hæʏs', 'mæʏs']

(('a',), ('aʊ',))	73.68	(rep: 100.00, dist: 47.37)	2 (0.2950)
Dutch_Std_BE ['zaʊt', 'kaʊt']

(('w',), ('ʝ',))	73.68	(rep: 100.00, dist: 47.37)	1 (0.1475)
Dutch_Std_BE ['neːʝn']

(('oːu',), ('eː',))	73.68	(rep: 100.00, dist: 47.37)	1 (0.1475)
Dutch_Std_BE ['tβeː']

(('n',), ('ɹ',))	73.68	(rep: 100.00, dist: 47.37)	1 (0.1475)
Dutch_Std_BE ['betəɹ']

(('eu',), ('iu',))	73.68	(rep: 100.00, dist: 47.37)	1 (0.1475)
Dutch_Std_BE ['niu']

(('ai',), ('eu',))	73.68	(rep: 100.00, dist: 47.37)	1 (0.1475)
Dutch_Std_BE ['sneu']

(('a',), ('ɛɪ',))	73.68	(rep: 100.00, dist: 47.37)	1 (0.1475)
Dutch_Std_BE ['ɛɪs']

and 112 more
=====================================

Cluster 5:
-------------------------------------
Dutch_Std_NL
-------
(('u',), ('oʊ',))	100.00	(rep: 100.00, dist: 100.00)	3 (0.4792)
Dutch_Std_NL ['oʊvəɹ', 'oʊpə', 'oʊvə']

(('au',), ('oʊ',))	100.00	(rep: 100.00, dist: 100.00)	2 (0.3195)
Dutch_Std_NL ['oʊχ', 'loʊf']

(('uː',), ('æø',))	100.00	(rep: 100.00, dist: 100.00)	1 (0.1597)
Dutch_Std_NL ['mæøs']

(('uː',), ('aø',))	100.00	(rep: 100.00, dist: 100.00)	1 (0.1597)
Dutch_Std_NL ['haøs']

(('oːu',), ('eɪ',))	100.00	(rep: 100.00, dist: 100.00)	1 (0.1597)
Dutch_Std_NL ['tʰveɪ']

(('iː',), ('æɪ',))	100.00	(rep: 100.00, dist: 100.00)	1 (0.1597)
Dutch_Std_NL ['bæɪt']

(('e',), ('æɪ',))	100.00	(rep: 100.00, dist: 100.00)	1 (0.1597)
Dutch_Std_NL ['fæɪf']

(('d',), ('ɾ',))	100.00	(rep: 100.00, dist: 100.00)	1 (0.1597)
Dutch_Std_NL ['faːɾə']

(('-',), ('ɹ',))	100.00	(rep: 100.00, dist: 100.00)	1 (0.1597)
Dutch_Std_NL ['bɛɪtʰɹ']

(('a',), ('ɛɪ',))	73.68	(rep: 100.00, dist: 47.37)	2 (0.3195)
Dutch_Std_NL ['ɛɪs', 'bɛɪtʰɹ']

(('a',), ('aʊ',))	73.68	(rep: 100.00, dist: 47.37)	2 (0.3195)
Dutch_Std_NL ['zaʊt', 'kaʊt']

and 114 more
=====================================

Cluster 6:
-------------------------------------
Feer
-------
(('a',), ('ʊ',))	100.00	(rep: 100.00, dist: 100.00)	4 (0.6309)
Feer ['lʊŋ', 'hʊn', 'tʰʊs', 'gʊs']

(('u',), ('ɒ̃',))	100.00	(rep: 100.00, dist: 100.00)	2 (0.3155)
Feer ['hɒ̃nəŋ', 'tʰɒ̃ŋ']

(('s',), ('ç',))	100.00	(rep: 100.00, dist: 100.00)	2 (0.3155)
Feer ['çiɛ', 'fɛçt']

(('n',), ('ɲ',))	100.00	(rep: 100.00, dist: 100.00)	2 (0.3155)
Feer ['hyɲ', 'viɲ']

(('e',), ('y',))	100.00	(rep: 100.00, dist: 100.00)	2 (0.3155)
Feer ['ʔytʰ', 'njygⁿŋ']

(('ai',), ('iæ',))	100.00	(rep: 100.00, dist: 100.00)	2 (0.3155)
Feer ['ʔiæn', 'stiæn']

(('-',), ('ç',))	100.00	(rep: 100.00, dist: 100.00)	2 (0.3155)
Feer ['ʔitç', 'bitç']

(('θ',), ('l',))	100.00	(rep: 100.00, dist: 100.00)	1 (0.1577)
Feer ['brʊlə']

(('ɡ',), ('d',))	100.00	(rep: 100.00, dist: 100.00)	1 (0.1577)
Feer ['dreːn']

(('z',), ('ç',))	100.00	(rep: 100.00, dist: 100.00)	1 (0.1577)
Feer ['vitç']

(('z',), ('kʰ',))	100.00	(rep: 100.00, dist: 100.00)	1 (0.1577)
Feer ['ʔõŋkʰ']

and 181 more
=====================================

Cluster 7:
-------------------------------------
Graubuenden
-------
(('oː',), ('oɔ',))	100.00	(rep: 100.00, dist: 100.00)	2 (0.3110)
Graubuenden ['ɡoɔt', 'moɔtr']

(('z',), ('t͡s',))	100.00	(rep: 100.00, dist: 100.00)	1 (0.1555)
Graubuenden ['aɪnt͡s']

(('oː',), ('ʊa',))	100.00	(rep: 100.00, dist: 100.00)	1 (0.1555)
Graubuenden ['kʰʊa']

(('n',), ('l',))	100.00	(rep: 100.00, dist: 100.00)	1 (0.1555)
Graubuenden ['muːl']

(('k',), ('qʰ',))	100.00	(rep: 100.00, dist: 100.00)	1 (0.1555)
Graubuenden ['qʰɑːlt']

(('au',), ('ao',))	100.00	(rep: 100.00, dist: 100.00)	1 (0.1555)
Graubuenden ['aok']

(('a',), ('ɑɒ',))	100.00	(rep: 100.00, dist: 100.00)	1 (0.1555)
Graubuenden ['dɑɒk']

(('oː',), ('ʊɔ',))	73.68	(rep: 100.00, dist: 47.37)	3 (0.4666)
Graubuenden ['fʊɔs', 'blʊɔt', 'brʊɔdr']

(('ai',), ('ai',))	73.68	(rep: 100.00, dist: 47.37)	2 (0.3110)
Graubuenden ['bai', 'ʃtai']

(('-',), ('ɐ',))	73.68	(rep: 100.00, dist: 47.37)	2 (0.3110)
Graubuenden ['tɾɛːnɐ', 't͡seːbɐ']

(('u',), ('ɐ',))	73.68	(rep: 100.00, dist: 47.37)	1 (0.1555)
Graubuenden ['seːbɐ']

and 116 more
=====================================

Cluster 8:
-------------------------------------
Grou
-------
(('e',), ('ʌ',))	100.00	(rep: 100.00, dist: 100.00)	4 (0.5952)
Grou ['mʌɫqə', 'fjʌχt͡si', 'sjʌχ', 'njʌʁʌn']

(('u',), ('õə̃',))	100.00	(rep: 100.00, dist: 100.00)	2 (0.2976)
Grou ['kõə̃n', 'hõə̃n']

(('u',), ('iə',))	100.00	(rep: 100.00, dist: 100.00)	2 (0.2976)
Grou ['iəpm', 'tɾiən']

(('e',), ('ɒɪ',))	100.00	(rep: 100.00, dist: 100.00)	2 (0.2976)
Grou ['rɒɪn', 'sɒɪs']

(('au',), ('ɪiə',))	100.00	(rep: 100.00, dist: 100.00)	2 (0.2976)
Grou ['rɪiət', 'ɫɪiəf']

(('au',), ('iə',))	100.00	(rep: 100.00, dist: 100.00)	2 (0.2976)
Grou ['iəχ', 'iər']

(('a',), ('ɒɪ',))	100.00	(rep: 100.00, dist: 100.00)	2 (0.2976)
Grou ['dɒɪ', 'nɒɪɫ']

(('w',), ('ʁ',))	100.00	(rep: 100.00, dist: 100.00)	1 (0.1488)
Grou ['njʌʁʌn']

(('u',), ('ũ',))	100.00	(rep: 100.00, dist: 100.00)	1 (0.1488)
Grou ['hũn']

(('oːu',), ('aː',))	100.00	(rep: 100.00, dist: 100.00)	1 (0.1488)
Grou ['tβaː']

(('oː',), ('iə',))	100.00	(rep: 100.00, dist: 100.00)	1 (0.1488)
Grou ['ɡɾiən']

and 139 more
=====================================

Cluster 9:
-------------------------------------
Hard
-------
(('ai',), ('õɐ̃',))	100.00	(rep: 100.00, dist: 100.00)	2 (0.3165)
Hard ['bõɐ̃', 'ʃtõɐ̃']

(('ai',), ('oɐ',))	100.00	(rep: 100.00, dist: 100.00)	2 (0.3165)
Hard ['hoɐm', 'ʔoɐxə']

(('oːu',), ('oɐ',))	100.00	(rep: 100.00, dist: 100.00)	1 (0.1582)
Hard ['t͡sβoɐ']

(('oː',), ('ʏə',))	100.00	(rep: 100.00, dist: 100.00)	1 (0.1582)
Hard ['bʁʏədəʁ']

(('oː',), ('ỹɛ̃',))	100.00	(rep: 100.00, dist: 100.00)	1 (0.1582)
Hard ['ɡɾỹɛ̃']

(('n',), ('ʁ',))	100.00	(rep: 100.00, dist: 100.00)	1 (0.1582)
Hard ['bɛsəʁ']

(('i',), ('eə',))	100.00	(rep: 100.00, dist: 100.00)	1 (0.1582)
Hard ['leəbəʁ']

(('e',), ('ɪə',))	100.00	(rep: 100.00, dist: 100.00)	1 (0.1582)
Hard ['mɪətə']

(('e',), ('ẽə̃',))	100.00	(rep: 100.00, dist: 100.00)	1 (0.1582)
Hard ['t͡sẽə̃']

(('ai',), ('õɛ̃',))	100.00	(rep: 100.00, dist: 100.00)	1 (0.1582)
Hard ['ʔõɛ̃s']

(('ai',), ('eːə',))	100.00	(rep: 100.00, dist: 100.00)	1 (0.1582)
Hard ['t͡seːə']

and 112 more
=====================================

Cluster 10:
-------------------------------------
Heligoland
-------
(('u',), ('uɐ',))	100.00	(rep: 100.00, dist: 100.00)	2 (0.3150)
Heligoland ['kʰuɐ', 'huɐn']

(('ai',), ('ea',))	100.00	(rep: 100.00, dist: 100.00)	2 (0.3150)
Heligoland ['ʔeakʰɛn', 'bean']

(('a',), ('ea',))	100.00	(rep: 100.00, dist: 100.00)	2 (0.3150)
Heligoland ['ʔeasgən', 'kʰnæbean']

(('z',), ('pʰ',))	100.00	(rep: 100.00, dist: 100.00)	1 (0.1575)
Heligoland ['ʔepʰən']

(('x',), ('g',))	100.00	(rep: 100.00, dist: 100.00)	1 (0.1575)
Heligoland ['hagə']

(('w',), ('g',))	100.00	(rep: 100.00, dist: 100.00)	1 (0.1575)
Heligoland ['neɐgæn']

(('uː',), ('ɛ',))	100.00	(rep: 100.00, dist: 100.00)	1 (0.1575)
Heligoland ['mɛdⁿn']

(('u',), ('ɑː',))	100.00	(rep: 100.00, dist: 100.00)	1 (0.1575)
Heligoland ['tʰβɑːn']

(('u',), ('æ',))	100.00	(rep: 100.00, dist: 100.00)	1 (0.1575)
Heligoland ['neɐgæn']

(('u',), ('oɑ',))	100.00	(rep: 100.00, dist: 100.00)	1 (0.1575)
Heligoland ['ʔoɑvən']

(('u',), ('ae',))	100.00	(rep: 100.00, dist: 100.00)	1 (0.1575)
Heligoland ['dae']

and 189 more
=====================================

Cluster 11:
-------------------------------------
Herrlisheim
-------
(('eː',), ('oː',))	100.00	(rep: 100.00, dist: 100.00)	2 (0.3106)
Herrlisheim ['joːχ', 'moːn']

(('au',), ('œʏ',))	100.00	(rep: 100.00, dist: 100.00)	2 (0.3106)
Herrlisheim ['ʔœʏjə', 'hœʏpt']

(('uː',), ('yː',))	100.00	(rep: 100.00, dist: 100.00)	1 (0.1553)
Herrlisheim ['myːs']

(('oː',), ('yː',))	100.00	(rep: 100.00, dist: 100.00)	1 (0.1553)
Herrlisheim ['kʰyː']

(('b',), ('pʰ',))	100.00	(rep: 100.00, dist: 100.00)	1 (0.1553)
Herrlisheim ['laipʰ']

(('au',), ('ai',))	100.00	(rep: 100.00, dist: 100.00)	1 (0.1553)
Herrlisheim ['laipʰ']

(('ai',), ('ai',))	73.68	(rep: 100.00, dist: 47.37)	3 (0.4658)
Herrlisheim ['hailikʰ', 'ʔaiʃ', 'bain']

(('oː',), ('øː',))	73.68	(rep: 100.00, dist: 47.37)	2 (0.3106)
Herrlisheim ['ʃtøːl', 'bløːt']

(('oː',), ('øə',))	73.68	(rep: 100.00, dist: 47.37)	2 (0.3106)
Herrlisheim ['ɡøət', 'møətəχ']

(('ɡ',), ('kʰ',))	73.68	(rep: 100.00, dist: 47.37)	1 (0.1553)
Herrlisheim ['hailikʰ']

(('w',), ('n',))	73.68	(rep: 100.00, dist: 47.37)	1 (0.1553)
Herrlisheim ['niːn']

and 109 more
=====================================

Cluster 12:
-------------------------------------
Limburg
-------
(('θ',), ('k',))	100.00	(rep: 100.00, dist: 100.00)	2 (0.3170)
Limburg ['taŋk', 'mʊŋk']

(('au',), ('ʊə',))	100.00	(rep: 100.00, dist: 100.00)	2 (0.3170)
Limburg ['ʁʊət', 'ʊəχ']

(('u',), ('ɔə',))	100.00	(rep: 100.00, dist: 100.00)	1 (0.1585)
Limburg ['wɔət']

(('u',), ('ɒː',))	100.00	(rep: 100.00, dist: 100.00)	1 (0.1585)
Limburg ['tʰʁɒːn']

(('u',), ('øə',))	100.00	(rep: 100.00, dist: 100.00)	1 (0.1585)
Limburg ['øənɪŋ']

(('u',), ('õə',))	100.00	(rep: 100.00, dist: 100.00)	1 (0.1585)
Limburg ['hõət']

(('t',), ('ç',))	100.00	(rep: 100.00, dist: 100.00)	1 (0.1585)
Limburg ['fɛç']

(('oːu',), ('iə',))	100.00	(rep: 100.00, dist: 100.00)	1 (0.1585)
Limburg ['tʰβiə']

(('oː',), ('ʊː',))	100.00	(rep: 100.00, dist: 100.00)	1 (0.1585)
Limburg ['ʃtʊːl']

(('iː',), ('ɪə',))	100.00	(rep: 100.00, dist: 100.00)	1 (0.1585)
Limburg ['βɪət']

(('i',), ('ø',))	100.00	(rep: 100.00, dist: 100.00)	1 (0.1585)
Limburg ['føʃ']

and 126 more
=====================================

Cluster 13:
-------------------------------------
Luxembourg
-------
(('u',), ('ʊɛ',))	100.00	(rep: 100.00, dist: 100.00)	3 (0.4754)
Luxembourg ['vʊɛt', 'ʃtʊɛm', 'ʔʊɛvən']

(('u',), ('ɨ',))	100.00	(rep: 100.00, dist: 100.00)	2 (0.3170)
Luxembourg ['mɨt', 'zɨt͡s']

(('oː',), ('œʊ',))	100.00	(rep: 100.00, dist: 100.00)	2 (0.3170)
Luxembourg ['fœʊs', 'kʰœʊ']

(('iː',), ('æi',))	100.00	(rep: 100.00, dist: 100.00)	2 (0.3170)
Luxembourg ['bæis', 'væis']

(('e',), ('ɨ',))	100.00	(rep: 100.00, dist: 100.00)	2 (0.3170)
Luxembourg ['mɨlɪʃ', 'fɨnəf']

(('e',), ('ɐ',))	100.00	(rep: 100.00, dist: 100.00)	2 (0.3170)
Luxembourg ['ɐs', 'ʁɐŋ']

(('z',), ('p',))	100.00	(rep: 100.00, dist: 100.00)	1 (0.1585)
Luxembourg ['ʔʊpən']

(('uː',), ('ɛʊ',))	100.00	(rep: 100.00, dist: 100.00)	1 (0.1585)
Luxembourg ['hɛʊs']

(('uː',), ('æʊ',))	100.00	(rep: 100.00, dist: 100.00)	1 (0.1585)
Luxembourg ['mæʊs']

(('uː',), ('i',))	100.00	(rep: 100.00, dist: 100.00)	1 (0.1585)
Luxembourg ['ʔiva']

(('u',), ('ʊɪ',))	100.00	(rep: 100.00, dist: 100.00)	1 (0.1585)
Luxembourg ['dʊɪʃtɐ']

and 158 more
=====================================

Cluster 14:
-------------------------------------
Ortisei
-------
(('uː',), ('aɵ',))	100.00	(rep: 100.00, dist: 100.00)	3 (0.4525)
Ortisei ['ʔaɵs', 'haɵs', 'maɵs']

(('iː',), ('aɪ',))	100.00	(rep: 100.00, dist: 100.00)	2 (0.3017)
Ortisei ['baɪs', 'βaɪs']

(('oːu',), ('ɔə',))	100.00	(rep: 100.00, dist: 100.00)	1 (0.1508)
Ortisei ['t͡sβɔə']

(('oː',), ('iɛ',))	100.00	(rep: 100.00, dist: 100.00)	1 (0.1508)
Ortisei ['ɡʁiɛn']

(('n',), ('ɱ',))	100.00	(rep: 100.00, dist: 100.00)	1 (0.1508)
Ortisei ['fʏɱf']

(('eu',), ('aɪ',))	100.00	(rep: 100.00, dist: 100.00)	1 (0.1508)
Ortisei ['naɪ']

(('e',), ('aɵ',))	100.00	(rep: 100.00, dist: 100.00)	1 (0.1508)
Ortisei ['ʃaɵ']

(('au',), ('ɛː',))	100.00	(rep: 100.00, dist: 100.00)	1 (0.1508)
Ortisei ['hɛːχ']

(('ai',), ('ɔə',))	100.00	(rep: 100.00, dist: 100.00)	1 (0.1508)
Ortisei ['ʔɔəns']

(('ai',), ('a',))	100.00	(rep: 100.00, dist: 100.00)	1 (0.1508)
Ortisei ['ʃtan']

(('θ',), ('t͡s',))	73.68	(rep: 100.00, dist: 47.37)	2 (0.3017)
Ortisei ['bɔːt͡s', 'mʊnt͡s']

and 121 more
=====================================

Cluster 15:
-------------------------------------
Ostend
-------
(('uː',), ('ʉ',))	100.00	(rep: 100.00, dist: 100.00)	3 (0.4518)
Ostend ['ʉt', 'ʉs', 'mʉs']

(('w',), ('h',))	100.00	(rep: 100.00, dist: 100.00)	1 (0.1506)
Ostend ['neːhə̃']

(('r',), ('s̆',))	100.00	(rep: 100.00, dist: 100.00)	1 (0.1506)
Ostend ['ɣɑːs̆t']

(('oːu',), ('ɛː',))	100.00	(rep: 100.00, dist: 100.00)	1 (0.1506)
Ostend ['tʰβɛː']

(('j',), ('β',))	100.00	(rep: 100.00, dist: 100.00)	1 (0.1506)
Ostend ['niːβə']

(('iː',), ('ɛ',))	100.00	(rep: 100.00, dist: 100.00)	1 (0.1506)
Ostend ['βɛt']

(('eː',), ('ɑɔ',))	100.00	(rep: 100.00, dist: 100.00)	1 (0.1506)
Ostend ['nɑɔdɫ']

(('e',), ('aɔ',))	100.00	(rep: 100.00, dist: 100.00)	1 (0.1506)
Ostend ['maɔk']

(('ai',), ('ɛʊ',))	100.00	(rep: 100.00, dist: 100.00)	1 (0.1506)
Ostend ['snɛʊ']

(('a',), ('ə̃',))	100.00	(rep: 100.00, dist: 100.00)	1 (0.1506)
Ostend ['ɾeːhə̃']

(('a',), ('ɑ̃',))	100.00	(rep: 100.00, dist: 100.00)	1 (0.1506)
Ostend ['χɑ̃zə']

and 120 more
=====================================

Cluster 16:
-------------------------------------
Tuebingen
-------
(('uː',), ('ɐu',))	100.00	(rep: 100.00, dist: 100.00)	3 (0.4511)
Tuebingen ['ʔɐus', 'hɐus', 'mɐus']

(('a',), ('aɔ',))	100.00	(rep: 100.00, dist: 100.00)	3 (0.4511)
Tuebingen ['ʃaɔf', 'ɡaɔt̪ə', 'βaɔm']

(('au',), ('ɑɵ',))	100.00	(rep: 100.00, dist: 100.00)	2 (0.3008)
Tuebingen ['ʁɑɵt', 'hɑɵpt']

(('u',), ('ʊɔ',))	100.00	(rep: 100.00, dist: 100.00)	1 (0.1504)
Tuebingen ['ʃtʊɔm']

(('u',), ('eː',))	100.00	(rep: 100.00, dist: 100.00)	1 (0.1504)
Tuebingen ['tʁeːnə']

(('oːu',), ('ɔe',))	100.00	(rep: 100.00, dist: 100.00)	1 (0.1504)
Tuebingen ['t͡sβɔe']

(('oː',), ('uɔ',))	100.00	(rep: 100.00, dist: 100.00)	1 (0.1504)
Tuebingen ['bluɔt']

(('oː',), ('eə',))	100.00	(rep: 100.00, dist: 100.00)	1 (0.1504)
Tuebingen ['ɡʁeə']

(('iː',), ('ɛi',))	100.00	(rep: 100.00, dist: 100.00)	1 (0.1504)
Tuebingen ['βɛis']

(('iː',), ('ɐi',))	100.00	(rep: 100.00, dist: 100.00)	1 (0.1504)
Tuebingen ['bɐis']

(('eu',), ('ui',))	100.00	(rep: 100.00, dist: 100.00)	1 (0.1504)
Tuebingen ['nui']

and 116 more
=====================================

Cluster 17:
-------------------------------------
Veenkolonien
-------
(('oː',), ('ɑʊ',))	100.00	(rep: 100.00, dist: 100.00)	5 (0.7657)
Veenkolonien ['χɑʊt', 'stɑʊlə', 'vɑʊɾə', 'blɑʊt', 'kɑʊ']

(('ai',), ('ɒɪ',))	100.00	(rep: 100.00, dist: 100.00)	3 (0.4594)
Veenkolonien ['ɒɪnə', 'hɒɪləχ', 'hɒɪm']

(('r',), ('ɹˠ',))	100.00	(rep: 100.00, dist: 100.00)	2 (0.3063)
Veenkolonien ['ovɹˠ', 'dɒχt̪ɹˠ']

(('a',), ('aɤ',))	100.00	(rep: 100.00, dist: 100.00)	2 (0.3063)
Veenkolonien ['aɤ', 'kʰaɤf']

(('z',), ('ɹˠ',))	100.00	(rep: 100.00, dist: 100.00)	1 (0.1531)
Veenkolonien ['dʏndɹˠ']

(('z',), ('t̪',))	100.00	(rep: 100.00, dist: 100.00)	1 (0.1531)
Veenkolonien ['bɛt̪ɹˠ']

(('u',), ('ʊː',))	100.00	(rep: 100.00, dist: 100.00)	1 (0.1531)
Veenkolonien ['fʊː']

(('u',), ('œː',))	100.00	(rep: 100.00, dist: 100.00)	1 (0.1531)
Veenkolonien ['stœːɾəm']

(('oːu',), ('ɛɪə',))	100.00	(rep: 100.00, dist: 100.00)	1 (0.1531)
Veenkolonien ['tβɛɪə']

(('oː',), ('œʏ̃',))	100.00	(rep: 100.00, dist: 100.00)	1 (0.1531)
Veenkolonien ['χɹœʏ̃']

(('iː',), ('ɒɪ',))	100.00	(rep: 100.00, dist: 100.00)	1 (0.1531)
Veenkolonien ['βɒɪt']

and 144 more
=====================================

Cluster 18:
-------------------------------------
Walser
-------
(('ai',), ('æɪ',))	100.00	(rep: 100.00, dist: 100.00)	6 (0.9494)
Walser ['ʔæɪs', 'hæɪlɪk', 'hæɪmət', 'ʔæɪxə', 'bæɪ', 'ʃtæɪ']

(('p',), ('ɸ',))	100.00	(rep: 100.00, dist: 100.00)	2 (0.3165)
Walser ['ʃaɹɸ', 'ʔoɸə']

(('eː',), ('ɛ',))	100.00	(rep: 100.00, dist: 100.00)	2 (0.3165)
Walser ['bɾʊɔdɛɾ', 'dɔxtɛɾ']

(('z',), ('ɡ',))	100.00	(rep: 100.00, dist: 100.00)	1 (0.1582)
Walser ['rɪŋɡ']

(('oːu',), ('æɪ',))	100.00	(rep: 100.00, dist: 100.00)	1 (0.1582)
Walser ['t͡sβæɪ']

(('oː',), ('yɛ',))	100.00	(rep: 100.00, dist: 100.00)	1 (0.1582)
Walser ['ɡryɛ']

(('oː',), ('oɐ',))	100.00	(rep: 100.00, dist: 100.00)	1 (0.1582)
Walser ['bloɐt']

(('o',), ('a',))	100.00	(rep: 100.00, dist: 100.00)	1 (0.1582)
Walser ['maːna']

(('n',), ('h',))	100.00	(rep: 100.00, dist: 100.00)	1 (0.1582)
Walser ['t͡sahə']

(('i',), ('ɐ',))	100.00	(rep: 100.00, dist: 100.00)	1 (0.1582)
Walser ['ʃβøːɾɐ']

(('f',), ('t',))	100.00	(rep: 100.00, dist: 100.00)	1 (0.1582)
Walser ['tata']

and 123 more
=====================================

Cluster 19:
-------------------------------------
Westerkwartier
-------
(('s',), ('sʲ',))	100.00	(rep: 100.00, dist: 100.00)	4 (0.6116)
Westerkwartier ['hysʲ', 'fɪsʲ', 'zɛsʲ', 'sʲøːbⁿm']

(('x',), ('ɹ',))	100.00	(rep: 100.00, dist: 100.00)	2 (0.3058)
Westerkwartier ['høæɹ', 'joɹ']

(('u',), ('ɶ',))	100.00	(rep: 100.00, dist: 100.00)	2 (0.3058)
Westerkwartier ['hɶnɶx', 'dɶnaɹ']

(('au',), ('ɔu',))	100.00	(rep: 100.00, dist: 100.00)	2 (0.3058)
Westerkwartier ['ʔɔuχ', 'ʔɔupⁿm']

(('a',), ('ã',))	100.00	(rep: 100.00, dist: 100.00)	2 (0.3058)
Westerkwartier ['hãnt͡s', 't͡sãnt͡s']

(('-',), ('ʒ',))	100.00	(rep: 100.00, dist: 100.00)	2 (0.3058)
Westerkwartier ['ʒveæɹ', 'ʒetʰ']

(('-',), ('ẽ',))	100.00	(rep: 100.00, dist: 100.00)	2 (0.3058)
Westerkwartier ['rẽŋ', 'drẽŋkʰ']

(('θ',), ('t͡ʃ',))	100.00	(rep: 100.00, dist: 100.00)	1 (0.1529)
Westerkwartier ['noət͡ʃ']

(('ɡ',), ('gⁿ',))	100.00	(rep: 100.00, dist: 100.00)	1 (0.1529)
Westerkwartier ['reigⁿŋ']

(('z',), ('pⁿ',))	100.00	(rep: 100.00, dist: 100.00)	1 (0.1529)
Westerkwartier ['ʔɔupⁿm']

(('z',), ('m',))	100.00	(rep: 100.00, dist: 100.00)	1 (0.1529)
Westerkwartier ['ʔækobɔum']

and 203 more
=====================================

Cluster 20:
-------------------------------------
Dutch_Std_BE
Dutch_Std_NL
-------
(('uː',), ('æʏ',))	100.00	(rep: 100.00, dist: 100.00)	4 (0.3067)
Dutch_Std_BE ['æʏt', 'hæʏs', 'mæʏs']
Dutch_Std_NL ['æʏt']

(('a',), ('aʊ',))	100.00	(rep: 100.00, dist: 100.00)	4 (0.3067)
Dutch_Std_BE ['zaʊt', 'kaʊt']
Dutch_Std_NL ['zaʊt', 'kaʊt']

(('a',), ('ɛɪ',))	100.00	(rep: 100.00, dist: 100.00)	3 (0.2301)
Dutch_Std_BE ['ɛɪs']
Dutch_Std_NL ['ɛɪs', 'bɛɪtʰɹ']

(('eu',), ('iu',))	100.00	(rep: 100.00, dist: 100.00)	2 (0.1534)
Dutch_Std_BE ['niu']
Dutch_Std_NL ['niu']

(('ai',), ('eu',))	100.00	(rep: 100.00, dist: 100.00)	2 (0.1534)
Dutch_Std_BE ['sneu']
Dutch_Std_NL ['sneu']

(('u',), ('oʊ',))	75.00	(rep: 50.00, dist: 100.00)	3 (0.2301)
Dutch_Std_NL ['oʊvəɹ', 'oʊpə', 'oʊvə']

(('au',), ('oʊ',))	75.00	(rep: 50.00, dist: 100.00)	2 (0.1534)
Dutch_Std_NL ['oʊχ', 'loʊf']

(('θ',), ('d̪',))	75.00	(rep: 50.00, dist: 100.00)	1 (0.0767)
Dutch_Std_BE ['d̪ɾiː']

(('ɡ',), ('ʝ',))	75.00	(rep: 50.00, dist: 100.00)	1 (0.0767)
Dutch_Std_BE ['reːʝn']

(('uː',), ('æø',))	75.00	(rep: 50.00, dist: 100.00)	1 (0.0767)
Dutch_Std_NL ['mæøs']

(('uː',), ('aø',))	75.00	(rep: 50.00, dist: 100.00)	1 (0.0767)
Dutch_Std_NL ['haøs']

and 149 more
=====================================

Cluster 21:
-------------------------------------
Biel
Graubuenden
-------
(('oː',), ('ʏɛ',))	100.00	(rep: 100.00, dist: 100.00)	2 (0.1536)
Biel ['ɡɾʏɛn']
Graubuenden ['ɡɾʏɛn']

(('n',), ('ɾ',))	100.00	(rep: 100.00, dist: 100.00)	2 (0.1536)
Biel ['bɛsəɾ']
Graubuenden ['bɛsɾ']

(('eː',), ('ɑː',))	81.48	(rep: 100.00, dist: 62.96)	3 (0.2304)
Biel ['jɑːr', 'n̪ɑːdʊ']
Graubuenden ['jɑːr']

(('u',), ('uː',))	81.48	(rep: 100.00, dist: 62.96)	2 (0.1536)
Biel ['muː']
Graubuenden ['muːl']

(('a',), ('œː',))	81.48	(rep: 100.00, dist: 62.96)	2 (0.1536)
Biel ['ʃβœːr']
Graubuenden ['ʃβœːɾ']

(('a',), ('ɑʊ',))	75.00	(rep: 50.00, dist: 100.00)	3 (0.2304)
Biel ['sɑʊt͡s', 'χɑʊt', 'χɑʊp']

(('oː',), ('oɔ',))	75.00	(rep: 50.00, dist: 100.00)	2 (0.1536)
Graubuenden ['ɡoɔt', 'moɔtr']

(('au',), ('ɔo',))	75.00	(rep: 50.00, dist: 100.00)	2 (0.1536)
Biel ['ɔok', 'hɔopt']

(('ai',), ('ei',))	75.00	(rep: 50.00, dist: 100.00)	2 (0.1536)
Biel ['heilɪk', 'eiχə']

(('-',), ('χ',))	75.00	(rep: 50.00, dist: 100.00)	2 (0.1536)
Biel ['drɪŋkχ', 'nɒkχt']

(('z',), ('t͡s',))	75.00	(rep: 50.00, dist: 100.00)	1 (0.0768)
Graubuenden ['aɪnt͡s']

and 166 more
=====================================

Cluster 22:
-------------------------------------
Herrlisheim
Ortisei
-------
(('oː',), ('øə',))	100.00	(rep: 100.00, dist: 100.00)	3 (0.2295)
Herrlisheim ['ɡøət', 'møətəχ']
Ortisei ['bløət͡s']

(('w',), ('n',))	100.00	(rep: 100.00, dist: 100.00)	2 (0.1530)
Herrlisheim ['niːn']
Ortisei ['naɪn']

(('n',), ('χ',))	81.48	(rep: 100.00, dist: 62.96)	3 (0.2295)
Herrlisheim ['bɛsəχ']
Ortisei ['bɪsəχ', 't͡sɛːχ']

(('uː',), ('aɵ',))	75.00	(rep: 50.00, dist: 100.00)	3 (0.2295)
Ortisei ['ʔaɵs', 'haɵs', 'maɵs']

(('iː',), ('aɪ',))	75.00	(rep: 50.00, dist: 100.00)	2 (0.1530)
Ortisei ['baɪs', 'βaɪs']

(('eː',), ('oː',))	75.00	(rep: 50.00, dist: 100.00)	2 (0.1530)
Herrlisheim ['joːχ', 'moːn']

(('au',), ('œʏ',))	75.00	(rep: 50.00, dist: 100.00)	2 (0.1530)
Herrlisheim ['ʔœʏjə', 'hœʏpt']

(('uː',), ('yː',))	75.00	(rep: 50.00, dist: 100.00)	1 (0.0765)
Herrlisheim ['myːs']

(('oːu',), ('ɔə',))	75.00	(rep: 50.00, dist: 100.00)	1 (0.0765)
Ortisei ['t͡sβɔə']

(('oː',), ('yː',))	75.00	(rep: 50.00, dist: 100.00)	1 (0.0765)
Herrlisheim ['kʰyː']

(('oː',), ('iɛ',))	75.00	(rep: 50.00, dist: 100.00)	1 (0.0765)
Ortisei ['ɡʁiɛn']

and 156 more
=====================================

Cluster 23:
-------------------------------------
Achterhoek
Dutch_Std_BE
Dutch_Std_NL
-------
(('iː',), ('ɪ',))	85.29	(rep: 100.00, dist: 70.59)	3 (0.1556)
Achterhoek ['βɪt']
Dutch_Std_BE ['βɪt']
Dutch_Std_NL ['vɪt']

(('uː',), ('æʏ',))	83.33	(rep: 66.67, dist: 100.00)	4 (0.2075)
Dutch_Std_BE ['æʏt', 'hæʏs', 'mæʏs']
Dutch_Std_NL ['æʏt']

(('a',), ('aʊ',))	83.33	(rep: 66.67, dist: 100.00)	4 (0.2075)
Dutch_Std_BE ['zaʊt', 'kaʊt']
Dutch_Std_NL ['zaʊt', 'kaʊt']

(('a',), ('ɛɪ',))	83.33	(rep: 66.67, dist: 100.00)	3 (0.1556)
Dutch_Std_BE ['ɛɪs']
Dutch_Std_NL ['ɛɪs', 'bɛɪtʰɹ']

(('w',), ('χ',))	83.33	(rep: 66.67, dist: 100.00)	2 (0.1037)
Achterhoek ['neːχn']
Dutch_Std_NL ['neɪχə']

(('eu',), ('iu',))	83.33	(rep: 66.67, dist: 100.00)	2 (0.1037)
Dutch_Std_BE ['niu']
Dutch_Std_NL ['niu']

(('ai',), ('eu',))	83.33	(rep: 66.67, dist: 100.00)	2 (0.1037)
Dutch_Std_BE ['sneu']
Dutch_Std_NL ['sneu']

(('ai',), ('ɛɪ',))	76.47	(rep: 100.00, dist: 52.94)	8 (0.4149)
Achterhoek ['hɛɪləχ', 'snɛɪ']
Dutch_Std_BE ['hɛɪləç', 'ɛɪk']
Dutch_Std_NL ['hɛɪlʌχ', 'hɛɪm', 'ɛɪk', 'bɛɪn']

(('e',), ('eɪ',))	76.47	(rep: 100.00, dist: 52.94)	5 (0.2593)
Achterhoek ['kneɪ']
Dutch_Std_BE ['eɪt']
Dutch_Std_NL ['ʁeɪχə', 'neɪχə', 'zeɪvə']

(('u',), ('oʊ',))	66.67	(rep: 33.33, dist: 100.00)	3 (0.1556)
Dutch_Std_NL ['oʊvəɹ', 'oʊpə', 'oʊvə']

(('au',), ('oʊ',))	66.67	(rep: 33.33, dist: 100.00)	2 (0.1037)
Dutch_Std_NL ['oʊχ', 'loʊf']

and 182 more
=====================================

Cluster 24:
-------------------------------------
Hard
Walser
-------
(('oː',), ('oɛ',))	100.00	(rep: 100.00, dist: 100.00)	2 (0.1582)
Hard ['ɡoɛt']
Walser ['ɸoɛs']

(('k',), ('x',))	81.48	(rep: 100.00, dist: 62.96)	7 (0.5538)
Hard ['mɪlx', 'ʔoɐxə']
Walser ['milx', 'xaːlt', 'ʔæɪxə', 'xalp', 'xuɛ']

(('a',), ('øː',))	81.48	(rep: 100.00, dist: 62.96)	2 (0.1582)
Hard ['ʃvøːʁ']
Walser ['ʃβøːɾɐ']

(('ai',), ('æɪ',))	75.00	(rep: 50.00, dist: 100.00)	6 (0.4747)
Walser ['ʔæɪs', 'hæɪlɪk', 'hæɪmət', 'ʔæɪxə', 'bæɪ', 'ʃtæɪ']

(('p',), ('ɸ',))	75.00	(rep: 50.00, dist: 100.00)	2 (0.1582)
Walser ['ʃaɹɸ', 'ʔoɸə']

(('eː',), ('ɛ',))	75.00	(rep: 50.00, dist: 100.00)	2 (0.1582)
Walser ['bɾʊɔdɛɾ', 'dɔxtɛɾ']

(('ai',), ('õɐ̃',))	75.00	(rep: 50.00, dist: 100.00)	2 (0.1582)
Hard ['bõɐ̃', 'ʃtõɐ̃']

(('ai',), ('oɐ',))	75.00	(rep: 50.00, dist: 100.00)	2 (0.1582)
Hard ['hoɐm', 'ʔoɐxə']

(('z',), ('ɡ',))	75.00	(rep: 50.00, dist: 100.00)	1 (0.0791)
Walser ['rɪŋɡ']

(('oːu',), ('æɪ',))	75.00	(rep: 50.00, dist: 100.00)	1 (0.0791)
Walser ['t͡sβæɪ']

(('oːu',), ('oɐ',))	75.00	(rep: 50.00, dist: 100.00)	1 (0.0791)
Hard ['t͡sβoɐ']

and 161 more
=====================================

Cluster 25:
-------------------------------------
Ostend
Veenkolonien
-------
(('ɡ',), ('h',))	100.00	(rep: 100.00, dist: 100.00)	4 (0.3037)
Ostend ['hoət', 'ɾeːhə̃', 'hɾuənə']
Veenkolonien ['hanzə']

(('ll',), ('-',))	81.48	(rep: 100.00, dist: 62.96)	3 (0.2278)
Ostend ['ɑo']
Veenkolonien ['fʊː', 'aɤ']

(('z',), ('z',))	81.48	(rep: 100.00, dist: 62.96)	2 (0.1519)
Ostend ['χɑ̃zə']
Veenkolonien ['hanzə']

(('oːu',), ('ə',))	81.48	(rep: 100.00, dist: 62.96)	2 (0.1519)
Ostend ['ɑχtə']
Veenkolonien ['aːχtə']

(('e',), ('ø',))	81.48	(rep: 100.00, dist: 62.96)	2 (0.1519)
Ostend ['vøvə']
Veenkolonien ['zøbm']

(('oː',), ('ɑʊ',))	75.00	(rep: 50.00, dist: 100.00)	5 (0.3797)
Veenkolonien ['χɑʊt', 'stɑʊlə', 'vɑʊɾə', 'blɑʊt', 'kɑʊ']

(('uː',), ('ʉ',))	75.00	(rep: 50.00, dist: 100.00)	3 (0.2278)
Ostend ['ʉt', 'ʉs', 'mʉs']

(('ai',), ('ɒɪ',))	75.00	(rep: 50.00, dist: 100.00)	3 (0.2278)
Veenkolonien ['ɒɪnə', 'hɒɪləχ', 'hɒɪm']

(('r',), ('ɹˠ',))	75.00	(rep: 50.00, dist: 100.00)	2 (0.1519)
Veenkolonien ['ovɹˠ', 'dɒχt̪ɹˠ']

(('a',), ('aɤ',))	75.00	(rep: 50.00, dist: 100.00)	2 (0.1519)
Veenkolonien ['aɤ', 'kʰaɤf']

(('z',), ('ɹˠ',))	75.00	(rep: 50.00, dist: 100.00)	1 (0.0759)
Veenkolonien ['dʏndɹˠ']

and 190 more
=====================================

Cluster 26:
-------------------------------------
Biel
Graubuenden
Hard
Walser
-------
(('e',), ('yː',))	100.00	(rep: 100.00, dist: 100.00)	13 (0.5066)
Biel ['fyːf', 'nyːn', 'tɾyː']
Graubuenden ['fyːf', 'nyːn', 'kʰnyː']
Hard ['fyːɸ', 'nyː', 'dʁyː', 'kʰnyː']
Walser ['fyːɸ', 'nyː', 'dɾyː']

(('u',), ('uː',))	87.50	(rep: 75.00, dist: 100.00)	3 (0.1169)
Biel ['muː']
Graubuenden ['muːl']
Walser ['huːnt']

(('oː',), ('ʊɔ',))	75.00	(rep: 50.00, dist: 100.00)	4 (0.1559)
Graubuenden ['fʊɔs', 'blʊɔt', 'brʊɔdr']
Walser ['bɾʊɔdɛɾ']

(('-',), ('ɐ',))	75.00	(rep: 50.00, dist: 100.00)	3 (0.1169)
Graubuenden ['tɾɛːnɐ', 't͡seːbɐ']
Walser ['t͡seːbɐ']

(('oː',), ('ʏɛ',))	75.00	(rep: 50.00, dist: 100.00)	2 (0.0779)
Biel ['ɡɾʏɛn']
Graubuenden ['ɡɾʏɛn']

(('oː',), ('oɛ',))	75.00	(rep: 50.00, dist: 100.00)	2 (0.0779)
Hard ['ɡoɛt']
Walser ['ɸoɛs']

(('n',), ('ɾ',))	75.00	(rep: 50.00, dist: 100.00)	2 (0.0779)
Biel ['bɛsəɾ']
Graubuenden ['bɛsɾ']

(('n',), ('b',))	75.00	(rep: 50.00, dist: 100.00)	2 (0.0779)
Graubuenden ['t͡seːbɐ']
Walser ['t͡seːbɐ']

(('uː',), ('uː',))	73.21	(rep: 100.00, dist: 46.43)	11 (0.4287)
Biel ['uːs', 'huːs', 'muːs']
Graubuenden ['uːs', 'huːs', 'muːs']
Hard ['ʔuːs', 'huːs', 'muːs']
Walser ['huːs', 'muːs']

(('iː',), ('iː',))	73.21	(rep: 100.00, dist: 46.43)	8 (0.3118)
Biel ['biːs', 'βiːs']
Graubuenden ['biːs', 'βiːs']
Hard ['biːs', 'viːs']
Walser ['biːs', 'βiːs']

(('-',), ('d',))	73.21	(rep: 100.00, dist: 46.43)	5 (0.1949)
Biel ['n̪ɑːdʊ']
Graubuenden ['nɔrd']
Hard ['nɔːʁdə']
Walser ['naːdlə', 'nɔɾdə']

and 227 more
=====================================

Cluster 27:
-------------------------------------
Antwerp
Achterhoek
Dutch_Std_BE
Dutch_Std_NL
-------
(('uː',), ('æʏ',))	75.00	(rep: 50.00, dist: 100.00)	4 (0.1535)
Dutch_Std_BE ['æʏt', 'hæʏs', 'mæʏs']
Dutch_Std_NL ['æʏt']

(('a',), ('aʊ',))	75.00	(rep: 50.00, dist: 100.00)	4 (0.1535)
Dutch_Std_BE ['zaʊt', 'kaʊt']
Dutch_Std_NL ['zaʊt', 'kaʊt']

(('a',), ('ɛɪ',))	75.00	(rep: 50.00, dist: 100.00)	3 (0.1151)
Dutch_Std_BE ['ɛɪs']
Dutch_Std_NL ['ɛɪs', 'bɛɪtʰɹ']

(('w',), ('χ',))	75.00	(rep: 50.00, dist: 100.00)	2 (0.0767)
Achterhoek ['neːχn']
Dutch_Std_NL ['neɪχə']

(('w',), ('ʝ',))	75.00	(rep: 50.00, dist: 100.00)	2 (0.0767)
Antwerp ['neːʝə']
Dutch_Std_BE ['neːʝn']

(('eu',), ('iu',))	75.00	(rep: 50.00, dist: 100.00)	2 (0.0767)
Dutch_Std_BE ['niu']
Dutch_Std_NL ['niu']

(('ai',), ('eu',))	75.00	(rep: 50.00, dist: 100.00)	2 (0.0767)
Dutch_Std_BE ['sneu']
Dutch_Std_NL ['sneu']

(('ll',), ('ɫ',))	73.21	(rep: 100.00, dist: 46.43)	11 (0.4221)
Antwerp ['vɔɫ', 'aɫ', 'wʌɫ']
Achterhoek ['ɸʊɫ', 'aɫ']
Dutch_Std_BE ['βʌɫ', 'ɑɫ', 'βʌɫ']
Dutch_Std_NL ['vʌɫ', 'ɑɫ', 'vʌɫ']

(('z',), ('ɫ',))	73.21	(rep: 100.00, dist: 46.43)	4 (0.1535)
Antwerp ['nɑːxɫ']
Achterhoek ['nɛːχɫ']
Dutch_Std_BE ['naːxəɫ']
Dutch_Std_NL ['naχʌɫ']

(('r',), ('d',))	73.21	(rep: 100.00, dist: 46.43)	4 (0.1535)
Antwerp ['d̬ɔndəs']
Achterhoek ['dʊndʁ']
Dutch_Std_BE ['dʌndər']
Dutch_Std_NL ['dʌndəʁ']

(('oː',), ('u',))	71.88	(rep: 75.00, dist: 68.75)	8 (0.3070)
Antwerp ['fut']
Dutch_Std_BE ['xut', 'vut', 'blut']
Dutch_Std_NL ['χut', 'χʁun', 'fut', 'ku']

and 215 more
=====================================

Cluster 28:
-------------------------------------
Feer
Heligoland
-------
(('ɡ',), ('g',))	100.00	(rep: 100.00, dist: 100.00)	7 (0.5516)
Feer ['gʊt', 'guɤt', 'gʊs']
Heligoland ['goː', 'gʁeːn', 'goa', 'guːs']

(('uː',), ('ʏ',))	100.00	(rep: 100.00, dist: 100.00)	4 (0.3152)
Feer ['hʏs', 'mʏs']
Heligoland ['hʏs', 'mʏs']

(('u',), ('uʌ',))	100.00	(rep: 100.00, dist: 100.00)	2 (0.1576)
Feer ['tʰuʌ']
Heligoland ['nuʌɖ']

(('i',), ('ʏ',))	100.00	(rep: 100.00, dist: 100.00)	2 (0.1576)
Feer ['lʏva']
Heligoland ['lʏva']

(('k',), ('g',))	81.48	(rep: 100.00, dist: 62.96)	5 (0.3940)
Feer ['naːgət', 'sgarap']
Heligoland ['noɐgɤlt', 'sgapʰ', 'ʔeasgən']

(('a',), ('eː',))	81.48	(rep: 100.00, dist: 62.96)	5 (0.3940)
Feer ['beːda', 'feːst', 'neːdˡl', 'ʔeːskʰ']
Heligoland ['neːm']

(('f',), ('-',))	81.48	(rep: 100.00, dist: 62.96)	3 (0.2364)
Feer ['ʔõŋkʰ']
Heligoland ['fiu', 'ʃdʲuɐ']

(('-',), ('k',))	81.48	(rep: 100.00, dist: 62.96)	3 (0.2364)
Feer ['draŋk', 'vaske']
Heligoland ['dʁɪŋk']

(('-',), ('b',))	81.48	(rep: 100.00, dist: 62.96)	3 (0.2364)
Feer ['bitç']
Heligoland ['bleː', 'bɪtʰ']

(('w',), ('b',))	81.48	(rep: 100.00, dist: 62.96)	2 (0.1576)
Feer ['kʰnœbʝɛn']
Heligoland ['kʰnæbean']

(('r',), ('ʔ',))	81.48	(rep: 100.00, dist: 62.96)	2 (0.1576)
Feer ['ʔas']
Heligoland ['ʔɛs']

and 278 more
=====================================

Cluster 29:
-------------------------------------
Tuebingen
Herrlisheim
Ortisei
-------
(('oː',), ('øə',))	83.33	(rep: 66.67, dist: 100.00)	3 (0.1521)
Herrlisheim ['ɡøət', 'møətəχ']
Ortisei ['bløət͡s']

(('w',), ('n',))	83.33	(rep: 66.67, dist: 100.00)	2 (0.1014)
Herrlisheim ['niːn']
Ortisei ['naɪn']

(('u',), ('yː',))	83.33	(rep: 66.67, dist: 100.00)	2 (0.1014)
Tuebingen ['ʔyːbɔ']
Ortisei ['ʔyːbəχ']

(('z',), ('χ',))	76.47	(rep: 100.00, dist: 52.94)	9 (0.4564)
Tuebingen ['dɔnɔχ']
Herrlisheim ['hʊŋəχ', 'ʔoːχ', 'donəχ', 'heːχ']
Ortisei ['hʊŋɡəχ', 'ʔoːχ', 'dɔnəχ', 'hɛːχ']

(('r',), ('χ',))	70.59	(rep: 100.00, dist: 41.18)	30 (1.5213)
Tuebingen ['jɔːχ', 'leːbɔχ']
Herrlisheim ['joːχ', 'voχt', 'haχt͡s', 'fɒtəχ', 'ʔeβəχ', 'ʃɒχf', 'ʔaχt', 'sɛːχ', 'ɡɔːχtə', 'bʁeːdəχ', 'fiəχ', 'ʃvœːχ', 'hʊndəχt', 'doːχtəχ', 'møətəχ']
Ortisei ['jɔːχ', 'hɛχt͡s', 'foətəχ', 'ʔyːbəχ', 'sɛːχ', 'ɡɔχtn', 'bʁʊədəχ', 'fiəχ', 'ʃβøːχ', 'hʊndəχt', 'leːbəχ', 'dɔχtəχ', 'mʊətəχ']

(('uː',), ('ɐu',))	66.67	(rep: 33.33, dist: 100.00)	3 (0.1521)
Tuebingen ['ʔɐus', 'hɐus', 'mɐus']

(('uː',), ('aɵ',))	66.67	(rep: 33.33, dist: 100.00)	3 (0.1521)
Ortisei ['ʔaɵs', 'haɵs', 'maɵs']

(('a',), ('aɔ',))	66.67	(rep: 33.33, dist: 100.00)	3 (0.1521)
Tuebingen ['ʃaɔf', 'ɡaɔt̪ə', 'βaɔm']

(('iː',), ('aɪ',))	66.67	(rep: 33.33, dist: 100.00)	2 (0.1014)
Ortisei ['baɪs', 'βaɪs']

(('eː',), ('oː',))	66.67	(rep: 33.33, dist: 100.00)	2 (0.1014)
Herrlisheim ['joːχ', 'moːn']

(('au',), ('ɑɵ',))	66.67	(rep: 33.33, dist: 100.00)	2 (0.1014)
Tuebingen ['ʁɑɵt', 'hɑɵpt']

and 193 more
=====================================

Cluster 30:
-------------------------------------
Ostend
Veenkolonien
Antwerp
Achterhoek
Dutch_Std_BE
Dutch_Std_NL
-------
(('r',), ('d',))	89.80	(rep: 100.00, dist: 79.59)	6 (0.1529)
Ostend ['dœndr']
Veenkolonien ['dʏndɹˠ']
Antwerp ['d̬ɔndəs']
Achterhoek ['dʊndʁ']
Dutch_Std_BE ['dʌndər']
Dutch_Std_NL ['dʌndəʁ']

(('l',), ('ɫ',))	82.14	(rep: 100.00, dist: 64.29)	14 (0.3569)
Ostend ['nɑɔdɫ']
Veenkolonien ['naːɫə', 'kʰɔːɫt']
Antwerp ['nɑɫt', 'kaɫəf']
Achterhoek ['stɔːɫ', 'nɔːɫdə', 'kɔɫt']
Dutch_Std_BE ['naːɫt', 'kɑɫf']
Dutch_Std_NL ['stuːɫ', 'ɫɑŋ', 'naːɫt', 'ɫɑm']

(('pp',), ('p',))	82.14	(rep: 100.00, dist: 64.29)	6 (0.1529)
Ostend ['tɔp']
Veenkolonien ['tʰɔp']
Antwerp ['tɔp']
Achterhoek ['tɔp']
Dutch_Std_BE ['tɔp']
Dutch_Std_NL ['tʰɔp']

(('au',), ('oə',))	75.00	(rep: 50.00, dist: 100.00)	6 (0.1529)
Veenkolonien ['oə']
Antwerp ['oəx', 'roət', 'loəf', 'oəs']
Dutch_Std_NL ['oəɹ']

(('oːu',), ('ə',))	75.00	(rep: 50.00, dist: 100.00)	3 (0.0765)
Ostend ['ɑχtə']
Veenkolonien ['aːχtə']
Achterhoek ['aχtə']

(('p',), ('p',))	71.43	(rep: 100.00, dist: 42.86)	10 (0.2549)
Ostend ['ʃχɛrp', 'ɔːpm']
Veenkolonien ['sχaːp', 'opm']
Antwerp ['sjaːɾəp', 'opə']
Achterhoek ['sχaɾəp']
Dutch_Std_BE ['sçɛrp', 'oːpn']
Dutch_Std_NL ['oʊpə']

(('ll',), ('ɫ',))	71.26	(rep: 83.33, dist: 59.18)	12 (0.3059)
Veenkolonien ['βʌɫ']
Antwerp ['vɔɫ', 'aɫ', 'wʌɫ']
Achterhoek ['ɸʊɫ', 'aɫ']
Dutch_Std_BE ['βʌɫ', 'ɑɫ', 'βʌɫ']
Dutch_Std_NL ['vʌɫ', 'ɑɫ', 'vʌɫ']

(('z',), ('ɫ',))	71.26	(rep: 83.33, dist: 59.18)	6 (0.1529)
Veenkolonien ['ɛkɫ', 'noʁəɫ']
Antwerp ['nɑːxɫ']
Achterhoek ['nɛːχɫ']
Dutch_Std_BE ['naːxəɫ']
Dutch_Std_NL ['naχʌɫ']

(('d',), ('d̪',))	69.05	(rep: 66.67, dist: 71.43)	7 (0.1784)
Ostend ['fɔːd̪r']
Veenkolonien ['βod̪ɹ', 'ɔn̪d̪əʁt']
Antwerp ['fɑːd̪əs', 'moːd̪əs']
Dutch_Std_BE ['d̪rɪŋk', 'vaːd̪ər']

(('j',), ('n',))	69.05	(rep: 66.67, dist: 71.43)	4 (0.1020)
Ostend ['mɛdn']
Veenkolonien ['mɪdn']
Achterhoek ['mɪdn']
Dutch_Std_BE ['mɪdn']

(('s',), ('z',))	67.53	(rep: 100.00, dist: 35.06)	39 (0.9941)
Ostend ['zɛː', 'zut', 'zɛːs', 'zasə', 'zɛt']
Veenkolonien ['zɛɪ', 'zɔːt', 'ziːɹ', 'zɛːzə', 'zøbm', 'zβiə', 'zɪt']
Antwerp ['zeə', 'zɔt', 'zeər', 'zɪs', 'zeːvə', 'zɪt']
Achterhoek ['zɛɪ', 'zeɐ', 'zɛsə', 'zœːvn', 'zβiɐ', 'zɪt']
Dutch_Std_BE ['zeː', 'zaʊt', 'zeəɹ', 'zɛs', 'zeːβn', 'zβeəɹ', 'zɪt']
Dutch_Std_NL ['zi', 'zaʊt', 'zeɹ', 'zɛs', 'zeɪvə', 'zveɹ', 'zɪt']

and 283 more
=====================================

Cluster 31:
-------------------------------------
Biel
Graubuenden
Hard
Walser
Tuebingen
Herrlisheim
Ortisei
-------
(('b',), ('p',))	90.38	(rep: 100.00, dist: 80.77)	25 (0.5509)
Biel ['ʏpəɾ', 'sepə', 'pɛɪ', 'lɑʊp', 'lapəɾə', 'χɑʊp', 'hɔopt']
Graubuenden ['laʊp', 'kʰalp', 'haʊpt']
Hard ['loːp', 'kʰalp', 'haʊpt']
Walser ['siːpə', 'laʊp', 'xalp', 'hɑopt']
Tuebingen ['lɑʊp', 'kʰalp', 'hɑɵpt']
Herrlisheim ['kʰɔlp', 'hœʏpt']
Ortisei ['laːp', 'kʰɔlp', 'haʊpt']

(('e',), ('yː',))	78.57	(rep: 57.14, dist: 100.00)	13 (0.2865)
Biel ['fyːf', 'nyːn', 'tɾyː']
Graubuenden ['fyːf', 'nyːn', 'kʰnyː']
Hard ['fyːɸ', 'nyː', 'dʁyː', 'kʰnyː']
Walser ['fyːɸ', 'nyː', 'dɾyː']

(('oː',), ('ʊə',))	78.57	(rep: 57.14, dist: 100.00)	10 (0.2204)
Biel ['ɡʊət', 'χʊə']
Hard ['ʃtʊəl', 'blʊət', 'mʊətəʁ']
Tuebingen ['bʁʊədɔ', 'mʊətɔ']
Ortisei ['fʊəs', 'bʁʊədəχ', 'mʊətəχ']

(('au',), ('aʊ',))	78.57	(rep: 57.14, dist: 100.00)	6 (0.1322)
Graubuenden ['laʊp', 'haʊpt']
Hard ['haʊpt']
Walser ['laʊp']
Ortisei ['ʔaʊɡɛ', 'haʊpt']

(('θ',), ('n',))	78.57	(rep: 57.14, dist: 100.00)	4 (0.0881)
Biel ['t͡sɑːn']
Graubuenden ['t͡sɑːn']
Herrlisheim ['t͡saːn']
Ortisei ['t͡sɑːn']

(('ɡ',), ('ɡ',))	76.92	(rep: 100.00, dist: 53.85)	53 (1.1679)
Biel ['ɡʊət', 'ɡɾʏɛn', 'ɡɒrtə', 'ɡɒns']
Graubuenden ['ɡoɔt', 'rɛːɡɐ', 'hʊŋɡr', 'ɡɾʏɛn', 'ɡɑːrtə', 't͡sʊŋɡɐ', 'nɑːɡl', 'ɡans']
Hard ['ɡoɛt', 'hɔːnɪɡ', 'daːɡ', 'ʁeɐɡə', 'ɡɾỹɛ̃', 'ɡaːʁtə', 'haɪlɪɡ', 'naːɡl', 'ɡans']
Walser ['ɡoət', 'jʊŋɡ', 'lɪŋɡ', 'hoːnɪɡ', 'raɡə', 'hʊŋɡəɾ', 'ɡryɛ', 'ɡaːɹtə', 't͡sʊŋɡə', 'dɪŋɡ', 'naːɡl', 'ɡans']
Tuebingen ['ɡuət', 'ʁeəɡə', 'ɡʁeə', 'ɡaɔt̪ə', 't͡suŋɡ', 'naːɡl', 'ɡaːs']
Herrlisheim ['ɡøət', 'ɡʁeːn', 'ɡɔːχtə', 'ɡɔns']
Ortisei ['ɡʊɛt͡s', 'ʔaʊɡɛ', 'ʁeːɡn', 'hʊŋɡəχ', 'ɡʁiɛn', 'ɡɔχtn', 't͡sʊŋɡɛ', 'nɔːɡl', 'ɡɔns']

(('p',), ('f',))	73.63	(rep: 85.71, dist: 61.54)	12 (0.2644)
Biel ['ʃɑːɾf', 'ʔɔfə']
Graubuenden ['ʃarf', 'ʔofə']
Hard ['ʃaːʁf', 'ʔofə']
Tuebingen ['ʃaɔf', 'ʔofə']
Herrlisheim ['ʃɒχf', 'ʔofə']
Ortisei ['ʃɑʁf', 'ʔofn']

(('t',), ('t͡s',))	72.03	(rep: 100.00, dist: 44.06)	54 (1.1900)
Biel ['hart͡s', 'sɑʊt͡s', 't͡sʊŋə', 't͡saə', 't͡sɑːn', 'sɪt͡s', 't͡sβœɪ', 't͡saɪə']
Graubuenden ['hɛrt͡s', 'sɑːlt͡s', 't͡sʊŋɡɐ', 't͡seːn', 't͡sɑːn', 'sɪt͡s', 't͡svaɪ', 't͡seːbɐ']
Hard ['hɛʁt͡s', 'saːlt͡s', 't͡sʊŋə', 't͡sẽə̃', 't͡sãː', 't͡sβoɐ', 't͡seːə']
Walser ['haɹt͡s', 'saːlt͡s', 't͡sʊŋɡə', 't͡sahə', 't͡sant', 't͡sβæɪ', 't͡seːbɐ']
Tuebingen ['hɛʁt͡s', 'salt͡s', 't͡suŋɡ', 't͡seə', 't͡saː', 'sit͡s', 't͡sβɔe', 't͡saɪə']
Herrlisheim ['haχt͡s', 't͡sʊŋ', 't͡sɛː', 't͡saːn', 'sɪt͡s', 't͡svɛi', 't͡seː']
Ortisei ['hɛχt͡s', 'sɔlt͡s', 'ʁɛχt͡s', 't͡sʊŋɡɛ', 't͡seːn', 't͡sɑːn', 'sɪt͡s', 't͡sβɔə', 't͡sɛːχ']

(('oː',), ('ʊɛ',))	71.43	(rep: 42.86, dist: 100.00)	5 (0.1102)
Biel ['blʊɛt']
Hard ['fʊɛs', 'kʰʊɛ']
Ortisei ['ɡʊɛt͡s', 'ʃtʊɛl']

(('au',), ('ɑʊ',))	71.43	(rep: 42.86, dist: 100.00)	4 (0.0881)
Biel ['lɑʊp']
Walser ['ʔɑʊk']
Tuebingen ['ʔɑʊk', 'lɑʊp']

(('a',), ('œː',))	71.43	(rep: 42.86, dist: 100.00)	4 (0.0881)
Biel ['ʃβœːr']
Graubuenden ['ʃβœːɾ']
Herrlisheim ['dœː', 'ʃvœːχ']

and 286 more
=====================================

Cluster 32:
-------------------------------------
Limburg
Ostend
Veenkolonien
Antwerp
Achterhoek
Dutch_Std_BE
Dutch_Std_NL
-------
(('r',), ('d',))	100.00	(rep: 100.00, dist: 100.00)	7 (0.1537)
Limburg ['dʊndəχ']
Ostend ['dœndr']
Veenkolonien ['dʏndɹˠ']
Antwerp ['d̬ɔndəs']
Achterhoek ['dʊndʁ']
Dutch_Std_BE ['dʌndər']
Dutch_Std_NL ['dʌndəʁ']

(('pp',), ('p',))	90.38	(rep: 100.00, dist: 80.77)	7 (0.1537)
Limburg ['tɔp']
Ostend ['tɔp']
Veenkolonien ['tʰɔp']
Antwerp ['tɔp']
Achterhoek ['tɔp']
Dutch_Std_BE ['tɔp']
Dutch_Std_NL ['tʰɔp']

(('z',), ('ɫ',))	81.87	(rep: 85.71, dist: 78.02)	7 (0.1537)
Limburg ['naːɣɫ']
Veenkolonien ['ɛkɫ', 'noʁəɫ']
Antwerp ['nɑːxɫ']
Achterhoek ['nɛːχɫ']
Dutch_Std_BE ['naːxəɫ']
Dutch_Std_NL ['naχʌɫ']

(('f',), ('β',))	78.57	(rep: 57.14, dist: 100.00)	10 (0.2196)
Limburg ['ɔβə']
Veenkolonien ['βod̪ɹ', 'βiːβə', 'βaːɾə']
Achterhoek ['βoːt', 'ɔːβn']
Dutch_Std_BE ['βʌɫ', 'βɑst', 'oːβn']

(('p',), ('p',))	76.92	(rep: 100.00, dist: 53.85)	12 (0.2635)
Limburg ['ʃɛʁəp', 'opə']
Ostend ['ʃχɛrp', 'ɔːpm']
Veenkolonien ['sχaːp', 'opm']
Antwerp ['sjaːɾəp', 'opə']
Achterhoek ['sχaɾəp']
Dutch_Std_BE ['sçɛrp', 'oːpn']
Dutch_Std_NL ['oʊpə']

(('l',), ('ɫ',))	73.63	(rep: 85.71, dist: 61.54)	14 (0.3074)
Ostend ['nɑɔdɫ']
Veenkolonien ['naːɫə', 'kʰɔːɫt']
Antwerp ['nɑɫt', 'kaɫəf']
Achterhoek ['stɔːɫ', 'nɔːɫdə', 'kɔɫt']
Dutch_Std_BE ['naːɫt', 'kɑɫf']
Dutch_Std_NL ['stuːɫ', 'ɫɑŋ', 'naːɫt', 'ɫɑm']

(('s',), ('z',))	72.03	(rep: 100.00, dist: 44.06)	43 (0.9442)
Limburg ['ziə', 'zɔːt', 'ziəχ', 'zɪt']
Ostend ['zɛː', 'zut', 'zɛːs', 'zasə', 'zɛt']
Veenkolonien ['zɛɪ', 'zɔːt', 'ziːɹ', 'zɛːzə', 'zøbm', 'zβiə', 'zɪt']
Antwerp ['zeə', 'zɔt', 'zeər', 'zɪs', 'zeːvə', 'zɪt']
Achterhoek ['zɛɪ', 'zeɐ', 'zɛsə', 'zœːvn', 'zβiɐ', 'zɪt']
Dutch_Std_BE ['zeː', 'zaʊt', 'zeəɹ', 'zɛs', 'zeːβn', 'zβeəɹ', 'zɪt']
Dutch_Std_NL ['zi', 'zaʊt', 'zeɹ', 'zɛs', 'zeɪvə', 'zveɹ', 'zɪt']

(('au',), ('oə',))	71.43	(rep: 42.86, dist: 100.00)	6 (0.1318)
Veenkolonien ['oə']
Antwerp ['oəx', 'roət', 'loəf', 'oəs']
Dutch_Std_NL ['oəɹ']

(('a',), ('ɛː',))	71.43	(rep: 42.86, dist: 100.00)	4 (0.0878)
Limburg ['bɛːtəχ', 'ɛːʃ']
Antwerp ['d͡zvɛːs']
Achterhoek ['nɛːχɫ']

(('oːu',), ('ə',))	71.43	(rep: 42.86, dist: 100.00)	3 (0.0659)
Ostend ['ɑχtə']
Veenkolonien ['aːχtə']
Achterhoek ['aχtə']

(('eː',), ('-',))	64.50	(rep: 100.00, dist: 28.99)	12 (0.2635)
Limburg ['bʁoːχ']
Ostend ['fɔːd̪r', 'moːdr']
Veenkolonien ['βod̪ɹ', 'bɾaɹ', 'dɒχt̪ɹˠ']
Antwerp ['bɾuːs']
Achterhoek ['bʁʏʁ', 'dɒχtʁ']
Dutch_Std_BE ['bɾuːr', 'dɔxtr']
Dutch_Std_NL ['bʁuəʁ']

and 299 more
=====================================

Cluster 33:
-------------------------------------
Westerkwartier
Feer
Heligoland
-------
(('k',), ('g',))	100.00	(rep: 100.00, dist: 100.00)	6 (0.3120)
Westerkwartier ['nogtʰ']
Feer ['naːgət', 'sgarap']
Heligoland ['noɐgɤlt', 'sgapʰ', 'ʔeasgən']

(('a',), ('eː',))	100.00	(rep: 100.00, dist: 100.00)	6 (0.3120)
Westerkwartier ['deːŋ']
Feer ['beːda', 'feːst', 'neːdˡl', 'ʔeːskʰ']
Heligoland ['neːm']

(('-',), ('b',))	100.00	(rep: 100.00, dist: 100.00)	5 (0.2600)
Westerkwartier ['ʔækobɔum', 'bitʰ']
Feer ['bitç']
Heligoland ['bleː', 'bɪtʰ']

(('r',), ('ʔ',))	100.00	(rep: 100.00, dist: 100.00)	3 (0.1560)
Westerkwartier ['ʔeʃ']
Feer ['ʔas']
Heligoland ['ʔɛs']

(('n',), ('tʰ',))	100.00	(rep: 100.00, dist: 100.00)	3 (0.1560)
Westerkwartier ['ʔʏtʰ']
Feer ['ʔytʰ']
Heligoland ['mɪtʰ']

(('b',), ('d',))	100.00	(rep: 100.00, dist: 100.00)	3 (0.1560)
Westerkwartier ['deːŋ']
Feer ['deŋ']
Heligoland ['dɪŋ']

(('-',), ('ŋ',))	100.00	(rep: 100.00, dist: 100.00)	3 (0.1560)
Westerkwartier ['drẽŋkʰ']
Feer ['draŋk']
Heligoland ['dʁɪŋk']

(('-',), ('kʰ',))	100.00	(rep: 100.00, dist: 100.00)	3 (0.1560)
Westerkwartier ['drẽŋkʰ']
Feer ['ʔeːskʰ']
Heligoland ['kʰaləfkʰən']

(('w',), ('ʔ',))	85.29	(rep: 100.00, dist: 70.59)	6 (0.3120)
Westerkwartier ['ʔĩn']
Feer ['ʔoːn', 'ʔol']
Heligoland ['ʔʏtʰ', 'ʔɪkʰ', 'ʔɔl']

(('-',), ('v',))	85.29	(rep: 100.00, dist: 70.59)	6 (0.3120)
Westerkwartier ['vatʰ', 'vaʃ']
Feer ['vat', 'vaske']
Heligoland ['vɐsgə', 'sveɑ']

(('θ',), ('tʰ',))	85.29	(rep: 100.00, dist: 70.59)	5 (0.2600)
Westerkwartier ['tʰɔpʰ', 'mɔ̃ntʰ']
Feer ['tʰɔna']
Heligoland ['tʰɔpʰ', 'tʰʏnə']

and 380 more
=====================================

Cluster 34:
-------------------------------------
Cologne
Biel
Graubuenden
Hard
Walser
Tuebingen
Herrlisheim
Ortisei
-------
(('b',), ('p',))	83.33	(rep: 87.50, dist: 79.17)	25 (0.4811)
Biel ['ʏpəɾ', 'sepə', 'pɛɪ', 'lɑʊp', 'lapəɾə', 'χɑʊp', 'hɔopt']
Graubuenden ['laʊp', 'kʰalp', 'haʊpt']
Hard ['loːp', 'kʰalp', 'haʊpt']
Walser ['siːpə', 'laʊp', 'xalp', 'hɑopt']
Tuebingen ['lɑʊp', 'kʰalp', 'hɑɵpt']
Herrlisheim ['kʰɔlp', 'hœʏpt']
Ortisei ['laːp', 'kʰɔlp', 'haʊpt']

(('p',), ('f',))	83.33	(rep: 87.50, dist: 79.17)	13 (0.2502)
Cologne ['ʔɔfə']
Biel ['ʃɑːɾf', 'ʔɔfə']
Graubuenden ['ʃarf', 'ʔofə']
Hard ['ʃaːʁf', 'ʔofə']
Tuebingen ['ʃaɔf', 'ʔofə']
Herrlisheim ['ʃɒχf', 'ʔofə']
Ortisei ['ʃɑʁf', 'ʔofn']

(('t',), ('t͡s',))	77.27	(rep: 100.00, dist: 54.55)	62 (1.1932)
Cologne ['hɛt͡s', 'zaːlt͡s', 't͡sʊŋ', 't͡seːn', 't͡sant', 'zɛt͡s', 't͡svaɪ', 't͡si']
Biel ['hart͡s', 'sɑʊt͡s', 't͡sʊŋə', 't͡saə', 't͡sɑːn', 'sɪt͡s', 't͡sβœɪ', 't͡saɪə']
Graubuenden ['hɛrt͡s', 'sɑːlt͡s', 't͡sʊŋɡɐ', 't͡seːn', 't͡sɑːn', 'sɪt͡s', 't͡svaɪ', 't͡seːbɐ']
Hard ['hɛʁt͡s', 'saːlt͡s', 't͡sʊŋə', 't͡sẽə̃', 't͡sãː', 't͡sβoɐ', 't͡seːə']
Walser ['haɹt͡s', 'saːlt͡s', 't͡sʊŋɡə', 't͡sahə', 't͡sant', 't͡sβæɪ', 't͡seːbɐ']
Tuebingen ['hɛʁt͡s', 'salt͡s', 't͡suŋɡ', 't͡seə', 't͡saː', 'sit͡s', 't͡sβɔe', 't͡saɪə']
Herrlisheim ['haχt͡s', 't͡sʊŋ', 't͡sɛː', 't͡saːn', 'sɪt͡s', 't͡svɛi', 't͡seː']
Ortisei ['hɛχt͡s', 'sɔlt͡s', 'ʁɛχt͡s', 't͡sʊŋɡɛ', 't͡seːn', 't͡sɑːn', 'sɪt͡s', 't͡sβɔə', 't͡sɛːχ']

(('x',), ('k',))	75.23	(rep: 87.50, dist: 62.96)	7 (0.1347)
Cologne ['zɛks']
Graubuenden ['seɪks']
Hard ['sɪks']
Walser ['sæks']
Tuebingen ['sɪks']
Herrlisheim ['sɪks']
Ortisei ['sɪks']

(('e',), ('yː',))	75.00	(rep: 50.00, dist: 100.00)	13 (0.2502)
Biel ['fyːf', 'nyːn', 'tɾyː']
Graubuenden ['fyːf', 'nyːn', 'kʰnyː']
Hard ['fyːɸ', 'nyː', 'dʁyː', 'kʰnyː']
Walser ['fyːɸ', 'nyː', 'dɾyː']

(('oː',), ('ʊə',))	75.00	(rep: 50.00, dist: 100.00)	10 (0.1925)
Biel ['ɡʊət', 'χʊə']
Hard ['ʃtʊəl', 'blʊət', 'mʊətəʁ']
Tuebingen ['bʁʊədɔ', 'mʊətɔ']
Ortisei ['fʊəs', 'bʁʊədəχ', 'mʊətəχ']

(('au',), ('aʊ',))	75.00	(rep: 50.00, dist: 100.00)	6 (0.1155)
Graubuenden ['laʊp', 'haʊpt']
Hard ['haʊpt']
Walser ['laʊp']
Ortisei ['ʔaʊɡɛ', 'haʊpt']

(('θ',), ('n',))	75.00	(rep: 50.00, dist: 100.00)	4 (0.0770)
Biel ['t͡sɑːn']
Graubuenden ['t͡sɑːn']
Herrlisheim ['t͡saːn']
Ortisei ['t͡sɑːn']

(('-',), ('ʔ',))	72.22	(rep: 100.00, dist: 44.44)	109 (2.0978)
Cologne ['ʔus', 'ʔɔʊχ', 'ʔʏvɒ', 'ʔɪs', 'ʔeɪŋə', 'ʔaːχ', 'ʔɪn', 'ʔɔfə', 'ʔɛtʰ', 'ʔal', 'ʔɛɪʃ', 'ʔiʃ', 'ʔɛʃ', 'ʔoɐ', 'ʔɛs', 'ʔɔvə']
Biel ['ʔɪʃ', 'ʔɪn', 'ʔɔfə', 'ʔiːk', 'ʔaʃə', 'ʔɪs', 'ʔɔfɛ']
Graubuenden ['ʔiʃ', 'ʔaχt', 'ʔɪn', 'ʔofə', 'ʔal', 'ʔaɪχə', 'ʔiː', 'ʔis', 'ʔoːfə']
Hard ['ʔuːs', 'ʔɔʊk', 'ʔiʃt', 'ʔõɛ̃s', 'ʔaxt', 'ʔin', 'ʔofə', 'ʔɛʁdɛ', 'ʔal', 'ʔoɐxə', 'ʔiː', 'ʔɛʃə', 'ʔiəs', 'ʔoːfə']
Walser ['ʔus', 'ʔɑʊk', 'ʔobər', 'ʔiʃt', 'ʔæɪs', 'ʔaχt', 'ʔoɸə', 'ʔardə', 'ʔal', 'ʔæɪxə', 'ʔiː', 'ʔæʃə', 'ʔoːɹ', 'ʔas', 'ʔoːɸə']
Tuebingen ['ʔɐus', 'ʔɑʊk', 'ʔyːbɔ', 'ʔiʃ', 'ʔɔɪs', 'ʔaχt', 'ʔin', 'ʔofə', 'ʔɛʁdɛ', 'ʔal', 'ʔɔɪçɛ', 'ʔiç', 'ʔaʃɛ', 'ʔɑʊɔ', 'ʔis', 'ʔoːfə']
Herrlisheim ['ʔys', 'ʔœʏjə', 'ʔeβəχ', 'ʔɪs', 'ʔɛːns', 'ʔɔːχt', 'ʔɪn', 'ʔofə', 'ʔaχt', 'ʔɔl', 'ʔaiʃ', 'ʔɪʃ', 'ʔaʃə', 'ʔoːχ', 'ʔɪs', 'ʔofə']
Ortisei ['ʔaɵs', 'ʔaʊɡɛ', 'ʔyːbəχ', 'ʔiʃ', 'ʔɔəns', 'ʔɔχt', 'ʔɪn', 'ʔofn', 'ʔɛʁdɛ', 'ʔal', 'ʔaɪçɛ', 'ʔiː', 'ʔaʃɛ', 'ʔoːχ', 'ʔɪs', 'ʔofn']

(('ɡ',), ('ɡ',))	68.75	(rep: 87.50, dist: 50.00)	53 (1.0200)
Biel ['ɡʊət', 'ɡɾʏɛn', 'ɡɒrtə', 'ɡɒns']
Graubuenden ['ɡoɔt', 'rɛːɡɐ', 'hʊŋɡr', 'ɡɾʏɛn', 'ɡɑːrtə', 't͡sʊŋɡɐ', 'nɑːɡl', 'ɡans']
Hard ['ɡoɛt', 'hɔːnɪɡ', 'daːɡ', 'ʁeɐɡə', 'ɡɾỹɛ̃', 'ɡaːʁtə', 'haɪlɪɡ', 'naːɡl', 'ɡans']
Walser ['ɡoət', 'jʊŋɡ', 'lɪŋɡ', 'hoːnɪɡ', 'raɡə', 'hʊŋɡəɾ', 'ɡryɛ', 'ɡaːɹtə', 't͡sʊŋɡə', 'dɪŋɡ', 'naːɡl', 'ɡans']
Tuebingen ['ɡuət', 'ʁeəɡə', 'ɡʁeə', 'ɡaɔt̪ə', 't͡suŋɡ', 'naːɡl', 'ɡaːs']
Herrlisheim ['ɡøət', 'ɡʁeːn', 'ɡɔːχtə', 'ɡɔns']
Ortisei ['ɡʊɛt͡s', 'ʔaʊɡɛ', 'ʁeːɡn', 'hʊŋɡəχ', 'ɡʁiɛn', 'ɡɔχtn', 't͡sʊŋɡɛ', 'nɔːɡl', 'ɡɔns']

(('z',), ('l',))	68.75	(rep: 87.50, dist: 50.00)	7 (0.1347)
Cologne ['neəl']
Graubuenden ['nɑːɡl']
Hard ['naːɡl']
Walser ['naːɡl']
Tuebingen ['naːɡl']
Herrlisheim ['naːjəl']
Ortisei ['nɔːɡl']

and 309 more
=====================================

Cluster 35:
-------------------------------------
Grou
Limburg
Ostend
Veenkolonien
Antwerp
Achterhoek
Dutch_Std_BE
Dutch_Std_NL
-------
(('pp',), ('p',))	100.00	(rep: 100.00, dist: 100.00)	8 (0.1531)
Grou ['tɔp']
Limburg ['tɔp']
Ostend ['tɔp']
Veenkolonien ['tʰɔp']
Antwerp ['tɔp']
Achterhoek ['tɔp']
Dutch_Std_BE ['tɔp']
Dutch_Std_NL ['tʰɔp']

(('z',), ('ɫ',))	93.75	(rep: 87.50, dist: 100.00)	8 (0.1531)
Grou ['nɒɪɫ']
Limburg ['naːɣɫ']
Veenkolonien ['ɛkɫ', 'noʁəɫ']
Antwerp ['nɑːxɫ']
Achterhoek ['nɛːχɫ']
Dutch_Std_BE ['naːxəɫ']
Dutch_Std_NL ['naχʌɫ']

(('r',), ('d',))	93.75	(rep: 87.50, dist: 100.00)	7 (0.1339)
Limburg ['dʊndəχ']
Ostend ['dœndr']
Veenkolonien ['dʏndɹˠ']
Antwerp ['d̬ɔndəs']
Achterhoek ['dʊndʁ']
Dutch_Std_BE ['dʌndər']
Dutch_Std_NL ['dʌndəʁ']

(('p',), ('p',))	83.33	(rep: 100.00, dist: 66.67)	14 (0.2679)
Grou ['skɛrp', 'iəpm']
Limburg ['ʃɛʁəp', 'opə']
Ostend ['ʃχɛrp', 'ɔːpm']
Veenkolonien ['sχaːp', 'opm']
Antwerp ['sjaːɾəp', 'opə']
Achterhoek ['sχaɾəp']
Dutch_Std_BE ['sçɛrp', 'oːpn']
Dutch_Std_NL ['oʊpə']

(('l',), ('ɫ',))	83.33	(rep: 87.50, dist: 79.17)	24 (0.4592)
Grou ['stuəɫ', 'ɫaŋ', 'nœɫə', 'mʌɫqə', 'bɫoət', 'hɪɫəχ', 'ɫaːm', 'ɫɪiəf', 'ɫɛɪvr', 'kɪiəɫ']
Ostend ['nɑɔdɫ']
Veenkolonien ['naːɫə', 'kʰɔːɫt']
Antwerp ['nɑɫt', 'kaɫəf']
Achterhoek ['stɔːɫ', 'nɔːɫdə', 'kɔɫt']
Dutch_Std_BE ['naːɫt', 'kɑɫf']
Dutch_Std_NL ['stuːɫ', 'ɫɑŋ', 'naːɫt', 'ɫɑm']

(('j',), ('n',))	81.25	(rep: 62.50, dist: 100.00)	5 (0.0957)
Grou ['mɪdn']
Ostend ['mɛdn']
Veenkolonien ['mɪdn']
Achterhoek ['mɪdn']
Dutch_Std_BE ['mɪdn']

(('ll',), ('ɫ',))	75.60	(rep: 75.00, dist: 76.19)	15 (0.2870)
Grou ['fʌɫ', 'ɒɫ', 'βʌɫə']
Veenkolonien ['βʌɫ']
Antwerp ['vɔɫ', 'aɫ', 'wʌɫ']
Achterhoek ['ɸʊɫ', 'aɫ']
Dutch_Std_BE ['βʌɫ', 'ɑɫ', 'βʌɫ']
Dutch_Std_NL ['vʌɫ', 'ɑɫ', 'vʌɫ']

(('e',), ('ɛɪ',))	75.60	(rep: 75.00, dist: 76.19)	11 (0.2105)
Grou ['tɾɛɪjə']
Limburg ['dʁɛɪ', 'knɛɪ']
Veenkolonien ['zɛɪ', 'ɹɛɪɡn', 'nɛɪɡŋ', 'ɛɪt', 'knɛɪ']
Achterhoek ['zɛɪ']
Dutch_Std_BE ['fɛɪɸ']
Dutch_Std_NL ['ɛɪt']

(('f',), ('β',))	75.00	(rep: 50.00, dist: 100.00)	10 (0.1914)
Limburg ['ɔβə']
Veenkolonien ['βod̪ɹ', 'βiːβə', 'βaːɾə']
Achterhoek ['βoːt', 'ɔːβn']
Dutch_Std_BE ['βʌɫ', 'βɑst', 'oːβn']

(('o',), ('ə',))	75.00	(rep: 50.00, dist: 100.00)	4 (0.0765)
Grou ['mwanə']
Ostend ['mɔːnə']
Veenkolonien ['monə']
Achterhoek ['mɔːnə']

(('i',), ('ɛɪ',))	75.00	(rep: 50.00, dist: 100.00)	4 (0.0765)
Grou ['ɫɛɪvr']
Limburg ['lɛɪβəχ']
Veenkolonien ['lɛɪvɹ']
Dutch_Std_NL ['lɛɪvəʁ']

and 347 more
=====================================

Cluster 36:
-------------------------------------
Luxembourg
Westerkwartier
Feer
Heligoland
-------
(('w',), ('ʔ',))	100.00	(rep: 100.00, dist: 100.00)	8 (0.3132)
Luxembourg ['ʔan', 'ʔœʃ']
Westerkwartier ['ʔĩn']
Feer ['ʔoːn', 'ʔol']
Heligoland ['ʔʏtʰ', 'ʔɪkʰ', 'ʔɔl']

(('-',), ('v',))	100.00	(rep: 100.00, dist: 100.00)	8 (0.3132)
Luxembourg ['vaːt', 'væʃ']
Westerkwartier ['vatʰ', 'vaʃ']
Feer ['vat', 'vaske']
Heligoland ['vɐsgə', 'sveɑ']

(('eː',), ('ɐ',))	100.00	(rep: 100.00, dist: 100.00)	7 (0.2741)
Luxembourg ['bʁʊdɐ', 'dʊɪʃtɐ']
Westerkwartier ['foɤðɐ', 'mukɐ']
Feer ['p͡fedɐ', 'do:χtɐ']
Heligoland ['dɔχdɐ']

(('-',), ('m',))	100.00	(rep: 100.00, dist: 100.00)	6 (0.2349)
Luxembourg ['mɨt']
Westerkwartier ['mɪdⁿn', 'ʔɔupⁿm']
Feer ['madⁿn', 'ʔeːbⁿm']
Heligoland ['mɛdⁿn']

(('x',), ('ʔ',))	100.00	(rep: 100.00, dist: 100.00)	5 (0.1958)
Luxembourg ['ʔʊpən']
Westerkwartier ['ʔɔobⁿm', 'ʔɔupⁿm']
Feer ['ʔeːbⁿm']
Heligoland ['ʔepʰən']

(('p',), ('-',))	100.00	(rep: 100.00, dist: 100.00)	4 (0.1566)
Luxembourg ['zɨt͡s']
Westerkwartier ['ʒetʰ']
Feer ['sat']
Heligoland ['vɐsgə']

(('-',), ('a',))	87.50	(rep: 75.00, dist: 100.00)	7 (0.2741)
Luxembourg ['ʔiva']
Westerkwartier ['batʰ', 'vaʃ']
Feer ['draŋk', 'sgarap', 'varam', 'vaske']

(('k',), ('g',))	87.50	(rep: 75.00, dist: 100.00)	6 (0.2349)
Westerkwartier ['nogtʰ']
Feer ['naːgət', 'sgarap']
Heligoland ['noɐgɤlt', 'sgapʰ', 'ʔeasgən']

(('a',), ('eː',))	87.50	(rep: 75.00, dist: 100.00)	6 (0.2349)
Westerkwartier ['deːŋ']
Feer ['beːda', 'feːst', 'neːdˡl', 'ʔeːskʰ']
Heligoland ['neːm']

(('-',), ('b',))	87.50	(rep: 75.00, dist: 100.00)	5 (0.1958)
Westerkwartier ['ʔækobɔum', 'bitʰ']
Feer ['bitç']
Heligoland ['bleː', 'bɪtʰ']

(('n',), ('j',))	87.50	(rep: 75.00, dist: 100.00)	4 (0.1566)
Luxembourg ['joɐ']
Westerkwartier ['joɹ']
Feer ['joɤ', 'bijɛn']

and 438 more
=====================================

Cluster 37:
-------------------------------------
Cologne
Biel
Graubuenden
Hard
Walser
Tuebingen
Herrlisheim
Ortisei
Grou
Limburg
Ostend
Veenkolonien
Antwerp
Achterhoek
Dutch_Std_BE
Dutch_Std_NL
-------
(('w',), ('β',))	96.88	(rep: 93.75, dist: 100.00)	109 (1.0459)
Cologne ['βat', 'βɔːt', 'βɛʃ', 'ʃβøɐ', 'βɛʁəm', 'βiːs']
Biel ['βɒs', 'βɔrt', 'βɪnt', 'βaʃ', 'ʃβœːr', 'βaːrm', 't͡sβœɪ', 'βiːs', 'βɵlə']
Graubuenden ['βɔrt', 'βint', 'βaʃ', 'ʃβœːɾ', 'βaːrm', 'βiːs']
Hard ['t͡sβoɐ']
Walser ['βas', 'βɔːrt', 'βaʃ', 'ʃβøːɾɐ', 'βaːɾəm', 't͡sβæɪ', 'βiːs', 'βolə']
Tuebingen ['βaːs', 'βɔt', 'βaʃ', 'ʃβøʁ', 'βaɔm', 't͡sβɔe', 'βɛis']
Herrlisheim ['βɒs']
Ortisei ['βɔs', 'βɔʁt͡s', 'βɪnt', 'βaʃ', 'ʃβøːχ', 'βɑʁm', 't͡sβɔə', 'βaɪs', 'βʌlɛ']
Grou ['βɔt', 'kβɪk', 'βœt', 'βin', 'βɒskiə', 'sβar', 'βaːɾəm', 'tβaː', 'βit', 'βʌɫə']
Limburg ['βɑt', 'βɪŋk', 'βɔːχ', 'ʃβeəχ', 'βɛʁəm', 'tʰβiə', 'βɪət', 'βøl']
Ostend ['βɑdə', 'kβɪk', 'βɔɾtʰ', 'βɪnt', 'βɑs', 'sβaːs', 'βɑrm', 'tʰβɛː', 'βɛt', 'βœlə']
Veenkolonien ['βat', 'βɪnt', 'βaːs', 'zβiə', 'βaːm', 'tβɛɪə', 'βɒɪt', 'βʌɫ']
Antwerp ['βat', 'kβɪk', 'βɔst', 'βɪnt', 'βas', 'βaːɾəm', 'βit']
Achterhoek ['βat', 'βoɐt', 'βɪnt', 'βas', 'zβiɐ', 'βaɾəm', 'tβɛɪ', 'βɪt', 'βʌlə']
Dutch_Std_BE ['βɑt', 'kβik', 'βɔːrt', 'βɪnt', 'βɑs', 'zβeəɹ', 'βarm', 'tβeː', 'βɪt', 'βʌɫ']

(('e',), ('ə',))	87.50	(rep: 75.00, dist: 100.00)	15 (0.1439)
Biel ['ʏpəɾ']
Hard ['ʏbəʁ']
Walser ['ʔobər']
Herrlisheim ['ʔeβəχ']
Ortisei ['ʔyːbəχ']
Grou ['tɾɛɪjə']
Limburg ['øβəχ']
Ostend ['vøvə', 'viəɾə']
Veenkolonien ['βiːβə', 'βaːɾə']
Antwerp ['oːfəɾ']
Achterhoek ['fiːfə', 'fiəʁə']
Dutch_Std_NL ['oʊvəɹ']

(('oː',), ('ə',))	81.25	(rep: 93.75, dist: 68.75)	58 (0.5565)
Cologne ['naːmə']
Biel ['bɛsəɾ', 'aːrtə', 'nɒmə', 't͡sʊŋə', 'ʔaʃə', 'lapəɾə', 'βɵlə']
Graubuenden ['ɛrdə', 'ɛʃə', 'lɛːbəɾə']
Hard ['bɛsəʁ', 'naːmə', 't͡sʊŋə', 'ʔɛʃə']
Walser ['naːdlə', 'bɛsəɹ', 'ʔardə', 't͡sʊŋɡə', 'ʔæʃə', 'labəɾə', 'βolə']
Herrlisheim ['ʔœʏjə', 'bɛsəχ', 'nɒmə', 'ʔaʃə', 'vʊlə']
Ortisei ['bɪsəχ']
Grou ['nœɫə', 'iədə', 'namə', 'tɔŋə', 'jɪskə', 'βʌɫə']
Limburg ['bɛːtəχ']
Ostend ['artə', 'oχə', 'aːrdə', 'naːmə', 'ɑsə', 'ɔːɾə', 'βœlə']
Veenkolonien ['oʁə', 'naːɫə', 'iəɾdə', 'tʰɔŋə', 'aːskə']
Antwerp ['b̬ɛtʰəs', 'ɑːrdə']
Achterhoek ['hatə', 'oːʁə', 'nɔːɫdə', 'iʁdə', 'naːmə', 'βʌlə']
Dutch_Std_BE ['betəɹ', 'aːrdə']
Dutch_Std_NL ['aɹdə']

(('t',), ('s',))	81.25	(rep: 93.75, dist: 68.75)	47 (0.4510)
Cologne ['ʔus', 'biːs', 'ʔɛs', 'βiːs']
Biel ['βɒs', 'uːs', 'biːs', 'ʔɪs', 'βiːs']
Graubuenden ['vas', 'uːs', 'biːs', 'ʔis', 'βiːs']
Hard ['vaːs', 'ʔuːs', 'biːs', 'ʔiəs', 'viːs']
Walser ['βas', 'ʔus', 'biːs', 'ʔas', 'βiːs']
Tuebingen ['βaːs', 'ʔɐus', 'bɐis', 'ʔis', 'βɛis']
Herrlisheim ['βɒs', 'ʔys', 'bis', 'sɔls', 'ʔɪs', 'vis']
Ortisei ['βɔs', 'ʔaɵs', 'baɪs', 'ʔɪs', 'βaɪs']
Grou ['ɪs']
Limburg ['ɪs']
Veenkolonien ['ɪs']
Antwerp ['ɪs']
Achterhoek ['ɪs']
Dutch_Std_BE ['ɪs']
Dutch_Std_NL ['ɪs']

(('u',), ('ɔː',))	75.00	(rep: 50.00, dist: 100.00)	24 (0.2303)
Cologne ['βɔːt', 'kʰɔːn', 'dɔːn', 'dɔːχtɒ', 'hɔːn']
Biel ['χɔːɾn', 'tɔːɾn']
Graubuenden ['kʰɔːɾɐ']
Hard ['hɔːnɪɡ', 'nɔːʁdə']
Walser ['βɔːrt']
Ostend ['kɔːrn', 'ɔːpm', 'dɔːn', 'nɔːɾt', 'ɔːvn', 'ɔːɾən']
Achterhoek ['ɔːβʁ', 'tʰʁɔːn', 'ɔːβn']
Dutch_Std_BE ['βɔːrt', 'dɔːrn', 'nɔːrt', 'hɔːrn']

(('eː',), ('ɔː',))	75.00	(rep: 50.00, dist: 100.00)	13 (0.1247)
Cologne ['nɔːdl']
Biel ['mɔːnt']
Hard ['jɔːʁ', 'nɔːdl']
Tuebingen ['jɔːχ', 'nɔːdl']
Ortisei ['jɔːχ', 'nɔːdl']
Limburg ['jɔːχ']
Ostend ['jɔːr', 'mɔːnə']
Achterhoek ['nɔːɫdə', 'mɔːnə']

(('pp',), ('p',))	75.00	(rep: 50.00, dist: 100.00)	8 (0.0768)
Grou ['tɔp']
Limburg ['tɔp']
Ostend ['tɔp']
Veenkolonien ['tʰɔp']
Antwerp ['tɔp']
Achterhoek ['tɔp']
Dutch_Std_BE ['tɔp']
Dutch_Std_NL ['tʰɔp']

(('e',), ('iə',))	72.77	(rep: 81.25, dist: 64.29)	19 (0.1823)
Cologne ['fiə']
Biel ['fiəɾ']
Hard ['fiəʁ', 'ʔiəs']
Walser ['fiəɹ']
Herrlisheim ['fiəχ']
Ortisei ['fiəχ']
Grou ['iədə', 't͡siən']
Limburg ['ziə', 'ɸiəχ']
Ostend ['viəɾə', 'dɾiə', 'tiənə', 'kniə']
Veenkolonien ['iəɾdə']
Achterhoek ['fiəʁə']
Dutch_Std_BE ['viəɹ']
Dutch_Std_NL ['fiəʁ']

(('θ',), ('d',))	72.22	(rep: 100.00, dist: 44.44)	79 (0.7580)
Cologne ['nɔːdl', 'dɔːn', 'bʁoːdɒ', 'dʀeɪ', 'dɪŋ', 'donɒ']
Biel ['dɪŋ', 'dɔnəɾ']
Graubuenden ['ɛrdə', 'dɔrn', 'brʊɔdr', 'dɾei', 'dɪŋk', 'donɾ']
Hard ['nɔːdl', 'ʔɛʁdɛ', 'dɔrnə', 'bʁʏədəʁ', 'dʁyː', 'dɪŋ', 'dɔnəʁ']
Walser ['ʔardə', 'doːɾə', 'bɾʊɔdɛɾ', 'dɾyː', 'dɪŋɡ', 'dɔnɛɾ']
Tuebingen ['nɔːdl', 'ʔɛʁdɛ', 'dɔn', 'bʁʊədɔ', 'dʁɛi', 'dɪŋ', 'dɔnɔχ']
Herrlisheim ['naːdl', 'bʁeːdəχ', 'dɪŋ', 'donəχ']
Ortisei ['nɔːdl', 'ʔɛʁdɛ', 'dɔʁn', 'bʁʊədəχ', 'dʁaɪ', 'dɪŋk', 'dɔnəχ']
Grou ['iədə', 'dɪŋ']
Limburg ['doɐn', 'dʁɛɪ', 'dɪŋk', 'dʊndəχ']
Ostend ['nɑɔdɫ', 'aːrdə', 'dɔːn', 'dɾiə', 'dɪŋk', 'dœndr']
Veenkolonien ['iəɾdə', 'doːɾn', 'dɾɛɪə', 'dɪŋ', 'dʏndɹˠ']
Antwerp ['ɑːrdə', 'doːɾə', 'dɾaː', 'dɪŋ']
Achterhoek ['iʁdə', 'doɐn', 'dʁeː', 'dɪŋ', 'dʊndʁ']
Dutch_Std_BE ['aːrdə', 'dɔːrn', 'dɪŋ', 'dʌndər']
Dutch_Std_NL ['aɹdə', 'dʁi', 'dɪŋ', 'dʌndəʁ']

(('a',), ('ɔː',))	71.88	(rep: 43.75, dist: 100.00)	18 (0.1727)
Herrlisheim ['ʔɔːχt', 'nɔːχt', 'bɔːt', 'ɡɔːχtə', 'vɔːʁm']
Ortisei ['bɔːt͡s', 'nɔːɡl']
Grou ['sɔːt', 'kɔːt']
Limburg ['zɔːt', 'βɔːχ', 'kɔːt', 'kɔːɸ']
Ostend ['fɔːd̪r', 'kɔːf']
Veenkolonien ['zɔːt', 'kʰɔːɫt']
Antwerp ['kɔːt']

(('uː',), ('uː',))	71.88	(rep: 43.75, dist: 100.00)	17 (0.1631)
Cologne ['huːs', 'muːs']
Biel ['uːs', 'huːs', 'muːs']
Graubuenden ['uːs', 'huːs', 'muːs']
Hard ['ʔuːs', 'huːs', 'muːs']
Walser ['huːs', 'muːs']
Grou ['huːs']
Limburg ['uːt', 'huːs', 'muːs']

and 429 more
=====================================

Cluster 38:
-------------------------------------
Luxembourg
Westerkwartier
Feer
Heligoland
Cologne
Biel
Graubuenden
Hard
Walser
Tuebingen
Herrlisheim
Ortisei
Grou
Limburg
Ostend
Veenkolonien
Antwerp
Achterhoek
Dutch_Std_BE
Dutch_Std_NL
-------
=====================================
