`python cluster.py --tfidf --count --direct --context_cv`
Clusters: 5
Co-clustering: False
Features: binary: False, min. count 0, TF-IDF: True
Context: none: True, CV: True, sound classes: False
Alignment: global lib (all)

Reading the data files.
Aligning the entries.
Matrix shape: (20, 3356)
[(0, 'Achterhoek'), (1, 'Antwerp'), (2, 'Biel'), (3, 'Cologne'), (4, 'Dutch_Std_BE'), (5, 'Dutch_Std_NL'), (6, 'Feer'), (7, 'Graubuenden'), (8, 'Grou'), (9, 'Hard'), (10, 'Heligoland'), (11, 'Herrlisheim'), (12, 'Limburg'), (13, 'Luxembourg'), (14, 'Ortisei'), (15, 'Ostend'), (16, 'Tuebingen'), (17, 'Veenkolonien'), (18, 'Walser'), (19, 'Westerkwartier')]
[[ 1.          4.          0.17184077  2.         20.        ]
 [11.         14.          0.18105011  2.         21.        ]
 [ 0.         12.          0.18548769  2.         22.        ]
 [15.         20.          0.1907878   3.         23.        ]
 [ 9.         16.          0.19662994  2.         24.        ]
 [ 3.         13.          0.20815289  2.         25.        ]
 [ 2.          7.          0.20847146  2.         26.        ]
 [17.         23.          0.22575518  4.         27.        ]
 [18.         26.          0.24069944  3.         28.        ]
 [24.         25.          0.25361227  4.         29.        ]
 [ 5.         27.          0.27213888  5.         30.        ]
 [22.         30.          0.27498294  7.         31.        ]
 [ 8.         31.          0.29327742  8.         32.        ]
 [21.         29.          0.30672028  6.         33.        ]
 [ 6.         19.          0.33481144  2.         34.        ]
 [28.         33.          0.33511634  9.         35.        ]
 [10.         34.          0.37641005  3.         36.        ]
 [32.         35.          0.43230837 17.         37.        ]
 [36.         37.          0.54320051 20.         38.        ]]

Cluster 0:
-------------------------------------
Achterhoek
-------
(('V', 'z'), ('-', 'ʁ'))	100.00	(rep: 100.00, dist: 100.00)	2 (0.1067)
Achterhoek ['dʊndʁ', 'hʊŋʁ']

(('oːu', '#'), ('ɛɪ', '#'))	100.00	(rep: 100.00, dist: 100.00)	1 (0.0533)
Achterhoek ['tβɛɪ']

(('oːu',), ('ɛɪ',))	100.00	(rep: 100.00, dist: 100.00)	1 (0.0533)
Achterhoek ['tβɛɪ']

(('n', '-'), ('ŋ', 'V'))	100.00	(rep: 100.00, dist: 100.00)	1 (0.0533)
Achterhoek ['laŋə']

(('eː', 'C'), ('ɔː', '-'))	100.00	(rep: 100.00, dist: 100.00)	1 (0.0533)
Achterhoek ['nɔːɫdə']

(('eː', 'C'), ('oɐ', '-'))	100.00	(rep: 100.00, dist: 100.00)	1 (0.0533)
Achterhoek ['joɐ']

(('eː',), ('oɐ',))	100.00	(rep: 100.00, dist: 100.00)	1 (0.0533)
Achterhoek ['joɐ']

(('eu', 'C'), ('iː', '-'))	100.00	(rep: 100.00, dist: 100.00)	1 (0.0533)
Achterhoek ['niː']

(('e', 'C'), ('œː', 'C'))	100.00	(rep: 100.00, dist: 100.00)	1 (0.0533)
Achterhoek ['zœːvn']

(('e',), ('œː',))	100.00	(rep: 100.00, dist: 100.00)	1 (0.0533)
Achterhoek ['zœːvn']

(('b', '-'), ('ɸ', '-'))	100.00	(rep: 100.00, dist: 100.00)	1 (0.0533)
Achterhoek ['kɑləɸ']

and 557 more
=====================================

Cluster 1:
-------------------------------------
Antwerp
-------
(('au', 'C'), ('oə', 'C'))	100.00	(rep: 100.00, dist: 100.00)	4 (0.1958)
Antwerp ['oəx', 'roət', 'oəs', 'loəf']

(('au',), ('oə',))	100.00	(rep: 100.00, dist: 100.00)	4 (0.1958)
Antwerp ['oəx', 'roət', 'oəs', 'loəf']

(('uː', 'C'), ('ɔɐ', 'C'))	100.00	(rep: 100.00, dist: 100.00)	2 (0.0979)
Antwerp ['ɔɐs', 'ɔɐt']

(('uː',), ('ɔɐ',))	100.00	(rep: 100.00, dist: 100.00)	2 (0.0979)
Antwerp ['ɔɐs', 'ɔɐt']

(('r', 'C'), ('s', 'C'))	100.00	(rep: 100.00, dist: 100.00)	2 (0.0979)
Antwerp ['βɔst', 'nɔst']

(('V', 'ɡ'), ('V', 'ç'))	100.00	(rep: 100.00, dist: 100.00)	2 (0.0979)
Antwerp ['reːçɪn', 'daç']

(('C', 'au'), ('C', 'oə'))	100.00	(rep: 100.00, dist: 100.00)	2 (0.0979)
Antwerp ['roət', 'loəf']

(('θ', 'V'), ('d̬', 'V'))	100.00	(rep: 100.00, dist: 100.00)	1 (0.0489)
Antwerp ['d̬ɔndəs']

(('θ',), ('d̬',))	100.00	(rep: 100.00, dist: 100.00)	1 (0.0489)
Antwerp ['d̬ɔndəs']

(('ɡ', 'V'), ('x', 'V'))	100.00	(rep: 100.00, dist: 100.00)	1 (0.0489)
Antwerp ['xɑɾt']

(('ɡ', '-'), ('ç', 'V'))	100.00	(rep: 100.00, dist: 100.00)	1 (0.0489)
Antwerp ['reːçɪn']

and 619 more
=====================================

Cluster 2:
-------------------------------------
Biel
-------
(('#', 'k'), ('#', 'χ'))	100.00	(rep: 100.00, dist: 100.00)	5 (0.2521)
Biel ['χɑʊp', 'χɑʊt', 'χʊə', 'χnœɪ', 'χɔːɾn']

(('b', 'V'), ('p', 'V'))	100.00	(rep: 100.00, dist: 100.00)	3 (0.1513)
Biel ['pɛɪ', 'ʏpəɾ', 'lapəɾə']

(('a',), ('ɑʊ',))	100.00	(rep: 100.00, dist: 100.00)	3 (0.1513)
Biel ['χɑʊp', 'χɑʊt', 'sɑʊt͡s']

(('C', 'a'), ('C', 'ɑʊ'))	100.00	(rep: 100.00, dist: 100.00)	3 (0.1513)
Biel ['χɑʊp', 'χɑʊt', 'sɑʊt͡s']

(('ɡ', '-'), ('k', 'V'))	100.00	(rep: 100.00, dist: 100.00)	2 (0.1009)
Biel ['zakə', 'nɑku']

(('au', 'C'), ('ɔo', 'C'))	100.00	(rep: 100.00, dist: 100.00)	2 (0.1009)
Biel ['hɔopt', 'ɔok']

(('au',), ('ɔo',))	100.00	(rep: 100.00, dist: 100.00)	2 (0.1009)
Biel ['hɔopt', 'ɔok']

(('ai', 'C'), ('ei', 'C'))	100.00	(rep: 100.00, dist: 100.00)	2 (0.1009)
Biel ['heilɪk', 'eiχə']

(('ai',), ('ei',))	100.00	(rep: 100.00, dist: 100.00)	2 (0.1009)
Biel ['heilɪk', 'eiχə']

(('a', 'C'), ('ɑʊ', '-'))	100.00	(rep: 100.00, dist: 100.00)	2 (0.1009)
Biel ['χɑʊp', 'sɑʊt͡s']

(('z', '#'), ('z', '#'))	100.00	(rep: 100.00, dist: 100.00)	1 (0.0504)
Biel ['hʊŋəz']

and 613 more
=====================================

Cluster 3:
-------------------------------------
Cologne
-------
(('eː', 'C'), ('ɒ', '-'))	100.00	(rep: 100.00, dist: 100.00)	4 (0.2023)
Cologne ['fatɒ', 'bʁoːdɒ', 'dɔːχtɒ', 'mʊtɒ']

(('eː',), ('ɒ',))	100.00	(rep: 100.00, dist: 100.00)	4 (0.2023)
Cologne ['fatɒ', 'bʁoːdɒ', 'dɔːχtɒ', 'mʊtɒ']

(('#', 'ɡ'), ('#', 'j'))	100.00	(rep: 100.00, dist: 100.00)	4 (0.2023)
Cologne ['jaːdə', 'jans', 'joːt', 'jɒʁœ̃']

(('C', 'eː'), ('C', 'ɒ'))	100.00	(rep: 100.00, dist: 100.00)	3 (0.1517)
Cologne ['fatɒ', 'bʁoːdɒ', 'mʊtɒ']

(('x', 'C'), ('ʃ', '-'))	100.00	(rep: 100.00, dist: 100.00)	2 (0.1012)
Cologne ['ʀɛɪʃ', 'zøʃ']

(('a', 'C'), ('ɒ', '-'))	100.00	(rep: 100.00, dist: 100.00)	2 (0.1012)
Cologne ['donɒ', 'lɪvɒ']

(('C', 'au'), ('C', 'ɔʊ'))	100.00	(rep: 100.00, dist: 100.00)	2 (0.1012)
Cologne ['hɔʊp', 'lɔʊf']

(('θ', 'V'), ('ɡ', '-'))	100.00	(rep: 100.00, dist: 100.00)	1 (0.0506)
Cologne ['mʊŋɡ']

(('θ',), ('ɡ',))	100.00	(rep: 100.00, dist: 100.00)	1 (0.0506)
Cologne ['mʊŋɡ']

(('oː', 'C'), ('œ̃', '-'))	100.00	(rep: 100.00, dist: 100.00)	1 (0.0506)
Cologne ['jɒʁœ̃']

(('oː',), ('œ̃',))	100.00	(rep: 100.00, dist: 100.00)	1 (0.0506)
Cologne ['jɒʁœ̃']

and 589 more
=====================================

Cluster 4:
-------------------------------------
Dutch_Std_BE
-------
(('C', 'uː'), ('C', 'æʏ'))	100.00	(rep: 100.00, dist: 100.00)	2 (0.0979)
Dutch_Std_BE ['hæʏs', 'mæʏs']

(('θ', 'C'), ('d̪', 'C'))	100.00	(rep: 100.00, dist: 100.00)	1 (0.0489)
Dutch_Std_BE ['d̪ɾiː']

(('θ',), ('d̪',))	100.00	(rep: 100.00, dist: 100.00)	1 (0.0489)
Dutch_Std_BE ['d̪ɾiː']

(('ɡ', '-'), ('ʝ', '-'))	100.00	(rep: 100.00, dist: 100.00)	1 (0.0489)
Dutch_Std_BE ['reːʝn']

(('ɡ', '-'), ('x', 'V'))	100.00	(rep: 100.00, dist: 100.00)	1 (0.0489)
Dutch_Std_BE ['naːxəɫ']

(('ɡ',), ('ʝ',))	100.00	(rep: 100.00, dist: 100.00)	1 (0.0489)
Dutch_Std_BE ['reːʝn']

(('w', 'V'), ('ʝ', '-'))	100.00	(rep: 100.00, dist: 100.00)	1 (0.0489)
Dutch_Std_BE ['neːʝn']

(('uː', 'C'), ('æʏ', '-'))	100.00	(rep: 100.00, dist: 100.00)	1 (0.0489)
Dutch_Std_BE ['mæʏs']

(('k', 'V'), ('ç', 'V'))	100.00	(rep: 100.00, dist: 100.00)	1 (0.0489)
Dutch_Std_BE ['sçɛrp']

(('iː', '-'), ('ɛɪ', '-'))	100.00	(rep: 100.00, dist: 100.00)	1 (0.0489)
Dutch_Std_BE ['bɛɪt']

(('iː',), ('ɛɪ',))	100.00	(rep: 100.00, dist: 100.00)	1 (0.0489)
Dutch_Std_BE ['bɛɪt']

and 561 more
=====================================

Cluster 5:
-------------------------------------
Dutch_Std_NL
-------
(('u', 'C'), ('oʊ', 'C'))	100.00	(rep: 100.00, dist: 100.00)	3 (0.1590)
Dutch_Std_NL ['oʊvəɹ', 'oʊvə', 'oʊpə']

(('u',), ('oʊ',))	100.00	(rep: 100.00, dist: 100.00)	3 (0.1590)
Dutch_Std_NL ['oʊvəɹ', 'oʊvə', 'oʊpə']

(('-', 'u'), ('-', 'oʊ'))	100.00	(rep: 100.00, dist: 100.00)	3 (0.1590)
Dutch_Std_NL ['oʊvəɹ', 'oʊvə', 'oʊpə']

(('au', 'C'), ('oʊ', 'C'))	100.00	(rep: 100.00, dist: 100.00)	2 (0.1060)
Dutch_Std_NL ['oʊχ', 'loʊf']

(('au',), ('oʊ',))	100.00	(rep: 100.00, dist: 100.00)	2 (0.1060)
Dutch_Std_NL ['oʊχ', 'loʊf']

(('-', 'ai'), ('-', 'eɪ'))	100.00	(rep: 100.00, dist: 100.00)	2 (0.1060)
Dutch_Std_NL ['tʰeɪn', 'eɪn']

(('w', 'V'), ('χ', 'V'))	100.00	(rep: 100.00, dist: 100.00)	1 (0.0530)
Dutch_Std_NL ['neɪχə']

(('uː', 'C'), ('æø', '-'))	100.00	(rep: 100.00, dist: 100.00)	1 (0.0530)
Dutch_Std_NL ['mæøs']

(('uː', 'C'), ('aø', 'C'))	100.00	(rep: 100.00, dist: 100.00)	1 (0.0530)
Dutch_Std_NL ['haøs']

(('uː',), ('æø',))	100.00	(rep: 100.00, dist: 100.00)	1 (0.0530)
Dutch_Std_NL ['mæøs']

(('uː',), ('aø',))	100.00	(rep: 100.00, dist: 100.00)	1 (0.0530)
Dutch_Std_NL ['haøs']

and 558 more
=====================================

Cluster 6:
-------------------------------------
Feer
-------
(('a',), ('ʊ',))	100.00	(rep: 100.00, dist: 100.00)	4 (0.2103)
Feer ['hʊn', 'lʊŋ', 'tʰʊs', 'gʊs']

(('r', '-'), ('r', 'V'))	100.00	(rep: 100.00, dist: 100.00)	3 (0.1577)
Feer ['varam', 'sdʊrʌm', 'sgarap']

(('a', 'C'), ('ʊ', 'C'))	100.00	(rep: 100.00, dist: 100.00)	3 (0.1577)
Feer ['hʊn', 'lʊŋ', 'tʰʊs']

(('C', 'a'), ('C', 'ʊ'))	100.00	(rep: 100.00, dist: 100.00)	3 (0.1577)
Feer ['hʊn', 'lʊŋ', 'tʰʊs']

(('u', 'C'), ('ɒ̃', 'C'))	100.00	(rep: 100.00, dist: 100.00)	2 (0.1052)
Feer ['tʰɒ̃ŋ', 'hɒ̃nəŋ']

(('u',), ('ɒ̃',))	100.00	(rep: 100.00, dist: 100.00)	2 (0.1052)
Feer ['tʰɒ̃ŋ', 'hɒ̃nəŋ']

(('s',), ('ç',))	100.00	(rep: 100.00, dist: 100.00)	2 (0.1052)
Feer ['fɛçt', 'çiɛ']

(('n', 'C'), ('ɲ', '-'))	100.00	(rep: 100.00, dist: 100.00)	2 (0.1052)
Feer ['hyɲ', 'viɲ']

(('n',), ('ɲ',))	100.00	(rep: 100.00, dist: 100.00)	2 (0.1052)
Feer ['hyɲ', 'viɲ']

(('e', 'C'), ('y', 'C'))	100.00	(rep: 100.00, dist: 100.00)	2 (0.1052)
Feer ['njygⁿŋ', 'ʔytʰ']

(('e',), ('y',))	100.00	(rep: 100.00, dist: 100.00)	2 (0.1052)
Feer ['njygⁿŋ', 'ʔytʰ']

and 777 more
=====================================

Cluster 7:
-------------------------------------
Graubuenden
-------
(('oː',), ('ɐ',))	100.00	(rep: 100.00, dist: 100.00)	3 (0.1548)
Graubuenden ['t͡sʊŋɡɐ', 'namɐ', 'wʊlɐ']

(('C', 'oː'), ('C', 'ɐ'))	100.00	(rep: 100.00, dist: 100.00)	3 (0.1548)
Graubuenden ['t͡sʊŋɡɐ', 'namɐ', 'wʊlɐ']

(('θ', 'V'), ('d', '-'))	100.00	(rep: 100.00, dist: 100.00)	2 (0.1032)
Graubuenden ['nɔrd', 'brʊɔdr']

(('V', 'z'), ('-', 'ɾ'))	100.00	(rep: 100.00, dist: 100.00)	2 (0.1032)
Graubuenden ['bɛsɾ', 'donɾ']

(('z', '-'), ('t͡s', '-'))	100.00	(rep: 100.00, dist: 100.00)	1 (0.0516)
Graubuenden ['aɪnt͡s']

(('z',), ('t͡s',))	100.00	(rep: 100.00, dist: 100.00)	1 (0.0516)
Graubuenden ['aɪnt͡s']

(('u', 'C'), ('ɐ', '-'))	100.00	(rep: 100.00, dist: 100.00)	1 (0.0516)
Graubuenden ['seːbɐ']

(('u', '#'), ('ɐ', '#'))	100.00	(rep: 100.00, dist: 100.00)	1 (0.0516)
Graubuenden ['tɾɛːnɐ']

(('oː', 'C'), ('ʊa', '-'))	100.00	(rep: 100.00, dist: 100.00)	1 (0.0516)
Graubuenden ['kʰʊa']

(('oː', 'C'), ('ɐ', '-'))	100.00	(rep: 100.00, dist: 100.00)	1 (0.0516)
Graubuenden ['t͡sʊŋɡɐ']

(('oː', 'C'), ('uɛ', 'C'))	100.00	(rep: 100.00, dist: 100.00)	1 (0.0516)
Graubuenden ['ʃtuɛl']

and 573 more
=====================================

Cluster 8:
-------------------------------------
Grou
-------
(('e', 'C'), ('ʌ', 'C'))	100.00	(rep: 100.00, dist: 100.00)	4 (0.1975)
Grou ['njʌʁʌn', 'mʌɫqə', 'fjʌχt͡si', 'sjʌχ']

(('e',), ('ʌ',))	100.00	(rep: 100.00, dist: 100.00)	4 (0.1975)
Grou ['njʌʁʌn', 'mʌɫqə', 'fjʌχt͡si', 'sjʌχ']

(('-', 'e'), ('C', 'ʌ'))	100.00	(rep: 100.00, dist: 100.00)	3 (0.1481)
Grou ['njʌʁʌn', 'fjʌχt͡si', 'sjʌχ']

(('u', 'C'), ('õə̃', '-'))	100.00	(rep: 100.00, dist: 100.00)	2 (0.0988)
Grou ['hõə̃n', 'kõə̃n']

(('u',), ('ũ',))	100.00	(rep: 100.00, dist: 100.00)	2 (0.0988)
Grou ['hũn', 'ũn']

(('u',), ('õə̃',))	100.00	(rep: 100.00, dist: 100.00)	2 (0.0988)
Grou ['hõə̃n', 'kõə̃n']

(('oː', 'C'), ('iə', 'C'))	100.00	(rep: 100.00, dist: 100.00)	2 (0.0988)
Grou ['iər', 'ɡɾiən']

(('oː',), ('iə',))	100.00	(rep: 100.00, dist: 100.00)	2 (0.0988)
Grou ['iər', 'ɡɾiən']

(('e', 'C'), ('ɒɪ', '-'))	100.00	(rep: 100.00, dist: 100.00)	2 (0.0988)
Grou ['rɒɪn', 'sɒɪs']

(('e',), ('ɒɪ',))	100.00	(rep: 100.00, dist: 100.00)	2 (0.0988)
Grou ['rɒɪn', 'sɒɪs']

(('au', 'C'), ('ɪiə', 'C'))	100.00	(rep: 100.00, dist: 100.00)	2 (0.0988)
Grou ['rɪiət', 'ɫɪiəf']

and 643 more
=====================================

Cluster 9:
-------------------------------------
Hard
-------
(('z', 'V'), ('ʁ', '-'))	100.00	(rep: 100.00, dist: 100.00)	2 (0.1052)
Hard ['bɛsəʁ', 'høːʁ']

(('u', 'C'), ('ɔɐ', 'C'))	100.00	(rep: 100.00, dist: 100.00)	2 (0.1052)
Hard ['hɔɐʁn', 'kʰɔɐʁn']

(('ai', 'C'), ('õɐ̃', '-'))	100.00	(rep: 100.00, dist: 100.00)	2 (0.1052)
Hard ['bõɐ̃', 'ʃtõɐ̃']

(('ai',), ('õɐ̃',))	100.00	(rep: 100.00, dist: 100.00)	2 (0.1052)
Hard ['bõɐ̃', 'ʃtõɐ̃']

(('ai',), ('oɐ',))	100.00	(rep: 100.00, dist: 100.00)	2 (0.1052)
Hard ['hoɐm', 'ʔoɐxə']

(('C', 'u'), ('C', 'ɔɐ'))	100.00	(rep: 100.00, dist: 100.00)	2 (0.1052)
Hard ['hɔɐʁn', 'kʰɔɐʁn']

(('C', 'ai'), ('C', 'õɐ̃'))	100.00	(rep: 100.00, dist: 100.00)	2 (0.1052)
Hard ['bõɐ̃', 'ʃtõɐ̃']

(('oːu', '#'), ('oɐ', '#'))	100.00	(rep: 100.00, dist: 100.00)	1 (0.0526)
Hard ['t͡sβoɐ']

(('oːu',), ('oɐ',))	100.00	(rep: 100.00, dist: 100.00)	1 (0.0526)
Hard ['t͡sβoɐ']

(('oː', 'C'), ('ʏə', 'C'))	100.00	(rep: 100.00, dist: 100.00)	1 (0.0526)
Hard ['bʁʏədəʁ']

(('oː', 'C'), ('ʊɛ', '-'))	100.00	(rep: 100.00, dist: 100.00)	1 (0.0526)
Hard ['kʰʊɛ']

and 550 more
=====================================

Cluster 10:
-------------------------------------
Heligoland
-------
(('u', 'C'), ('uɐ', '-'))	100.00	(rep: 100.00, dist: 100.00)	2 (0.1048)
Heligoland ['huɐn', 'kʰuɐ']

(('u',), ('uɐ',))	100.00	(rep: 100.00, dist: 100.00)	2 (0.1048)
Heligoland ['huɐn', 'kʰuɐ']

(('ai',), ('ea',))	100.00	(rep: 100.00, dist: 100.00)	2 (0.1048)
Heligoland ['bean', 'ʔeakʰɛn']

(('a', 'C'), ('oɐ', 'C'))	100.00	(rep: 100.00, dist: 100.00)	2 (0.1048)
Heligoland ['noɐgɤlt', 'soɐltʰ']

(('a',), ('ea',))	100.00	(rep: 100.00, dist: 100.00)	2 (0.1048)
Heligoland ['ʔeasgən', 'kʰnæbean']

(('C', 'u'), ('C', 'ɪ'))	100.00	(rep: 100.00, dist: 100.00)	2 (0.1048)
Heligoland ['hɪn', 'mɪtʰ']

(('C', 'u'), ('C', 'uɐ'))	100.00	(rep: 100.00, dist: 100.00)	2 (0.1048)
Heligoland ['huɐn', 'kʰuɐ']

(('C', 'e'), ('C', 'ae'))	100.00	(rep: 100.00, dist: 100.00)	2 (0.1048)
Heligoland ['tʰaen', 'ʀaen']

(('-', 'ai'), ('C', 'aː'))	100.00	(rep: 100.00, dist: 100.00)	2 (0.1048)
Heligoland ['tʰβaːn', 'jaːn']

(('-', 'a'), ('C', 'ə'))	100.00	(rep: 100.00, dist: 100.00)	2 (0.1048)
Heligoland ['kʰaləfkʰən', 'vɐsgə']

(('-', 'a'), ('C', 'ɑː'))	100.00	(rep: 100.00, dist: 100.00)	2 (0.1048)
Heligoland ['ʔɑːl', 'tʰβɑːn']

and 766 more
=====================================

Cluster 11:
-------------------------------------
Herrlisheim
-------
(('eː', 'C'), ('oː', 'C'))	100.00	(rep: 100.00, dist: 100.00)	2 (0.1034)
Herrlisheim ['moːn', 'joːχ']

(('eː',), ('oː',))	100.00	(rep: 100.00, dist: 100.00)	2 (0.1034)
Herrlisheim ['moːn', 'joːχ']

(('au', 'C'), ('œʏ', 'C'))	100.00	(rep: 100.00, dist: 100.00)	2 (0.1034)
Herrlisheim ['hœʏpt', 'ʔœʏjə']

(('au',), ('œʏ',))	100.00	(rep: 100.00, dist: 100.00)	2 (0.1034)
Herrlisheim ['hœʏpt', 'ʔœʏjə']

(('ai', 'C'), ('ai', 'C'))	100.00	(rep: 100.00, dist: 100.00)	2 (0.1034)
Herrlisheim ['hailikʰ', 'ʔaiʃ']

(('C', 'oː'), ('C', 'øː'))	100.00	(rep: 100.00, dist: 100.00)	2 (0.1034)
Herrlisheim ['bløːt', 'ʃtøːl']

(('uː', 'C'), ('yː', '-'))	100.00	(rep: 100.00, dist: 100.00)	1 (0.0517)
Herrlisheim ['myːs']

(('uː',), ('yː',))	100.00	(rep: 100.00, dist: 100.00)	1 (0.0517)
Herrlisheim ['myːs']

(('oː', 'C'), ('yː', '-'))	100.00	(rep: 100.00, dist: 100.00)	1 (0.0517)
Herrlisheim ['kʰyː']

(('oː',), ('yː',))	100.00	(rep: 100.00, dist: 100.00)	1 (0.0517)
Herrlisheim ['kʰyː']

(('b', 'V'), ('pʰ', '-'))	100.00	(rep: 100.00, dist: 100.00)	1 (0.0517)
Herrlisheim ['laipʰ']

and 549 more
=====================================

Cluster 12:
-------------------------------------
Limburg
-------
(('θ',), ('k',))	100.00	(rep: 100.00, dist: 100.00)	2 (0.1052)
Limburg ['taŋk', 'mʊŋk']

(('C', 'θ'), ('C', 'k'))	100.00	(rep: 100.00, dist: 100.00)	2 (0.1052)
Limburg ['taŋk', 'mʊŋk']

(('θ', 'V'), ('k', '-'))	100.00	(rep: 100.00, dist: 100.00)	1 (0.0526)
Limburg ['mʊŋk']

(('θ', '-'), ('k', '-'))	100.00	(rep: 100.00, dist: 100.00)	1 (0.0526)
Limburg ['taŋk']

(('ɡ', '-'), ('ɣ', '-'))	100.00	(rep: 100.00, dist: 100.00)	1 (0.0526)
Limburg ['naːɣɫ']

(('ɡ', '-'), ('x', 'C'))	100.00	(rep: 100.00, dist: 100.00)	1 (0.0526)
Limburg ['xwʌt']

(('x', 'V'), ('ʁ', 'V'))	100.00	(rep: 100.00, dist: 100.00)	1 (0.0526)
Limburg ['jəʁoːt']

(('x', 'C'), ('x', '-'))	100.00	(rep: 100.00, dist: 100.00)	1 (0.0526)
Limburg ['nax']

(('x',), ('ʁ',))	100.00	(rep: 100.00, dist: 100.00)	1 (0.0526)
Limburg ['jəʁoːt']

(('u', 'C'), ('ɔə', '-'))	100.00	(rep: 100.00, dist: 100.00)	1 (0.0526)
Limburg ['wɔət']

(('u', 'C'), ('øə', 'C'))	100.00	(rep: 100.00, dist: 100.00)	1 (0.0526)
Limburg ['øənɪŋ']

and 603 more
=====================================

Cluster 13:
-------------------------------------
Luxembourg
-------
(('u',), ('ʊɛ',))	100.00	(rep: 100.00, dist: 100.00)	3 (0.1582)
Luxembourg ['vʊɛt', 'ʔʊɛvən', 'ʃtʊɛm']

(('u', 'C'), ('ʊɛ', '-'))	100.00	(rep: 100.00, dist: 100.00)	2 (0.1055)
Luxembourg ['vʊɛt', 'ʃtʊɛm']

(('u',), ('ɨ',))	100.00	(rep: 100.00, dist: 100.00)	2 (0.1055)
Luxembourg ['mɨt', 'zɨt͡s']

(('oː',), ('œʊ',))	100.00	(rep: 100.00, dist: 100.00)	2 (0.1055)
Luxembourg ['kʰœʊ', 'fœʊs']

(('iː',), ('æi',))	100.00	(rep: 100.00, dist: 100.00)	2 (0.1055)
Luxembourg ['væis', 'bæis']

(('e', 'C'), ('ɨ', 'C'))	100.00	(rep: 100.00, dist: 100.00)	2 (0.1055)
Luxembourg ['mɨlɪʃ', 'fɨnəf']

(('e', 'C'), ('ɐ', 'C'))	100.00	(rep: 100.00, dist: 100.00)	2 (0.1055)
Luxembourg ['ʁɐŋ', 'ɐs']

(('e', 'C'), ('eɐ', '-'))	100.00	(rep: 100.00, dist: 100.00)	2 (0.1055)
Luxembourg ['ʔeɐt', 'heɐt͡s']

(('e',), ('ɨ',))	100.00	(rep: 100.00, dist: 100.00)	2 (0.1055)
Luxembourg ['mɨlɪʃ', 'fɨnəf']

(('e',), ('ɐ',))	100.00	(rep: 100.00, dist: 100.00)	2 (0.1055)
Luxembourg ['ʁɐŋ', 'ɐs']

(('a', 'C'), ('æ', 'C'))	100.00	(rep: 100.00, dist: 100.00)	2 (0.1055)
Luxembourg ['fæʃt', 'ɡæns']

and 704 more
=====================================

Cluster 14:
-------------------------------------
Ortisei
-------
(('θ', 'V'), ('t͡s', '-'))	100.00	(rep: 100.00, dist: 100.00)	3 (0.1506)
Ortisei ['noχt͡s', 'mʊnt͡s', 'bɔːt͡s']

(('uː',), ('aɵ',))	100.00	(rep: 100.00, dist: 100.00)	3 (0.1506)
Ortisei ['haɵs', 'ʔaɵs', 'maɵs']

(('uː', 'C'), ('aɵ', 'C'))	100.00	(rep: 100.00, dist: 100.00)	2 (0.1004)
Ortisei ['haɵs', 'ʔaɵs']

(('iː',), ('aɪ',))	100.00	(rep: 100.00, dist: 100.00)	2 (0.1004)
Ortisei ['βaɪs', 'baɪs']

(('C', 'uː'), ('C', 'aɵ'))	100.00	(rep: 100.00, dist: 100.00)	2 (0.1004)
Ortisei ['haɵs', 'maɵs']

(('C', 'iː'), ('C', 'aɪ'))	100.00	(rep: 100.00, dist: 100.00)	2 (0.1004)
Ortisei ['βaɪs', 'baɪs']

(('uː', 'C'), ('aɵ', '-'))	100.00	(rep: 100.00, dist: 100.00)	1 (0.0502)
Ortisei ['maɵs']

(('oːu', '#'), ('ɔə', '#'))	100.00	(rep: 100.00, dist: 100.00)	1 (0.0502)
Ortisei ['t͡sβɔə']

(('oːu',), ('ɔə',))	100.00	(rep: 100.00, dist: 100.00)	1 (0.0502)
Ortisei ['t͡sβɔə']

(('oː', 'C'), ('iɛ', 'C'))	100.00	(rep: 100.00, dist: 100.00)	1 (0.0502)
Ortisei ['ɡʁiɛn']

(('oː',), ('iɛ',))	100.00	(rep: 100.00, dist: 100.00)	1 (0.0502)
Ortisei ['ɡʁiɛn']

and 566 more
=====================================

Cluster 15:
-------------------------------------
Ostend
-------
(('uː',), ('ʉ',))	100.00	(rep: 100.00, dist: 100.00)	3 (0.1499)
Ostend ['ʉs', 'ʉt', 'mʉs']

(('x', 'C'), ('h', 'C'))	100.00	(rep: 100.00, dist: 100.00)	2 (0.1000)
Ostend ['raht', 'faht']

(('uː', 'C'), ('ʉ', 'C'))	100.00	(rep: 100.00, dist: 100.00)	2 (0.1000)
Ostend ['ʉs', 'ʉt']

(('a', 'C'), ('u', '-'))	100.00	(rep: 100.00, dist: 100.00)	2 (0.1000)
Ostend ['kut', 'zut']

(('ɡ', 'V'), ('ɣ', 'V'))	100.00	(rep: 100.00, dist: 100.00)	1 (0.0500)
Ostend ['ɣɑːs̆t']

(('ɡ', '-'), ('h', 'V'))	100.00	(rep: 100.00, dist: 100.00)	1 (0.0500)
Ostend ['ɾeːhə̃']

(('ɡ', '-'), ('-', 'C'))	100.00	(rep: 100.00, dist: 100.00)	1 (0.0500)
Ostend ['hoət']

(('w', 'V'), ('h', 'V'))	100.00	(rep: 100.00, dist: 100.00)	1 (0.0500)
Ostend ['neːhə̃']

(('w',), ('h',))	100.00	(rep: 100.00, dist: 100.00)	1 (0.0500)
Ostend ['neːhə̃']

(('uː', 'C'), ('ʉ', '-'))	100.00	(rep: 100.00, dist: 100.00)	1 (0.0500)
Ostend ['mʉs']

(('t', '-'), ('d', 'V'))	100.00	(rep: 100.00, dist: 100.00)	1 (0.0500)
Ostend ['βɑdə']

and 597 more
=====================================

Cluster 16:
-------------------------------------
Tuebingen
-------
(('uː',), ('ɐu',))	100.00	(rep: 100.00, dist: 100.00)	3 (0.1499)
Tuebingen ['hɐus', 'ʔɐus', 'mɐus']

(('a', 'C'), ('aɔ', '-'))	100.00	(rep: 100.00, dist: 100.00)	3 (0.1499)
Tuebingen ['ɡaɔt̪ə', 'βaɔm', 'ʃaɔf']

(('a',), ('aɔ',))	100.00	(rep: 100.00, dist: 100.00)	3 (0.1499)
Tuebingen ['ɡaɔt̪ə', 'βaɔm', 'ʃaɔf']

(('uː', 'C'), ('ɐu', 'C'))	100.00	(rep: 100.00, dist: 100.00)	2 (0.1000)
Tuebingen ['hɐus', 'ʔɐus']

(('au', 'C'), ('ɑɵ', 'C'))	100.00	(rep: 100.00, dist: 100.00)	2 (0.1000)
Tuebingen ['hɑɵpt', 'ʁɑɵt']

(('au',), ('ɑɵ',))	100.00	(rep: 100.00, dist: 100.00)	2 (0.1000)
Tuebingen ['hɑɵpt', 'ʁɑɵt']

(('C', 'uː'), ('C', 'ɐu'))	100.00	(rep: 100.00, dist: 100.00)	2 (0.1000)
Tuebingen ['hɐus', 'mɐus']

(('C', 'au'), ('C', 'ɑɵ'))	100.00	(rep: 100.00, dist: 100.00)	2 (0.1000)
Tuebingen ['hɑɵpt', 'ʁɑɵt']

(('C', 'a'), ('C', 'aɔ'))	100.00	(rep: 100.00, dist: 100.00)	2 (0.1000)
Tuebingen ['ɡaɔt̪ə', 'βaɔm']

(('-', 'ai'), ('C', 'ɔɪ'))	100.00	(rep: 100.00, dist: 100.00)	2 (0.1000)
Tuebingen ['ʔɔɪs', 'ʔɔɪçɛ']

(('uː', 'C'), ('ɐu', '-'))	100.00	(rep: 100.00, dist: 100.00)	1 (0.0500)
Tuebingen ['mɐus']

and 572 more
=====================================

Cluster 17:
-------------------------------------
Veenkolonien
-------
(('oː',), ('ɑʊ',))	100.00	(rep: 100.00, dist: 100.00)	5 (0.2545)
Veenkolonien ['kɑʊ', 'vɑʊɾə', 'χɑʊt', 'blɑʊt', 'stɑʊlə']

(('oː', 'C'), ('ɑʊ', 'C'))	100.00	(rep: 100.00, dist: 100.00)	4 (0.2036)
Veenkolonien ['vɑʊɾə', 'χɑʊt', 'blɑʊt', 'stɑʊlə']

(('C', 'oː'), ('C', 'ɑʊ'))	100.00	(rep: 100.00, dist: 100.00)	4 (0.2036)
Veenkolonien ['kɑʊ', 'vɑʊɾə', 'blɑʊt', 'stɑʊlə']

(('ai',), ('ɒɪ',))	100.00	(rep: 100.00, dist: 100.00)	3 (0.1527)
Veenkolonien ['hɒɪləχ', 'ɒɪnə', 'hɒɪm']

(('r',), ('ɹˠ',))	100.00	(rep: 100.00, dist: 100.00)	2 (0.1018)
Veenkolonien ['ovɹˠ', 'dɒχt̪ɹˠ']

(('ai', 'C'), ('ɒɪ', 'C'))	100.00	(rep: 100.00, dist: 100.00)	2 (0.1018)
Veenkolonien ['hɒɪləχ', 'ɒɪnə']

(('a', 'C'), ('aɤ', '-'))	100.00	(rep: 100.00, dist: 100.00)	2 (0.1018)
Veenkolonien ['kʰaɤf', 'aɤ']

(('a',), ('aɤ',))	100.00	(rep: 100.00, dist: 100.00)	2 (0.1018)
Veenkolonien ['kʰaɤf', 'aɤ']

(('V', 'z'), ('-', 'ɹ'))	100.00	(rep: 100.00, dist: 100.00)	2 (0.1018)
Veenkolonien ['lamɹ', 'ɔŋɹ']

(('V', 'r'), ('-', 'ɹˠ'))	100.00	(rep: 100.00, dist: 100.00)	2 (0.1018)
Veenkolonien ['ovɹˠ', 'dɒχt̪ɹˠ']

(('C', 'ai'), ('C', 'ɒɪ'))	100.00	(rep: 100.00, dist: 100.00)	2 (0.1018)
Veenkolonien ['hɒɪləχ', 'hɒɪm']

and 668 more
=====================================

Cluster 18:
-------------------------------------
Walser
-------
(('ai',), ('æɪ',))	100.00	(rep: 100.00, dist: 100.00)	6 (0.3150)
Walser ['bæɪ', 'ʃtæɪ', 'hæɪlɪk', 'ʔæɪs', 'hæɪmət', 'ʔæɪxə']

(('C', 'ai'), ('C', 'æɪ'))	100.00	(rep: 100.00, dist: 100.00)	4 (0.2100)
Walser ['bæɪ', 'ʃtæɪ', 'hæɪlɪk', 'hæɪmət']

(('ai', 'C'), ('æɪ', '-'))	100.00	(rep: 100.00, dist: 100.00)	3 (0.1575)
Walser ['bæɪ', 'ʃtæɪ', 'ʔæɪs']

(('#', 'k'), ('#', 'x'))	100.00	(rep: 100.00, dist: 100.00)	3 (0.1575)
Walser ['xalp', 'xaːlt', 'xuɛ']

(('p',), ('ɸ',))	100.00	(rep: 100.00, dist: 100.00)	2 (0.1050)
Walser ['ʔoɸə', 'ʃaɹɸ']

(('eː', 'C'), ('ɛ', 'C'))	100.00	(rep: 100.00, dist: 100.00)	2 (0.1050)
Walser ['bɾʊɔdɛɾ', 'dɔxtɛɾ']

(('eː', 'C'), ('a', '-'))	100.00	(rep: 100.00, dist: 100.00)	2 (0.1050)
Walser ['tata', 'mama']

(('eː',), ('ɛ',))	100.00	(rep: 100.00, dist: 100.00)	2 (0.1050)
Walser ['bɾʊɔdɛɾ', 'dɔxtɛɾ']

(('ai', 'C'), ('æɪ', 'C'))	100.00	(rep: 100.00, dist: 100.00)	2 (0.1050)
Walser ['hæɪlɪk', 'ʔæɪxə']

(('-', 'ai'), ('C', 'æɪ'))	100.00	(rep: 100.00, dist: 100.00)	2 (0.1050)
Walser ['ʔæɪs', 'ʔæɪxə']

(('t', '-'), ('d', 'C'))	100.00	(rep: 100.00, dist: 100.00)	1 (0.0525)
Walser ['dɾaːnə']

and 590 more
=====================================

Cluster 19:
-------------------------------------
Westerkwartier
-------
(('s',), ('sʲ',))	100.00	(rep: 100.00, dist: 100.00)	4 (0.2036)
Westerkwartier ['fɪsʲ', 'sʲøːbⁿm', 'hysʲ', 'zɛsʲ']

(('u', 'C'), ('ɶ', 'C'))	100.00	(rep: 100.00, dist: 100.00)	2 (0.1018)
Westerkwartier ['dɶnaɹ', 'hɶnɶx']

(('u', 'C'), ('ɔ̃', 'C'))	100.00	(rep: 100.00, dist: 100.00)	2 (0.1018)
Westerkwartier ['hɔ̃ntʰ', 'mɔ̃ntʰ']

(('u',), ('ɶ',))	100.00	(rep: 100.00, dist: 100.00)	2 (0.1018)
Westerkwartier ['dɶnaɹ', 'hɶnɶx']

(('t',), ('ɹ',))	100.00	(rep: 100.00, dist: 100.00)	2 (0.1018)
Westerkwartier ['joɹ', 'ʒveæɹ']

(('au', 'C'), ('ɔu', 'C'))	100.00	(rep: 100.00, dist: 100.00)	2 (0.1018)
Westerkwartier ['ʔɔuχ', 'ʔɔupⁿm']

(('au',), ('ɔu',))	100.00	(rep: 100.00, dist: 100.00)	2 (0.1018)
Westerkwartier ['ʔɔuχ', 'ʔɔupⁿm']

(('a', 'C'), ('ã', 'C'))	100.00	(rep: 100.00, dist: 100.00)	2 (0.1018)
Westerkwartier ['hãnt͡s', 't͡sãnt͡s']

(('a',), ('õː',))	100.00	(rep: 100.00, dist: 100.00)	2 (0.1018)
Westerkwartier ['tʰɹõː', 'nõːm']

(('a',), ('ã',))	100.00	(rep: 100.00, dist: 100.00)	2 (0.1018)
Westerkwartier ['hãnt͡s', 't͡sãnt͡s']

(('V', 's'), ('V', 'sʲ'))	100.00	(rep: 100.00, dist: 100.00)	2 (0.1018)
Westerkwartier ['fɪsʲ', 'hysʲ']

and 842 more
=====================================

Cluster 20:
-------------------------------------
Antwerp
Dutch_Std_BE
-------
(('ai', 'C'), ('eə', 'C'))	100.00	(rep: 100.00, dist: 100.00)	3 (0.0734)
Antwerp ['steən', 'zeər']
Dutch_Std_BE ['zeəɹ']

(('w',), ('ʝ',))	100.00	(rep: 100.00, dist: 100.00)	2 (0.0489)
Antwerp ['neːʝə']
Dutch_Std_BE ['neːʝn']

(('V', 'w'), ('V', 'ʝ'))	100.00	(rep: 100.00, dist: 100.00)	2 (0.0489)
Antwerp ['neːʝə']
Dutch_Std_BE ['neːʝn']

(('x', 'C'), ('ç', 'C'))	81.48	(rep: 100.00, dist: 62.96)	5 (0.1224)
Antwerp ['aɪçt', 'rɪçt', 'fɛçt']
Dutch_Std_BE ['rɛçt', 'fɛçt']

(('oː', 'C'), ('uː', '-'))	81.48	(rep: 100.00, dist: 62.96)	5 (0.1224)
Antwerp ['kuː', 'xuː', 'stuː']
Dutch_Std_BE ['kuː', 'bɾuːr']

(('ai',), ('eə',))	81.48	(rep: 100.00, dist: 62.96)	5 (0.1224)
Antwerp ['beən', 'steən', 'teən', 'zeər']
Dutch_Std_BE ['zeəɹ']

(('V', 'ɡ'), ('V', 'x'))	81.48	(rep: 100.00, dist: 62.96)	5 (0.1224)
Antwerp ['oəx', 'nɑːxɫ']
Dutch_Std_BE ['oːx', 'naːxəɫ', 'dax']

(('C', 'ai'), ('C', 'eə'))	81.48	(rep: 100.00, dist: 62.96)	4 (0.0979)
Antwerp ['beən', 'steən', 'zeər']
Dutch_Std_BE ['zeəɹ']

(('d', 'V'), ('d̪', 'V'))	81.48	(rep: 100.00, dist: 62.96)	3 (0.0734)
Antwerp ['fɑːd̪əs', 'moːd̪əs']
Dutch_Std_BE ['vaːd̪ər']

(('#', 'ɡ'), ('#', 'ç'))	81.48	(rep: 100.00, dist: 62.96)	3 (0.0734)
Antwerp ['çjans', 'çɾyn']
Dutch_Std_BE ['çaːrt']

(('C', 'oː'), ('-', 'oː'))	81.48	(rep: 100.00, dist: 62.96)	2 (0.0489)
Antwerp ['oːr']
Dutch_Std_BE ['oːr']

and 778 more
=====================================

Cluster 21:
-------------------------------------
Herrlisheim
Ortisei
-------
(('oː', 'C'), ('øə', 'C'))	100.00	(rep: 100.00, dist: 100.00)	3 (0.0764)
Herrlisheim ['ɡøət', 'møətəχ']
Ortisei ['bløət͡s']

(('oː',), ('øə',))	100.00	(rep: 100.00, dist: 100.00)	3 (0.0764)
Herrlisheim ['ɡøət', 'møətəχ']
Ortisei ['bløət͡s']

(('d', 'C'), ('t', 'C'))	100.00	(rep: 100.00, dist: 100.00)	2 (0.0509)
Herrlisheim ['tʁɪŋk']
Ortisei ['tʁɪŋk']

(('C', 'oː'), ('C', 'øə'))	100.00	(rep: 100.00, dist: 100.00)	2 (0.0509)
Herrlisheim ['møətəχ']
Ortisei ['bløət͡s']

(('-', 'a'), ('-', 'ɔ'))	100.00	(rep: 100.00, dist: 100.00)	2 (0.0509)
Herrlisheim ['ɡɔns']
Ortisei ['ɡɔns']

(('r', '-'), ('χ', '-'))	81.48	(rep: 100.00, dist: 62.96)	7 (0.1783)
Herrlisheim ['fɒtəχ', 'bʁeːdəχ', 'ʔeβəχ', 'ʃɒχf']
Ortisei ['foətəχ', 'bʁʊədəχ', 'ʔyːbəχ']

(('z', 'V'), ('χ', '-'))	81.48	(rep: 100.00, dist: 62.96)	4 (0.1019)
Herrlisheim ['bɛsəχ', 'heːχ']
Ortisei ['bɪsəχ', 'hɛːχ']

(('r', '#'), ('χ', '#'))	81.48	(rep: 100.00, dist: 62.96)	4 (0.1019)
Herrlisheim ['doːχtəχ', 'møətəχ']
Ortisei ['dɔχtəχ', 'mʊətəχ']

(('n', '-'), ('χ', '-'))	81.48	(rep: 100.00, dist: 62.96)	3 (0.0764)
Herrlisheim ['ʔoːχ']
Ortisei ['ʔoːχ', 't͡sɛːχ']

(('V', 'r'), ('-', 'χ'))	81.48	(rep: 100.00, dist: 62.96)	2 (0.0509)
Herrlisheim ['fiəχ']
Ortisei ['fiəχ']

(('V', 'n'), ('V', 'χ'))	81.48	(rep: 100.00, dist: 62.96)	2 (0.0509)
Herrlisheim ['ʔoːχ']
Ortisei ['ʔoːχ']

and 742 more
=====================================

Cluster 22:
-------------------------------------
Achterhoek
Limburg
-------
(('u',), ('oɐ',))	100.00	(rep: 100.00, dist: 100.00)	9 (0.2383)
Achterhoek ['βoɐt', 'doɐn', 'noɐt', 'hoɐn', 'kʰoɐn']
Limburg ['doɐn', 'noɐt', 'hoɐn', 'koɐʁ']

(('u', 'C'), ('oɐ', '-'))	100.00	(rep: 100.00, dist: 100.00)	8 (0.2118)
Achterhoek ['βoɐt', 'doɐn', 'noɐt', 'hoɐn', 'kʰoɐn']
Limburg ['doɐn', 'noɐt', 'hoɐn']

(('C', 'u'), ('C', 'oɐ'))	100.00	(rep: 100.00, dist: 100.00)	7 (0.1853)
Achterhoek ['βoɐt', 'noɐt', 'hoɐn', 'kʰoɐn']
Limburg ['noɐt', 'hoɐn', 'koɐʁ']

(('d', 'V'), ('s', '-'))	100.00	(rep: 100.00, dist: 100.00)	2 (0.0530)
Achterhoek ['høːs']
Limburg ['nɑks']

(('d',), ('s',))	100.00	(rep: 100.00, dist: 100.00)	2 (0.0530)
Achterhoek ['høːs']
Limburg ['nɑks']

(('-', 'u'), ('-', 'oɐ'))	100.00	(rep: 100.00, dist: 100.00)	2 (0.0530)
Achterhoek ['doɐn']
Limburg ['doɐn']

(('oː', 'C'), ('oː', '-'))	81.48	(rep: 100.00, dist: 62.96)	2 (0.0530)
Achterhoek ['koː']
Limburg ['bʁoːχ']

(('a', 'C'), ('ɛː', 'C'))	81.48	(rep: 100.00, dist: 62.96)	2 (0.0530)
Achterhoek ['nɛːχɫ']
Limburg ['bɛːtəχ']

(('V', 'z'), ('V', 'k'))	81.48	(rep: 100.00, dist: 62.96)	2 (0.0530)
Achterhoek ['mɛlək']
Limburg ['mɪlɪk']

(('V', 'f'), ('V', 'β'))	81.48	(rep: 100.00, dist: 62.96)	2 (0.0530)
Achterhoek ['ɔːβn']
Limburg ['ɔβə']

(('C', 'a'), ('C', 'ɛː'))	81.48	(rep: 100.00, dist: 62.96)	2 (0.0530)
Achterhoek ['nɛːχɫ']
Limburg ['bɛːtəχ']

and 825 more
=====================================

Cluster 23:
-------------------------------------
Ostend
Antwerp
Dutch_Std_BE
-------
(('oː', 'C'), ('uː', '-'))	100.00	(rep: 100.00, dist: 100.00)	6 (0.0986)
Ostend ['bɾuːɾə']
Antwerp ['kuː', 'xuː', 'stuː']
Dutch_Std_BE ['kuː', 'bɾuːr']

(('-', 'f'), ('-', 'v'))	100.00	(rep: 100.00, dist: 100.00)	4 (0.0657)
Ostend ['vøvə', 'viəɾə']
Antwerp ['viːs']
Dutch_Std_BE ['viəɹ']

(('V', 'd'), ('V', 'd̪'))	85.29	(rep: 100.00, dist: 70.59)	4 (0.0657)
Ostend ['fɔːd̪r']
Antwerp ['fɑːd̪əs', 'moːd̪əs']
Dutch_Std_BE ['vaːd̪ər']

(('V', 'r'), ('V', 's'))	83.33	(rep: 66.67, dist: 100.00)	11 (0.1807)
Ostend ['dɔχtəs', 'sβaːs', 'leːvəs', 'zɛːs']
Antwerp ['βɔst', 'fɑːd̪əs', 'ʌndəstʰ', 'nɔst', 'dɔxtəs', 'd͡zvɛːs', 'moːd̪əs']

(('r', 'V'), ('s', '-'))	83.33	(rep: 66.67, dist: 100.00)	6 (0.0986)
Ostend ['sβaːs', 'leːvəs', 'zɛːs']
Antwerp ['ʌndəstʰ', 'viːs', 'd͡zvɛːs']

(('C', 'u'), ('-', 'ʊ'))	83.33	(rep: 66.67, dist: 100.00)	4 (0.0657)
Ostend ['ʊnt', 'ʊndrt', 'ʊŋr']
Antwerp ['ʊŋəs']

(('z', 'V'), ('s', '-'))	83.33	(rep: 66.67, dist: 100.00)	3 (0.0493)
Ostend ['ɔːs']
Antwerp ['b̬ɛtʰəs', 'oəs']

(('r', '#'), ('s', '#'))	83.33	(rep: 66.67, dist: 100.00)	3 (0.0493)
Ostend ['dɔχtəs']
Antwerp ['dɔxtəs', 'moːd̪əs']

(('ai', 'C'), ('eə', 'C'))	83.33	(rep: 66.67, dist: 100.00)	3 (0.0493)
Antwerp ['steən', 'zeər']
Dutch_Std_BE ['zeəɹ']

(('w',), ('ʝ',))	83.33	(rep: 66.67, dist: 100.00)	2 (0.0329)
Antwerp ['neːʝə']
Dutch_Std_BE ['neːʝn']

(('V', 'w'), ('V', 'ʝ'))	83.33	(rep: 66.67, dist: 100.00)	2 (0.0329)
Antwerp ['neːʝə']
Dutch_Std_BE ['neːʝn']

and 971 more
=====================================

Cluster 24:
-------------------------------------
Hard
Tuebingen
-------
(('C', 'o'), ('-', '-'))	100.00	(rep: 100.00, dist: 100.00)	2 (0.0512)
Hard ['muː']
Tuebingen ['mõː']

(('oː', '#'), ('ɛ', '#'))	81.48	(rep: 100.00, dist: 62.96)	4 (0.1025)
Hard ['ʔɛʁdɛ', 'vʊlɛ']
Tuebingen ['ʔɛʁdɛ', 'wʊlɛ']

(('uː',), ('ɐu',))	75.00	(rep: 50.00, dist: 100.00)	3 (0.0769)
Tuebingen ['hɐus', 'ʔɐus', 'mɐus']

(('a', 'C'), ('aɔ', '-'))	75.00	(rep: 50.00, dist: 100.00)	3 (0.0769)
Tuebingen ['ɡaɔt̪ə', 'βaɔm', 'ʃaɔf']

(('a',), ('aɔ',))	75.00	(rep: 50.00, dist: 100.00)	3 (0.0769)
Tuebingen ['ɡaɔt̪ə', 'βaɔm', 'ʃaɔf']

(('z', 'V'), ('ʁ', '-'))	75.00	(rep: 50.00, dist: 100.00)	2 (0.0512)
Hard ['bɛsəʁ', 'høːʁ']

(('uː', 'C'), ('ɐu', 'C'))	75.00	(rep: 50.00, dist: 100.00)	2 (0.0512)
Tuebingen ['hɐus', 'ʔɐus']

(('u', 'C'), ('ɔɐ', 'C'))	75.00	(rep: 50.00, dist: 100.00)	2 (0.0512)
Hard ['hɔɐʁn', 'kʰɔɐʁn']

(('au', 'C'), ('ɑɵ', 'C'))	75.00	(rep: 50.00, dist: 100.00)	2 (0.0512)
Tuebingen ['hɑɵpt', 'ʁɑɵt']

(('au',), ('ɑɵ',))	75.00	(rep: 50.00, dist: 100.00)	2 (0.0512)
Tuebingen ['hɑɵpt', 'ʁɑɵt']

(('ai', 'C'), ('õɐ̃', '-'))	75.00	(rep: 50.00, dist: 100.00)	2 (0.0512)
Hard ['bõɐ̃', 'ʃtõɐ̃']

and 763 more
=====================================

Cluster 25:
-------------------------------------
Cologne
Luxembourg
-------
(('ɡ', 'V'), ('ʃ', '-'))	100.00	(rep: 100.00, dist: 100.00)	3 (0.0775)
Cologne ['hʊniʃ']
Luxembourg ['hʊnəʃ', 'nuɛʃt']

(('ɡ',), ('ʃ',))	100.00	(rep: 100.00, dist: 100.00)	3 (0.0775)
Cologne ['hʊniʃ']
Luxembourg ['hʊnəʃ', 'nuɛʃt']

(('x',), ('ʃ',))	100.00	(rep: 100.00, dist: 100.00)	3 (0.0775)
Cologne ['ʀɛɪʃ', 'zøʃ']
Luxembourg ['dʊɪʃtɐ']

(('V', 'x'), ('V', 'ʃ'))	100.00	(rep: 100.00, dist: 100.00)	3 (0.0775)
Cologne ['ʀɛɪʃ', 'zøʃ']
Luxembourg ['dʊɪʃtɐ']

(('C', 'r'), ('C', 'ʀ'))	100.00	(rep: 100.00, dist: 100.00)	3 (0.0775)
Cologne ['dʀeɪ']
Luxembourg ['dʀɪŋk', 'dʀaɪ']

(('C', 'ai'), ('C', 'ɛ'))	100.00	(rep: 100.00, dist: 100.00)	2 (0.0516)
Cologne ['hɛlɪʃ']
Luxembourg ['hɛləʃ']

(('-', 'ɡ'), ('-', 'ʃ'))	100.00	(rep: 100.00, dist: 100.00)	2 (0.0516)
Cologne ['hʊniʃ']
Luxembourg ['hʊnəʃ']

(('-', 'f'), ('V', 'f'))	100.00	(rep: 100.00, dist: 100.00)	2 (0.0516)
Cologne ['fʏnəf']
Luxembourg ['fɨnəf']

(('r',), ('ʀ',))	81.48	(rep: 100.00, dist: 62.96)	9 (0.2324)
Cologne ['ʀɪŋ', 'ʀɛn', 'ʃtʊʀm', 'ʀɛɪʃ', 'dʀeɪ']
Luxembourg ['dʀɪŋk', 'ʀoːt', 'ʀiət͡s', 'dʀaɪ']

(('r', 'V'), ('ʀ', 'V'))	81.48	(rep: 100.00, dist: 62.96)	6 (0.1549)
Cologne ['ʀɪŋ', 'ʀɛn', 'dʀeɪ']
Luxembourg ['dʀɪŋk', 'ʀoːt', 'dʀaɪ']

(('#', 'r'), ('#', 'ʀ'))	81.48	(rep: 100.00, dist: 62.96)	4 (0.1033)
Cologne ['ʀɛn', 'ʀɛɪʃ']
Luxembourg ['ʀoːt', 'ʀiət͡s']

and 940 more
=====================================

Cluster 26:
-------------------------------------
Biel
Graubuenden
-------
(('k', 'C'), ('χ', '-'))	100.00	(rep: 100.00, dist: 100.00)	3 (0.0765)
Biel ['k͡xɛkχ', 'eiχə']
Graubuenden ['ʔaɪχə']

(('oː', 'C'), ('ʏɛ', 'C'))	100.00	(rep: 100.00, dist: 100.00)	2 (0.0510)
Biel ['ɡɾʏɛn']
Graubuenden ['ɡɾʏɛn']

(('oː',), ('ʏɛ',))	100.00	(rep: 100.00, dist: 100.00)	2 (0.0510)
Biel ['ɡɾʏɛn']
Graubuenden ['ɡɾʏɛn']

(('V', 'k'), ('V', 'χ'))	100.00	(rep: 100.00, dist: 100.00)	2 (0.0510)
Biel ['eiχə']
Graubuenden ['ʔaɪχə']

(('C', 'oː'), ('C', 'ʏɛ'))	100.00	(rep: 100.00, dist: 100.00)	2 (0.0510)
Biel ['ɡɾʏɛn']
Graubuenden ['ɡɾʏɛn']

(('z',), ('ɾ',))	81.48	(rep: 100.00, dist: 62.96)	4 (0.1020)
Biel ['bɛsəɾ', 'dɔnəɾ']
Graubuenden ['bɛsɾ', 'donɾ']

(('eː',), ('ɑː',))	81.48	(rep: 100.00, dist: 62.96)	3 (0.0765)
Biel ['n̪ɑːdʊ', 'jɑːr']
Graubuenden ['jɑːr']

(('C', 'eː'), ('C', 'ɑː'))	81.48	(rep: 100.00, dist: 62.96)	3 (0.0765)
Biel ['n̪ɑːdʊ', 'jɑːr']
Graubuenden ['jɑːr']

(('z', 'V'), ('ɾ', '-'))	81.48	(rep: 100.00, dist: 62.96)	2 (0.0510)
Biel ['bɛsəɾ']
Graubuenden ['bɛsɾ']

(('z', '#'), ('ɾ', '#'))	81.48	(rep: 100.00, dist: 62.96)	2 (0.0510)
Biel ['dɔnəɾ']
Graubuenden ['donɾ']

(('u',), ('uː',))	81.48	(rep: 100.00, dist: 62.96)	2 (0.0510)
Biel ['muː']
Graubuenden ['muːl']

and 800 more
=====================================

Cluster 27:
-------------------------------------
Veenkolonien
Ostend
Antwerp
Dutch_Std_BE
-------
(('V', 'd'), ('V', 'd̪'))	100.00	(rep: 100.00, dist: 100.00)	5 (0.0621)
Veenkolonien ['βod̪ɹ']
Ostend ['fɔːd̪r']
Antwerp ['fɑːd̪əs', 'moːd̪əs']
Dutch_Std_BE ['vaːd̪ər']

(('f', 'V'), ('v', 'V'))	87.50	(rep: 100.00, dist: 75.00)	14 (0.1739)
Veenkolonien ['vɑʊɾə', 'vastə']
Ostend ['vɛs', 'vœl', 'vøvə', 'vuət', 'vɑstə']
Antwerp ['vɪs', 'vɔɫ', 'vaːf']
Dutch_Std_BE ['vɪs', 'vaːd̪ər', 'vut']

(('#', 'f'), ('#', 'v'))	87.50	(rep: 100.00, dist: 75.00)	13 (0.1615)
Veenkolonien ['vɑʊɾə', 'vastə']
Ostend ['vɛs', 'vœl', 'vøvə', 'vuət', 'vɑstə']
Antwerp ['vɪs', 'vɔɫ', 'vaːf']
Dutch_Std_BE ['vɪs', 'vaːd̪ər', 'vut']

(('-', 'u'), ('-', 'oː'))	87.50	(rep: 100.00, dist: 75.00)	8 (0.0994)
Veenkolonien ['doːɾn']
Ostend ['oːvr']
Antwerp ['doːɾə', 'oːfəɾ', 'oːvə']
Dutch_Std_BE ['oːβr', 'oːβn', 'oːpn']

(('d',), ('d̪',))	87.50	(rep: 100.00, dist: 75.00)	7 (0.0869)
Veenkolonien ['βod̪ɹ', 'ɔn̪d̪əʁt']
Ostend ['fɔːd̪r']
Antwerp ['fɑːd̪əs', 'moːd̪əs']
Dutch_Std_BE ['vaːd̪ər', 'd̪rɪŋk']

(('x', 'V'), ('-', 'V'))	87.50	(rep: 75.00, dist: 100.00)	19 (0.2360)
Veenkolonien ['ɔn̪d̪əʁt', 'ɔŋɹ']
Ostend ['ɑnt', 'oːft', 'ʊnt', 'ʊndrt', 'ɛləç', 'ʉs', 'artə', 'ɔːɾən', 'ɔːs', 'ʊŋr']
Antwerp ['ɐʊnt', 'ʌndəstʰ', 'aɪlɪç', 'ɔɐs', 'oːɾən', 'oəs', 'ʊŋəs']

(('oː', 'C'), ('uː', '-'))	87.50	(rep: 75.00, dist: 100.00)	6 (0.0745)
Ostend ['bɾuːɾə']
Antwerp ['kuː', 'xuː', 'stuː']
Dutch_Std_BE ['kuː', 'bɾuːr']

(('d', 'V'), ('d̪', 'V'))	87.50	(rep: 75.00, dist: 100.00)	4 (0.0497)
Veenkolonien ['ɔn̪d̪əʁt']
Antwerp ['fɑːd̪əs', 'moːd̪əs']
Dutch_Std_BE ['vaːd̪ər']

(('-', 'f'), ('-', 'v'))	87.50	(rep: 75.00, dist: 100.00)	4 (0.0497)
Ostend ['vøvə', 'viəɾə']
Antwerp ['viːs']
Dutch_Std_BE ['viəɹ']

(('V', 'r'), ('V', 's'))	75.00	(rep: 50.00, dist: 100.00)	11 (0.1366)
Ostend ['dɔχtəs', 'sβaːs', 'leːvəs', 'zɛːs']
Antwerp ['βɔst', 'fɑːd̪əs', 'ʌndəstʰ', 'nɔst', 'dɔxtəs', 'd͡zvɛːs', 'moːd̪əs']

(('r', 'V'), ('s', '-'))	75.00	(rep: 50.00, dist: 100.00)	6 (0.0745)
Ostend ['sβaːs', 'leːvəs', 'zɛːs']
Antwerp ['ʌndəstʰ', 'viːs', 'd͡zvɛːs']

and 1189 more
=====================================

Cluster 28:
-------------------------------------
Walser
Biel
Graubuenden
-------
(('z',), ('ɾ',))	100.00	(rep: 100.00, dist: 100.00)	7 (0.1202)
Walser ['dɔnɛɾ', 'høːɾ', 'hʊŋɡəɾ']
Biel ['bɛsəɾ', 'dɔnəɾ']
Graubuenden ['bɛsɾ', 'donɾ']

(('z', '#'), ('ɾ', '#'))	100.00	(rep: 100.00, dist: 100.00)	4 (0.0687)
Walser ['dɔnɛɾ', 'hʊŋɡəɾ']
Biel ['dɔnəɾ']
Graubuenden ['donɾ']

(('z', 'V'), ('ɾ', '-'))	100.00	(rep: 100.00, dist: 100.00)	3 (0.0515)
Walser ['høːɾ']
Biel ['bɛsəɾ']
Graubuenden ['bɛsɾ']

(('u',), ('uː',))	100.00	(rep: 100.00, dist: 100.00)	3 (0.0515)
Walser ['huːnt']
Biel ['muː']
Graubuenden ['muːl']

(('C', 'u'), ('C', 'uː'))	100.00	(rep: 100.00, dist: 100.00)	3 (0.0515)
Walser ['huːnt']
Biel ['muː']
Graubuenden ['muːl']

(('e', 'C'), ('yː', '-'))	85.29	(rep: 100.00, dist: 70.59)	9 (0.1545)
Walser ['nyː', 'fyːɸ', 'dɾyː']
Biel ['nyːn', 'fyːf', 'tɾyː']
Graubuenden ['nyːn', 'kʰnyː', 'fyːf']

(('e',), ('yː',))	85.29	(rep: 100.00, dist: 70.59)	9 (0.1545)
Walser ['nyː', 'fyːɸ', 'dɾyː']
Biel ['nyːn', 'fyːf', 'tɾyː']
Graubuenden ['nyːn', 'kʰnyː', 'fyːf']

(('C', 'e'), ('C', 'yː'))	85.29	(rep: 100.00, dist: 70.59)	6 (0.1030)
Walser ['fyːɸ', 'dɾyː']
Biel ['fyːf', 'tɾyː']
Graubuenden ['kʰnyː', 'fyːf']

(('C', 'i'), ('-', 'ɛ'))	85.29	(rep: 100.00, dist: 70.59)	3 (0.0515)
Walser ['kʰɛk']
Biel ['k͡xɛkχ']
Graubuenden ['kʰɛk']

(('-', 'e'), ('-', 'yː'))	85.29	(rep: 100.00, dist: 70.59)	3 (0.0515)
Walser ['nyː']
Biel ['nyːn']
Graubuenden ['nyːn']

(('V', 'z'), ('V', 'ɾ'))	83.33	(rep: 66.67, dist: 100.00)	5 (0.0858)
Walser ['dɔnɛɾ', 'høːɾ', 'hʊŋɡəɾ']
Biel ['bɛsəɾ', 'dɔnəɾ']

and 968 more
=====================================

Cluster 29:
-------------------------------------
Hard
Tuebingen
Cologne
Luxembourg
-------
(('au',), ('ɔʊ',))	75.00	(rep: 50.00, dist: 100.00)	4 (0.0514)
Hard ['ʔɔʊk']
Cologne ['hɔʊp', 'ʔɔʊχ', 'lɔʊf']

(('ɡ', 'V'), ('ʃ', '-'))	75.00	(rep: 50.00, dist: 100.00)	3 (0.0386)
Cologne ['hʊniʃ']
Luxembourg ['hʊnəʃ', 'nuɛʃt']

(('ɡ',), ('ʃ',))	75.00	(rep: 50.00, dist: 100.00)	3 (0.0386)
Cologne ['hʊniʃ']
Luxembourg ['hʊnəʃ', 'nuɛʃt']

(('x',), ('ʃ',))	75.00	(rep: 50.00, dist: 100.00)	3 (0.0386)
Cologne ['ʀɛɪʃ', 'zøʃ']
Luxembourg ['dʊɪʃtɐ']

(('u',), ('ɔɐ',))	75.00	(rep: 50.00, dist: 100.00)	3 (0.0386)
Hard ['hɔɐʁn', 'kʰɔɐʁn']
Luxembourg ['dɔɐ']

(('au', 'C'), ('ɔʊ', 'C'))	75.00	(rep: 50.00, dist: 100.00)	3 (0.0386)
Hard ['ʔɔʊk']
Cologne ['ʔɔʊχ', 'lɔʊf']

(('V', 'x'), ('V', 'ʃ'))	75.00	(rep: 50.00, dist: 100.00)	3 (0.0386)
Cologne ['ʀɛɪʃ', 'zøʃ']
Luxembourg ['dʊɪʃtɐ']

(('C', 'r'), ('C', 'ʀ'))	75.00	(rep: 50.00, dist: 100.00)	3 (0.0386)
Cologne ['dʀeɪ']
Luxembourg ['dʀɪŋk', 'dʀaɪ']

(('u', 'C'), ('ɒ', '-'))	75.00	(rep: 50.00, dist: 100.00)	2 (0.0257)
Tuebingen ['hɒn']
Cologne ['hʊŋɒ']

(('e', 'C'), ('ɛi', '-'))	75.00	(rep: 50.00, dist: 100.00)	2 (0.0257)
Tuebingen ['dʁɛi']
Luxembourg ['kʰnɛi']

(('e',), ('ɛi',))	75.00	(rep: 50.00, dist: 100.00)	2 (0.0257)
Tuebingen ['dʁɛi']
Luxembourg ['kʰnɛi']

and 1260 more
=====================================

Cluster 30:
-------------------------------------
Dutch_Std_NL
Veenkolonien
Ostend
Antwerp
Dutch_Std_BE
-------
(('f', 'V'), ('v', 'V'))	100.00	(rep: 100.00, dist: 100.00)	15 (0.1509)
Dutch_Std_NL ['vʌɫ']
Veenkolonien ['vɑʊɾə', 'vastə']
Ostend ['vɛs', 'vœl', 'vøvə', 'vuət', 'vɑstə']
Antwerp ['vɪs', 'vɔɫ', 'vaːf']
Dutch_Std_BE ['vɪs', 'vaːd̪ər', 'vut']

(('#', 'f'), ('#', 'v'))	100.00	(rep: 100.00, dist: 100.00)	14 (0.1409)
Dutch_Std_NL ['vʌɫ']
Veenkolonien ['vɑʊɾə', 'vastə']
Ostend ['vɛs', 'vœl', 'vøvə', 'vuət', 'vɑstə']
Antwerp ['vɪs', 'vɔɫ', 'vaːf']
Dutch_Std_BE ['vɪs', 'vaːd̪ər', 'vut']

(('V', 'd'), ('V', 'd̪'))	90.00	(rep: 80.00, dist: 100.00)	5 (0.0503)
Veenkolonien ['βod̪ɹ']
Ostend ['fɔːd̪r']
Antwerp ['fɑːd̪əs', 'moːd̪əs']
Dutch_Std_BE ['vaːd̪ər']

(('r',), ('d',))	80.95	(rep: 100.00, dist: 61.90)	5 (0.0503)
Dutch_Std_NL ['dʌndəʁ']
Veenkolonien ['dʏndɹˠ']
Ostend ['dœndr']
Antwerp ['d̬ɔndəs']
Dutch_Std_BE ['dʌndər']

(('p', '-'), ('p', '-'))	80.95	(rep: 100.00, dist: 61.90)	5 (0.0503)
Dutch_Std_NL ['oʊpə']
Veenkolonien ['opm']
Ostend ['ɔːpm']
Antwerp ['opə']
Dutch_Std_BE ['oːpn']

(('k', 'C'), ('k', 'C'))	80.95	(rep: 100.00, dist: 61.90)	5 (0.0503)
Dutch_Std_NL ['kvik']
Veenkolonien ['ɛkɫ']
Ostend ['kβɪk']
Antwerp ['kβɪk']
Dutch_Std_BE ['kβik']

(('V', 'p'), ('V', 'p'))	80.95	(rep: 100.00, dist: 61.90)	5 (0.0503)
Dutch_Std_NL ['oʊpə']
Veenkolonien ['opm']
Ostend ['ɔːpm']
Antwerp ['opə']
Dutch_Std_BE ['oːpn']

(('C', 'r'), ('C', 'd'))	80.95	(rep: 100.00, dist: 61.90)	5 (0.0503)
Dutch_Std_NL ['dʌndəʁ']
Veenkolonien ['dʏndɹˠ']
Ostend ['dœndr']
Antwerp ['d̬ɔndəs']
Dutch_Std_BE ['dʌndər']

(('x', 'V'), ('-', 'V'))	80.00	(rep: 60.00, dist: 100.00)	19 (0.1912)
Veenkolonien ['ɔn̪d̪əʁt', 'ɔŋɹ']
Ostend ['ɑnt', 'oːft', 'ʊnt', 'ʊndrt', 'ɛləç', 'ʉs', 'artə', 'ɔːɾən', 'ɔːs', 'ʊŋr']
Antwerp ['ɐʊnt', 'ʌndəstʰ', 'aɪlɪç', 'ɔɐs', 'oːɾən', 'oəs', 'ʊŋəs']

(('-', 'a'), ('-', 'ɑ'))	80.00	(rep: 60.00, dist: 100.00)	8 (0.0805)
Dutch_Std_NL ['ɑɫ', 'ɑχt', 'ɑs', 'χɑns']
Ostend ['ɑχtə', 'ɑsə']
Dutch_Std_BE ['ɑɫ', 'ɑs']

(('oː', 'C'), ('uː', '-'))	80.00	(rep: 60.00, dist: 100.00)	6 (0.0604)
Ostend ['bɾuːɾə']
Antwerp ['kuː', 'xuː', 'stuː']
Dutch_Std_BE ['kuː', 'bɾuːr']

and 1263 more
=====================================

Cluster 31:
-------------------------------------
Achterhoek
Limburg
Dutch_Std_NL
Veenkolonien
Ostend
Antwerp
Dutch_Std_BE
-------
(('r',), ('d',))	100.00	(rep: 100.00, dist: 100.00)	7 (0.0510)
Achterhoek ['dʊndʁ']
Limburg ['dʊndəχ']
Dutch_Std_NL ['dʌndəʁ']
Veenkolonien ['dʏndɹˠ']
Ostend ['dœndr']
Antwerp ['d̬ɔndəs']
Dutch_Std_BE ['dʌndər']

(('C', 'r'), ('C', 'd'))	100.00	(rep: 100.00, dist: 100.00)	7 (0.0510)
Achterhoek ['dʊndʁ']
Limburg ['dʊndəχ']
Dutch_Std_NL ['dʌndəʁ']
Veenkolonien ['dʏndɹˠ']
Ostend ['dœndr']
Antwerp ['d̬ɔndəs']
Dutch_Std_BE ['dʌndər']

(('k', 'V'), ('k', 'V'))	90.38	(rep: 100.00, dist: 80.77)	25 (0.1823)
Achterhoek ['kɑləɸ', 'kɔɫt', 'koː']
Limburg ['kɔːɸ', 'kɔːt', 'kɒʊ', 'koɐʁ']
Dutch_Std_NL ['kaʊt', 'ku', 'koʁə']
Veenkolonien ['kɑʊ', 'aːskə', 'koɾn']
Ostend ['kɔːf', 'kut', 'kuə', 'kɔːrn']
Antwerp ['kaɫəf', 'kɔːt', 'kuː', 'koːrə']
Dutch_Std_BE ['kɑɫf', 'kaʊt', 'kuː', 'koːɾən']

(('s', '-'), ('z', '-'))	90.38	(rep: 100.00, dist: 80.77)	14 (0.1021)
Achterhoek ['zɪt', 'zɛɪ']
Limburg ['zɪt', 'ziə']
Dutch_Std_NL ['zɪt', 'zi']
Veenkolonien ['zɪt', 'zɛɪ']
Ostend ['zɛt', 'zɛː']
Antwerp ['zɪt', 'zeə']
Dutch_Std_BE ['zɪt', 'zeː']

(('t', '#'), ('t', '#'))	90.38	(rep: 100.00, dist: 80.77)	7 (0.0510)
Achterhoek ['bit']
Limburg ['biːt']
Dutch_Std_NL ['bæɪt']
Veenkolonien ['biːt']
Ostend ['bit']
Antwerp ['baːt']
Dutch_Std_BE ['bɛɪt']

(('pp', 'V'), ('p', '-'))	90.38	(rep: 100.00, dist: 80.77)	7 (0.0510)
Achterhoek ['tɔp']
Limburg ['tɔp']
Dutch_Std_NL ['tʰɔp']
Veenkolonien ['tʰɔp']
Ostend ['tɔp']
Antwerp ['tɔp']
Dutch_Std_BE ['tɔp']

(('pp',), ('p',))	90.38	(rep: 100.00, dist: 80.77)	7 (0.0510)
Achterhoek ['tɔp']
Limburg ['tɔp']
Dutch_Std_NL ['tʰɔp']
Veenkolonien ['tʰɔp']
Ostend ['tɔp']
Antwerp ['tɔp']
Dutch_Std_BE ['tɔp']

(('V', 'pp'), ('V', 'p'))	90.38	(rep: 100.00, dist: 80.77)	7 (0.0510)
Achterhoek ['tɔp']
Limburg ['tɔp']
Dutch_Std_NL ['tʰɔp']
Veenkolonien ['tʰɔp']
Ostend ['tɔp']
Antwerp ['tɔp']
Dutch_Std_BE ['tɔp']

(('f', 'V'), ('v', 'V'))	85.71	(rep: 71.43, dist: 100.00)	15 (0.1094)
Dutch_Std_NL ['vʌɫ']
Veenkolonien ['vɑʊɾə', 'vastə']
Ostend ['vɛs', 'vœl', 'vøvə', 'vuət', 'vɑstə']
Antwerp ['vɪs', 'vɔɫ', 'vaːf']
Dutch_Std_BE ['vɪs', 'vaːd̪ər', 'vut']

(('#', 'f'), ('#', 'v'))	85.71	(rep: 71.43, dist: 100.00)	14 (0.1021)
Dutch_Std_NL ['vʌɫ']
Veenkolonien ['vɑʊɾə', 'vastə']
Ostend ['vɛs', 'vœl', 'vøvə', 'vuət', 'vɑstə']
Antwerp ['vɪs', 'vɔɫ', 'vaːf']
Dutch_Std_BE ['vɪs', 'vaːd̪ər', 'vut']

(('#', 'ɡ'), ('#', 'χ'))	85.71	(rep: 71.43, dist: 100.00)	12 (0.0875)
Achterhoek ['χoɐt', 'χans', 'χoːt', 'χøːn']
Limburg ['χʁøn']
Dutch_Std_NL ['χaɹt', 'χɑns', 'χut', 'χʁun']
Veenkolonien ['χɑʊt', 'χɹœʏ̃']
Ostend ['χɑ̃zə']

and 1406 more
=====================================

Cluster 32:
-------------------------------------
Grou
Achterhoek
Limburg
Dutch_Std_NL
Veenkolonien
Ostend
Antwerp
Dutch_Std_BE
-------
(('k', 'V'), ('k', 'V'))	100.00	(rep: 100.00, dist: 100.00)	31 (0.1969)
Grou ['kɪiəɫ', 'kɔːt', 'kɒʊ', 'jɪskə', 'skɛrp', 'kõə̃n']
Achterhoek ['kɑləɸ', 'kɔɫt', 'koː']
Limburg ['kɔːɸ', 'kɔːt', 'kɒʊ', 'koɐʁ']
Dutch_Std_NL ['kaʊt', 'ku', 'koʁə']
Veenkolonien ['kɑʊ', 'aːskə', 'koɾn']
Ostend ['kɔːf', 'kut', 'kuə', 'kɔːrn']
Antwerp ['kaɫəf', 'kɔːt', 'kuː', 'koːrə']
Dutch_Std_BE ['kɑɫf', 'kaʊt', 'kuː', 'koːɾən']

(('t', '#'), ('t', '#'))	100.00	(rep: 100.00, dist: 100.00)	8 (0.0508)
Grou ['bit']
Achterhoek ['bit']
Limburg ['biːt']
Dutch_Std_NL ['bæɪt']
Veenkolonien ['biːt']
Ostend ['bit']
Antwerp ['baːt']
Dutch_Std_BE ['bɛɪt']

(('pp', 'V'), ('p', '-'))	100.00	(rep: 100.00, dist: 100.00)	8 (0.0508)
Grou ['tɔp']
Achterhoek ['tɔp']
Limburg ['tɔp']
Dutch_Std_NL ['tʰɔp']
Veenkolonien ['tʰɔp']
Ostend ['tɔp']
Antwerp ['tɔp']
Dutch_Std_BE ['tɔp']

(('pp',), ('p',))	100.00	(rep: 100.00, dist: 100.00)	8 (0.0508)
Grou ['tɔp']
Achterhoek ['tɔp']
Limburg ['tɔp']
Dutch_Std_NL ['tʰɔp']
Veenkolonien ['tʰɔp']
Ostend ['tɔp']
Antwerp ['tɔp']
Dutch_Std_BE ['tɔp']

(('V', 'pp'), ('V', 'p'))	100.00	(rep: 100.00, dist: 100.00)	8 (0.0508)
Grou ['tɔp']
Achterhoek ['tɔp']
Limburg ['tɔp']
Dutch_Std_NL ['tʰɔp']
Veenkolonien ['tʰɔp']
Ostend ['tɔp']
Antwerp ['tɔp']
Dutch_Std_BE ['tɔp']

(('l', 'V'), ('ɫ', '-'))	93.75	(rep: 87.50, dist: 100.00)	10 (0.0635)
Grou ['stuəɫ', 'nɒɪɫ']
Achterhoek ['stɔːɫ', 'nɛːχɫ']
Limburg ['naːɣɫ']
Dutch_Std_NL ['stuːɫ', 'naχʌɫ']
Veenkolonien ['noʁəɫ']
Antwerp ['nɑːxɫ']
Dutch_Std_BE ['naːxəɫ']

(('r',), ('d',))	93.75	(rep: 87.50, dist: 100.00)	7 (0.0445)
Achterhoek ['dʊndʁ']
Limburg ['dʊndəχ']
Dutch_Std_NL ['dʌndəʁ']
Veenkolonien ['dʏndɹˠ']
Ostend ['dœndr']
Antwerp ['d̬ɔndəs']
Dutch_Std_BE ['dʌndər']

(('p', '-'), ('p', '-'))	93.75	(rep: 87.50, dist: 100.00)	7 (0.0445)
Grou ['iəpm']
Limburg ['opə']
Dutch_Std_NL ['oʊpə']
Veenkolonien ['opm']
Ostend ['ɔːpm']
Antwerp ['opə']
Dutch_Std_BE ['oːpn']

(('V', 'p'), ('V', 'p'))	93.75	(rep: 87.50, dist: 100.00)	7 (0.0445)
Grou ['iəpm']
Limburg ['opə']
Dutch_Std_NL ['oʊpə']
Veenkolonien ['opm']
Ostend ['ɔːpm']
Antwerp ['opə']
Dutch_Std_BE ['oːpn']

(('C', 's'), ('-', 's'))	93.75	(rep: 87.50, dist: 100.00)	7 (0.0445)
Grou ['sɒɪs']
Achterhoek ['zɛsə']
Limburg ['sɛs']
Dutch_Std_NL ['zɛs']
Ostend ['zasə']
Antwerp ['zɪs']
Dutch_Std_BE ['zɛs']

(('C', 'r'), ('C', 'd'))	93.75	(rep: 87.50, dist: 100.00)	7 (0.0445)
Achterhoek ['dʊndʁ']
Limburg ['dʊndəχ']
Dutch_Std_NL ['dʌndəʁ']
Veenkolonien ['dʏndɹˠ']
Ostend ['dœndr']
Antwerp ['d̬ɔndəs']
Dutch_Std_BE ['dʌndər']

and 1568 more
=====================================

Cluster 33:
-------------------------------------
Herrlisheim
Ortisei
Hard
Tuebingen
Cologne
Luxembourg
-------
(('-', 'oː'), ('-', '-'))	89.80	(rep: 100.00, dist: 79.59)	6 (0.0513)
Herrlisheim ['naːdl']
Ortisei ['nɔːdl']
Hard ['nɔːdl']
Tuebingen ['nɔːdl']
Cologne ['nɔːdl']
Luxembourg ['nʊl']

(('-', 'e'), ('C', 'ɛ'))	83.33	(rep: 66.67, dist: 100.00)	5 (0.0427)
Ortisei ['ʔɛʁdɛ']
Hard ['ʔɛʁdɛ']
Tuebingen ['ʔɛʁdɛ']
Cologne ['ʔɛs', 'ʔɛtʰ']

(('p',), ('f',))	82.14	(rep: 100.00, dist: 64.29)	10 (0.0854)
Herrlisheim ['ʔofə', 'ʃɒχf']
Ortisei ['ʔofn', 'ʃɑʁf']
Hard ['ʔofə', 'ʃaːʁf']
Tuebingen ['ʔofə', 'ʃaɔf']
Cologne ['ʔɔfə']
Luxembourg ['ʃaːf']

(('l', '-'), ('l', '-'))	82.14	(rep: 100.00, dist: 64.29)	10 (0.0854)
Herrlisheim ['naːdl', 'kʰɔlp']
Ortisei ['nɔːdl', 'kʰɔlp']
Hard ['nɔːdl', 'kʰalp']
Tuebingen ['nɔːdl', 'kʰalp']
Cologne ['nɔːdl']
Luxembourg ['nʊl']

(('t', '-'), ('s', '-'))	76.19	(rep: 100.00, dist: 52.38)	27 (0.2307)
Herrlisheim ['ʔɪs', 'bɛsəχ', 'βɒs', 'ɸeːs', 'ʔys']
Ortisei ['ʔɪs', 'bɪsəχ', 'βɔs', 'fʊəs', 'ʔaɵs']
Hard ['ʔiəs', 'bɛsəʁ', 'vaːs', 'fʊɛs', 'ʔuːs']
Tuebingen ['ʔis', 'bɛsɔ', 'βaːs', 'fuəs', 'ʔɐus']
Cologne ['ʔɛs', 'bɛsɒ', 'fʊs', 'ʔus']
Luxembourg ['iɛs', 'bɛsʌ', 'fœʊs']

(('#', 'r'), ('#', 'ʁ'))	76.19	(rep: 100.00, dist: 52.38)	13 (0.1111)
Herrlisheim ['ʁaːjə', 'ʁoːtʰ', 'ʁaːχt']
Ortisei ['ʁeːɡn', 'ʁɔːt͡s', 'ʁɛχt͡s']
Hard ['ʁeɐɡə', 'ʁeɐxt']
Tuebingen ['ʁeəɡə', 'ʁɑɵt', 'ʁeəxt']
Cologne ['ʁotʰ']
Luxembourg ['ʁeːn']

(('V', 'θ'), ('V', 'd'))	76.19	(rep: 100.00, dist: 52.38)	11 (0.0940)
Herrlisheim ['naːdl', 'bʁeːdəχ']
Ortisei ['nɔːdl', 'bʁʊədəχ']
Hard ['nɔːdl', 'bʁʏədəʁ']
Tuebingen ['nɔːdl', 'bʁʊədɔ']
Cologne ['nɔːdl', 'bʁoːdɒ']
Luxembourg ['bʁʊdɐ']

(('t', 'V'), ('s', '-'))	76.19	(rep: 100.00, dist: 52.38)	7 (0.0598)
Herrlisheim ['sɔls', 'vis']
Ortisei ['βaɪs']
Hard ['viːs']
Tuebingen ['βɛis']
Cologne ['βiːs']
Luxembourg ['væis']

(('x', 'C'), ('k', 'C'))	76.19	(rep: 100.00, dist: 52.38)	6 (0.0513)
Herrlisheim ['sɪks']
Ortisei ['sɪks']
Hard ['sɪks']
Tuebingen ['sɪks']
Cologne ['zɛks']
Luxembourg ['zɛks']

(('x',), ('k',))	76.19	(rep: 100.00, dist: 52.38)	6 (0.0513)
Herrlisheim ['sɪks']
Ortisei ['sɪks']
Hard ['sɪks']
Tuebingen ['sɪks']
Cologne ['zɛks']
Luxembourg ['zɛks']

(('t', 'C'), ('t͡s', 'C'))	76.19	(rep: 100.00, dist: 52.38)	6 (0.0513)
Herrlisheim ['t͡svɛi']
Ortisei ['t͡sβɔə']
Hard ['t͡sβoɐ']
Tuebingen ['t͡sβɔe']
Cologne ['t͡svaɪ']
Luxembourg ['t͡sveː']

and 1395 more
=====================================

Cluster 34:
-------------------------------------
Feer
Westerkwartier
-------
(('r',), ('dⁿ',))	100.00	(rep: 100.00, dist: 100.00)	3 (0.0776)
Feer ['madⁿn']
Westerkwartier ['mɪdⁿn', 'hoːdⁿn']

(('C', '-'), ('C', 'a'))	100.00	(rep: 100.00, dist: 100.00)	3 (0.0776)
Feer ['varam', 'sgarap']
Westerkwartier ['batʰ']

(('-', 'C'), ('a', 'C'))	100.00	(rep: 100.00, dist: 100.00)	3 (0.0776)
Feer ['varam', 'sgarap']
Westerkwartier ['batʰ']

(('-', '#'), ('m', '#'))	100.00	(rep: 100.00, dist: 100.00)	3 (0.0776)
Feer ['ʔeːbⁿm']
Westerkwartier ['ʔɔupⁿm', 'ʔækobɔum']

(('z', '#'), ('tʰ', '#'))	100.00	(rep: 100.00, dist: 100.00)	2 (0.0517)
Feer ['nɑχtʰ']
Westerkwartier ['naχtʰ']

(('z',), ('tʰ',))	100.00	(rep: 100.00, dist: 100.00)	2 (0.0517)
Feer ['nɑχtʰ']
Westerkwartier ['naχtʰ']

(('w', 'V'), ('gⁿ', '-'))	100.00	(rep: 100.00, dist: 100.00)	2 (0.0517)
Feer ['njygⁿŋ']
Westerkwartier ['negⁿŋ']

(('w',), ('gⁿ',))	100.00	(rep: 100.00, dist: 100.00)	2 (0.0517)
Feer ['njygⁿŋ']
Westerkwartier ['negⁿŋ']

(('u', 'C'), ('oɤ', '-'))	100.00	(rep: 100.00, dist: 100.00)	2 (0.0517)
Feer ['noɤt']
Westerkwartier ['doɤn']

(('u',), ('õ',))	100.00	(rep: 100.00, dist: 100.00)	2 (0.0517)
Feer ['ʔõŋkʰ']
Westerkwartier ['ɦõŋʌɹ']

(('u',), ('oɤ',))	100.00	(rep: 100.00, dist: 100.00)	2 (0.0517)
Feer ['noɤt']
Westerkwartier ['doɤn']

and 1231 more
=====================================

Cluster 35:
-------------------------------------
Walser
Biel
Graubuenden
Herrlisheim
Ortisei
Hard
Tuebingen
Cologne
Luxembourg
-------
(('t', '-'), ('s', '-'))	100.00	(rep: 100.00, dist: 100.00)	42 (0.2396)
Walser ['ʔas', 'bɛsəɹ', 'βas', 'ɸoɛs', 'ʔus']
Biel ['ʔɪs', 'bɛsəɾ', 'βɒs', 'foəs', 'uːs']
Graubuenden ['ʔis', 'bɛsɾ', 'vas', 'fʊɔs', 'uːs']
Herrlisheim ['ʔɪs', 'bɛsəχ', 'βɒs', 'ɸeːs', 'ʔys']
Ortisei ['ʔɪs', 'bɪsəχ', 'βɔs', 'fʊəs', 'ʔaɵs']
Hard ['ʔiəs', 'bɛsəʁ', 'vaːs', 'fʊɛs', 'ʔuːs']
Tuebingen ['ʔis', 'bɛsɔ', 'βaːs', 'fuəs', 'ʔɐus']
Cologne ['ʔɛs', 'bɛsɒ', 'fʊs', 'ʔus']
Luxembourg ['iɛs', 'bɛsʌ', 'fœʊs']

(('t', 'V'), ('s', '-'))	100.00	(rep: 100.00, dist: 100.00)	10 (0.0570)
Walser ['βiːs']
Biel ['βiːs']
Graubuenden ['βiːs']
Herrlisheim ['sɔls', 'vis']
Ortisei ['βaɪs']
Hard ['viːs']
Tuebingen ['βɛis']
Cologne ['βiːs']
Luxembourg ['væis']

(('t', 'C'), ('t͡s', 'C'))	100.00	(rep: 100.00, dist: 100.00)	9 (0.0513)
Walser ['t͡sβæɪ']
Biel ['t͡sβœɪ']
Graubuenden ['t͡svaɪ']
Herrlisheim ['t͡svɛi']
Ortisei ['t͡sβɔə']
Hard ['t͡sβoɐ']
Tuebingen ['t͡sβɔe']
Cologne ['t͡svaɪ']
Luxembourg ['t͡sveː']

(('t', '#'), ('s', '#'))	100.00	(rep: 100.00, dist: 100.00)	9 (0.0513)
Walser ['biːs']
Biel ['biːs']
Graubuenden ['biːs']
Herrlisheim ['bis']
Ortisei ['baɪs']
Hard ['biːs']
Tuebingen ['bɐis']
Cologne ['biːs']
Luxembourg ['bæis']

(('-', 't'), ('-', 's'))	100.00	(rep: 100.00, dist: 100.00)	9 (0.0513)
Walser ['biːs']
Biel ['biːs']
Graubuenden ['biːs']
Herrlisheim ['bis']
Ortisei ['baɪs']
Hard ['biːs']
Tuebingen ['bɐis']
Cologne ['biːs']
Luxembourg ['bæis']

(('b',), ('p',))	94.44	(rep: 88.89, dist: 100.00)	26 (0.1483)
Walser ['hɑopt', 'xalp', 'siːpə', 'laʊp']
Biel ['hɔopt', 'χɑʊp', 'sepə', 'pɛɪ', 'ʏpəɾ', 'lɑʊp', 'lapəɾə']
Graubuenden ['haʊpt', 'kʰalp', 'laʊp']
Herrlisheim ['hœʏpt', 'kʰɔlp']
Ortisei ['haʊpt', 'kʰɔlp', 'laːp']
Hard ['haʊpt', 'kʰalp', 'loːp']
Tuebingen ['hɑɵpt', 'kʰalp', 'lɑʊp']
Luxembourg ['haːpt']

(('d', 'V'), ('t', 'V'))	94.44	(rep: 88.89, dist: 100.00)	19 (0.1084)
Walser ['ɡaːɹtə', 'tata']
Biel ['ɡɒrtə', 'fatəɾ', 'tɔχtəɾ', 'moətəɾ']
Graubuenden ['ɡɑːrtə']
Herrlisheim ['ɡɔːχtə', 'fɒtəχ', 'møətəχ']
Ortisei ['foətəχ', 'mʊətəχ']
Hard ['ɡaːʁtə', 'fatəʁ', 'mʊətəʁ']
Tuebingen ['fatɔ', 'mʊətɔ']
Cologne ['fatɒ', 'mʊtɒ']

(('V', 'b'), ('V', 'p'))	94.44	(rep: 88.89, dist: 100.00)	18 (0.1027)
Walser ['hɑopt', 'siːpə', 'laʊp']
Biel ['hɔopt', 'sepə', 'ʏpəɾ', 'lɑʊp', 'lapəɾə']
Graubuenden ['haʊpt', 'laʊp']
Herrlisheim ['hœʏpt']
Ortisei ['haʊpt', 'laːp']
Hard ['haʊpt', 'loːp']
Tuebingen ['hɑɵpt', 'lɑʊp']
Luxembourg ['haːpt']

(('p',), ('f',))	94.44	(rep: 88.89, dist: 100.00)	14 (0.0799)
Biel ['ʔɔfə', 'ʃɑːɾf']
Graubuenden ['ʔofə', 'ʃarf']
Herrlisheim ['ʔofə', 'ʃɒχf']
Ortisei ['ʔofn', 'ʃɑʁf']
Hard ['ʔofə', 'ʃaːʁf']
Tuebingen ['ʔofə', 'ʃaɔf']
Cologne ['ʔɔfə']
Luxembourg ['ʃaːf']

(('b', 'V'), ('p', '-'))	94.44	(rep: 88.89, dist: 100.00)	14 (0.0799)
Walser ['hɑopt', 'laʊp']
Biel ['hɔopt', 'lɑʊp']
Graubuenden ['haʊpt', 'laʊp']
Herrlisheim ['hœʏpt']
Ortisei ['haʊpt', 'laːp']
Hard ['haʊpt', 'loːp']
Tuebingen ['hɑɵpt', 'lɑʊp']
Luxembourg ['haːpt']

(('l', '-'), ('l', '-'))	94.44	(rep: 88.89, dist: 100.00)	13 (0.0742)
Walser ['naːdlə', 'xalp']
Graubuenden ['kʰalp']
Herrlisheim ['naːdl', 'kʰɔlp']
Ortisei ['nɔːdl', 'kʰɔlp']
Hard ['nɔːdl', 'kʰalp']
Tuebingen ['nɔːdl', 'kʰalp']
Cologne ['nɔːdl']
Luxembourg ['nʊl']

and 1542 more
=====================================

Cluster 36:
-------------------------------------
Heligoland
Feer
Westerkwartier
-------
(('t', '-'), ('d', '-'))	100.00	(rep: 100.00, dist: 100.00)	6 (0.1039)
Heligoland ['dɔχdɐ', 'sdʊʁɤm']
Feer ['beːda', 'sdʊrʌm']
Westerkwartier ['bɛdɐ', 'ʃdøœm']

(('k',), ('g',))	100.00	(rep: 100.00, dist: 100.00)	6 (0.1039)
Heligoland ['noɐgɤlt', 'ʔeasgən', 'sgapʰ']
Feer ['naːgət', 'sgarap']
Westerkwartier ['nogtʰ']

(('C', 't'), ('C', 'd'))	100.00	(rep: 100.00, dist: 100.00)	6 (0.1039)
Heligoland ['ʃdeɐ', 'dɔχdɐ', 'sdʊʁɤm']
Feer ['sdʊrʌm']
Westerkwartier ['ʃdæin', 'ʃdøœm']

(('C', 'ɡ'), ('-', '-'))	100.00	(rep: 100.00, dist: 100.00)	5 (0.0866)
Heligoland ['ʔɛs', 'tʰɔpʰ']
Feer ['ʔas']
Westerkwartier ['ʔeʃ', 'tʰɔpʰ']

(('-',), ('b',))	100.00	(rep: 100.00, dist: 100.00)	5 (0.0866)
Heligoland ['bɪtʰ', 'bleː']
Feer ['bitç']
Westerkwartier ['bitʰ', 'ʔækobɔum']

(('#', '-'), ('#', 'd'))	100.00	(rep: 100.00, dist: 100.00)	5 (0.0866)
Heligoland ['dʒɒŋ', 'dae', 'dʁɪŋk']
Feer ['draŋk']
Westerkwartier ['drẽŋkʰ']

(('t', 'V'), ('d', 'V'))	100.00	(rep: 100.00, dist: 100.00)	4 (0.0693)
Heligoland ['ʃdeɐ', 'ʃduːl']
Feer ['sduːl']
Westerkwartier ['ʃdæin']

(('a', 'C'), ('eː', 'C'))	100.00	(rep: 100.00, dist: 100.00)	4 (0.0693)
Heligoland ['neːm']
Feer ['beːda', 'feːst']
Westerkwartier ['deːŋ']

(('C', 'a'), ('C', 'eː'))	100.00	(rep: 100.00, dist: 100.00)	4 (0.0693)
Heligoland ['neːm']
Feer ['beːda', 'feːst']
Westerkwartier ['deːŋ']

(('-', 'C'), ('d', 'C'))	100.00	(rep: 100.00, dist: 100.00)	4 (0.0693)
Heligoland ['dʒɒŋ', 'dʁɪŋk']
Feer ['draŋk']
Westerkwartier ['drẽŋkʰ']

(('#', 'θ'), ('#', 'tʰ'))	100.00	(rep: 100.00, dist: 100.00)	4 (0.0693)
Heligoland ['tʰɔpʰ', 'tʰʏnə']
Feer ['tʰɔna']
Westerkwartier ['tʰɔpʰ']

and 1563 more
=====================================

Cluster 37:
-------------------------------------
Grou
Achterhoek
Limburg
Dutch_Std_NL
Veenkolonien
Ostend
Antwerp
Dutch_Std_BE
Walser
Biel
Graubuenden
Herrlisheim
Ortisei
Hard
Tuebingen
Cologne
Luxembourg
-------
(('-', 'e'), ('-', 'ɪ'))	100.00	(rep: 100.00, dist: 100.00)	46 (0.1383)
Grou ['sɪt', 'dɪŋ', 'ɪs']
Achterhoek ['zɪt', 'ɪn', 'dɪŋ', 'ɪs']
Limburg ['zɪt', 'ɪç', 'ɪn', 'dɪŋk', 'ɪs']
Dutch_Std_NL ['zɪt', 'ɪk', 'ɪn', 'dɪŋ', 'ɪs']
Veenkolonien ['zɪt', 'ɪk', 'ɪn', 'dɪŋ', 'ɪs']
Ostend ['ɪn', 'dɪŋk']
Antwerp ['zɪt', 'dɪŋ', 'rɪçt', 'ɪs']
Dutch_Std_BE ['zɪt', 'ɪk', 'ɪn', 'dɪŋ', 'ɪs']
Walser ['dɪŋɡ']
Biel ['sɪt͡s', 'dɪŋ']
Graubuenden ['sɪt͡s', 'dɪŋk']
Herrlisheim ['sɪt͡s', 'dɪŋ']
Ortisei ['sɪt͡s', 'dɪŋk']
Hard ['dɪŋ']
Tuebingen ['dɪŋ']
Cologne ['dɪŋ']
Luxembourg ['nɪŋ']

(('-', 't'), ('-', 't'))	100.00	(rep: 100.00, dist: 100.00)	31 (0.0932)
Grou ['bit', 'stuəɫ', 'tɔp']
Achterhoek ['bit', 'stɔːɫ', 'tɔp']
Limburg ['biːt', 'ʃtʊːl', 'tɔp']
Dutch_Std_NL ['bæɪt', 'stuːɫ']
Veenkolonien ['biːt', 'stɑʊlə']
Ostend ['bit', 'stuəl', 'tɔp']
Antwerp ['baːt', 'stuː', 'tɔp']
Dutch_Std_BE ['bɛɪt', 'stuːl', 'tɔp']
Walser ['ʃtuəl']
Biel ['ʃtʊɛʊ']
Graubuenden ['ʃtuɛl']
Herrlisheim ['ʃtøːl']
Ortisei ['ʃtʊɛl']
Hard ['ʃtʊəl']
Tuebingen ['ʃtuəl']
Cologne ['ʃtoːl']
Luxembourg ['ʃtʊl']

(('-', 'b'), ('-', 'b'))	100.00	(rep: 100.00, dist: 100.00)	17 (0.0511)
Grou ['bit']
Achterhoek ['bit']
Limburg ['biːt']
Dutch_Std_NL ['bæɪt']
Veenkolonien ['biːt']
Ostend ['bit']
Antwerp ['baːt']
Dutch_Std_BE ['bɛɪt']
Walser ['biːs']
Biel ['biːs']
Graubuenden ['biːs']
Herrlisheim ['bis']
Ortisei ['baɪs']
Hard ['biːs']
Tuebingen ['bɐis']
Cologne ['biːs']
Luxembourg ['bæis']

(('n', 'C'), ('ŋ', 'C'))	97.06	(rep: 94.12, dist: 100.00)	43 (0.1292)
Grou ['dɾɪŋk', 'hʌŋr']
Achterhoek ['dʁɪŋk']
Limburg ['haŋk', 'hʊŋk', 'dɪŋk', 'jʊŋk', 'dʁɪŋk', 'taŋk', 'mʊŋk', 'βɪŋk']
Dutch_Std_NL ['dʁɪŋk']
Veenkolonien ['jʊŋk', 'dʁɛŋk']
Ostend ['dɪŋk', 'jʊŋk', 'dɾɪŋk']
Antwerp ['dɾɪŋk']
Dutch_Std_BE ['d̪rɪŋk']
Walser ['t͡sʊŋɡə', 'dɪŋɡ', 'jʊŋɡ', 'drɪŋk', 'hʊŋɡəɾ']
Biel ['drɪŋkχ']
Graubuenden ['t͡sʊŋɡɐ', 'dɪŋk', 'jʊŋk', 'dɾɪŋkʰ', 'hʊŋɡr']
Herrlisheim ['tʁɪŋk']
Ortisei ['t͡sʊŋɡɛ', 'dɪŋk', 'jʊŋk', 'tʁɪŋk', 'hʊŋɡəχ']
Tuebingen ['t͡suŋɡ', 'dʁɪŋk']
Cologne ['hʊŋk', 'dʁɪŋk', 'mʊŋɡ']
Luxembourg ['jʊŋk', 'dʀɪŋk']

(('V', 'θ'), ('V', 't'))	97.06	(rep: 94.12, dist: 100.00)	17 (0.0511)
Grou ['bat']
Achterhoek ['bat']
Limburg ['bɑt']
Dutch_Std_NL ['bɑt']
Veenkolonien ['bat']
Ostend ['bɑt']
Antwerp ['bat']
Dutch_Std_BE ['bɑt']
Walser ['baːt']
Biel ['bɾuətəɾ', 'bɑːt']
Graubuenden ['bɑːt']
Herrlisheim ['bɔːt']
Hard ['baːt']
Tuebingen ['baːt']
Cologne ['bat']
Luxembourg ['bʊɛt']

(('w', 'V'), ('β', 'V'))	94.12	(rep: 88.24, dist: 100.00)	109 (0.3276)
Grou ['βœt', 'βɒskiə', 'βɔt', 'tβaː', 'βit', 'βaːɾəm', 'sβar', 'βʌɫə', 'kβɪk', 'βin']
Achterhoek ['βoɐt', 'βas', 'βat', 'tβɛɪ', 'βɪt', 'βaɾəm', 'zβiɐ', 'βʌlə', 'βɪnt']
Limburg ['βɔːχ', 'βɑt', 'tʰβiə', 'βɪət', 'βɛʁəm', 'ʃβeəχ', 'βøl', 'βɪŋk']
Veenkolonien ['βaːs', 'βat', 'tβɛɪə', 'βɒɪt', 'βaːm', 'zβiə', 'βʌɫ', 'βɪnt']
Ostend ['βɔɾtʰ', 'βɑs', 'βɑdə', 'tʰβɛː', 'βɛt', 'βɑrm', 'sβaːs', 'βœlə', 'kβɪk', 'βɪnt']
Antwerp ['βɔst', 'βas', 'βat', 'βit', 'βaːɾəm', 'kβɪk', 'βɪnt']
Dutch_Std_BE ['βɔːrt', 'βɑs', 'βɑt', 'tβeː', 'βɪt', 'βarm', 'zβeəɹ', 'βʌɫ', 'kβik', 'βɪnt']
Walser ['βɔːrt', 'βaʃ', 'βas', 't͡sβæɪ', 'βiːs', 'βaːɾəm', 'ʃβøːɾɐ', 'βolə']
Biel ['βɔrt', 'βaʃ', 'βɒs', 't͡sβœɪ', 'βiːs', 'βaːrm', 'ʃβœːr', 'βɵlə', 'βɪnt']
Graubuenden ['βɔrt', 'βaʃ', 'βiːs', 'βaːrm', 'ʃβœːɾ', 'βint']
Herrlisheim ['βɒs']
Ortisei ['βɔʁt͡s', 'βaʃ', 'βɔs', 't͡sβɔə', 'βaɪs', 'βɑʁm', 'ʃβøːχ', 'βʌlɛ', 'βɪnt']
Hard ['t͡sβoɐ']
Tuebingen ['βɔt', 'βaʃ', 'βaːs', 't͡sβɔe', 'βɛis', 'βaɔm', 'ʃβøʁ']
Cologne ['βɔːt', 'βɛʃ', 'βat', 'βiːs', 'βɛʁəm', 'ʃβøɐ']

(('w',), ('β',))	94.12	(rep: 88.24, dist: 100.00)	109 (0.3276)
Grou ['βœt', 'βɒskiə', 'βɔt', 'tβaː', 'βit', 'βaːɾəm', 'sβar', 'βʌɫə', 'kβɪk', 'βin']
Achterhoek ['βoɐt', 'βas', 'βat', 'tβɛɪ', 'βɪt', 'βaɾəm', 'zβiɐ', 'βʌlə', 'βɪnt']
Limburg ['βɔːχ', 'βɑt', 'tʰβiə', 'βɪət', 'βɛʁəm', 'ʃβeəχ', 'βøl', 'βɪŋk']
Veenkolonien ['βaːs', 'βat', 'tβɛɪə', 'βɒɪt', 'βaːm', 'zβiə', 'βʌɫ', 'βɪnt']
Ostend ['βɔɾtʰ', 'βɑs', 'βɑdə', 'tʰβɛː', 'βɛt', 'βɑrm', 'sβaːs', 'βœlə', 'kβɪk', 'βɪnt']
Antwerp ['βɔst', 'βas', 'βat', 'βit', 'βaːɾəm', 'kβɪk', 'βɪnt']
Dutch_Std_BE ['βɔːrt', 'βɑs', 'βɑt', 'tβeː', 'βɪt', 'βarm', 'zβeəɹ', 'βʌɫ', 'kβik', 'βɪnt']
Walser ['βɔːrt', 'βaʃ', 'βas', 't͡sβæɪ', 'βiːs', 'βaːɾəm', 'ʃβøːɾɐ', 'βolə']
Biel ['βɔrt', 'βaʃ', 'βɒs', 't͡sβœɪ', 'βiːs', 'βaːrm', 'ʃβœːr', 'βɵlə', 'βɪnt']
Graubuenden ['βɔrt', 'βaʃ', 'βiːs', 'βaːrm', 'ʃβœːɾ', 'βint']
Herrlisheim ['βɒs']
Ortisei ['βɔʁt͡s', 'βaʃ', 'βɔs', 't͡sβɔə', 'βaɪs', 'βɑʁm', 'ʃβøːχ', 'βʌlɛ', 'βɪnt']
Hard ['t͡sβoɐ']
Tuebingen ['βɔt', 'βaʃ', 'βaːs', 't͡sβɔe', 'βɛis', 'βaɔm', 'ʃβøʁ']
Cologne ['βɔːt', 'βɛʃ', 'βat', 'βiːs', 'βɛʁəm', 'ʃβøɐ']

(('C', 'd'), ('C', 't'))	94.12	(rep: 88.24, dist: 100.00)	63 (0.1894)
Achterhoek ['hant', 'hʊnt', 'kɔɫt', 'βɪnt']
Dutch_Std_NL ['vɔɹt', 'hɑnt', 'hɔnt', 'χaɹt', 'vɪnt']
Veenkolonien ['voːɹt', 'kʰɔːɫt', 'βɪnt']
Ostend ['ɑnt', 'ʊnt', 'ɣɑːs̆t', 'βɪnt']
Antwerp ['βɔst', 'hant', 'ɐʊnt', 'xɑɾt', 'βɪnt']
Dutch_Std_BE ['βɔːrt', 'hʊnt', 'çaːrt', 'βɪnt']
Walser ['βɔːrt', 'hant', 'huːnt', 'ɡaːɹtə', 'xaːlt']
Biel ['βɔrt', 'hʊnt', 'ɡɒrtə', 'βɪnt']
Graubuenden ['βɔrt', 'hant', 'hʊnt', 'ɡɑːrtə', 'qʰɑːlt', 'βint']
Herrlisheim ['voχt', 'hɒnt', 'hʊnt', 'ɡɔːχtə', 'kʰɔlt', 'vɪnt']
Ortisei ['ɡɔχtn', 'βɪnt']
Hard ['hant', 'ɡaːʁtə', 'kʰaːlt', 'vɪnt']
Tuebingen ['hant', 'hʊnt', 'kʰalt', 'vɪnt']
Cologne ['hant', 'kʰalt', 'vɪnt']
Luxembourg ['hant', 'hʊnt', 'ɡaːχt', 'vant']

(('k', '-'), ('k', '-'))	94.12	(rep: 88.24, dist: 100.00)	25 (0.0751)
Grou ['dɾɪŋk', 'knɪbɫ']
Achterhoek ['dʁɪŋk', 'kneɪ']
Limburg ['dʁɪŋk', 'knɛɪ']
Dutch_Std_NL ['dʁɪŋk']
Veenkolonien ['dʁɛŋk', 'knɛɪ']
Ostend ['dɾɪŋk', 'kniə']
Antwerp ['dɾɪŋk', 'kniː']
Dutch_Std_BE ['d̪rɪŋk', 'kniː']
Walser ['drɪŋk']
Herrlisheim ['tʁɪŋk', 'kniː']
Ortisei ['tʁɪŋk', 'kniɛ']
Hard ['dʁɪnk']
Tuebingen ['dʁɪŋk', 'kniː']
Cologne ['dʁɪŋk']
Luxembourg ['dʀɪŋk']

(('d', 'C'), ('d', 'C'))	94.12	(rep: 88.24, dist: 100.00)	19 (0.0571)
Grou ['mɪdn', 'dɾɪŋk']
Achterhoek ['mɪdn', 'dʁɪŋk']
Limburg ['dʁɪŋk']
Dutch_Std_NL ['dʁɪŋk']
Veenkolonien ['mɪdn', 'dʁɛŋk']
Ostend ['mɛdn', 'dɾɪŋk']
Antwerp ['dɾɪŋk']
Dutch_Std_BE ['mɪdn']
Walser ['drɪŋk']
Biel ['drɪŋkχ']
Graubuenden ['dɾɪŋkʰ']
Hard ['dʁɪnk']
Tuebingen ['dʁɪŋk']
Cologne ['dʁɪŋk']
Luxembourg ['dʀɪŋk']

(('#', 'j'), ('#', 'j'))	94.12	(rep: 88.24, dist: 100.00)	15 (0.0451)
Achterhoek ['joɐ']
Limburg ['jɔːχ']
Dutch_Std_NL ['jaɹ']
Veenkolonien ['joə']
Ostend ['jɔːr']
Antwerp ['jɑːɾ']
Dutch_Std_BE ['jaːɹ']
Walser ['jaːr']
Biel ['jɑːr']
Graubuenden ['jɑːr']
Herrlisheim ['joːχ']
Ortisei ['jɔːχ']
Hard ['jɔːʁ']
Tuebingen ['jɔːχ']
Cologne ['jɔ']

and 2163 more
=====================================

Cluster 38:
-------------------------------------
Heligoland
Feer
Westerkwartier
Grou
Achterhoek
Limburg
Dutch_Std_NL
Veenkolonien
Ostend
Antwerp
Dutch_Std_BE
Walser
Biel
Graubuenden
Herrlisheim
Ortisei
Hard
Tuebingen
Cologne
Luxembourg
-------
=====================================
